[2024-09-14 18:58:33,928][    INFO] {'backbone': 'dinov2_small',
 'batch_size': 8,
 'conf_thresh': 0.95,
 'config': 'configs/levir.yaml',
 'crop_size': 252,
 'data_root': '/home/bingxing2/lihe/data/LEVIR-CD',
 'dataset': 'levir',
 'epochs': 60,
 'labeled_id_path': 'splits/levir/20%/labeled.txt',
 'local_rank': 0,
 'lock_backbone': False,
 'lr': 5e-06,
 'lr_multi': 40.0,
 'model': 'dpt',
 'nclass': 2,
 'ngpus': 1,
 'port': 25879,
 'save_path': 'exp/levir/unimatch_v2/dinov2_small/20%',
 'unlabeled_id_path': 'splits/levir/20%/unlabeled.txt'}

[2024-09-14 18:58:35,305][    INFO] Total params: 24.8M

[2024-09-14 18:58:35,852][    INFO] ===========> Epoch: 0, LR: 0.0000050, Previous best Changed IoU: 0.00, Overall Accuracy: 0.00 @epoch-0, EMA: Changed IoU: 0.00, Overall Accuracy: 0.00 @epoch-0
[2024-09-14 18:58:39,422][    INFO] Iters: 0, Total loss: 0.361, Loss x: 0.722, Loss s: 0.000, Mask ratio: 0.000
[2024-09-14 18:59:06,724][    INFO] Iters: 89, Total loss: 0.088, Loss x: 0.166, Loss s: 0.010, Mask ratio: 0.767
[2024-09-14 18:59:33,829][    INFO] Iters: 178, Total loss: 0.064, Loss x: 0.120, Loss s: 0.008, Mask ratio: 0.828
[2024-09-14 19:00:06,008][    INFO] Iters: 267, Total loss: 0.055, Loss x: 0.103, Loss s: 0.008, Mask ratio: 0.857
[2024-09-14 19:00:35,038][    INFO] Iters: 356, Total loss: 0.049, Loss x: 0.090, Loss s: 0.008, Mask ratio: 0.871
[2024-09-14 19:01:02,006][    INFO] Iters: 445, Total loss: 0.044, Loss x: 0.081, Loss s: 0.008, Mask ratio: 0.884
[2024-09-14 19:01:28,892][    INFO] Iters: 534, Total loss: 0.041, Loss x: 0.074, Loss s: 0.008, Mask ratio: 0.891
[2024-09-14 19:01:55,800][    INFO] Iters: 623, Total loss: 0.039, Loss x: 0.070, Loss s: 0.008, Mask ratio: 0.897
[2024-09-14 19:03:44,158][    INFO] ***** Evaluation ***** >>>> Unchanged IoU: 98.12, EMA: 97.87
[2024-09-14 19:03:44,158][    INFO] ***** Evaluation ***** >>>> Changed IoU: 69.08: EMA: 66.49
[2024-09-14 19:03:44,158][    INFO] ***** Evaluation ***** >>>> Overall Accuracy: 98.20, EMA: 97.96

[2024-09-14 19:03:45,589][    INFO] ===========> Epoch: 1, LR: 0.0000049, Previous best Changed IoU: 69.08, Overall Accuracy: 98.20 @epoch-0, EMA: Changed IoU: 66.49, Overall Accuracy: 97.96 @epoch-0
[2024-09-14 19:03:46,537][    INFO] Iters: 0, Total loss: 0.007, Loss x: 0.013, Loss s: 0.002, Mask ratio: 0.970
[2024-09-14 19:04:13,295][    INFO] Iters: 89, Total loss: 0.021, Loss x: 0.037, Loss s: 0.006, Mask ratio: 0.942
[2024-09-14 19:04:40,018][    INFO] Iters: 178, Total loss: 0.020, Loss x: 0.034, Loss s: 0.006, Mask ratio: 0.945
[2024-09-14 19:05:06,702][    INFO] Iters: 267, Total loss: 0.019, Loss x: 0.033, Loss s: 0.006, Mask ratio: 0.947
[2024-09-14 19:05:33,452][    INFO] Iters: 356, Total loss: 0.019, Loss x: 0.033, Loss s: 0.006, Mask ratio: 0.947
[2024-09-14 19:06:00,193][    INFO] Iters: 445, Total loss: 0.019, Loss x: 0.033, Loss s: 0.006, Mask ratio: 0.948
[2024-09-14 19:06:28,278][    INFO] Iters: 534, Total loss: 0.019, Loss x: 0.032, Loss s: 0.005, Mask ratio: 0.947
[2024-09-14 19:06:55,020][    INFO] Iters: 623, Total loss: 0.019, Loss x: 0.032, Loss s: 0.006, Mask ratio: 0.947
[2024-09-14 19:08:39,667][    INFO] ***** Evaluation ***** >>>> Unchanged IoU: 98.39, EMA: 98.40
[2024-09-14 19:08:39,667][    INFO] ***** Evaluation ***** >>>> Changed IoU: 73.59: EMA: 73.54
[2024-09-14 19:08:39,668][    INFO] ***** Evaluation ***** >>>> Overall Accuracy: 98.46, EMA: 98.47

[2024-09-14 19:08:41,212][    INFO] ===========> Epoch: 2, LR: 0.0000048, Previous best Changed IoU: 73.59, Overall Accuracy: 98.46 @epoch-1, EMA: Changed IoU: 73.54, Overall Accuracy: 98.47 @epoch-1
[2024-09-14 19:08:42,106][    INFO] Iters: 0, Total loss: 0.016, Loss x: 0.026, Loss s: 0.006, Mask ratio: 0.961
[2024-09-14 19:09:08,809][    INFO] Iters: 89, Total loss: 0.017, Loss x: 0.029, Loss s: 0.005, Mask ratio: 0.953
[2024-09-14 19:09:35,597][    INFO] Iters: 178, Total loss: 0.017, Loss x: 0.029, Loss s: 0.005, Mask ratio: 0.954
[2024-09-14 19:10:02,401][    INFO] Iters: 267, Total loss: 0.016, Loss x: 0.028, Loss s: 0.005, Mask ratio: 0.954
[2024-09-14 19:10:29,142][    INFO] Iters: 356, Total loss: 0.016, Loss x: 0.028, Loss s: 0.005, Mask ratio: 0.954
[2024-09-14 19:10:55,924][    INFO] Iters: 445, Total loss: 0.016, Loss x: 0.028, Loss s: 0.005, Mask ratio: 0.954
[2024-09-14 19:11:22,634][    INFO] Iters: 534, Total loss: 0.016, Loss x: 0.027, Loss s: 0.005, Mask ratio: 0.955
[2024-09-14 19:11:49,384][    INFO] Iters: 623, Total loss: 0.016, Loss x: 0.027, Loss s: 0.005, Mask ratio: 0.954
[2024-09-14 19:13:34,002][    INFO] ***** Evaluation ***** >>>> Unchanged IoU: 98.51, EMA: 98.60
[2024-09-14 19:13:34,002][    INFO] ***** Evaluation ***** >>>> Changed IoU: 75.05: EMA: 76.44
[2024-09-14 19:13:34,002][    INFO] ***** Evaluation ***** >>>> Overall Accuracy: 98.57, EMA: 98.66

[2024-09-14 19:13:35,390][    INFO] ===========> Epoch: 3, LR: 0.0000048, Previous best Changed IoU: 75.05, Overall Accuracy: 98.57 @epoch-2, EMA: Changed IoU: 76.44, Overall Accuracy: 98.66 @epoch-2
[2024-09-14 19:13:36,314][    INFO] Iters: 0, Total loss: 0.019, Loss x: 0.032, Loss s: 0.006, Mask ratio: 0.946
[2024-09-14 19:14:02,927][    INFO] Iters: 89, Total loss: 0.016, Loss x: 0.026, Loss s: 0.007, Mask ratio: 0.952
[2024-09-14 19:14:29,660][    INFO] Iters: 178, Total loss: 0.016, Loss x: 0.025, Loss s: 0.006, Mask ratio: 0.956
[2024-09-14 19:14:56,373][    INFO] Iters: 267, Total loss: 0.015, Loss x: 0.024, Loss s: 0.005, Mask ratio: 0.958
[2024-09-14 19:15:23,113][    INFO] Iters: 356, Total loss: 0.015, Loss x: 0.025, Loss s: 0.005, Mask ratio: 0.957
[2024-09-14 19:15:49,835][    INFO] Iters: 445, Total loss: 0.015, Loss x: 0.024, Loss s: 0.005, Mask ratio: 0.958
[2024-09-14 19:16:16,556][    INFO] Iters: 534, Total loss: 0.015, Loss x: 0.025, Loss s: 0.005, Mask ratio: 0.958
[2024-09-14 19:16:43,277][    INFO] Iters: 623, Total loss: 0.014, Loss x: 0.024, Loss s: 0.005, Mask ratio: 0.958
[2024-09-14 19:18:27,193][    INFO] ***** Evaluation ***** >>>> Unchanged IoU: 98.63, EMA: 98.70
[2024-09-14 19:18:27,193][    INFO] ***** Evaluation ***** >>>> Changed IoU: 77.45: EMA: 77.97
[2024-09-14 19:18:27,193][    INFO] ***** Evaluation ***** >>>> Overall Accuracy: 98.69, EMA: 98.76

[2024-09-14 19:18:28,608][    INFO] ===========> Epoch: 4, LR: 0.0000047, Previous best Changed IoU: 77.45, Overall Accuracy: 98.69 @epoch-3, EMA: Changed IoU: 77.97, Overall Accuracy: 98.76 @epoch-3
[2024-09-14 19:18:29,526][    INFO] Iters: 0, Total loss: 0.005, Loss x: 0.009, Loss s: 0.001, Mask ratio: 0.981
[2024-09-14 19:18:56,120][    INFO] Iters: 89, Total loss: 0.016, Loss x: 0.027, Loss s: 0.005, Mask ratio: 0.961
[2024-09-14 19:19:22,742][    INFO] Iters: 178, Total loss: 0.015, Loss x: 0.025, Loss s: 0.005, Mask ratio: 0.959
[2024-09-14 19:19:49,447][    INFO] Iters: 267, Total loss: 0.015, Loss x: 0.025, Loss s: 0.006, Mask ratio: 0.958
[2024-09-14 19:20:20,611][    INFO] Iters: 356, Total loss: 0.015, Loss x: 0.025, Loss s: 0.005, Mask ratio: 0.958
[2024-09-14 19:20:47,384][    INFO] Iters: 445, Total loss: 0.015, Loss x: 0.024, Loss s: 0.005, Mask ratio: 0.959
[2024-09-14 19:21:14,124][    INFO] Iters: 534, Total loss: 0.015, Loss x: 0.024, Loss s: 0.005, Mask ratio: 0.959
[2024-09-14 19:21:40,818][    INFO] Iters: 623, Total loss: 0.015, Loss x: 0.024, Loss s: 0.005, Mask ratio: 0.960
[2024-09-14 19:23:24,872][    INFO] ***** Evaluation ***** >>>> Unchanged IoU: 98.75, EMA: 98.74
[2024-09-14 19:23:24,872][    INFO] ***** Evaluation ***** >>>> Changed IoU: 78.81: EMA: 78.58
[2024-09-14 19:23:24,872][    INFO] ***** Evaluation ***** >>>> Overall Accuracy: 98.80, EMA: 98.80

[2024-09-14 19:23:26,443][    INFO] ===========> Epoch: 5, LR: 0.0000046, Previous best Changed IoU: 78.81, Overall Accuracy: 98.80 @epoch-4, EMA: Changed IoU: 78.58, Overall Accuracy: 98.80 @epoch-4
[2024-09-14 19:23:27,375][    INFO] Iters: 0, Total loss: 0.011, Loss x: 0.018, Loss s: 0.005, Mask ratio: 0.908
[2024-09-14 19:23:54,211][    INFO] Iters: 89, Total loss: 0.013, Loss x: 0.020, Loss s: 0.005, Mask ratio: 0.959
[2024-09-14 19:24:20,868][    INFO] Iters: 178, Total loss: 0.012, Loss x: 0.020, Loss s: 0.004, Mask ratio: 0.961
[2024-09-14 19:24:47,622][    INFO] Iters: 267, Total loss: 0.012, Loss x: 0.021, Loss s: 0.004, Mask ratio: 0.962
[2024-09-14 19:25:14,344][    INFO] Iters: 356, Total loss: 0.012, Loss x: 0.021, Loss s: 0.004, Mask ratio: 0.963
[2024-09-14 19:25:41,039][    INFO] Iters: 445, Total loss: 0.012, Loss x: 0.021, Loss s: 0.004, Mask ratio: 0.963
[2024-09-14 19:26:07,724][    INFO] Iters: 534, Total loss: 0.013, Loss x: 0.021, Loss s: 0.004, Mask ratio: 0.963
[2024-09-14 19:26:34,400][    INFO] Iters: 623, Total loss: 0.013, Loss x: 0.021, Loss s: 0.004, Mask ratio: 0.963
[2024-09-14 19:28:18,635][    INFO] ***** Evaluation ***** >>>> Unchanged IoU: 98.54, EMA: 98.79
[2024-09-14 19:28:18,635][    INFO] ***** Evaluation ***** >>>> Changed IoU: 74.17: EMA: 79.40
[2024-09-14 19:28:18,635][    INFO] ***** Evaluation ***** >>>> Overall Accuracy: 98.60, EMA: 98.84

[2024-09-14 19:28:20,131][    INFO] ===========> Epoch: 6, LR: 0.0000045, Previous best Changed IoU: 78.81, Overall Accuracy: 98.80 @epoch-4, EMA: Changed IoU: 79.40, Overall Accuracy: 98.84 @epoch-5
[2024-09-14 19:28:21,044][    INFO] Iters: 0, Total loss: 0.011, Loss x: 0.018, Loss s: 0.004, Mask ratio: 0.953
[2024-09-14 19:28:52,461][    INFO] Iters: 89, Total loss: 0.017, Loss x: 0.026, Loss s: 0.007, Mask ratio: 0.958
[2024-09-14 19:29:19,210][    INFO] Iters: 178, Total loss: 0.015, Loss x: 0.024, Loss s: 0.006, Mask ratio: 0.961
[2024-09-14 19:29:45,937][    INFO] Iters: 267, Total loss: 0.014, Loss x: 0.023, Loss s: 0.005, Mask ratio: 0.962
[2024-09-14 19:30:12,703][    INFO] Iters: 356, Total loss: 0.014, Loss x: 0.023, Loss s: 0.005, Mask ratio: 0.962
[2024-09-14 19:30:39,463][    INFO] Iters: 445, Total loss: 0.014, Loss x: 0.023, Loss s: 0.005, Mask ratio: 0.963
[2024-09-14 19:31:06,253][    INFO] Iters: 534, Total loss: 0.014, Loss x: 0.022, Loss s: 0.005, Mask ratio: 0.963
[2024-09-14 19:31:32,969][    INFO] Iters: 623, Total loss: 0.013, Loss x: 0.022, Loss s: 0.005, Mask ratio: 0.963
[2024-09-14 19:33:15,239][    INFO] ***** Evaluation ***** >>>> Unchanged IoU: 98.77, EMA: 98.82
[2024-09-14 19:33:15,240][    INFO] ***** Evaluation ***** >>>> Changed IoU: 79.13: EMA: 79.81
[2024-09-14 19:33:15,240][    INFO] ***** Evaluation ***** >>>> Overall Accuracy: 98.82, EMA: 98.87

[2024-09-14 19:33:16,673][    INFO] ===========> Epoch: 7, LR: 0.0000045, Previous best Changed IoU: 79.13, Overall Accuracy: 98.82 @epoch-6, EMA: Changed IoU: 79.81, Overall Accuracy: 98.87 @epoch-6
[2024-09-14 19:33:17,600][    INFO] Iters: 0, Total loss: 0.017, Loss x: 0.021, Loss s: 0.012, Mask ratio: 0.987
[2024-09-14 19:33:44,276][    INFO] Iters: 89, Total loss: 0.012, Loss x: 0.019, Loss s: 0.005, Mask ratio: 0.964
[2024-09-14 19:34:11,033][    INFO] Iters: 178, Total loss: 0.012, Loss x: 0.019, Loss s: 0.004, Mask ratio: 0.965
[2024-09-14 19:34:37,734][    INFO] Iters: 267, Total loss: 0.011, Loss x: 0.018, Loss s: 0.004, Mask ratio: 0.964
[2024-09-14 19:35:04,462][    INFO] Iters: 356, Total loss: 0.011, Loss x: 0.019, Loss s: 0.004, Mask ratio: 0.965
[2024-09-14 19:35:31,180][    INFO] Iters: 445, Total loss: 0.012, Loss x: 0.019, Loss s: 0.004, Mask ratio: 0.965
[2024-09-14 19:35:57,821][    INFO] Iters: 534, Total loss: 0.012, Loss x: 0.020, Loss s: 0.004, Mask ratio: 0.965
[2024-09-14 19:36:24,632][    INFO] Iters: 623, Total loss: 0.012, Loss x: 0.020, Loss s: 0.004, Mask ratio: 0.965
[2024-09-14 19:38:08,186][    INFO] ***** Evaluation ***** >>>> Unchanged IoU: 98.79, EMA: 98.84
[2024-09-14 19:38:08,186][    INFO] ***** Evaluation ***** >>>> Changed IoU: 79.70: EMA: 80.11
[2024-09-14 19:38:08,186][    INFO] ***** Evaluation ***** >>>> Overall Accuracy: 98.85, EMA: 98.89

[2024-09-14 19:38:09,611][    INFO] ===========> Epoch: 8, LR: 0.0000044, Previous best Changed IoU: 79.70, Overall Accuracy: 98.85 @epoch-7, EMA: Changed IoU: 80.11, Overall Accuracy: 98.89 @epoch-7
[2024-09-14 19:38:10,540][    INFO] Iters: 0, Total loss: 0.008, Loss x: 0.012, Loss s: 0.005, Mask ratio: 0.952
[2024-09-14 19:38:37,223][    INFO] Iters: 89, Total loss: 0.011, Loss x: 0.018, Loss s: 0.004, Mask ratio: 0.967
[2024-09-14 19:39:03,903][    INFO] Iters: 178, Total loss: 0.011, Loss x: 0.018, Loss s: 0.004, Mask ratio: 0.966
[2024-09-14 19:39:31,954][    INFO] Iters: 267, Total loss: 0.011, Loss x: 0.018, Loss s: 0.004, Mask ratio: 0.967
[2024-09-14 19:39:58,696][    INFO] Iters: 356, Total loss: 0.011, Loss x: 0.019, Loss s: 0.004, Mask ratio: 0.967
[2024-09-14 19:40:25,466][    INFO] Iters: 445, Total loss: 0.012, Loss x: 0.019, Loss s: 0.004, Mask ratio: 0.967
[2024-09-14 19:40:52,274][    INFO] Iters: 534, Total loss: 0.012, Loss x: 0.019, Loss s: 0.004, Mask ratio: 0.966
[2024-09-14 19:41:19,041][    INFO] Iters: 623, Total loss: 0.012, Loss x: 0.019, Loss s: 0.004, Mask ratio: 0.966
[2024-09-14 19:43:02,750][    INFO] ***** Evaluation ***** >>>> Unchanged IoU: 98.85, EMA: 98.86
[2024-09-14 19:43:02,750][    INFO] ***** Evaluation ***** >>>> Changed IoU: 80.37: EMA: 80.52
[2024-09-14 19:43:02,750][    INFO] ***** Evaluation ***** >>>> Overall Accuracy: 98.90, EMA: 98.91

[2024-09-14 19:43:04,120][    INFO] ===========> Epoch: 9, LR: 0.0000043, Previous best Changed IoU: 80.37, Overall Accuracy: 98.90 @epoch-8, EMA: Changed IoU: 80.52, Overall Accuracy: 98.91 @epoch-8
[2024-09-14 19:43:05,012][    INFO] Iters: 0, Total loss: 0.012, Loss x: 0.022, Loss s: 0.001, Mask ratio: 0.974
[2024-09-14 19:43:31,856][    INFO] Iters: 89, Total loss: 0.011, Loss x: 0.017, Loss s: 0.004, Mask ratio: 0.967
[2024-09-14 19:43:58,517][    INFO] Iters: 178, Total loss: 0.011, Loss x: 0.018, Loss s: 0.004, Mask ratio: 0.965
[2024-09-14 19:44:25,256][    INFO] Iters: 267, Total loss: 0.011, Loss x: 0.018, Loss s: 0.004, Mask ratio: 0.966
[2024-09-14 19:44:51,997][    INFO] Iters: 356, Total loss: 0.011, Loss x: 0.018, Loss s: 0.004, Mask ratio: 0.966
[2024-09-14 19:45:18,681][    INFO] Iters: 445, Total loss: 0.011, Loss x: 0.018, Loss s: 0.004, Mask ratio: 0.967
[2024-09-14 19:45:45,374][    INFO] Iters: 534, Total loss: 0.011, Loss x: 0.018, Loss s: 0.004, Mask ratio: 0.967
[2024-09-14 19:46:12,108][    INFO] Iters: 623, Total loss: 0.011, Loss x: 0.018, Loss s: 0.004, Mask ratio: 0.967
[2024-09-14 19:47:55,354][    INFO] ***** Evaluation ***** >>>> Unchanged IoU: 98.84, EMA: 98.89
[2024-09-14 19:47:55,355][    INFO] ***** Evaluation ***** >>>> Changed IoU: 80.09: EMA: 80.94
[2024-09-14 19:47:55,355][    INFO] ***** Evaluation ***** >>>> Overall Accuracy: 98.89, EMA: 98.94

[2024-09-14 19:47:57,061][    INFO] ===========> Epoch: 10, LR: 0.0000042, Previous best Changed IoU: 80.37, Overall Accuracy: 98.90 @epoch-8, EMA: Changed IoU: 80.94, Overall Accuracy: 98.94 @epoch-9
[2024-09-14 19:47:57,944][    INFO] Iters: 0, Total loss: 0.008, Loss x: 0.014, Loss s: 0.001, Mask ratio: 0.979
[2024-09-14 19:48:24,664][    INFO] Iters: 89, Total loss: 0.010, Loss x: 0.016, Loss s: 0.003, Mask ratio: 0.968
[2024-09-14 19:48:51,396][    INFO] Iters: 178, Total loss: 0.011, Loss x: 0.018, Loss s: 0.004, Mask ratio: 0.969
[2024-09-14 19:49:18,301][    INFO] Iters: 267, Total loss: 0.013, Loss x: 0.020, Loss s: 0.006, Mask ratio: 0.963
[2024-09-14 19:49:45,350][    INFO] Iters: 356, Total loss: 0.013, Loss x: 0.020, Loss s: 0.006, Mask ratio: 0.964
[2024-09-14 19:50:12,364][    INFO] Iters: 445, Total loss: 0.013, Loss x: 0.020, Loss s: 0.006, Mask ratio: 0.964
[2024-09-14 19:50:39,131][    INFO] Iters: 534, Total loss: 0.013, Loss x: 0.020, Loss s: 0.006, Mask ratio: 0.964
[2024-09-14 19:51:05,910][    INFO] Iters: 623, Total loss: 0.013, Loss x: 0.020, Loss s: 0.006, Mask ratio: 0.964
[2024-09-14 19:52:50,091][    INFO] ***** Evaluation ***** >>>> Unchanged IoU: 98.87, EMA: 98.89
[2024-09-14 19:52:50,091][    INFO] ***** Evaluation ***** >>>> Changed IoU: 80.87: EMA: 81.05
[2024-09-14 19:52:50,091][    INFO] ***** Evaluation ***** >>>> Overall Accuracy: 98.92, EMA: 98.94

[2024-09-14 19:52:51,441][    INFO] ===========> Epoch: 11, LR: 0.0000042, Previous best Changed IoU: 80.87, Overall Accuracy: 98.92 @epoch-10, EMA: Changed IoU: 81.05, Overall Accuracy: 98.94 @epoch-10
[2024-09-14 19:52:52,335][    INFO] Iters: 0, Total loss: 0.006, Loss x: 0.008, Loss s: 0.003, Mask ratio: 0.969
[2024-09-14 19:53:19,042][    INFO] Iters: 89, Total loss: 0.010, Loss x: 0.016, Loss s: 0.004, Mask ratio: 0.971
[2024-09-14 19:53:45,876][    INFO] Iters: 178, Total loss: 0.010, Loss x: 0.017, Loss s: 0.004, Mask ratio: 0.968
[2024-09-14 19:54:12,680][    INFO] Iters: 267, Total loss: 0.010, Loss x: 0.016, Loss s: 0.004, Mask ratio: 0.969
[2024-09-14 19:54:39,413][    INFO] Iters: 356, Total loss: 0.010, Loss x: 0.017, Loss s: 0.004, Mask ratio: 0.969
[2024-09-14 19:55:06,164][    INFO] Iters: 445, Total loss: 0.010, Loss x: 0.017, Loss s: 0.004, Mask ratio: 0.969
[2024-09-14 19:55:32,877][    INFO] Iters: 534, Total loss: 0.010, Loss x: 0.017, Loss s: 0.003, Mask ratio: 0.969
[2024-09-14 19:55:59,761][    INFO] Iters: 623, Total loss: 0.010, Loss x: 0.017, Loss s: 0.003, Mask ratio: 0.969
[2024-09-14 19:57:45,702][    INFO] ***** Evaluation ***** >>>> Unchanged IoU: 98.90, EMA: 98.91
[2024-09-14 19:57:45,702][    INFO] ***** Evaluation ***** >>>> Changed IoU: 81.17: EMA: 81.31
[2024-09-14 19:57:45,702][    INFO] ***** Evaluation ***** >>>> Overall Accuracy: 98.95, EMA: 98.96

[2024-09-14 19:57:47,412][    INFO] ===========> Epoch: 12, LR: 0.0000041, Previous best Changed IoU: 81.17, Overall Accuracy: 98.95 @epoch-11, EMA: Changed IoU: 81.31, Overall Accuracy: 98.96 @epoch-11
[2024-09-14 19:57:48,346][    INFO] Iters: 0, Total loss: 0.014, Loss x: 0.025, Loss s: 0.003, Mask ratio: 0.958
[2024-09-14 19:58:15,142][    INFO] Iters: 89, Total loss: 0.010, Loss x: 0.016, Loss s: 0.004, Mask ratio: 0.969
[2024-09-14 19:58:41,856][    INFO] Iters: 178, Total loss: 0.010, Loss x: 0.016, Loss s: 0.004, Mask ratio: 0.970
[2024-09-14 19:59:08,580][    INFO] Iters: 267, Total loss: 0.011, Loss x: 0.017, Loss s: 0.004, Mask ratio: 0.968
[2024-09-14 19:59:35,275][    INFO] Iters: 356, Total loss: 0.011, Loss x: 0.018, Loss s: 0.004, Mask ratio: 0.968
[2024-09-14 20:00:02,249][    INFO] Iters: 445, Total loss: 0.011, Loss x: 0.018, Loss s: 0.004, Mask ratio: 0.968
[2024-09-14 20:00:29,052][    INFO] Iters: 534, Total loss: 0.010, Loss x: 0.017, Loss s: 0.004, Mask ratio: 0.969
[2024-09-14 20:00:55,851][    INFO] Iters: 623, Total loss: 0.010, Loss x: 0.017, Loss s: 0.004, Mask ratio: 0.969
[2024-09-14 20:02:39,979][    INFO] ***** Evaluation ***** >>>> Unchanged IoU: 98.85, EMA: 98.92
[2024-09-14 20:02:39,979][    INFO] ***** Evaluation ***** >>>> Changed IoU: 80.83: EMA: 81.47
[2024-09-14 20:02:39,979][    INFO] ***** Evaluation ***** >>>> Overall Accuracy: 98.91, EMA: 98.97

[2024-09-14 20:02:41,339][    INFO] ===========> Epoch: 13, LR: 0.0000040, Previous best Changed IoU: 81.17, Overall Accuracy: 98.95 @epoch-11, EMA: Changed IoU: 81.47, Overall Accuracy: 98.97 @epoch-12
[2024-09-14 20:02:42,242][    INFO] Iters: 0, Total loss: 0.011, Loss x: 0.020, Loss s: 0.002, Mask ratio: 0.970
[2024-09-14 20:03:09,029][    INFO] Iters: 89, Total loss: 0.010, Loss x: 0.016, Loss s: 0.003, Mask ratio: 0.971
[2024-09-14 20:03:35,825][    INFO] Iters: 178, Total loss: 0.010, Loss x: 0.016, Loss s: 0.003, Mask ratio: 0.971
[2024-09-14 20:04:02,546][    INFO] Iters: 267, Total loss: 0.010, Loss x: 0.016, Loss s: 0.003, Mask ratio: 0.971
[2024-09-14 20:04:29,301][    INFO] Iters: 356, Total loss: 0.010, Loss x: 0.016, Loss s: 0.003, Mask ratio: 0.971
[2024-09-14 20:04:56,036][    INFO] Iters: 445, Total loss: 0.010, Loss x: 0.016, Loss s: 0.003, Mask ratio: 0.971
[2024-09-14 20:05:22,765][    INFO] Iters: 534, Total loss: 0.010, Loss x: 0.017, Loss s: 0.003, Mask ratio: 0.971
[2024-09-14 20:05:49,465][    INFO] Iters: 623, Total loss: 0.010, Loss x: 0.016, Loss s: 0.003, Mask ratio: 0.970
[2024-09-14 20:07:32,910][    INFO] ***** Evaluation ***** >>>> Unchanged IoU: 98.91, EMA: 98.94
[2024-09-14 20:07:32,910][    INFO] ***** Evaluation ***** >>>> Changed IoU: 81.35: EMA: 81.70
[2024-09-14 20:07:32,910][    INFO] ***** Evaluation ***** >>>> Overall Accuracy: 98.96, EMA: 98.99

[2024-09-14 20:07:34,408][    INFO] ===========> Epoch: 14, LR: 0.0000039, Previous best Changed IoU: 81.35, Overall Accuracy: 98.96 @epoch-13, EMA: Changed IoU: 81.70, Overall Accuracy: 98.99 @epoch-13
[2024-09-14 20:07:35,286][    INFO] Iters: 0, Total loss: 0.015, Loss x: 0.028, Loss s: 0.002, Mask ratio: 0.953
[2024-09-14 20:08:02,060][    INFO] Iters: 89, Total loss: 0.010, Loss x: 0.016, Loss s: 0.003, Mask ratio: 0.969
[2024-09-14 20:08:28,903][    INFO] Iters: 178, Total loss: 0.010, Loss x: 0.016, Loss s: 0.004, Mask ratio: 0.969
[2024-09-14 20:08:55,677][    INFO] Iters: 267, Total loss: 0.010, Loss x: 0.016, Loss s: 0.004, Mask ratio: 0.971
[2024-09-14 20:09:22,495][    INFO] Iters: 356, Total loss: 0.010, Loss x: 0.016, Loss s: 0.003, Mask ratio: 0.971
[2024-09-14 20:09:49,320][    INFO] Iters: 445, Total loss: 0.010, Loss x: 0.016, Loss s: 0.004, Mask ratio: 0.971
[2024-09-14 20:10:16,092][    INFO] Iters: 534, Total loss: 0.010, Loss x: 0.016, Loss s: 0.004, Mask ratio: 0.971
[2024-09-14 20:10:42,891][    INFO] Iters: 623, Total loss: 0.010, Loss x: 0.017, Loss s: 0.004, Mask ratio: 0.970
[2024-09-14 20:12:27,298][    INFO] ***** Evaluation ***** >>>> Unchanged IoU: 98.81, EMA: 98.93
[2024-09-14 20:12:27,298][    INFO] ***** Evaluation ***** >>>> Changed IoU: 79.49: EMA: 81.75
[2024-09-14 20:12:27,298][    INFO] ***** Evaluation ***** >>>> Overall Accuracy: 98.87, EMA: 98.98

[2024-09-14 20:12:28,832][    INFO] ===========> Epoch: 15, LR: 0.0000039, Previous best Changed IoU: 81.35, Overall Accuracy: 98.96 @epoch-13, EMA: Changed IoU: 81.75, Overall Accuracy: 98.98 @epoch-14
[2024-09-14 20:12:29,777][    INFO] Iters: 0, Total loss: 0.008, Loss x: 0.011, Loss s: 0.005, Mask ratio: 0.961
[2024-09-14 20:12:56,595][    INFO] Iters: 89, Total loss: 0.010, Loss x: 0.016, Loss s: 0.004, Mask ratio: 0.969
[2024-09-14 20:13:23,439][    INFO] Iters: 178, Total loss: 0.011, Loss x: 0.018, Loss s: 0.004, Mask ratio: 0.970
[2024-09-14 20:13:50,187][    INFO] Iters: 267, Total loss: 0.011, Loss x: 0.017, Loss s: 0.004, Mask ratio: 0.970
[2024-09-14 20:14:16,951][    INFO] Iters: 356, Total loss: 0.011, Loss x: 0.017, Loss s: 0.004, Mask ratio: 0.970
[2024-09-14 20:14:43,700][    INFO] Iters: 445, Total loss: 0.011, Loss x: 0.017, Loss s: 0.004, Mask ratio: 0.970
[2024-09-14 20:15:10,471][    INFO] Iters: 534, Total loss: 0.011, Loss x: 0.017, Loss s: 0.004, Mask ratio: 0.970
[2024-09-14 20:15:37,256][    INFO] Iters: 623, Total loss: 0.010, Loss x: 0.017, Loss s: 0.004, Mask ratio: 0.970
[2024-09-14 20:17:21,091][    INFO] ***** Evaluation ***** >>>> Unchanged IoU: 98.91, EMA: 98.94
[2024-09-14 20:17:21,091][    INFO] ***** Evaluation ***** >>>> Changed IoU: 81.26: EMA: 81.70
[2024-09-14 20:17:21,091][    INFO] ***** Evaluation ***** >>>> Overall Accuracy: 98.96, EMA: 98.99

[2024-09-14 20:17:21,984][    INFO] ===========> Epoch: 16, LR: 0.0000038, Previous best Changed IoU: 81.35, Overall Accuracy: 98.96 @epoch-13, EMA: Changed IoU: 81.75, Overall Accuracy: 98.98 @epoch-14
[2024-09-14 20:17:22,893][    INFO] Iters: 0, Total loss: 0.014, Loss x: 0.027, Loss s: 0.002, Mask ratio: 0.939
[2024-09-14 20:17:49,684][    INFO] Iters: 89, Total loss: 0.009, Loss x: 0.015, Loss s: 0.003, Mask ratio: 0.974
[2024-09-14 20:18:16,388][    INFO] Iters: 178, Total loss: 0.009, Loss x: 0.016, Loss s: 0.003, Mask ratio: 0.974
[2024-09-14 20:18:43,192][    INFO] Iters: 267, Total loss: 0.009, Loss x: 0.015, Loss s: 0.003, Mask ratio: 0.972
[2024-09-14 20:19:10,075][    INFO] Iters: 356, Total loss: 0.009, Loss x: 0.016, Loss s: 0.003, Mask ratio: 0.972
[2024-09-14 20:19:36,863][    INFO] Iters: 445, Total loss: 0.009, Loss x: 0.016, Loss s: 0.003, Mask ratio: 0.972
[2024-09-14 20:20:03,687][    INFO] Iters: 534, Total loss: 0.009, Loss x: 0.015, Loss s: 0.003, Mask ratio: 0.972
[2024-09-14 20:20:30,464][    INFO] Iters: 623, Total loss: 0.009, Loss x: 0.015, Loss s: 0.003, Mask ratio: 0.972
[2024-09-14 20:22:15,155][    INFO] ***** Evaluation ***** >>>> Unchanged IoU: 98.92, EMA: 98.96
[2024-09-14 20:22:15,155][    INFO] ***** Evaluation ***** >>>> Changed IoU: 81.46: EMA: 81.98
[2024-09-14 20:22:15,155][    INFO] ***** Evaluation ***** >>>> Overall Accuracy: 98.97, EMA: 99.01

[2024-09-14 20:22:16,631][    INFO] ===========> Epoch: 17, LR: 0.0000037, Previous best Changed IoU: 81.46, Overall Accuracy: 98.97 @epoch-16, EMA: Changed IoU: 81.98, Overall Accuracy: 99.01 @epoch-16
[2024-09-14 20:22:17,546][    INFO] Iters: 0, Total loss: 0.005, Loss x: 0.008, Loss s: 0.003, Mask ratio: 0.994
[2024-09-14 20:22:44,362][    INFO] Iters: 89, Total loss: 0.010, Loss x: 0.016, Loss s: 0.004, Mask ratio: 0.971
[2024-09-14 20:23:11,114][    INFO] Iters: 178, Total loss: 0.010, Loss x: 0.016, Loss s: 0.003, Mask ratio: 0.972
[2024-09-14 20:23:37,928][    INFO] Iters: 267, Total loss: 0.010, Loss x: 0.016, Loss s: 0.003, Mask ratio: 0.972
[2024-09-14 20:24:04,694][    INFO] Iters: 356, Total loss: 0.010, Loss x: 0.016, Loss s: 0.003, Mask ratio: 0.971
[2024-09-14 20:24:31,457][    INFO] Iters: 445, Total loss: 0.009, Loss x: 0.015, Loss s: 0.003, Mask ratio: 0.971
[2024-09-14 20:24:58,296][    INFO] Iters: 534, Total loss: 0.009, Loss x: 0.015, Loss s: 0.003, Mask ratio: 0.971
[2024-09-14 20:25:25,126][    INFO] Iters: 623, Total loss: 0.009, Loss x: 0.015, Loss s: 0.003, Mask ratio: 0.972
[2024-09-14 20:27:10,116][    INFO] ***** Evaluation ***** >>>> Unchanged IoU: 98.94, EMA: 98.96
[2024-09-14 20:27:10,116][    INFO] ***** Evaluation ***** >>>> Changed IoU: 81.57: EMA: 82.09
[2024-09-14 20:27:10,116][    INFO] ***** Evaluation ***** >>>> Overall Accuracy: 98.99, EMA: 99.01

[2024-09-14 20:27:11,773][    INFO] ===========> Epoch: 18, LR: 0.0000036, Previous best Changed IoU: 81.57, Overall Accuracy: 98.99 @epoch-17, EMA: Changed IoU: 82.09, Overall Accuracy: 99.01 @epoch-17
[2024-09-14 20:27:12,667][    INFO] Iters: 0, Total loss: 0.004, Loss x: 0.004, Loss s: 0.004, Mask ratio: 0.919
[2024-09-14 20:27:39,413][    INFO] Iters: 89, Total loss: 0.009, Loss x: 0.015, Loss s: 0.003, Mask ratio: 0.973
[2024-09-14 20:28:06,206][    INFO] Iters: 178, Total loss: 0.010, Loss x: 0.016, Loss s: 0.003, Mask ratio: 0.973
[2024-09-14 20:28:33,021][    INFO] Iters: 267, Total loss: 0.009, Loss x: 0.016, Loss s: 0.003, Mask ratio: 0.973
[2024-09-14 20:29:00,823][    INFO] Iters: 356, Total loss: 0.010, Loss x: 0.016, Loss s: 0.003, Mask ratio: 0.972
[2024-09-14 20:29:27,585][    INFO] Iters: 445, Total loss: 0.009, Loss x: 0.015, Loss s: 0.003, Mask ratio: 0.972
[2024-09-14 20:29:54,395][    INFO] Iters: 534, Total loss: 0.009, Loss x: 0.015, Loss s: 0.003, Mask ratio: 0.972
[2024-09-14 20:30:21,219][    INFO] Iters: 623, Total loss: 0.009, Loss x: 0.015, Loss s: 0.003, Mask ratio: 0.972
[2024-09-14 20:32:05,253][    INFO] ***** Evaluation ***** >>>> Unchanged IoU: 98.97, EMA: 98.98
[2024-09-14 20:32:05,253][    INFO] ***** Evaluation ***** >>>> Changed IoU: 82.03: EMA: 82.30
[2024-09-14 20:32:05,253][    INFO] ***** Evaluation ***** >>>> Overall Accuracy: 99.02, EMA: 99.02

[2024-09-14 20:32:06,808][    INFO] ===========> Epoch: 19, LR: 0.0000035, Previous best Changed IoU: 82.03, Overall Accuracy: 99.02 @epoch-18, EMA: Changed IoU: 82.30, Overall Accuracy: 99.02 @epoch-18
[2024-09-14 20:32:07,756][    INFO] Iters: 0, Total loss: 0.020, Loss x: 0.035, Loss s: 0.004, Mask ratio: 0.979
[2024-09-14 20:32:34,568][    INFO] Iters: 89, Total loss: 0.009, Loss x: 0.015, Loss s: 0.003, Mask ratio: 0.974
[2024-09-14 20:33:01,381][    INFO] Iters: 178, Total loss: 0.009, Loss x: 0.015, Loss s: 0.003, Mask ratio: 0.973
[2024-09-14 20:33:28,259][    INFO] Iters: 267, Total loss: 0.009, Loss x: 0.015, Loss s: 0.003, Mask ratio: 0.973
[2024-09-14 20:33:55,065][    INFO] Iters: 356, Total loss: 0.009, Loss x: 0.014, Loss s: 0.003, Mask ratio: 0.972
[2024-09-14 20:34:21,941][    INFO] Iters: 445, Total loss: 0.009, Loss x: 0.014, Loss s: 0.003, Mask ratio: 0.972
[2024-09-14 20:34:48,696][    INFO] Iters: 534, Total loss: 0.009, Loss x: 0.015, Loss s: 0.003, Mask ratio: 0.972
[2024-09-14 20:35:15,436][    INFO] Iters: 623, Total loss: 0.009, Loss x: 0.015, Loss s: 0.003, Mask ratio: 0.972
[2024-09-14 20:36:59,755][    INFO] ***** Evaluation ***** >>>> Unchanged IoU: 98.96, EMA: 98.99
[2024-09-14 20:36:59,755][    INFO] ***** Evaluation ***** >>>> Changed IoU: 81.77: EMA: 82.45
[2024-09-14 20:36:59,755][    INFO] ***** Evaluation ***** >>>> Overall Accuracy: 99.00, EMA: 99.03

[2024-09-14 20:37:01,490][    INFO] ===========> Epoch: 20, LR: 0.0000035, Previous best Changed IoU: 82.03, Overall Accuracy: 99.02 @epoch-18, EMA: Changed IoU: 82.45, Overall Accuracy: 99.03 @epoch-19
[2024-09-14 20:37:02,409][    INFO] Iters: 0, Total loss: 0.004, Loss x: 0.006, Loss s: 0.001, Mask ratio: 0.991
[2024-09-14 20:37:29,073][    INFO] Iters: 89, Total loss: 0.008, Loss x: 0.013, Loss s: 0.003, Mask ratio: 0.973
[2024-09-14 20:37:55,769][    INFO] Iters: 178, Total loss: 0.008, Loss x: 0.014, Loss s: 0.003, Mask ratio: 0.973
[2024-09-14 20:38:22,531][    INFO] Iters: 267, Total loss: 0.009, Loss x: 0.014, Loss s: 0.003, Mask ratio: 0.973
[2024-09-14 20:38:49,335][    INFO] Iters: 356, Total loss: 0.009, Loss x: 0.014, Loss s: 0.003, Mask ratio: 0.973
[2024-09-14 20:39:16,125][    INFO] Iters: 445, Total loss: 0.009, Loss x: 0.015, Loss s: 0.003, Mask ratio: 0.972
[2024-09-14 20:39:42,947][    INFO] Iters: 534, Total loss: 0.009, Loss x: 0.014, Loss s: 0.003, Mask ratio: 0.972
[2024-09-14 20:40:09,781][    INFO] Iters: 623, Total loss: 0.009, Loss x: 0.015, Loss s: 0.003, Mask ratio: 0.973
[2024-09-14 20:41:53,407][    INFO] ***** Evaluation ***** >>>> Unchanged IoU: 98.91, EMA: 98.98
[2024-09-14 20:41:53,407][    INFO] ***** Evaluation ***** >>>> Changed IoU: 81.35: EMA: 82.36
[2024-09-14 20:41:53,407][    INFO] ***** Evaluation ***** >>>> Overall Accuracy: 98.96, EMA: 99.02

[2024-09-14 20:41:54,351][    INFO] ===========> Epoch: 21, LR: 0.0000034, Previous best Changed IoU: 82.03, Overall Accuracy: 99.02 @epoch-18, EMA: Changed IoU: 82.45, Overall Accuracy: 99.03 @epoch-19
[2024-09-14 20:41:55,198][    INFO] Iters: 0, Total loss: 0.006, Loss x: 0.010, Loss s: 0.003, Mask ratio: 0.972
[2024-09-14 20:42:21,908][    INFO] Iters: 89, Total loss: 0.009, Loss x: 0.015, Loss s: 0.004, Mask ratio: 0.972
[2024-09-14 20:42:48,731][    INFO] Iters: 178, Total loss: 0.010, Loss x: 0.016, Loss s: 0.003, Mask ratio: 0.972
[2024-09-14 20:43:15,536][    INFO] Iters: 267, Total loss: 0.009, Loss x: 0.015, Loss s: 0.003, Mask ratio: 0.972
[2024-09-14 20:43:42,361][    INFO] Iters: 356, Total loss: 0.009, Loss x: 0.015, Loss s: 0.003, Mask ratio: 0.973
[2024-09-14 20:44:09,170][    INFO] Iters: 445, Total loss: 0.009, Loss x: 0.015, Loss s: 0.003, Mask ratio: 0.973
[2024-09-14 20:44:35,969][    INFO] Iters: 534, Total loss: 0.009, Loss x: 0.015, Loss s: 0.003, Mask ratio: 0.973
[2024-09-14 20:45:02,819][    INFO] Iters: 623, Total loss: 0.009, Loss x: 0.015, Loss s: 0.003, Mask ratio: 0.973
[2024-09-14 20:46:47,304][    INFO] ***** Evaluation ***** >>>> Unchanged IoU: 98.93, EMA: 98.98
[2024-09-14 20:46:47,304][    INFO] ***** Evaluation ***** >>>> Changed IoU: 81.45: EMA: 82.42
[2024-09-14 20:46:47,304][    INFO] ***** Evaluation ***** >>>> Overall Accuracy: 98.98, EMA: 99.03

[2024-09-14 20:46:48,271][    INFO] ===========> Epoch: 22, LR: 0.0000033, Previous best Changed IoU: 82.03, Overall Accuracy: 99.02 @epoch-18, EMA: Changed IoU: 82.45, Overall Accuracy: 99.03 @epoch-19
[2024-09-14 20:46:49,100][    INFO] Iters: 0, Total loss: 0.006, Loss x: 0.011, Loss s: 0.001, Mask ratio: 0.982
[2024-09-14 20:47:15,754][    INFO] Iters: 89, Total loss: 0.009, Loss x: 0.015, Loss s: 0.003, Mask ratio: 0.974
[2024-09-14 20:47:42,409][    INFO] Iters: 178, Total loss: 0.009, Loss x: 0.015, Loss s: 0.003, Mask ratio: 0.975
[2024-09-14 20:48:09,112][    INFO] Iters: 267, Total loss: 0.009, Loss x: 0.015, Loss s: 0.003, Mask ratio: 0.974
[2024-09-14 20:48:35,885][    INFO] Iters: 356, Total loss: 0.009, Loss x: 0.015, Loss s: 0.003, Mask ratio: 0.974
[2024-09-14 20:49:02,669][    INFO] Iters: 445, Total loss: 0.009, Loss x: 0.014, Loss s: 0.003, Mask ratio: 0.974
[2024-09-14 20:49:29,476][    INFO] Iters: 534, Total loss: 0.009, Loss x: 0.014, Loss s: 0.003, Mask ratio: 0.973
[2024-09-14 20:49:56,264][    INFO] Iters: 623, Total loss: 0.009, Loss x: 0.014, Loss s: 0.003, Mask ratio: 0.974
[2024-09-14 20:51:40,292][    INFO] ***** Evaluation ***** >>>> Unchanged IoU: 98.97, EMA: 98.98
[2024-09-14 20:51:40,293][    INFO] ***** Evaluation ***** >>>> Changed IoU: 81.96: EMA: 82.43
[2024-09-14 20:51:40,293][    INFO] ***** Evaluation ***** >>>> Overall Accuracy: 99.01, EMA: 99.03

[2024-09-14 20:51:41,152][    INFO] ===========> Epoch: 23, LR: 0.0000032, Previous best Changed IoU: 82.03, Overall Accuracy: 99.02 @epoch-18, EMA: Changed IoU: 82.45, Overall Accuracy: 99.03 @epoch-19
[2024-09-14 20:51:41,951][    INFO] Iters: 0, Total loss: 0.004, Loss x: 0.005, Loss s: 0.003, Mask ratio: 0.979
[2024-09-14 20:52:08,658][    INFO] Iters: 89, Total loss: 0.009, Loss x: 0.015, Loss s: 0.003, Mask ratio: 0.973
[2024-09-14 20:52:35,311][    INFO] Iters: 178, Total loss: 0.008, Loss x: 0.014, Loss s: 0.003, Mask ratio: 0.974
[2024-09-14 20:53:02,013][    INFO] Iters: 267, Total loss: 0.008, Loss x: 0.014, Loss s: 0.003, Mask ratio: 0.974
[2024-09-14 20:53:28,761][    INFO] Iters: 356, Total loss: 0.009, Loss x: 0.014, Loss s: 0.003, Mask ratio: 0.973
[2024-09-14 20:53:55,514][    INFO] Iters: 445, Total loss: 0.009, Loss x: 0.014, Loss s: 0.003, Mask ratio: 0.974
[2024-09-14 20:54:22,265][    INFO] Iters: 534, Total loss: 0.008, Loss x: 0.014, Loss s: 0.003, Mask ratio: 0.974
[2024-09-14 20:54:49,001][    INFO] Iters: 623, Total loss: 0.009, Loss x: 0.014, Loss s: 0.003, Mask ratio: 0.974
[2024-09-14 20:56:32,518][    INFO] ***** Evaluation ***** >>>> Unchanged IoU: 98.92, EMA: 98.99
[2024-09-14 20:56:32,519][    INFO] ***** Evaluation ***** >>>> Changed IoU: 81.19: EMA: 82.48
[2024-09-14 20:56:32,519][    INFO] ***** Evaluation ***** >>>> Overall Accuracy: 98.97, EMA: 99.03

[2024-09-14 20:56:34,066][    INFO] ===========> Epoch: 24, LR: 0.0000032, Previous best Changed IoU: 82.03, Overall Accuracy: 99.02 @epoch-18, EMA: Changed IoU: 82.48, Overall Accuracy: 99.03 @epoch-23
[2024-09-14 20:56:34,970][    INFO] Iters: 0, Total loss: 0.006, Loss x: 0.010, Loss s: 0.002, Mask ratio: 0.975
[2024-09-14 20:57:01,717][    INFO] Iters: 89, Total loss: 0.008, Loss x: 0.013, Loss s: 0.002, Mask ratio: 0.974
[2024-09-14 20:57:28,463][    INFO] Iters: 178, Total loss: 0.008, Loss x: 0.014, Loss s: 0.003, Mask ratio: 0.974
[2024-09-14 20:57:55,227][    INFO] Iters: 267, Total loss: 0.008, Loss x: 0.013, Loss s: 0.002, Mask ratio: 0.975
[2024-09-14 20:58:21,854][    INFO] Iters: 356, Total loss: 0.009, Loss x: 0.014, Loss s: 0.003, Mask ratio: 0.974
[2024-09-14 20:58:48,577][    INFO] Iters: 445, Total loss: 0.009, Loss x: 0.014, Loss s: 0.003, Mask ratio: 0.974
[2024-09-14 20:59:15,297][    INFO] Iters: 534, Total loss: 0.009, Loss x: 0.014, Loss s: 0.003, Mask ratio: 0.974
[2024-09-14 20:59:42,059][    INFO] Iters: 623, Total loss: 0.009, Loss x: 0.014, Loss s: 0.003, Mask ratio: 0.974
[2024-09-14 21:01:25,939][    INFO] ***** Evaluation ***** >>>> Unchanged IoU: 98.96, EMA: 98.99
[2024-09-14 21:01:25,939][    INFO] ***** Evaluation ***** >>>> Changed IoU: 81.91: EMA: 82.51
[2024-09-14 21:01:25,939][    INFO] ***** Evaluation ***** >>>> Overall Accuracy: 99.01, EMA: 99.04

[2024-09-14 21:01:27,274][    INFO] ===========> Epoch: 25, LR: 0.0000031, Previous best Changed IoU: 82.03, Overall Accuracy: 99.02 @epoch-18, EMA: Changed IoU: 82.51, Overall Accuracy: 99.04 @epoch-24
[2024-09-14 21:01:28,164][    INFO] Iters: 0, Total loss: 0.011, Loss x: 0.022, Loss s: 0.000, Mask ratio: 0.998
[2024-09-14 21:01:54,887][    INFO] Iters: 89, Total loss: 0.008, Loss x: 0.012, Loss s: 0.003, Mask ratio: 0.972
[2024-09-14 21:02:21,552][    INFO] Iters: 178, Total loss: 0.008, Loss x: 0.014, Loss s: 0.003, Mask ratio: 0.975
[2024-09-14 21:02:48,195][    INFO] Iters: 267, Total loss: 0.008, Loss x: 0.013, Loss s: 0.003, Mask ratio: 0.974
[2024-09-14 21:03:14,968][    INFO] Iters: 356, Total loss: 0.008, Loss x: 0.014, Loss s: 0.003, Mask ratio: 0.974
[2024-09-14 21:03:41,660][    INFO] Iters: 445, Total loss: 0.008, Loss x: 0.014, Loss s: 0.003, Mask ratio: 0.974
[2024-09-14 21:04:08,369][    INFO] Iters: 534, Total loss: 0.008, Loss x: 0.014, Loss s: 0.003, Mask ratio: 0.975
[2024-09-14 21:04:35,048][    INFO] Iters: 623, Total loss: 0.008, Loss x: 0.014, Loss s: 0.003, Mask ratio: 0.975
[2024-09-14 21:06:18,281][    INFO] ***** Evaluation ***** >>>> Unchanged IoU: 98.99, EMA: 99.00
[2024-09-14 21:06:18,281][    INFO] ***** Evaluation ***** >>>> Changed IoU: 82.69: EMA: 82.67
[2024-09-14 21:06:18,281][    INFO] ***** Evaluation ***** >>>> Overall Accuracy: 99.04, EMA: 99.05

[2024-09-14 21:06:19,756][    INFO] ===========> Epoch: 26, LR: 0.0000030, Previous best Changed IoU: 82.69, Overall Accuracy: 99.04 @epoch-25, EMA: Changed IoU: 82.67, Overall Accuracy: 99.05 @epoch-25
[2024-09-14 21:06:20,680][    INFO] Iters: 0, Total loss: 0.005, Loss x: 0.007, Loss s: 0.003, Mask ratio: 0.975
[2024-09-14 21:06:47,402][    INFO] Iters: 89, Total loss: 0.008, Loss x: 0.014, Loss s: 0.003, Mask ratio: 0.975
[2024-09-14 21:07:14,143][    INFO] Iters: 178, Total loss: 0.008, Loss x: 0.014, Loss s: 0.002, Mask ratio: 0.976
[2024-09-14 21:07:40,924][    INFO] Iters: 267, Total loss: 0.008, Loss x: 0.014, Loss s: 0.003, Mask ratio: 0.975
[2024-09-14 21:08:07,683][    INFO] Iters: 356, Total loss: 0.008, Loss x: 0.013, Loss s: 0.003, Mask ratio: 0.975
[2024-09-14 21:08:34,537][    INFO] Iters: 445, Total loss: 0.008, Loss x: 0.013, Loss s: 0.003, Mask ratio: 0.975
[2024-09-14 21:09:01,308][    INFO] Iters: 534, Total loss: 0.008, Loss x: 0.013, Loss s: 0.003, Mask ratio: 0.975
[2024-09-14 21:09:28,077][    INFO] Iters: 623, Total loss: 0.008, Loss x: 0.013, Loss s: 0.003, Mask ratio: 0.975
[2024-09-14 21:11:12,178][    INFO] ***** Evaluation ***** >>>> Unchanged IoU: 98.99, EMA: 99.01
[2024-09-14 21:11:12,178][    INFO] ***** Evaluation ***** >>>> Changed IoU: 82.49: EMA: 82.85
[2024-09-14 21:11:12,178][    INFO] ***** Evaluation ***** >>>> Overall Accuracy: 99.04, EMA: 99.06

[2024-09-14 21:11:13,520][    INFO] ===========> Epoch: 27, LR: 0.0000029, Previous best Changed IoU: 82.69, Overall Accuracy: 99.04 @epoch-25, EMA: Changed IoU: 82.85, Overall Accuracy: 99.06 @epoch-26
[2024-09-14 21:11:14,427][    INFO] Iters: 0, Total loss: 0.008, Loss x: 0.015, Loss s: 0.001, Mask ratio: 0.987
[2024-09-14 21:11:41,116][    INFO] Iters: 89, Total loss: 0.008, Loss x: 0.013, Loss s: 0.003, Mask ratio: 0.978
[2024-09-14 21:12:07,803][    INFO] Iters: 178, Total loss: 0.008, Loss x: 0.014, Loss s: 0.002, Mask ratio: 0.977
[2024-09-14 21:12:34,517][    INFO] Iters: 267, Total loss: 0.008, Loss x: 0.013, Loss s: 0.002, Mask ratio: 0.976
[2024-09-14 21:13:01,263][    INFO] Iters: 356, Total loss: 0.008, Loss x: 0.013, Loss s: 0.002, Mask ratio: 0.976
[2024-09-14 21:13:28,092][    INFO] Iters: 445, Total loss: 0.008, Loss x: 0.013, Loss s: 0.003, Mask ratio: 0.976
[2024-09-14 21:13:54,881][    INFO] Iters: 534, Total loss: 0.008, Loss x: 0.013, Loss s: 0.003, Mask ratio: 0.976
[2024-09-14 21:14:21,634][    INFO] Iters: 623, Total loss: 0.008, Loss x: 0.013, Loss s: 0.003, Mask ratio: 0.975
[2024-09-14 21:16:04,978][    INFO] ***** Evaluation ***** >>>> Unchanged IoU: 99.00, EMA: 99.01
[2024-09-14 21:16:04,978][    INFO] ***** Evaluation ***** >>>> Changed IoU: 82.55: EMA: 82.74
[2024-09-14 21:16:04,978][    INFO] ***** Evaluation ***** >>>> Overall Accuracy: 99.04, EMA: 99.05

[2024-09-14 21:16:05,824][    INFO] ===========> Epoch: 28, LR: 0.0000028, Previous best Changed IoU: 82.69, Overall Accuracy: 99.04 @epoch-25, EMA: Changed IoU: 82.85, Overall Accuracy: 99.06 @epoch-26
[2024-09-14 21:16:06,665][    INFO] Iters: 0, Total loss: 0.006, Loss x: 0.010, Loss s: 0.002, Mask ratio: 0.965
[2024-09-14 21:16:33,468][    INFO] Iters: 89, Total loss: 0.009, Loss x: 0.015, Loss s: 0.003, Mask ratio: 0.976
[2024-09-14 21:17:00,262][    INFO] Iters: 178, Total loss: 0.009, Loss x: 0.014, Loss s: 0.003, Mask ratio: 0.976
[2024-09-14 21:17:27,058][    INFO] Iters: 267, Total loss: 0.008, Loss x: 0.013, Loss s: 0.003, Mask ratio: 0.976
[2024-09-14 21:17:53,763][    INFO] Iters: 356, Total loss: 0.008, Loss x: 0.013, Loss s: 0.003, Mask ratio: 0.976
[2024-09-14 21:18:20,537][    INFO] Iters: 445, Total loss: 0.008, Loss x: 0.013, Loss s: 0.003, Mask ratio: 0.976
[2024-09-14 21:18:47,236][    INFO] Iters: 534, Total loss: 0.008, Loss x: 0.013, Loss s: 0.003, Mask ratio: 0.976
[2024-09-14 21:19:13,972][    INFO] Iters: 623, Total loss: 0.008, Loss x: 0.013, Loss s: 0.003, Mask ratio: 0.975
[2024-09-14 21:20:57,197][    INFO] ***** Evaluation ***** >>>> Unchanged IoU: 98.99, EMA: 99.01
[2024-09-14 21:20:57,197][    INFO] ***** Evaluation ***** >>>> Changed IoU: 82.59: EMA: 82.82
[2024-09-14 21:20:57,197][    INFO] ***** Evaluation ***** >>>> Overall Accuracy: 99.04, EMA: 99.06

[2024-09-14 21:20:57,980][    INFO] ===========> Epoch: 29, LR: 0.0000028, Previous best Changed IoU: 82.69, Overall Accuracy: 99.04 @epoch-25, EMA: Changed IoU: 82.85, Overall Accuracy: 99.06 @epoch-26
[2024-09-14 21:20:58,830][    INFO] Iters: 0, Total loss: 0.009, Loss x: 0.010, Loss s: 0.009, Mask ratio: 0.940
[2024-09-14 21:21:25,586][    INFO] Iters: 89, Total loss: 0.008, Loss x: 0.013, Loss s: 0.003, Mask ratio: 0.977
[2024-09-14 21:21:52,290][    INFO] Iters: 178, Total loss: 0.008, Loss x: 0.013, Loss s: 0.003, Mask ratio: 0.975
[2024-09-14 21:22:19,030][    INFO] Iters: 267, Total loss: 0.008, Loss x: 0.013, Loss s: 0.003, Mask ratio: 0.975
[2024-09-14 21:22:45,846][    INFO] Iters: 356, Total loss: 0.008, Loss x: 0.014, Loss s: 0.003, Mask ratio: 0.975
[2024-09-14 21:23:12,571][    INFO] Iters: 445, Total loss: 0.008, Loss x: 0.013, Loss s: 0.003, Mask ratio: 0.975
[2024-09-14 21:23:39,382][    INFO] Iters: 534, Total loss: 0.008, Loss x: 0.013, Loss s: 0.003, Mask ratio: 0.975
[2024-09-14 21:24:06,077][    INFO] Iters: 623, Total loss: 0.008, Loss x: 0.013, Loss s: 0.003, Mask ratio: 0.976
[2024-09-14 21:25:50,254][    INFO] ***** Evaluation ***** >>>> Unchanged IoU: 98.99, EMA: 99.01
[2024-09-14 21:25:50,255][    INFO] ***** Evaluation ***** >>>> Changed IoU: 82.43: EMA: 82.81
[2024-09-14 21:25:50,255][    INFO] ***** Evaluation ***** >>>> Overall Accuracy: 99.03, EMA: 99.05

[2024-09-14 21:25:51,212][    INFO] ===========> Epoch: 30, LR: 0.0000027, Previous best Changed IoU: 82.69, Overall Accuracy: 99.04 @epoch-25, EMA: Changed IoU: 82.85, Overall Accuracy: 99.06 @epoch-26
[2024-09-14 21:25:52,074][    INFO] Iters: 0, Total loss: 0.006, Loss x: 0.007, Loss s: 0.005, Mask ratio: 0.943
[2024-09-14 21:26:18,785][    INFO] Iters: 89, Total loss: 0.008, Loss x: 0.013, Loss s: 0.003, Mask ratio: 0.973
[2024-09-14 21:26:45,493][    INFO] Iters: 178, Total loss: 0.008, Loss x: 0.013, Loss s: 0.003, Mask ratio: 0.975
[2024-09-14 21:27:12,185][    INFO] Iters: 267, Total loss: 0.008, Loss x: 0.013, Loss s: 0.003, Mask ratio: 0.975
[2024-09-14 21:27:39,107][    INFO] Iters: 356, Total loss: 0.008, Loss x: 0.013, Loss s: 0.003, Mask ratio: 0.975
[2024-09-14 21:28:05,817][    INFO] Iters: 445, Total loss: 0.008, Loss x: 0.013, Loss s: 0.003, Mask ratio: 0.975
[2024-09-14 21:28:32,540][    INFO] Iters: 534, Total loss: 0.008, Loss x: 0.013, Loss s: 0.003, Mask ratio: 0.976
[2024-09-14 21:28:59,253][    INFO] Iters: 623, Total loss: 0.008, Loss x: 0.013, Loss s: 0.003, Mask ratio: 0.976
[2024-09-14 21:30:42,976][    INFO] ***** Evaluation ***** >>>> Unchanged IoU: 99.01, EMA: 99.01
[2024-09-14 21:30:42,977][    INFO] ***** Evaluation ***** >>>> Changed IoU: 82.85: EMA: 82.79
[2024-09-14 21:30:42,977][    INFO] ***** Evaluation ***** >>>> Overall Accuracy: 99.05, EMA: 99.05

[2024-09-14 21:30:43,817][    INFO] ===========> Epoch: 31, LR: 0.0000026, Previous best Changed IoU: 82.85, Overall Accuracy: 99.05 @epoch-30, EMA: Changed IoU: 82.85, Overall Accuracy: 99.06 @epoch-26
[2024-09-14 21:30:44,889][    INFO] Iters: 0, Total loss: 0.010, Loss x: 0.020, Loss s: 0.000, Mask ratio: 0.998
[2024-09-14 21:31:16,027][    INFO] Iters: 89, Total loss: 0.008, Loss x: 0.013, Loss s: 0.003, Mask ratio: 0.977
[2024-09-14 21:31:42,666][    INFO] Iters: 178, Total loss: 0.007, Loss x: 0.012, Loss s: 0.003, Mask ratio: 0.977
[2024-09-14 21:32:09,327][    INFO] Iters: 267, Total loss: 0.007, Loss x: 0.012, Loss s: 0.003, Mask ratio: 0.976
[2024-09-14 21:32:36,027][    INFO] Iters: 356, Total loss: 0.007, Loss x: 0.012, Loss s: 0.003, Mask ratio: 0.976
[2024-09-14 21:33:02,767][    INFO] Iters: 445, Total loss: 0.007, Loss x: 0.012, Loss s: 0.003, Mask ratio: 0.976
[2024-09-14 21:33:29,504][    INFO] Iters: 534, Total loss: 0.007, Loss x: 0.012, Loss s: 0.003, Mask ratio: 0.976
[2024-09-14 21:33:56,260][    INFO] Iters: 623, Total loss: 0.007, Loss x: 0.012, Loss s: 0.003, Mask ratio: 0.977
[2024-09-14 21:35:39,158][    INFO] ***** Evaluation ***** >>>> Unchanged IoU: 98.98, EMA: 99.01
[2024-09-14 21:35:39,158][    INFO] ***** Evaluation ***** >>>> Changed IoU: 82.44: EMA: 82.86
[2024-09-14 21:35:39,158][    INFO] ***** Evaluation ***** >>>> Overall Accuracy: 99.03, EMA: 99.06

[2024-09-14 21:35:40,575][    INFO] ===========> Epoch: 32, LR: 0.0000025, Previous best Changed IoU: 82.85, Overall Accuracy: 99.05 @epoch-30, EMA: Changed IoU: 82.86, Overall Accuracy: 99.06 @epoch-31
[2024-09-14 21:35:41,477][    INFO] Iters: 0, Total loss: 0.006, Loss x: 0.011, Loss s: 0.000, Mask ratio: 0.994
[2024-09-14 21:36:08,024][    INFO] Iters: 89, Total loss: 0.008, Loss x: 0.014, Loss s: 0.002, Mask ratio: 0.977
[2024-09-14 21:36:34,691][    INFO] Iters: 178, Total loss: 0.008, Loss x: 0.013, Loss s: 0.003, Mask ratio: 0.977
[2024-09-14 21:37:01,395][    INFO] Iters: 267, Total loss: 0.008, Loss x: 0.013, Loss s: 0.003, Mask ratio: 0.977
[2024-09-14 21:37:28,100][    INFO] Iters: 356, Total loss: 0.008, Loss x: 0.012, Loss s: 0.003, Mask ratio: 0.977
[2024-09-14 21:37:54,810][    INFO] Iters: 445, Total loss: 0.008, Loss x: 0.012, Loss s: 0.003, Mask ratio: 0.977
[2024-09-14 21:38:21,564][    INFO] Iters: 534, Total loss: 0.008, Loss x: 0.012, Loss s: 0.003, Mask ratio: 0.977
[2024-09-14 21:38:48,351][    INFO] Iters: 623, Total loss: 0.008, Loss x: 0.012, Loss s: 0.003, Mask ratio: 0.977
[2024-09-14 21:40:31,901][    INFO] ***** Evaluation ***** >>>> Unchanged IoU: 98.98, EMA: 99.01
[2024-09-14 21:40:31,901][    INFO] ***** Evaluation ***** >>>> Changed IoU: 82.30: EMA: 82.84
[2024-09-14 21:40:31,901][    INFO] ***** Evaluation ***** >>>> Overall Accuracy: 99.03, EMA: 99.06

[2024-09-14 21:40:32,759][    INFO] ===========> Epoch: 33, LR: 0.0000024, Previous best Changed IoU: 82.85, Overall Accuracy: 99.05 @epoch-30, EMA: Changed IoU: 82.86, Overall Accuracy: 99.06 @epoch-31
[2024-09-14 21:40:33,593][    INFO] Iters: 0, Total loss: 0.010, Loss x: 0.019, Loss s: 0.002, Mask ratio: 0.989
[2024-09-14 21:41:00,263][    INFO] Iters: 89, Total loss: 0.008, Loss x: 0.012, Loss s: 0.003, Mask ratio: 0.977
[2024-09-14 21:41:27,006][    INFO] Iters: 178, Total loss: 0.007, Loss x: 0.012, Loss s: 0.003, Mask ratio: 0.978
[2024-09-14 21:41:53,810][    INFO] Iters: 267, Total loss: 0.007, Loss x: 0.012, Loss s: 0.003, Mask ratio: 0.977
[2024-09-14 21:42:20,592][    INFO] Iters: 356, Total loss: 0.007, Loss x: 0.012, Loss s: 0.003, Mask ratio: 0.977
[2024-09-14 21:42:47,285][    INFO] Iters: 445, Total loss: 0.007, Loss x: 0.012, Loss s: 0.003, Mask ratio: 0.977
[2024-09-14 21:43:13,968][    INFO] Iters: 534, Total loss: 0.008, Loss x: 0.012, Loss s: 0.003, Mask ratio: 0.977
[2024-09-14 21:43:40,619][    INFO] Iters: 623, Total loss: 0.007, Loss x: 0.012, Loss s: 0.003, Mask ratio: 0.977
[2024-09-14 21:45:24,547][    INFO] ***** Evaluation ***** >>>> Unchanged IoU: 99.01, EMA: 99.02
[2024-09-14 21:45:24,547][    INFO] ***** Evaluation ***** >>>> Changed IoU: 82.84: EMA: 82.91
[2024-09-14 21:45:24,547][    INFO] ***** Evaluation ***** >>>> Overall Accuracy: 99.06, EMA: 99.06

[2024-09-14 21:45:26,013][    INFO] ===========> Epoch: 34, LR: 0.0000024, Previous best Changed IoU: 82.85, Overall Accuracy: 99.05 @epoch-30, EMA: Changed IoU: 82.91, Overall Accuracy: 99.06 @epoch-33
[2024-09-14 21:45:26,897][    INFO] Iters: 0, Total loss: 0.008, Loss x: 0.010, Loss s: 0.005, Mask ratio: 0.980
[2024-09-14 21:45:53,573][    INFO] Iters: 89, Total loss: 0.008, Loss x: 0.013, Loss s: 0.003, Mask ratio: 0.973
[2024-09-14 21:46:20,299][    INFO] Iters: 178, Total loss: 0.008, Loss x: 0.013, Loss s: 0.003, Mask ratio: 0.975
[2024-09-14 21:46:46,978][    INFO] Iters: 267, Total loss: 0.007, Loss x: 0.012, Loss s: 0.003, Mask ratio: 0.976
[2024-09-14 21:47:13,684][    INFO] Iters: 356, Total loss: 0.007, Loss x: 0.012, Loss s: 0.003, Mask ratio: 0.977
[2024-09-14 21:47:40,563][    INFO] Iters: 445, Total loss: 0.007, Loss x: 0.012, Loss s: 0.003, Mask ratio: 0.977
[2024-09-14 21:48:07,356][    INFO] Iters: 534, Total loss: 0.007, Loss x: 0.012, Loss s: 0.003, Mask ratio: 0.977
[2024-09-14 21:48:34,221][    INFO] Iters: 623, Total loss: 0.007, Loss x: 0.012, Loss s: 0.003, Mask ratio: 0.977
[2024-09-14 21:50:18,766][    INFO] ***** Evaluation ***** >>>> Unchanged IoU: 99.00, EMA: 99.02
[2024-09-14 21:50:18,766][    INFO] ***** Evaluation ***** >>>> Changed IoU: 82.52: EMA: 82.97
[2024-09-14 21:50:18,766][    INFO] ***** Evaluation ***** >>>> Overall Accuracy: 99.05, EMA: 99.06

[2024-09-14 21:50:20,300][    INFO] ===========> Epoch: 35, LR: 0.0000023, Previous best Changed IoU: 82.85, Overall Accuracy: 99.05 @epoch-30, EMA: Changed IoU: 82.97, Overall Accuracy: 99.06 @epoch-34
[2024-09-14 21:50:21,213][    INFO] Iters: 0, Total loss: 0.013, Loss x: 0.019, Loss s: 0.006, Mask ratio: 0.965
[2024-09-14 21:50:47,987][    INFO] Iters: 89, Total loss: 0.007, Loss x: 0.012, Loss s: 0.002, Mask ratio: 0.978
[2024-09-14 21:51:14,747][    INFO] Iters: 178, Total loss: 0.007, Loss x: 0.012, Loss s: 0.002, Mask ratio: 0.978
[2024-09-14 21:51:41,504][    INFO] Iters: 267, Total loss: 0.007, Loss x: 0.012, Loss s: 0.003, Mask ratio: 0.978
[2024-09-14 21:52:08,253][    INFO] Iters: 356, Total loss: 0.007, Loss x: 0.012, Loss s: 0.002, Mask ratio: 0.978
[2024-09-14 21:52:34,967][    INFO] Iters: 445, Total loss: 0.007, Loss x: 0.012, Loss s: 0.003, Mask ratio: 0.978
[2024-09-14 21:53:01,740][    INFO] Iters: 534, Total loss: 0.007, Loss x: 0.012, Loss s: 0.003, Mask ratio: 0.978
[2024-09-14 21:53:28,513][    INFO] Iters: 623, Total loss: 0.007, Loss x: 0.012, Loss s: 0.003, Mask ratio: 0.978
[2024-09-14 21:55:12,959][    INFO] ***** Evaluation ***** >>>> Unchanged IoU: 99.00, EMA: 99.01
[2024-09-14 21:55:12,959][    INFO] ***** Evaluation ***** >>>> Changed IoU: 82.49: EMA: 82.86
[2024-09-14 21:55:12,959][    INFO] ***** Evaluation ***** >>>> Overall Accuracy: 99.05, EMA: 99.06

[2024-09-14 21:55:13,761][    INFO] ===========> Epoch: 36, LR: 0.0000022, Previous best Changed IoU: 82.85, Overall Accuracy: 99.05 @epoch-30, EMA: Changed IoU: 82.97, Overall Accuracy: 99.06 @epoch-34
[2024-09-14 21:55:14,601][    INFO] Iters: 0, Total loss: 0.001, Loss x: 0.001, Loss s: 0.000, Mask ratio: 0.999
[2024-09-14 21:55:41,332][    INFO] Iters: 89, Total loss: 0.007, Loss x: 0.011, Loss s: 0.002, Mask ratio: 0.979
[2024-09-14 21:56:08,127][    INFO] Iters: 178, Total loss: 0.007, Loss x: 0.012, Loss s: 0.003, Mask ratio: 0.978
[2024-09-14 21:56:34,908][    INFO] Iters: 267, Total loss: 0.007, Loss x: 0.012, Loss s: 0.003, Mask ratio: 0.977
[2024-09-14 21:57:01,698][    INFO] Iters: 356, Total loss: 0.007, Loss x: 0.012, Loss s: 0.003, Mask ratio: 0.977
[2024-09-14 21:57:28,539][    INFO] Iters: 445, Total loss: 0.007, Loss x: 0.012, Loss s: 0.003, Mask ratio: 0.977
[2024-09-14 21:57:55,358][    INFO] Iters: 534, Total loss: 0.007, Loss x: 0.012, Loss s: 0.003, Mask ratio: 0.977
[2024-09-14 21:58:22,132][    INFO] Iters: 623, Total loss: 0.007, Loss x: 0.012, Loss s: 0.003, Mask ratio: 0.977
[2024-09-14 22:00:06,852][    INFO] ***** Evaluation ***** >>>> Unchanged IoU: 99.00, EMA: 99.01
[2024-09-14 22:00:06,852][    INFO] ***** Evaluation ***** >>>> Changed IoU: 82.64: EMA: 82.79
[2024-09-14 22:00:06,852][    INFO] ***** Evaluation ***** >>>> Overall Accuracy: 99.04, EMA: 99.05

[2024-09-14 22:00:09,195][    INFO] ===========> Epoch: 37, LR: 0.0000021, Previous best Changed IoU: 82.85, Overall Accuracy: 99.05 @epoch-30, EMA: Changed IoU: 82.97, Overall Accuracy: 99.06 @epoch-34
[2024-09-14 22:00:10,171][    INFO] Iters: 0, Total loss: 0.009, Loss x: 0.015, Loss s: 0.003, Mask ratio: 0.981
[2024-09-14 22:00:36,886][    INFO] Iters: 89, Total loss: 0.007, Loss x: 0.011, Loss s: 0.002, Mask ratio: 0.979
[2024-09-14 22:01:03,674][    INFO] Iters: 178, Total loss: 0.007, Loss x: 0.012, Loss s: 0.002, Mask ratio: 0.979
[2024-09-14 22:01:30,415][    INFO] Iters: 267, Total loss: 0.007, Loss x: 0.012, Loss s: 0.002, Mask ratio: 0.979
[2024-09-14 22:01:57,221][    INFO] Iters: 356, Total loss: 0.007, Loss x: 0.012, Loss s: 0.002, Mask ratio: 0.979
[2024-09-14 22:02:23,933][    INFO] Iters: 445, Total loss: 0.007, Loss x: 0.012, Loss s: 0.002, Mask ratio: 0.978
[2024-09-14 22:02:50,704][    INFO] Iters: 534, Total loss: 0.007, Loss x: 0.012, Loss s: 0.002, Mask ratio: 0.978
[2024-09-14 22:03:17,401][    INFO] Iters: 623, Total loss: 0.007, Loss x: 0.012, Loss s: 0.002, Mask ratio: 0.978
[2024-09-14 22:05:01,177][    INFO] ***** Evaluation ***** >>>> Unchanged IoU: 99.01, EMA: 99.02
[2024-09-14 22:05:01,177][    INFO] ***** Evaluation ***** >>>> Changed IoU: 82.64: EMA: 82.93
[2024-09-14 22:05:01,177][    INFO] ***** Evaluation ***** >>>> Overall Accuracy: 99.05, EMA: 99.06

[2024-09-14 22:05:01,976][    INFO] ===========> Epoch: 38, LR: 0.0000020, Previous best Changed IoU: 82.85, Overall Accuracy: 99.05 @epoch-30, EMA: Changed IoU: 82.97, Overall Accuracy: 99.06 @epoch-34
[2024-09-14 22:05:02,815][    INFO] Iters: 0, Total loss: 0.010, Loss x: 0.015, Loss s: 0.004, Mask ratio: 0.987
[2024-09-14 22:05:29,551][    INFO] Iters: 89, Total loss: 0.007, Loss x: 0.011, Loss s: 0.003, Mask ratio: 0.979
[2024-09-14 22:05:56,208][    INFO] Iters: 178, Total loss: 0.007, Loss x: 0.011, Loss s: 0.003, Mask ratio: 0.978
[2024-09-14 22:06:22,833][    INFO] Iters: 267, Total loss: 0.007, Loss x: 0.011, Loss s: 0.003, Mask ratio: 0.978
[2024-09-14 22:06:49,556][    INFO] Iters: 356, Total loss: 0.007, Loss x: 0.011, Loss s: 0.003, Mask ratio: 0.978
[2024-09-14 22:07:16,300][    INFO] Iters: 445, Total loss: 0.007, Loss x: 0.012, Loss s: 0.003, Mask ratio: 0.979
[2024-09-14 22:07:43,115][    INFO] Iters: 534, Total loss: 0.007, Loss x: 0.012, Loss s: 0.003, Mask ratio: 0.978
[2024-09-14 22:08:09,821][    INFO] Iters: 623, Total loss: 0.007, Loss x: 0.012, Loss s: 0.003, Mask ratio: 0.978
[2024-09-14 22:09:53,473][    INFO] ***** Evaluation ***** >>>> Unchanged IoU: 99.01, EMA: 99.02
[2024-09-14 22:09:53,473][    INFO] ***** Evaluation ***** >>>> Changed IoU: 82.67: EMA: 82.90
[2024-09-14 22:09:53,473][    INFO] ***** Evaluation ***** >>>> Overall Accuracy: 99.05, EMA: 99.06

[2024-09-14 22:09:54,150][    INFO] ===========> Epoch: 39, LR: 0.0000019, Previous best Changed IoU: 82.85, Overall Accuracy: 99.05 @epoch-30, EMA: Changed IoU: 82.97, Overall Accuracy: 99.06 @epoch-34
[2024-09-14 22:09:54,971][    INFO] Iters: 0, Total loss: 0.006, Loss x: 0.009, Loss s: 0.003, Mask ratio: 0.979
[2024-09-14 22:10:21,746][    INFO] Iters: 89, Total loss: 0.007, Loss x: 0.011, Loss s: 0.002, Mask ratio: 0.980
[2024-09-14 22:10:48,473][    INFO] Iters: 178, Total loss: 0.007, Loss x: 0.011, Loss s: 0.002, Mask ratio: 0.979
[2024-09-14 22:11:15,325][    INFO] Iters: 267, Total loss: 0.007, Loss x: 0.011, Loss s: 0.002, Mask ratio: 0.979
[2024-09-14 22:11:42,175][    INFO] Iters: 356, Total loss: 0.007, Loss x: 0.011, Loss s: 0.002, Mask ratio: 0.979
[2024-09-14 22:12:08,981][    INFO] Iters: 445, Total loss: 0.007, Loss x: 0.011, Loss s: 0.003, Mask ratio: 0.978
[2024-09-14 22:12:35,715][    INFO] Iters: 534, Total loss: 0.007, Loss x: 0.012, Loss s: 0.002, Mask ratio: 0.979
[2024-09-14 22:13:02,466][    INFO] Iters: 623, Total loss: 0.007, Loss x: 0.011, Loss s: 0.002, Mask ratio: 0.978
[2024-09-14 22:14:46,442][    INFO] ***** Evaluation ***** >>>> Unchanged IoU: 99.02, EMA: 99.03
[2024-09-14 22:14:46,442][    INFO] ***** Evaluation ***** >>>> Changed IoU: 83.01: EMA: 83.15
[2024-09-14 22:14:46,442][    INFO] ***** Evaluation ***** >>>> Overall Accuracy: 99.07, EMA: 99.07

[2024-09-14 22:14:47,940][    INFO] ===========> Epoch: 40, LR: 0.0000019, Previous best Changed IoU: 83.01, Overall Accuracy: 99.07 @epoch-39, EMA: Changed IoU: 83.15, Overall Accuracy: 99.07 @epoch-39
[2024-09-14 22:14:48,779][    INFO] Iters: 0, Total loss: 0.002, Loss x: 0.002, Loss s: 0.003, Mask ratio: 0.981
[2024-09-14 22:15:15,435][    INFO] Iters: 89, Total loss: 0.007, Loss x: 0.011, Loss s: 0.003, Mask ratio: 0.976
[2024-09-14 22:15:42,234][    INFO] Iters: 178, Total loss: 0.006, Loss x: 0.010, Loss s: 0.002, Mask ratio: 0.978
[2024-09-14 22:16:09,029][    INFO] Iters: 267, Total loss: 0.007, Loss x: 0.011, Loss s: 0.002, Mask ratio: 0.979
[2024-09-14 22:16:35,836][    INFO] Iters: 356, Total loss: 0.007, Loss x: 0.011, Loss s: 0.002, Mask ratio: 0.980
[2024-09-14 22:17:02,656][    INFO] Iters: 445, Total loss: 0.007, Loss x: 0.011, Loss s: 0.002, Mask ratio: 0.979
[2024-09-14 22:17:29,444][    INFO] Iters: 534, Total loss: 0.007, Loss x: 0.011, Loss s: 0.002, Mask ratio: 0.979
[2024-09-14 22:17:56,214][    INFO] Iters: 623, Total loss: 0.007, Loss x: 0.011, Loss s: 0.003, Mask ratio: 0.979
[2024-09-14 22:19:39,584][    INFO] ***** Evaluation ***** >>>> Unchanged IoU: 98.99, EMA: 99.02
[2024-09-14 22:19:39,584][    INFO] ***** Evaluation ***** >>>> Changed IoU: 82.67: EMA: 83.02
[2024-09-14 22:19:39,584][    INFO] ***** Evaluation ***** >>>> Overall Accuracy: 99.04, EMA: 99.07

[2024-09-14 22:19:40,536][    INFO] ===========> Epoch: 41, LR: 0.0000018, Previous best Changed IoU: 83.01, Overall Accuracy: 99.07 @epoch-39, EMA: Changed IoU: 83.15, Overall Accuracy: 99.07 @epoch-39
[2024-09-14 22:19:41,397][    INFO] Iters: 0, Total loss: 0.004, Loss x: 0.003, Loss s: 0.005, Mask ratio: 0.956
[2024-09-14 22:20:08,141][    INFO] Iters: 89, Total loss: 0.007, Loss x: 0.011, Loss s: 0.003, Mask ratio: 0.979
[2024-09-14 22:20:34,941][    INFO] Iters: 178, Total loss: 0.007, Loss x: 0.011, Loss s: 0.003, Mask ratio: 0.978
[2024-09-14 22:21:01,700][    INFO] Iters: 267, Total loss: 0.007, Loss x: 0.011, Loss s: 0.003, Mask ratio: 0.978
[2024-09-14 22:21:28,377][    INFO] Iters: 356, Total loss: 0.007, Loss x: 0.011, Loss s: 0.003, Mask ratio: 0.979
[2024-09-14 22:21:55,149][    INFO] Iters: 445, Total loss: 0.007, Loss x: 0.011, Loss s: 0.003, Mask ratio: 0.979
[2024-09-14 22:22:21,915][    INFO] Iters: 534, Total loss: 0.007, Loss x: 0.011, Loss s: 0.003, Mask ratio: 0.979
[2024-09-14 22:22:48,789][    INFO] Iters: 623, Total loss: 0.007, Loss x: 0.011, Loss s: 0.003, Mask ratio: 0.979
[2024-09-14 22:24:34,626][    INFO] ***** Evaluation ***** >>>> Unchanged IoU: 99.01, EMA: 99.02
[2024-09-14 22:24:34,626][    INFO] ***** Evaluation ***** >>>> Changed IoU: 82.86: EMA: 82.93
[2024-09-14 22:24:34,626][    INFO] ***** Evaluation ***** >>>> Overall Accuracy: 99.06, EMA: 99.06

[2024-09-14 22:24:35,520][    INFO] ===========> Epoch: 42, LR: 0.0000017, Previous best Changed IoU: 83.01, Overall Accuracy: 99.07 @epoch-39, EMA: Changed IoU: 83.15, Overall Accuracy: 99.07 @epoch-39
[2024-09-14 22:24:36,429][    INFO] Iters: 0, Total loss: 0.003, Loss x: 0.003, Loss s: 0.003, Mask ratio: 0.971
[2024-09-14 22:25:03,276][    INFO] Iters: 89, Total loss: 0.006, Loss x: 0.011, Loss s: 0.002, Mask ratio: 0.980
[2024-09-14 22:25:30,059][    INFO] Iters: 178, Total loss: 0.007, Loss x: 0.011, Loss s: 0.002, Mask ratio: 0.979
[2024-09-14 22:25:56,901][    INFO] Iters: 267, Total loss: 0.007, Loss x: 0.011, Loss s: 0.003, Mask ratio: 0.978
[2024-09-14 22:26:23,759][    INFO] Iters: 356, Total loss: 0.007, Loss x: 0.011, Loss s: 0.003, Mask ratio: 0.978
[2024-09-14 22:26:50,591][    INFO] Iters: 445, Total loss: 0.007, Loss x: 0.011, Loss s: 0.003, Mask ratio: 0.979
[2024-09-14 22:27:17,417][    INFO] Iters: 534, Total loss: 0.007, Loss x: 0.011, Loss s: 0.002, Mask ratio: 0.979
[2024-09-14 22:27:44,256][    INFO] Iters: 623, Total loss: 0.007, Loss x: 0.011, Loss s: 0.002, Mask ratio: 0.979
[2024-09-14 22:29:30,069][    INFO] ***** Evaluation ***** >>>> Unchanged IoU: 99.02, EMA: 99.02
[2024-09-14 22:29:30,070][    INFO] ***** Evaluation ***** >>>> Changed IoU: 82.86: EMA: 82.88
[2024-09-14 22:29:30,070][    INFO] ***** Evaluation ***** >>>> Overall Accuracy: 99.07, EMA: 99.06

[2024-09-14 22:29:30,843][    INFO] ===========> Epoch: 43, LR: 0.0000016, Previous best Changed IoU: 83.01, Overall Accuracy: 99.07 @epoch-39, EMA: Changed IoU: 83.15, Overall Accuracy: 99.07 @epoch-39
[2024-09-14 22:29:31,614][    INFO] Iters: 0, Total loss: 0.009, Loss x: 0.016, Loss s: 0.001, Mask ratio: 0.989
[2024-09-14 22:29:58,441][    INFO] Iters: 89, Total loss: 0.006, Loss x: 0.010, Loss s: 0.002, Mask ratio: 0.981
[2024-09-14 22:30:25,205][    INFO] Iters: 178, Total loss: 0.006, Loss x: 0.011, Loss s: 0.002, Mask ratio: 0.980
[2024-09-14 22:30:51,914][    INFO] Iters: 267, Total loss: 0.006, Loss x: 0.010, Loss s: 0.002, Mask ratio: 0.980
[2024-09-14 22:31:18,727][    INFO] Iters: 356, Total loss: 0.006, Loss x: 0.011, Loss s: 0.002, Mask ratio: 0.980
[2024-09-14 22:31:45,549][    INFO] Iters: 445, Total loss: 0.007, Loss x: 0.011, Loss s: 0.002, Mask ratio: 0.980
[2024-09-14 22:32:12,425][    INFO] Iters: 534, Total loss: 0.007, Loss x: 0.011, Loss s: 0.002, Mask ratio: 0.980
[2024-09-14 22:32:39,303][    INFO] Iters: 623, Total loss: 0.007, Loss x: 0.011, Loss s: 0.002, Mask ratio: 0.980
[2024-09-14 22:34:25,786][    INFO] ***** Evaluation ***** >>>> Unchanged IoU: 99.01, EMA: 99.02
[2024-09-14 22:34:25,786][    INFO] ***** Evaluation ***** >>>> Changed IoU: 82.79: EMA: 83.05
[2024-09-14 22:34:25,786][    INFO] ***** Evaluation ***** >>>> Overall Accuracy: 99.06, EMA: 99.07

[2024-09-14 22:34:26,836][    INFO] ===========> Epoch: 44, LR: 0.0000015, Previous best Changed IoU: 83.01, Overall Accuracy: 99.07 @epoch-39, EMA: Changed IoU: 83.15, Overall Accuracy: 99.07 @epoch-39
[2024-09-14 22:34:27,689][    INFO] Iters: 0, Total loss: 0.006, Loss x: 0.010, Loss s: 0.001, Mask ratio: 0.988
[2024-09-14 22:34:54,495][    INFO] Iters: 89, Total loss: 0.006, Loss x: 0.010, Loss s: 0.003, Mask ratio: 0.979
[2024-09-14 22:35:21,289][    INFO] Iters: 178, Total loss: 0.006, Loss x: 0.010, Loss s: 0.002, Mask ratio: 0.980
[2024-09-14 22:35:48,085][    INFO] Iters: 267, Total loss: 0.007, Loss x: 0.010, Loss s: 0.003, Mask ratio: 0.979
[2024-09-14 22:36:14,913][    INFO] Iters: 356, Total loss: 0.007, Loss x: 0.011, Loss s: 0.003, Mask ratio: 0.979
[2024-09-14 22:36:41,708][    INFO] Iters: 445, Total loss: 0.007, Loss x: 0.011, Loss s: 0.003, Mask ratio: 0.979
[2024-09-14 22:37:08,520][    INFO] Iters: 534, Total loss: 0.007, Loss x: 0.011, Loss s: 0.003, Mask ratio: 0.980
[2024-09-14 22:37:35,414][    INFO] Iters: 623, Total loss: 0.007, Loss x: 0.011, Loss s: 0.003, Mask ratio: 0.980
[2024-09-14 22:39:22,726][    INFO] ***** Evaluation ***** >>>> Unchanged IoU: 99.02, EMA: 99.04
[2024-09-14 22:39:22,726][    INFO] ***** Evaluation ***** >>>> Changed IoU: 82.91: EMA: 83.20
[2024-09-14 22:39:22,726][    INFO] ***** Evaluation ***** >>>> Overall Accuracy: 99.06, EMA: 99.08

[2024-09-14 22:39:24,615][    INFO] ===========> Epoch: 45, LR: 0.0000014, Previous best Changed IoU: 83.01, Overall Accuracy: 99.07 @epoch-39, EMA: Changed IoU: 83.20, Overall Accuracy: 99.08 @epoch-44
[2024-09-14 22:39:25,529][    INFO] Iters: 0, Total loss: 0.002, Loss x: 0.002, Loss s: 0.003, Mask ratio: 0.986
[2024-09-14 22:39:52,427][    INFO] Iters: 89, Total loss: 0.006, Loss x: 0.010, Loss s: 0.002, Mask ratio: 0.978
[2024-09-14 22:40:19,445][    INFO] Iters: 178, Total loss: 0.006, Loss x: 0.010, Loss s: 0.002, Mask ratio: 0.980
[2024-09-14 22:40:46,339][    INFO] Iters: 267, Total loss: 0.007, Loss x: 0.011, Loss s: 0.002, Mask ratio: 0.980
[2024-09-14 22:41:13,433][    INFO] Iters: 356, Total loss: 0.007, Loss x: 0.011, Loss s: 0.002, Mask ratio: 0.980
[2024-09-14 22:41:40,394][    INFO] Iters: 445, Total loss: 0.007, Loss x: 0.011, Loss s: 0.002, Mask ratio: 0.980
[2024-09-14 22:42:07,349][    INFO] Iters: 534, Total loss: 0.007, Loss x: 0.011, Loss s: 0.002, Mask ratio: 0.980
[2024-09-14 22:42:34,252][    INFO] Iters: 623, Total loss: 0.007, Loss x: 0.011, Loss s: 0.002, Mask ratio: 0.980
[2024-09-14 22:44:21,700][    INFO] ***** Evaluation ***** >>>> Unchanged IoU: 99.02, EMA: 99.03
[2024-09-14 22:44:21,700][    INFO] ***** Evaluation ***** >>>> Changed IoU: 83.08: EMA: 83.08
[2024-09-14 22:44:21,700][    INFO] ***** Evaluation ***** >>>> Overall Accuracy: 99.07, EMA: 99.07

[2024-09-14 22:44:22,490][    INFO] ===========> Epoch: 46, LR: 0.0000013, Previous best Changed IoU: 83.08, Overall Accuracy: 99.07 @epoch-45, EMA: Changed IoU: 83.20, Overall Accuracy: 99.08 @epoch-44
[2024-09-14 22:44:23,332][    INFO] Iters: 0, Total loss: 0.008, Loss x: 0.013, Loss s: 0.003, Mask ratio: 0.989
[2024-09-14 22:44:50,258][    INFO] Iters: 89, Total loss: 0.007, Loss x: 0.011, Loss s: 0.003, Mask ratio: 0.980
[2024-09-14 22:45:17,171][    INFO] Iters: 178, Total loss: 0.006, Loss x: 0.010, Loss s: 0.002, Mask ratio: 0.980
[2024-09-14 22:45:44,083][    INFO] Iters: 267, Total loss: 0.007, Loss x: 0.011, Loss s: 0.002, Mask ratio: 0.981
[2024-09-14 22:46:11,081][    INFO] Iters: 356, Total loss: 0.007, Loss x: 0.011, Loss s: 0.002, Mask ratio: 0.981
[2024-09-14 22:46:37,993][    INFO] Iters: 445, Total loss: 0.007, Loss x: 0.011, Loss s: 0.002, Mask ratio: 0.981
[2024-09-14 22:47:04,910][    INFO] Iters: 534, Total loss: 0.007, Loss x: 0.011, Loss s: 0.003, Mask ratio: 0.980
[2024-09-14 22:47:31,828][    INFO] Iters: 623, Total loss: 0.007, Loss x: 0.011, Loss s: 0.003, Mask ratio: 0.980
[2024-09-14 22:49:18,579][    INFO] ***** Evaluation ***** >>>> Unchanged IoU: 99.02, EMA: 99.03
[2024-09-14 22:49:18,579][    INFO] ***** Evaluation ***** >>>> Changed IoU: 82.86: EMA: 83.09
[2024-09-14 22:49:18,579][    INFO] ***** Evaluation ***** >>>> Overall Accuracy: 99.06, EMA: 99.07

[2024-09-14 22:49:19,454][    INFO] ===========> Epoch: 47, LR: 0.0000013, Previous best Changed IoU: 83.08, Overall Accuracy: 99.07 @epoch-45, EMA: Changed IoU: 83.20, Overall Accuracy: 99.08 @epoch-44
[2024-09-14 22:49:20,321][    INFO] Iters: 0, Total loss: 0.002, Loss x: 0.003, Loss s: 0.001, Mask ratio: 0.992
[2024-09-14 22:49:47,156][    INFO] Iters: 89, Total loss: 0.007, Loss x: 0.011, Loss s: 0.002, Mask ratio: 0.981
[2024-09-14 22:50:14,033][    INFO] Iters: 178, Total loss: 0.007, Loss x: 0.011, Loss s: 0.002, Mask ratio: 0.981
[2024-09-14 22:50:40,922][    INFO] Iters: 267, Total loss: 0.007, Loss x: 0.011, Loss s: 0.002, Mask ratio: 0.980
[2024-09-14 22:51:07,752][    INFO] Iters: 356, Total loss: 0.007, Loss x: 0.011, Loss s: 0.002, Mask ratio: 0.980
[2024-09-14 22:51:34,677][    INFO] Iters: 445, Total loss: 0.007, Loss x: 0.011, Loss s: 0.003, Mask ratio: 0.980
[2024-09-14 22:52:01,558][    INFO] Iters: 534, Total loss: 0.007, Loss x: 0.011, Loss s: 0.003, Mask ratio: 0.980
[2024-09-14 22:52:28,478][    INFO] Iters: 623, Total loss: 0.007, Loss x: 0.011, Loss s: 0.003, Mask ratio: 0.980
[2024-09-14 22:54:14,457][    INFO] ***** Evaluation ***** >>>> Unchanged IoU: 99.02, EMA: 99.02
[2024-09-14 22:54:14,457][    INFO] ***** Evaluation ***** >>>> Changed IoU: 82.91: EMA: 83.06
[2024-09-14 22:54:14,457][    INFO] ***** Evaluation ***** >>>> Overall Accuracy: 99.06, EMA: 99.07

[2024-09-14 22:54:15,405][    INFO] ===========> Epoch: 48, LR: 0.0000012, Previous best Changed IoU: 83.08, Overall Accuracy: 99.07 @epoch-45, EMA: Changed IoU: 83.20, Overall Accuracy: 99.08 @epoch-44
[2024-09-14 22:54:16,260][    INFO] Iters: 0, Total loss: 0.010, Loss x: 0.013, Loss s: 0.006, Mask ratio: 0.976
[2024-09-14 22:54:43,054][    INFO] Iters: 89, Total loss: 0.007, Loss x: 0.011, Loss s: 0.003, Mask ratio: 0.982
[2024-09-14 22:55:09,896][    INFO] Iters: 178, Total loss: 0.007, Loss x: 0.011, Loss s: 0.003, Mask ratio: 0.981
[2024-09-14 22:55:36,813][    INFO] Iters: 267, Total loss: 0.006, Loss x: 0.010, Loss s: 0.003, Mask ratio: 0.981
[2024-09-14 22:56:03,707][    INFO] Iters: 356, Total loss: 0.006, Loss x: 0.010, Loss s: 0.003, Mask ratio: 0.981
[2024-09-14 22:56:30,511][    INFO] Iters: 445, Total loss: 0.006, Loss x: 0.010, Loss s: 0.003, Mask ratio: 0.981
[2024-09-14 22:56:57,256][    INFO] Iters: 534, Total loss: 0.006, Loss x: 0.010, Loss s: 0.003, Mask ratio: 0.981
[2024-09-14 22:57:24,136][    INFO] Iters: 623, Total loss: 0.006, Loss x: 0.010, Loss s: 0.003, Mask ratio: 0.981
[2024-09-14 22:59:11,086][    INFO] ***** Evaluation ***** >>>> Unchanged IoU: 99.03, EMA: 99.03
[2024-09-14 22:59:11,086][    INFO] ***** Evaluation ***** >>>> Changed IoU: 83.12: EMA: 83.11
[2024-09-14 22:59:11,086][    INFO] ***** Evaluation ***** >>>> Overall Accuracy: 99.07, EMA: 99.07

[2024-09-14 22:59:11,962][    INFO] ===========> Epoch: 49, LR: 0.0000011, Previous best Changed IoU: 83.12, Overall Accuracy: 99.07 @epoch-48, EMA: Changed IoU: 83.20, Overall Accuracy: 99.08 @epoch-44
[2024-09-14 22:59:12,848][    INFO] Iters: 0, Total loss: 0.004, Loss x: 0.004, Loss s: 0.003, Mask ratio: 0.971
[2024-09-14 22:59:39,792][    INFO] Iters: 89, Total loss: 0.006, Loss x: 0.010, Loss s: 0.002, Mask ratio: 0.982
[2024-09-14 23:00:06,710][    INFO] Iters: 178, Total loss: 0.006, Loss x: 0.010, Loss s: 0.002, Mask ratio: 0.982
[2024-09-14 23:00:33,533][    INFO] Iters: 267, Total loss: 0.006, Loss x: 0.010, Loss s: 0.003, Mask ratio: 0.981
[2024-09-14 23:01:00,388][    INFO] Iters: 356, Total loss: 0.006, Loss x: 0.010, Loss s: 0.003, Mask ratio: 0.981
[2024-09-14 23:01:27,369][    INFO] Iters: 445, Total loss: 0.006, Loss x: 0.010, Loss s: 0.002, Mask ratio: 0.981
[2024-09-14 23:01:54,388][    INFO] Iters: 534, Total loss: 0.006, Loss x: 0.010, Loss s: 0.002, Mask ratio: 0.981
[2024-09-14 23:02:21,374][    INFO] Iters: 623, Total loss: 0.006, Loss x: 0.010, Loss s: 0.002, Mask ratio: 0.981
[2024-09-14 23:04:08,727][    INFO] ***** Evaluation ***** >>>> Unchanged IoU: 99.02, EMA: 99.02
[2024-09-14 23:04:08,727][    INFO] ***** Evaluation ***** >>>> Changed IoU: 83.10: EMA: 83.03
[2024-09-14 23:04:08,727][    INFO] ***** Evaluation ***** >>>> Overall Accuracy: 99.07, EMA: 99.07

[2024-09-14 23:04:09,623][    INFO] ===========> Epoch: 50, LR: 0.0000010, Previous best Changed IoU: 83.12, Overall Accuracy: 99.07 @epoch-48, EMA: Changed IoU: 83.20, Overall Accuracy: 99.08 @epoch-44
[2024-09-14 23:04:10,592][    INFO] Iters: 0, Total loss: 0.009, Loss x: 0.018, Loss s: 0.001, Mask ratio: 0.991
[2024-09-14 23:04:37,454][    INFO] Iters: 89, Total loss: 0.006, Loss x: 0.010, Loss s: 0.002, Mask ratio: 0.979
[2024-09-14 23:05:04,243][    INFO] Iters: 178, Total loss: 0.006, Loss x: 0.010, Loss s: 0.002, Mask ratio: 0.980
[2024-09-14 23:05:31,114][    INFO] Iters: 267, Total loss: 0.006, Loss x: 0.010, Loss s: 0.002, Mask ratio: 0.981
[2024-09-14 23:05:57,923][    INFO] Iters: 356, Total loss: 0.006, Loss x: 0.010, Loss s: 0.002, Mask ratio: 0.981
[2024-09-14 23:06:24,783][    INFO] Iters: 445, Total loss: 0.006, Loss x: 0.010, Loss s: 0.002, Mask ratio: 0.981
[2024-09-14 23:06:51,641][    INFO] Iters: 534, Total loss: 0.006, Loss x: 0.010, Loss s: 0.002, Mask ratio: 0.981
[2024-09-14 23:07:18,485][    INFO] Iters: 623, Total loss: 0.006, Loss x: 0.010, Loss s: 0.002, Mask ratio: 0.981
[2024-09-14 23:09:06,809][    INFO] ***** Evaluation ***** >>>> Unchanged IoU: 99.02, EMA: 99.02
[2024-09-14 23:09:06,810][    INFO] ***** Evaluation ***** >>>> Changed IoU: 82.95: EMA: 82.99
[2024-09-14 23:09:06,810][    INFO] ***** Evaluation ***** >>>> Overall Accuracy: 99.06, EMA: 99.07

[2024-09-14 23:09:07,616][    INFO] ===========> Epoch: 51, LR: 0.0000009, Previous best Changed IoU: 83.12, Overall Accuracy: 99.07 @epoch-48, EMA: Changed IoU: 83.20, Overall Accuracy: 99.08 @epoch-44
[2024-09-14 23:09:08,456][    INFO] Iters: 0, Total loss: 0.001, Loss x: 0.002, Loss s: 0.000, Mask ratio: 1.000
[2024-09-14 23:09:35,340][    INFO] Iters: 89, Total loss: 0.007, Loss x: 0.011, Loss s: 0.003, Mask ratio: 0.980
[2024-09-14 23:10:02,143][    INFO] Iters: 178, Total loss: 0.007, Loss x: 0.011, Loss s: 0.003, Mask ratio: 0.981
[2024-09-14 23:10:29,053][    INFO] Iters: 267, Total loss: 0.007, Loss x: 0.011, Loss s: 0.003, Mask ratio: 0.981
[2024-09-14 23:10:55,928][    INFO] Iters: 356, Total loss: 0.007, Loss x: 0.011, Loss s: 0.003, Mask ratio: 0.981
[2024-09-14 23:11:22,841][    INFO] Iters: 445, Total loss: 0.006, Loss x: 0.010, Loss s: 0.003, Mask ratio: 0.981
[2024-09-14 23:11:49,738][    INFO] Iters: 534, Total loss: 0.006, Loss x: 0.010, Loss s: 0.002, Mask ratio: 0.981
[2024-09-14 23:12:16,641][    INFO] Iters: 623, Total loss: 0.006, Loss x: 0.010, Loss s: 0.002, Mask ratio: 0.981
[2024-09-14 23:14:05,164][    INFO] ***** Evaluation ***** >>>> Unchanged IoU: 99.02, EMA: 99.02
[2024-09-14 23:14:05,164][    INFO] ***** Evaluation ***** >>>> Changed IoU: 82.97: EMA: 83.01
[2024-09-14 23:14:05,164][    INFO] ***** Evaluation ***** >>>> Overall Accuracy: 99.07, EMA: 99.07

[2024-09-14 23:14:05,994][    INFO] ===========> Epoch: 52, LR: 0.0000008, Previous best Changed IoU: 83.12, Overall Accuracy: 99.07 @epoch-48, EMA: Changed IoU: 83.20, Overall Accuracy: 99.08 @epoch-44
[2024-09-14 23:14:06,828][    INFO] Iters: 0, Total loss: 0.003, Loss x: 0.003, Loss s: 0.003, Mask ratio: 0.966
[2024-09-14 23:14:33,735][    INFO] Iters: 89, Total loss: 0.007, Loss x: 0.010, Loss s: 0.003, Mask ratio: 0.979
[2024-09-14 23:15:00,607][    INFO] Iters: 178, Total loss: 0.006, Loss x: 0.010, Loss s: 0.003, Mask ratio: 0.979
[2024-09-14 23:15:27,524][    INFO] Iters: 267, Total loss: 0.006, Loss x: 0.010, Loss s: 0.003, Mask ratio: 0.980
[2024-09-14 23:15:54,604][    INFO] Iters: 356, Total loss: 0.006, Loss x: 0.010, Loss s: 0.003, Mask ratio: 0.981
[2024-09-14 23:16:21,605][    INFO] Iters: 445, Total loss: 0.006, Loss x: 0.010, Loss s: 0.002, Mask ratio: 0.981
[2024-09-14 23:16:48,472][    INFO] Iters: 534, Total loss: 0.006, Loss x: 0.010, Loss s: 0.002, Mask ratio: 0.981
[2024-09-14 23:17:15,383][    INFO] Iters: 623, Total loss: 0.006, Loss x: 0.010, Loss s: 0.002, Mask ratio: 0.981
[2024-09-14 23:19:03,284][    INFO] ***** Evaluation ***** >>>> Unchanged IoU: 99.01, EMA: 99.02
[2024-09-14 23:19:03,285][    INFO] ***** Evaluation ***** >>>> Changed IoU: 82.69: EMA: 83.01
[2024-09-14 23:19:03,285][    INFO] ***** Evaluation ***** >>>> Overall Accuracy: 99.05, EMA: 99.07

[2024-09-14 23:19:04,079][    INFO] ===========> Epoch: 53, LR: 0.0000007, Previous best Changed IoU: 83.12, Overall Accuracy: 99.07 @epoch-48, EMA: Changed IoU: 83.20, Overall Accuracy: 99.08 @epoch-44
[2024-09-14 23:19:05,027][    INFO] Iters: 0, Total loss: 0.011, Loss x: 0.021, Loss s: 0.001, Mask ratio: 0.992
[2024-09-14 23:19:31,893][    INFO] Iters: 89, Total loss: 0.007, Loss x: 0.011, Loss s: 0.003, Mask ratio: 0.980
[2024-09-14 23:19:58,995][    INFO] Iters: 178, Total loss: 0.006, Loss x: 0.010, Loss s: 0.003, Mask ratio: 0.981
[2024-09-14 23:20:26,428][    INFO] Iters: 267, Total loss: 0.006, Loss x: 0.010, Loss s: 0.003, Mask ratio: 0.981
[2024-09-14 23:20:53,479][    INFO] Iters: 356, Total loss: 0.006, Loss x: 0.010, Loss s: 0.002, Mask ratio: 0.981
[2024-09-14 23:21:20,400][    INFO] Iters: 445, Total loss: 0.006, Loss x: 0.010, Loss s: 0.002, Mask ratio: 0.981
[2024-09-14 23:21:47,251][    INFO] Iters: 534, Total loss: 0.006, Loss x: 0.010, Loss s: 0.002, Mask ratio: 0.981
[2024-09-14 23:22:14,092][    INFO] Iters: 623, Total loss: 0.006, Loss x: 0.010, Loss s: 0.002, Mask ratio: 0.981
[2024-09-14 23:24:01,171][    INFO] ***** Evaluation ***** >>>> Unchanged IoU: 99.02, EMA: 99.02
[2024-09-14 23:24:01,172][    INFO] ***** Evaluation ***** >>>> Changed IoU: 83.04: EMA: 83.05
[2024-09-14 23:24:01,172][    INFO] ***** Evaluation ***** >>>> Overall Accuracy: 99.06, EMA: 99.07

[2024-09-14 23:24:02,185][    INFO] ===========> Epoch: 54, LR: 0.0000006, Previous best Changed IoU: 83.12, Overall Accuracy: 99.07 @epoch-48, EMA: Changed IoU: 83.20, Overall Accuracy: 99.08 @epoch-44
[2024-09-14 23:24:03,023][    INFO] Iters: 0, Total loss: 0.004, Loss x: 0.003, Loss s: 0.004, Mask ratio: 0.974
[2024-09-14 23:24:29,922][    INFO] Iters: 89, Total loss: 0.006, Loss x: 0.009, Loss s: 0.002, Mask ratio: 0.980
[2024-09-14 23:24:56,775][    INFO] Iters: 178, Total loss: 0.007, Loss x: 0.011, Loss s: 0.002, Mask ratio: 0.982
[2024-09-14 23:25:23,627][    INFO] Iters: 267, Total loss: 0.006, Loss x: 0.010, Loss s: 0.002, Mask ratio: 0.981
[2024-09-14 23:25:50,470][    INFO] Iters: 356, Total loss: 0.006, Loss x: 0.010, Loss s: 0.002, Mask ratio: 0.981
[2024-09-14 23:26:17,285][    INFO] Iters: 445, Total loss: 0.006, Loss x: 0.010, Loss s: 0.002, Mask ratio: 0.982
[2024-09-14 23:26:44,104][    INFO] Iters: 534, Total loss: 0.006, Loss x: 0.010, Loss s: 0.002, Mask ratio: 0.981
[2024-09-14 23:27:11,045][    INFO] Iters: 623, Total loss: 0.006, Loss x: 0.010, Loss s: 0.002, Mask ratio: 0.981
[2024-09-14 23:28:59,615][    INFO] ***** Evaluation ***** >>>> Unchanged IoU: 99.03, EMA: 99.03
[2024-09-14 23:28:59,615][    INFO] ***** Evaluation ***** >>>> Changed IoU: 83.07: EMA: 83.07
[2024-09-14 23:28:59,615][    INFO] ***** Evaluation ***** >>>> Overall Accuracy: 99.07, EMA: 99.07

[2024-09-14 23:29:01,002][    INFO] ===========> Epoch: 55, LR: 0.0000005, Previous best Changed IoU: 83.12, Overall Accuracy: 99.07 @epoch-48, EMA: Changed IoU: 83.20, Overall Accuracy: 99.08 @epoch-44
[2024-09-14 23:29:01,965][    INFO] Iters: 0, Total loss: 0.010, Loss x: 0.017, Loss s: 0.004, Mask ratio: 0.983
[2024-09-14 23:29:28,850][    INFO] Iters: 89, Total loss: 0.007, Loss x: 0.011, Loss s: 0.002, Mask ratio: 0.982
[2024-09-14 23:29:55,724][    INFO] Iters: 178, Total loss: 0.006, Loss x: 0.010, Loss s: 0.002, Mask ratio: 0.982
[2024-09-14 23:30:22,598][    INFO] Iters: 267, Total loss: 0.006, Loss x: 0.010, Loss s: 0.002, Mask ratio: 0.982
[2024-09-14 23:30:49,358][    INFO] Iters: 356, Total loss: 0.006, Loss x: 0.010, Loss s: 0.002, Mask ratio: 0.982
[2024-09-14 23:31:16,363][    INFO] Iters: 445, Total loss: 0.006, Loss x: 0.010, Loss s: 0.002, Mask ratio: 0.981
[2024-09-14 23:31:43,233][    INFO] Iters: 534, Total loss: 0.006, Loss x: 0.010, Loss s: 0.002, Mask ratio: 0.982
[2024-09-14 23:32:10,125][    INFO] Iters: 623, Total loss: 0.006, Loss x: 0.010, Loss s: 0.002, Mask ratio: 0.982
[2024-09-14 23:33:57,662][    INFO] ***** Evaluation ***** >>>> Unchanged IoU: 99.03, EMA: 99.03
[2024-09-14 23:33:57,662][    INFO] ***** Evaluation ***** >>>> Changed IoU: 83.12: EMA: 83.07
[2024-09-14 23:33:57,662][    INFO] ***** Evaluation ***** >>>> Overall Accuracy: 99.07, EMA: 99.07

[2024-09-14 23:33:58,522][    INFO] ===========> Epoch: 56, LR: 0.0000004, Previous best Changed IoU: 83.12, Overall Accuracy: 99.07 @epoch-48, EMA: Changed IoU: 83.20, Overall Accuracy: 99.08 @epoch-44
[2024-09-14 23:33:59,407][    INFO] Iters: 0, Total loss: 0.005, Loss x: 0.010, Loss s: 0.000, Mask ratio: 0.996
[2024-09-14 23:34:26,359][    INFO] Iters: 89, Total loss: 0.006, Loss x: 0.010, Loss s: 0.002, Mask ratio: 0.983
[2024-09-14 23:34:53,172][    INFO] Iters: 178, Total loss: 0.006, Loss x: 0.010, Loss s: 0.002, Mask ratio: 0.983
[2024-09-14 23:35:19,975][    INFO] Iters: 267, Total loss: 0.006, Loss x: 0.010, Loss s: 0.002, Mask ratio: 0.982
[2024-09-14 23:35:47,002][    INFO] Iters: 356, Total loss: 0.006, Loss x: 0.010, Loss s: 0.002, Mask ratio: 0.982
[2024-09-14 23:36:14,073][    INFO] Iters: 445, Total loss: 0.006, Loss x: 0.010, Loss s: 0.002, Mask ratio: 0.982
[2024-09-14 23:36:41,067][    INFO] Iters: 534, Total loss: 0.006, Loss x: 0.010, Loss s: 0.002, Mask ratio: 0.982
[2024-09-14 23:37:08,026][    INFO] Iters: 623, Total loss: 0.006, Loss x: 0.010, Loss s: 0.002, Mask ratio: 0.982
[2024-09-14 23:38:57,681][    INFO] ***** Evaluation ***** >>>> Unchanged IoU: 99.03, EMA: 99.03
[2024-09-14 23:38:57,681][    INFO] ***** Evaluation ***** >>>> Changed IoU: 83.11: EMA: 83.13
[2024-09-14 23:38:57,681][    INFO] ***** Evaluation ***** >>>> Overall Accuracy: 99.07, EMA: 99.07

[2024-09-14 23:38:59,174][    INFO] ===========> Epoch: 57, LR: 0.0000003, Previous best Changed IoU: 83.12, Overall Accuracy: 99.07 @epoch-48, EMA: Changed IoU: 83.20, Overall Accuracy: 99.08 @epoch-44
[2024-09-14 23:39:00,119][    INFO] Iters: 0, Total loss: 0.007, Loss x: 0.012, Loss s: 0.002, Mask ratio: 0.989
[2024-09-14 23:39:27,095][    INFO] Iters: 89, Total loss: 0.006, Loss x: 0.011, Loss s: 0.002, Mask ratio: 0.981
[2024-09-14 23:39:54,076][    INFO] Iters: 178, Total loss: 0.006, Loss x: 0.010, Loss s: 0.002, Mask ratio: 0.981
[2024-09-14 23:40:21,058][    INFO] Iters: 267, Total loss: 0.006, Loss x: 0.010, Loss s: 0.002, Mask ratio: 0.982
[2024-09-14 23:40:47,993][    INFO] Iters: 356, Total loss: 0.006, Loss x: 0.010, Loss s: 0.002, Mask ratio: 0.982
[2024-09-14 23:41:14,965][    INFO] Iters: 445, Total loss: 0.006, Loss x: 0.010, Loss s: 0.002, Mask ratio: 0.982
[2024-09-14 23:41:41,996][    INFO] Iters: 534, Total loss: 0.006, Loss x: 0.010, Loss s: 0.002, Mask ratio: 0.982
[2024-09-14 23:42:09,003][    INFO] Iters: 623, Total loss: 0.006, Loss x: 0.010, Loss s: 0.002, Mask ratio: 0.982
[2024-09-14 23:43:58,940][    INFO] ***** Evaluation ***** >>>> Unchanged IoU: 99.03, EMA: 99.03
[2024-09-14 23:43:58,941][    INFO] ***** Evaluation ***** >>>> Changed IoU: 83.15: EMA: 83.14
[2024-09-14 23:43:58,941][    INFO] ***** Evaluation ***** >>>> Overall Accuracy: 99.07, EMA: 99.07

[2024-09-14 23:43:59,814][    INFO] ===========> Epoch: 58, LR: 0.0000002, Previous best Changed IoU: 83.15, Overall Accuracy: 99.07 @epoch-57, EMA: Changed IoU: 83.20, Overall Accuracy: 99.08 @epoch-44
[2024-09-14 23:44:00,777][    INFO] Iters: 0, Total loss: 0.009, Loss x: 0.013, Loss s: 0.005, Mask ratio: 0.974
[2024-09-14 23:44:27,831][    INFO] Iters: 89, Total loss: 0.006, Loss x: 0.010, Loss s: 0.002, Mask ratio: 0.986
[2024-09-14 23:44:54,769][    INFO] Iters: 178, Total loss: 0.006, Loss x: 0.010, Loss s: 0.002, Mask ratio: 0.983
[2024-09-14 23:45:21,746][    INFO] Iters: 267, Total loss: 0.006, Loss x: 0.010, Loss s: 0.002, Mask ratio: 0.982
[2024-09-14 23:45:48,695][    INFO] Iters: 356, Total loss: 0.006, Loss x: 0.010, Loss s: 0.002, Mask ratio: 0.982
[2024-09-14 23:46:15,715][    INFO] Iters: 445, Total loss: 0.006, Loss x: 0.010, Loss s: 0.002, Mask ratio: 0.982
[2024-09-14 23:46:42,634][    INFO] Iters: 534, Total loss: 0.006, Loss x: 0.010, Loss s: 0.002, Mask ratio: 0.982
[2024-09-14 23:47:09,527][    INFO] Iters: 623, Total loss: 0.006, Loss x: 0.010, Loss s: 0.002, Mask ratio: 0.982
[2024-09-14 23:49:03,756][    INFO] ***** Evaluation ***** >>>> Unchanged IoU: 99.03, EMA: 99.03
[2024-09-14 23:49:03,757][    INFO] ***** Evaluation ***** >>>> Changed IoU: 83.20: EMA: 83.13
[2024-09-14 23:49:03,757][    INFO] ***** Evaluation ***** >>>> Overall Accuracy: 99.08, EMA: 99.07

[2024-09-14 23:49:04,606][    INFO] ===========> Epoch: 59, LR: 0.0000001, Previous best Changed IoU: 83.20, Overall Accuracy: 99.08 @epoch-58, EMA: Changed IoU: 83.20, Overall Accuracy: 99.08 @epoch-44
[2024-09-14 23:49:05,572][    INFO] Iters: 0, Total loss: 0.005, Loss x: 0.008, Loss s: 0.002, Mask ratio: 0.981
[2024-09-14 23:49:32,627][    INFO] Iters: 89, Total loss: 0.006, Loss x: 0.010, Loss s: 0.002, Mask ratio: 0.982
[2024-09-14 23:49:59,578][    INFO] Iters: 178, Total loss: 0.006, Loss x: 0.010, Loss s: 0.002, Mask ratio: 0.982
[2024-09-14 23:50:26,464][    INFO] Iters: 267, Total loss: 0.006, Loss x: 0.010, Loss s: 0.002, Mask ratio: 0.982
[2024-09-14 23:50:53,318][    INFO] Iters: 356, Total loss: 0.006, Loss x: 0.010, Loss s: 0.002, Mask ratio: 0.982
[2024-09-14 23:51:20,235][    INFO] Iters: 445, Total loss: 0.006, Loss x: 0.010, Loss s: 0.002, Mask ratio: 0.982
[2024-09-14 23:51:47,145][    INFO] Iters: 534, Total loss: 0.006, Loss x: 0.010, Loss s: 0.002, Mask ratio: 0.982
[2024-09-14 23:52:13,980][    INFO] Iters: 623, Total loss: 0.006, Loss x: 0.010, Loss s: 0.002, Mask ratio: 0.982
[2024-09-14 23:54:00,942][    INFO] ***** Evaluation ***** >>>> Unchanged IoU: 99.03, EMA: 99.03
[2024-09-14 23:54:00,942][    INFO] ***** Evaluation ***** >>>> Changed IoU: 83.13: EMA: 83.14
[2024-09-14 23:54:00,942][    INFO] ***** Evaluation ***** >>>> Overall Accuracy: 99.07, EMA: 99.07

