[2024-09-14 18:56:43,641][    INFO] {'backbone': 'dinov2_small',
 'batch_size': 8,
 'conf_thresh': 0.95,
 'config': 'configs/levir.yaml',
 'crop_size': 252,
 'data_root': '/home/bingxing2/lihe/data/LEVIR-CD',
 'dataset': 'levir',
 'epochs': 60,
 'labeled_id_path': 'splits/levir/5%/labeled.txt',
 'local_rank': 0,
 'lock_backbone': False,
 'lr': 5e-06,
 'lr_multi': 40.0,
 'model': 'dpt',
 'nclass': 2,
 'ngpus': 1,
 'port': 25877,
 'save_path': 'exp/levir/unimatch_v2/dinov2_small/5%',
 'unlabeled_id_path': 'splits/levir/5%/unlabeled.txt'}

[2024-09-14 18:56:45,045][    INFO] Total params: 24.8M

[2024-09-14 18:56:45,700][    INFO] ===========> Epoch: 0, LR: 0.0000050, Previous best Changed IoU: 0.00, Overall Accuracy: 0.00 @epoch-0, EMA: Changed IoU: 0.00, Overall Accuracy: 0.00 @epoch-0
[2024-09-14 18:56:49,129][    INFO] Iters: 0, Total loss: 0.338, Loss x: 0.675, Loss s: 0.000, Mask ratio: 0.000
[2024-09-14 18:57:20,761][    INFO] Iters: 105, Total loss: 0.091, Loss x: 0.174, Loss s: 0.009, Mask ratio: 0.688
[2024-09-14 18:57:52,079][    INFO] Iters: 210, Total loss: 0.064, Loss x: 0.120, Loss s: 0.009, Mask ratio: 0.794
[2024-09-14 18:58:23,498][    INFO] Iters: 315, Total loss: 0.052, Loss x: 0.096, Loss s: 0.008, Mask ratio: 0.838
[2024-09-14 18:58:54,892][    INFO] Iters: 420, Total loss: 0.045, Loss x: 0.082, Loss s: 0.008, Mask ratio: 0.862
[2024-09-14 18:59:26,716][    INFO] Iters: 525, Total loss: 0.040, Loss x: 0.073, Loss s: 0.008, Mask ratio: 0.876
[2024-09-14 19:00:04,371][    INFO] Iters: 630, Total loss: 0.037, Loss x: 0.067, Loss s: 0.007, Mask ratio: 0.887
[2024-09-14 19:00:39,525][    INFO] Iters: 735, Total loss: 0.035, Loss x: 0.062, Loss s: 0.007, Mask ratio: 0.896
[2024-09-14 19:01:11,102][    INFO] Iters: 840, Total loss: 0.032, Loss x: 0.058, Loss s: 0.007, Mask ratio: 0.903
[2024-09-14 19:02:34,038][    INFO] ***** Evaluation ***** >>>> Unchanged IoU: 98.15, EMA: 98.00
[2024-09-14 19:02:34,038][    INFO] ***** Evaluation ***** >>>> Changed IoU: 68.49: EMA: 68.01
[2024-09-14 19:02:34,039][    INFO] ***** Evaluation ***** >>>> Overall Accuracy: 98.22, EMA: 98.08

[2024-09-14 19:02:35,542][    INFO] ===========> Epoch: 1, LR: 0.0000049, Previous best Changed IoU: 68.49, Overall Accuracy: 98.22 @epoch-0, EMA: Changed IoU: 68.01, Overall Accuracy: 98.08 @epoch-0
[2024-09-14 19:02:36,457][    INFO] Iters: 0, Total loss: 0.025, Loss x: 0.050, Loss s: 0.001, Mask ratio: 0.984
[2024-09-14 19:03:08,153][    INFO] Iters: 105, Total loss: 0.016, Loss x: 0.028, Loss s: 0.005, Mask ratio: 0.954
[2024-09-14 19:03:39,831][    INFO] Iters: 210, Total loss: 0.016, Loss x: 0.027, Loss s: 0.005, Mask ratio: 0.952
[2024-09-14 19:04:11,392][    INFO] Iters: 315, Total loss: 0.017, Loss x: 0.028, Loss s: 0.006, Mask ratio: 0.953
[2024-09-14 19:04:43,097][    INFO] Iters: 420, Total loss: 0.016, Loss x: 0.027, Loss s: 0.006, Mask ratio: 0.954
[2024-09-14 19:05:14,650][    INFO] Iters: 525, Total loss: 0.017, Loss x: 0.027, Loss s: 0.006, Mask ratio: 0.953
[2024-09-14 19:05:46,226][    INFO] Iters: 630, Total loss: 0.017, Loss x: 0.028, Loss s: 0.006, Mask ratio: 0.954
[2024-09-14 19:06:17,872][    INFO] Iters: 735, Total loss: 0.016, Loss x: 0.027, Loss s: 0.006, Mask ratio: 0.955
[2024-09-14 19:06:49,516][    INFO] Iters: 840, Total loss: 0.016, Loss x: 0.026, Loss s: 0.006, Mask ratio: 0.955
[2024-09-14 19:08:10,217][    INFO] ***** Evaluation ***** >>>> Unchanged IoU: 98.35, EMA: 98.40
[2024-09-14 19:08:10,217][    INFO] ***** Evaluation ***** >>>> Changed IoU: 71.31: EMA: 73.40
[2024-09-14 19:08:10,217][    INFO] ***** Evaluation ***** >>>> Overall Accuracy: 98.42, EMA: 98.47

[2024-09-14 19:08:11,637][    INFO] ===========> Epoch: 2, LR: 0.0000048, Previous best Changed IoU: 71.31, Overall Accuracy: 98.42 @epoch-1, EMA: Changed IoU: 73.40, Overall Accuracy: 98.47 @epoch-1
[2024-09-14 19:08:12,544][    INFO] Iters: 0, Total loss: 0.009, Loss x: 0.014, Loss s: 0.004, Mask ratio: 0.973
[2024-09-14 19:08:44,108][    INFO] Iters: 105, Total loss: 0.014, Loss x: 0.024, Loss s: 0.005, Mask ratio: 0.960
[2024-09-14 19:09:15,656][    INFO] Iters: 210, Total loss: 0.014, Loss x: 0.023, Loss s: 0.005, Mask ratio: 0.962
[2024-09-14 19:09:47,266][    INFO] Iters: 315, Total loss: 0.013, Loss x: 0.022, Loss s: 0.005, Mask ratio: 0.961
[2024-09-14 19:10:18,882][    INFO] Iters: 420, Total loss: 0.013, Loss x: 0.022, Loss s: 0.005, Mask ratio: 0.961
[2024-09-14 19:10:50,363][    INFO] Iters: 525, Total loss: 0.013, Loss x: 0.021, Loss s: 0.005, Mask ratio: 0.961
[2024-09-14 19:11:21,882][    INFO] Iters: 630, Total loss: 0.013, Loss x: 0.021, Loss s: 0.005, Mask ratio: 0.962
[2024-09-14 19:11:53,438][    INFO] Iters: 735, Total loss: 0.013, Loss x: 0.021, Loss s: 0.005, Mask ratio: 0.961
[2024-09-14 19:12:24,937][    INFO] Iters: 840, Total loss: 0.013, Loss x: 0.021, Loss s: 0.005, Mask ratio: 0.962
[2024-09-14 19:13:47,369][    INFO] ***** Evaluation ***** >>>> Unchanged IoU: 98.52, EMA: 98.57
[2024-09-14 19:13:47,369][    INFO] ***** Evaluation ***** >>>> Changed IoU: 74.06: EMA: 75.98
[2024-09-14 19:13:47,369][    INFO] ***** Evaluation ***** >>>> Overall Accuracy: 98.58, EMA: 98.63

[2024-09-14 19:13:48,706][    INFO] ===========> Epoch: 3, LR: 0.0000048, Previous best Changed IoU: 74.06, Overall Accuracy: 98.58 @epoch-2, EMA: Changed IoU: 75.98, Overall Accuracy: 98.63 @epoch-2
[2024-09-14 19:13:49,614][    INFO] Iters: 0, Total loss: 0.024, Loss x: 0.044, Loss s: 0.004, Mask ratio: 0.961
[2024-09-14 19:14:21,130][    INFO] Iters: 105, Total loss: 0.012, Loss x: 0.020, Loss s: 0.004, Mask ratio: 0.965
[2024-09-14 19:14:52,666][    INFO] Iters: 210, Total loss: 0.012, Loss x: 0.020, Loss s: 0.005, Mask ratio: 0.965
[2024-09-14 19:15:24,201][    INFO] Iters: 315, Total loss: 0.012, Loss x: 0.019, Loss s: 0.005, Mask ratio: 0.966
[2024-09-14 19:15:55,656][    INFO] Iters: 420, Total loss: 0.012, Loss x: 0.019, Loss s: 0.005, Mask ratio: 0.965
[2024-09-14 19:16:27,138][    INFO] Iters: 525, Total loss: 0.012, Loss x: 0.019, Loss s: 0.005, Mask ratio: 0.964
[2024-09-14 19:16:58,560][    INFO] Iters: 630, Total loss: 0.012, Loss x: 0.019, Loss s: 0.005, Mask ratio: 0.965
[2024-09-14 19:17:30,107][    INFO] Iters: 735, Total loss: 0.012, Loss x: 0.019, Loss s: 0.005, Mask ratio: 0.965
[2024-09-14 19:18:01,625][    INFO] Iters: 840, Total loss: 0.012, Loss x: 0.019, Loss s: 0.005, Mask ratio: 0.965
[2024-09-14 19:19:22,144][    INFO] ***** Evaluation ***** >>>> Unchanged IoU: 98.50, EMA: 98.67
[2024-09-14 19:19:22,144][    INFO] ***** Evaluation ***** >>>> Changed IoU: 75.21: EMA: 77.36
[2024-09-14 19:19:22,144][    INFO] ***** Evaluation ***** >>>> Overall Accuracy: 98.56, EMA: 98.73

[2024-09-14 19:19:23,494][    INFO] ===========> Epoch: 4, LR: 0.0000047, Previous best Changed IoU: 75.21, Overall Accuracy: 98.56 @epoch-3, EMA: Changed IoU: 77.36, Overall Accuracy: 98.73 @epoch-3
[2024-09-14 19:19:24,376][    INFO] Iters: 0, Total loss: 0.015, Loss x: 0.030, Loss s: 0.001, Mask ratio: 0.999
[2024-09-14 19:19:55,921][    INFO] Iters: 105, Total loss: 0.011, Loss x: 0.017, Loss s: 0.005, Mask ratio: 0.970
[2024-09-14 19:20:27,537][    INFO] Iters: 210, Total loss: 0.011, Loss x: 0.017, Loss s: 0.005, Mask ratio: 0.969
[2024-09-14 19:20:59,119][    INFO] Iters: 315, Total loss: 0.011, Loss x: 0.017, Loss s: 0.005, Mask ratio: 0.968
[2024-09-14 19:21:30,620][    INFO] Iters: 420, Total loss: 0.011, Loss x: 0.017, Loss s: 0.005, Mask ratio: 0.968
[2024-09-14 19:22:02,313][    INFO] Iters: 525, Total loss: 0.011, Loss x: 0.017, Loss s: 0.005, Mask ratio: 0.968
[2024-09-14 19:22:33,905][    INFO] Iters: 630, Total loss: 0.011, Loss x: 0.017, Loss s: 0.005, Mask ratio: 0.968
[2024-09-14 19:23:05,489][    INFO] Iters: 735, Total loss: 0.011, Loss x: 0.017, Loss s: 0.005, Mask ratio: 0.968
[2024-09-14 19:23:37,066][    INFO] Iters: 840, Total loss: 0.011, Loss x: 0.017, Loss s: 0.005, Mask ratio: 0.968
[2024-09-14 19:24:59,858][    INFO] ***** Evaluation ***** >>>> Unchanged IoU: 98.68, EMA: 98.71
[2024-09-14 19:24:59,858][    INFO] ***** Evaluation ***** >>>> Changed IoU: 76.88: EMA: 77.94
[2024-09-14 19:24:59,858][    INFO] ***** Evaluation ***** >>>> Overall Accuracy: 98.74, EMA: 98.77

[2024-09-14 19:25:01,307][    INFO] ===========> Epoch: 5, LR: 0.0000046, Previous best Changed IoU: 76.88, Overall Accuracy: 98.74 @epoch-4, EMA: Changed IoU: 77.94, Overall Accuracy: 98.77 @epoch-4
[2024-09-14 19:25:02,232][    INFO] Iters: 0, Total loss: 0.006, Loss x: 0.012, Loss s: 0.001, Mask ratio: 0.991
[2024-09-14 19:25:33,687][    INFO] Iters: 105, Total loss: 0.010, Loss x: 0.017, Loss s: 0.004, Mask ratio: 0.968
[2024-09-14 19:26:05,203][    INFO] Iters: 210, Total loss: 0.010, Loss x: 0.015, Loss s: 0.004, Mask ratio: 0.971
[2024-09-14 19:26:36,675][    INFO] Iters: 315, Total loss: 0.010, Loss x: 0.015, Loss s: 0.004, Mask ratio: 0.971
[2024-09-14 19:27:08,110][    INFO] Iters: 420, Total loss: 0.010, Loss x: 0.015, Loss s: 0.004, Mask ratio: 0.971
[2024-09-14 19:27:39,571][    INFO] Iters: 525, Total loss: 0.010, Loss x: 0.015, Loss s: 0.004, Mask ratio: 0.971
[2024-09-14 19:28:11,110][    INFO] Iters: 630, Total loss: 0.010, Loss x: 0.015, Loss s: 0.005, Mask ratio: 0.971
[2024-09-14 19:28:47,235][    INFO] Iters: 735, Total loss: 0.010, Loss x: 0.016, Loss s: 0.005, Mask ratio: 0.971
[2024-09-14 19:29:18,796][    INFO] Iters: 840, Total loss: 0.010, Loss x: 0.016, Loss s: 0.004, Mask ratio: 0.971
[2024-09-14 19:30:40,543][    INFO] ***** Evaluation ***** >>>> Unchanged IoU: 98.69, EMA: 98.76
[2024-09-14 19:30:40,543][    INFO] ***** Evaluation ***** >>>> Changed IoU: 77.29: EMA: 78.73
[2024-09-14 19:30:40,543][    INFO] ***** Evaluation ***** >>>> Overall Accuracy: 98.75, EMA: 98.81

[2024-09-14 19:30:41,947][    INFO] ===========> Epoch: 6, LR: 0.0000045, Previous best Changed IoU: 77.29, Overall Accuracy: 98.75 @epoch-5, EMA: Changed IoU: 78.73, Overall Accuracy: 98.81 @epoch-5
[2024-09-14 19:30:42,853][    INFO] Iters: 0, Total loss: 0.012, Loss x: 0.023, Loss s: 0.001, Mask ratio: 0.985
[2024-09-14 19:31:14,357][    INFO] Iters: 105, Total loss: 0.019, Loss x: 0.030, Loss s: 0.009, Mask ratio: 0.954
[2024-09-14 19:31:45,764][    INFO] Iters: 210, Total loss: 0.015, Loss x: 0.023, Loss s: 0.008, Mask ratio: 0.960
[2024-09-14 19:32:17,200][    INFO] Iters: 315, Total loss: 0.014, Loss x: 0.021, Loss s: 0.007, Mask ratio: 0.964
[2024-09-14 19:32:48,764][    INFO] Iters: 420, Total loss: 0.013, Loss x: 0.019, Loss s: 0.006, Mask ratio: 0.966
[2024-09-14 19:33:20,285][    INFO] Iters: 525, Total loss: 0.012, Loss x: 0.018, Loss s: 0.006, Mask ratio: 0.967
[2024-09-14 19:33:51,774][    INFO] Iters: 630, Total loss: 0.012, Loss x: 0.017, Loss s: 0.006, Mask ratio: 0.968
[2024-09-14 19:34:24,942][    INFO] Iters: 735, Total loss: 0.011, Loss x: 0.017, Loss s: 0.005, Mask ratio: 0.968
[2024-09-14 19:34:56,462][    INFO] Iters: 840, Total loss: 0.011, Loss x: 0.017, Loss s: 0.005, Mask ratio: 0.969
[2024-09-14 19:36:17,288][    INFO] ***** Evaluation ***** >>>> Unchanged IoU: 98.77, EMA: 98.77
[2024-09-14 19:36:17,288][    INFO] ***** Evaluation ***** >>>> Changed IoU: 78.79: EMA: 78.95
[2024-09-14 19:36:17,288][    INFO] ***** Evaluation ***** >>>> Overall Accuracy: 98.82, EMA: 98.82

[2024-09-14 19:36:18,702][    INFO] ===========> Epoch: 7, LR: 0.0000045, Previous best Changed IoU: 78.79, Overall Accuracy: 98.82 @epoch-6, EMA: Changed IoU: 78.95, Overall Accuracy: 98.82 @epoch-6
[2024-09-14 19:36:19,647][    INFO] Iters: 0, Total loss: 0.006, Loss x: 0.005, Loss s: 0.006, Mask ratio: 0.973
[2024-09-14 19:36:51,303][    INFO] Iters: 105, Total loss: 0.010, Loss x: 0.014, Loss s: 0.005, Mask ratio: 0.970
[2024-09-14 19:37:23,098][    INFO] Iters: 210, Total loss: 0.010, Loss x: 0.015, Loss s: 0.005, Mask ratio: 0.971
[2024-09-14 19:37:54,691][    INFO] Iters: 315, Total loss: 0.010, Loss x: 0.015, Loss s: 0.005, Mask ratio: 0.972
[2024-09-14 19:38:26,310][    INFO] Iters: 420, Total loss: 0.010, Loss x: 0.015, Loss s: 0.005, Mask ratio: 0.972
[2024-09-14 19:38:57,874][    INFO] Iters: 525, Total loss: 0.009, Loss x: 0.014, Loss s: 0.004, Mask ratio: 0.973
[2024-09-14 19:39:31,604][    INFO] Iters: 630, Total loss: 0.009, Loss x: 0.014, Loss s: 0.004, Mask ratio: 0.973
[2024-09-14 19:40:03,247][    INFO] Iters: 735, Total loss: 0.009, Loss x: 0.014, Loss s: 0.004, Mask ratio: 0.973
[2024-09-14 19:40:34,734][    INFO] Iters: 840, Total loss: 0.009, Loss x: 0.014, Loss s: 0.004, Mask ratio: 0.973
[2024-09-14 19:41:57,435][    INFO] ***** Evaluation ***** >>>> Unchanged IoU: 98.75, EMA: 98.79
[2024-09-14 19:41:57,435][    INFO] ***** Evaluation ***** >>>> Changed IoU: 78.78: EMA: 79.29
[2024-09-14 19:41:57,435][    INFO] ***** Evaluation ***** >>>> Overall Accuracy: 98.81, EMA: 98.85

[2024-09-14 19:41:58,873][    INFO] ===========> Epoch: 8, LR: 0.0000044, Previous best Changed IoU: 78.79, Overall Accuracy: 98.82 @epoch-6, EMA: Changed IoU: 79.29, Overall Accuracy: 98.85 @epoch-7
[2024-09-14 19:41:59,755][    INFO] Iters: 0, Total loss: 0.025, Loss x: 0.046, Loss s: 0.004, Mask ratio: 0.993
[2024-09-14 19:42:31,335][    INFO] Iters: 105, Total loss: 0.009, Loss x: 0.014, Loss s: 0.004, Mask ratio: 0.976
[2024-09-14 19:43:02,826][    INFO] Iters: 210, Total loss: 0.009, Loss x: 0.013, Loss s: 0.004, Mask ratio: 0.975
[2024-09-14 19:43:34,286][    INFO] Iters: 315, Total loss: 0.009, Loss x: 0.013, Loss s: 0.004, Mask ratio: 0.974
[2024-09-14 19:44:05,756][    INFO] Iters: 420, Total loss: 0.009, Loss x: 0.013, Loss s: 0.004, Mask ratio: 0.974
[2024-09-14 19:44:37,267][    INFO] Iters: 525, Total loss: 0.009, Loss x: 0.013, Loss s: 0.004, Mask ratio: 0.975
[2024-09-14 19:45:08,750][    INFO] Iters: 630, Total loss: 0.009, Loss x: 0.013, Loss s: 0.004, Mask ratio: 0.975
[2024-09-14 19:45:40,211][    INFO] Iters: 735, Total loss: 0.009, Loss x: 0.013, Loss s: 0.004, Mask ratio: 0.975
[2024-09-14 19:46:11,747][    INFO] Iters: 840, Total loss: 0.009, Loss x: 0.013, Loss s: 0.004, Mask ratio: 0.974
[2024-09-14 19:47:36,295][    INFO] ***** Evaluation ***** >>>> Unchanged IoU: 98.75, EMA: 98.82
[2024-09-14 19:47:36,295][    INFO] ***** Evaluation ***** >>>> Changed IoU: 78.46: EMA: 79.71
[2024-09-14 19:47:36,295][    INFO] ***** Evaluation ***** >>>> Overall Accuracy: 98.80, EMA: 98.87

[2024-09-14 19:47:37,801][    INFO] ===========> Epoch: 9, LR: 0.0000043, Previous best Changed IoU: 78.79, Overall Accuracy: 98.82 @epoch-6, EMA: Changed IoU: 79.71, Overall Accuracy: 98.87 @epoch-8
[2024-09-14 19:47:38,754][    INFO] Iters: 0, Total loss: 0.007, Loss x: 0.012, Loss s: 0.002, Mask ratio: 0.980
[2024-09-14 19:48:10,251][    INFO] Iters: 105, Total loss: 0.010, Loss x: 0.014, Loss s: 0.006, Mask ratio: 0.972
[2024-09-14 19:48:41,674][    INFO] Iters: 210, Total loss: 0.011, Loss x: 0.015, Loss s: 0.006, Mask ratio: 0.971
[2024-09-14 19:49:13,077][    INFO] Iters: 315, Total loss: 0.012, Loss x: 0.016, Loss s: 0.007, Mask ratio: 0.972
[2024-09-14 19:49:44,508][    INFO] Iters: 420, Total loss: 0.011, Loss x: 0.016, Loss s: 0.007, Mask ratio: 0.972
[2024-09-14 19:50:16,357][    INFO] Iters: 525, Total loss: 0.011, Loss x: 0.016, Loss s: 0.006, Mask ratio: 0.972
[2024-09-14 19:50:47,867][    INFO] Iters: 630, Total loss: 0.011, Loss x: 0.015, Loss s: 0.006, Mask ratio: 0.973
[2024-09-14 19:51:19,302][    INFO] Iters: 735, Total loss: 0.010, Loss x: 0.015, Loss s: 0.006, Mask ratio: 0.973
[2024-09-14 19:51:50,681][    INFO] Iters: 840, Total loss: 0.010, Loss x: 0.015, Loss s: 0.006, Mask ratio: 0.973
[2024-09-14 19:53:13,073][    INFO] ***** Evaluation ***** >>>> Unchanged IoU: 98.82, EMA: 98.82
[2024-09-14 19:53:13,073][    INFO] ***** Evaluation ***** >>>> Changed IoU: 79.77: EMA: 79.82
[2024-09-14 19:53:13,073][    INFO] ***** Evaluation ***** >>>> Overall Accuracy: 98.87, EMA: 98.87

[2024-09-14 19:53:14,477][    INFO] ===========> Epoch: 10, LR: 0.0000042, Previous best Changed IoU: 79.77, Overall Accuracy: 98.87 @epoch-9, EMA: Changed IoU: 79.82, Overall Accuracy: 98.87 @epoch-9
[2024-09-14 19:53:15,380][    INFO] Iters: 0, Total loss: 0.012, Loss x: 0.019, Loss s: 0.004, Mask ratio: 0.973
[2024-09-14 19:53:46,895][    INFO] Iters: 105, Total loss: 0.008, Loss x: 0.013, Loss s: 0.004, Mask ratio: 0.976
[2024-09-14 19:54:18,544][    INFO] Iters: 210, Total loss: 0.008, Loss x: 0.012, Loss s: 0.004, Mask ratio: 0.976
[2024-09-14 19:54:50,064][    INFO] Iters: 315, Total loss: 0.008, Loss x: 0.013, Loss s: 0.004, Mask ratio: 0.975
[2024-09-14 19:55:21,642][    INFO] Iters: 420, Total loss: 0.008, Loss x: 0.012, Loss s: 0.004, Mask ratio: 0.976
[2024-09-14 19:55:53,226][    INFO] Iters: 525, Total loss: 0.008, Loss x: 0.012, Loss s: 0.004, Mask ratio: 0.976
[2024-09-14 19:56:24,709][    INFO] Iters: 630, Total loss: 0.008, Loss x: 0.012, Loss s: 0.004, Mask ratio: 0.976
[2024-09-14 19:56:56,285][    INFO] Iters: 735, Total loss: 0.008, Loss x: 0.012, Loss s: 0.004, Mask ratio: 0.977
[2024-09-14 19:57:27,867][    INFO] Iters: 840, Total loss: 0.008, Loss x: 0.012, Loss s: 0.004, Mask ratio: 0.977
[2024-09-14 19:58:51,264][    INFO] ***** Evaluation ***** >>>> Unchanged IoU: 98.83, EMA: 98.84
[2024-09-14 19:58:51,264][    INFO] ***** Evaluation ***** >>>> Changed IoU: 80.12: EMA: 80.12
[2024-09-14 19:58:51,264][    INFO] ***** Evaluation ***** >>>> Overall Accuracy: 98.88, EMA: 98.89

[2024-09-14 19:58:52,791][    INFO] ===========> Epoch: 11, LR: 0.0000042, Previous best Changed IoU: 80.12, Overall Accuracy: 98.88 @epoch-10, EMA: Changed IoU: 80.12, Overall Accuracy: 98.89 @epoch-10
[2024-09-14 19:58:53,724][    INFO] Iters: 0, Total loss: 0.006, Loss x: 0.007, Loss s: 0.005, Mask ratio: 0.967
[2024-09-14 19:59:25,231][    INFO] Iters: 105, Total loss: 0.007, Loss x: 0.010, Loss s: 0.004, Mask ratio: 0.976
[2024-09-14 19:59:56,815][    INFO] Iters: 210, Total loss: 0.007, Loss x: 0.011, Loss s: 0.004, Mask ratio: 0.977
[2024-09-14 20:00:28,344][    INFO] Iters: 315, Total loss: 0.008, Loss x: 0.011, Loss s: 0.004, Mask ratio: 0.977
[2024-09-14 20:00:59,936][    INFO] Iters: 420, Total loss: 0.008, Loss x: 0.011, Loss s: 0.004, Mask ratio: 0.977
[2024-09-14 20:01:31,543][    INFO] Iters: 525, Total loss: 0.008, Loss x: 0.011, Loss s: 0.004, Mask ratio: 0.977
[2024-09-14 20:02:03,158][    INFO] Iters: 630, Total loss: 0.008, Loss x: 0.011, Loss s: 0.004, Mask ratio: 0.977
[2024-09-14 20:02:34,742][    INFO] Iters: 735, Total loss: 0.008, Loss x: 0.012, Loss s: 0.004, Mask ratio: 0.978
[2024-09-14 20:03:06,368][    INFO] Iters: 840, Total loss: 0.008, Loss x: 0.012, Loss s: 0.004, Mask ratio: 0.978
[2024-09-14 20:04:28,517][    INFO] ***** Evaluation ***** >>>> Unchanged IoU: 98.83, EMA: 98.85
[2024-09-14 20:04:28,517][    INFO] ***** Evaluation ***** >>>> Changed IoU: 79.63: EMA: 80.19
[2024-09-14 20:04:28,517][    INFO] ***** Evaluation ***** >>>> Overall Accuracy: 98.88, EMA: 98.90

[2024-09-14 20:04:29,969][    INFO] ===========> Epoch: 12, LR: 0.0000041, Previous best Changed IoU: 80.12, Overall Accuracy: 98.88 @epoch-10, EMA: Changed IoU: 80.19, Overall Accuracy: 98.90 @epoch-11
[2024-09-14 20:04:30,937][    INFO] Iters: 0, Total loss: 0.003, Loss x: 0.006, Loss s: 0.001, Mask ratio: 0.994
[2024-09-14 20:05:02,472][    INFO] Iters: 105, Total loss: 0.007, Loss x: 0.011, Loss s: 0.003, Mask ratio: 0.980
[2024-09-14 20:05:34,021][    INFO] Iters: 210, Total loss: 0.008, Loss x: 0.012, Loss s: 0.004, Mask ratio: 0.977
[2024-09-14 20:06:05,578][    INFO] Iters: 315, Total loss: 0.008, Loss x: 0.012, Loss s: 0.004, Mask ratio: 0.977
[2024-09-14 20:06:37,144][    INFO] Iters: 420, Total loss: 0.008, Loss x: 0.012, Loss s: 0.004, Mask ratio: 0.977
[2024-09-14 20:07:08,805][    INFO] Iters: 525, Total loss: 0.008, Loss x: 0.012, Loss s: 0.004, Mask ratio: 0.977
[2024-09-14 20:07:40,324][    INFO] Iters: 630, Total loss: 0.008, Loss x: 0.012, Loss s: 0.004, Mask ratio: 0.977
[2024-09-14 20:08:11,843][    INFO] Iters: 735, Total loss: 0.008, Loss x: 0.012, Loss s: 0.004, Mask ratio: 0.977
[2024-09-14 20:08:43,389][    INFO] Iters: 840, Total loss: 0.008, Loss x: 0.012, Loss s: 0.004, Mask ratio: 0.977
[2024-09-14 20:10:05,012][    INFO] ***** Evaluation ***** >>>> Unchanged IoU: 98.79, EMA: 98.87
[2024-09-14 20:10:05,012][    INFO] ***** Evaluation ***** >>>> Changed IoU: 78.98: EMA: 80.70
[2024-09-14 20:10:05,012][    INFO] ***** Evaluation ***** >>>> Overall Accuracy: 98.84, EMA: 98.92

[2024-09-14 20:10:06,437][    INFO] ===========> Epoch: 13, LR: 0.0000040, Previous best Changed IoU: 80.12, Overall Accuracy: 98.88 @epoch-10, EMA: Changed IoU: 80.70, Overall Accuracy: 98.92 @epoch-12
[2024-09-14 20:10:07,345][    INFO] Iters: 0, Total loss: 0.014, Loss x: 0.022, Loss s: 0.006, Mask ratio: 0.972
[2024-09-14 20:10:38,844][    INFO] Iters: 105, Total loss: 0.009, Loss x: 0.014, Loss s: 0.004, Mask ratio: 0.979
[2024-09-14 20:11:10,440][    INFO] Iters: 210, Total loss: 0.008, Loss x: 0.013, Loss s: 0.004, Mask ratio: 0.978
[2024-09-14 20:11:42,030][    INFO] Iters: 315, Total loss: 0.008, Loss x: 0.012, Loss s: 0.004, Mask ratio: 0.979
[2024-09-14 20:12:13,619][    INFO] Iters: 420, Total loss: 0.008, Loss x: 0.012, Loss s: 0.004, Mask ratio: 0.978
[2024-09-14 20:12:45,195][    INFO] Iters: 525, Total loss: 0.008, Loss x: 0.012, Loss s: 0.004, Mask ratio: 0.978
[2024-09-14 20:13:16,720][    INFO] Iters: 630, Total loss: 0.008, Loss x: 0.012, Loss s: 0.004, Mask ratio: 0.979
[2024-09-14 20:13:48,366][    INFO] Iters: 735, Total loss: 0.008, Loss x: 0.011, Loss s: 0.004, Mask ratio: 0.979
[2024-09-14 20:14:19,968][    INFO] Iters: 840, Total loss: 0.007, Loss x: 0.011, Loss s: 0.004, Mask ratio: 0.979
[2024-09-14 20:15:42,452][    INFO] ***** Evaluation ***** >>>> Unchanged IoU: 98.84, EMA: 98.87
[2024-09-14 20:15:42,452][    INFO] ***** Evaluation ***** >>>> Changed IoU: 80.06: EMA: 80.49
[2024-09-14 20:15:42,452][    INFO] ***** Evaluation ***** >>>> Overall Accuracy: 98.89, EMA: 98.92

[2024-09-14 20:15:43,106][    INFO] ===========> Epoch: 14, LR: 0.0000039, Previous best Changed IoU: 80.12, Overall Accuracy: 98.88 @epoch-10, EMA: Changed IoU: 80.70, Overall Accuracy: 98.92 @epoch-12
[2024-09-14 20:15:43,940][    INFO] Iters: 0, Total loss: 0.011, Loss x: 0.020, Loss s: 0.002, Mask ratio: 0.977
[2024-09-14 20:16:15,480][    INFO] Iters: 105, Total loss: 0.007, Loss x: 0.010, Loss s: 0.004, Mask ratio: 0.980
[2024-09-14 20:16:47,081][    INFO] Iters: 210, Total loss: 0.007, Loss x: 0.010, Loss s: 0.003, Mask ratio: 0.980
[2024-09-14 20:17:18,647][    INFO] Iters: 315, Total loss: 0.007, Loss x: 0.010, Loss s: 0.003, Mask ratio: 0.980
[2024-09-14 20:17:50,244][    INFO] Iters: 420, Total loss: 0.007, Loss x: 0.010, Loss s: 0.003, Mask ratio: 0.980
[2024-09-14 20:18:21,776][    INFO] Iters: 525, Total loss: 0.007, Loss x: 0.011, Loss s: 0.003, Mask ratio: 0.980
[2024-09-14 20:18:53,369][    INFO] Iters: 630, Total loss: 0.007, Loss x: 0.010, Loss s: 0.003, Mask ratio: 0.980
[2024-09-14 20:19:25,354][    INFO] Iters: 735, Total loss: 0.007, Loss x: 0.010, Loss s: 0.003, Mask ratio: 0.980
[2024-09-14 20:19:57,186][    INFO] Iters: 840, Total loss: 0.007, Loss x: 0.011, Loss s: 0.003, Mask ratio: 0.980
[2024-09-14 20:21:19,143][    INFO] ***** Evaluation ***** >>>> Unchanged IoU: 98.87, EMA: 98.88
[2024-09-14 20:21:19,143][    INFO] ***** Evaluation ***** >>>> Changed IoU: 80.30: EMA: 80.60
[2024-09-14 20:21:19,143][    INFO] ***** Evaluation ***** >>>> Overall Accuracy: 98.92, EMA: 98.93

[2024-09-14 20:21:19,804][    INFO] ===========> Epoch: 15, LR: 0.0000039, Previous best Changed IoU: 80.30, Overall Accuracy: 98.92 @epoch-14, EMA: Changed IoU: 80.70, Overall Accuracy: 98.92 @epoch-12
[2024-09-14 20:21:20,605][    INFO] Iters: 0, Total loss: 0.012, Loss x: 0.018, Loss s: 0.005, Mask ratio: 0.973
[2024-09-14 20:21:52,115][    INFO] Iters: 105, Total loss: 0.007, Loss x: 0.010, Loss s: 0.003, Mask ratio: 0.981
[2024-09-14 20:22:23,553][    INFO] Iters: 210, Total loss: 0.007, Loss x: 0.011, Loss s: 0.003, Mask ratio: 0.980
[2024-09-14 20:22:55,104][    INFO] Iters: 315, Total loss: 0.007, Loss x: 0.011, Loss s: 0.003, Mask ratio: 0.980
[2024-09-14 20:23:26,543][    INFO] Iters: 420, Total loss: 0.007, Loss x: 0.010, Loss s: 0.003, Mask ratio: 0.980
[2024-09-14 20:23:57,952][    INFO] Iters: 525, Total loss: 0.007, Loss x: 0.010, Loss s: 0.003, Mask ratio: 0.980
[2024-09-14 20:24:29,408][    INFO] Iters: 630, Total loss: 0.007, Loss x: 0.010, Loss s: 0.003, Mask ratio: 0.980
[2024-09-14 20:25:00,897][    INFO] Iters: 735, Total loss: 0.007, Loss x: 0.010, Loss s: 0.003, Mask ratio: 0.980
[2024-09-14 20:25:32,389][    INFO] Iters: 840, Total loss: 0.007, Loss x: 0.011, Loss s: 0.003, Mask ratio: 0.980
[2024-09-14 20:26:54,432][    INFO] ***** Evaluation ***** >>>> Unchanged IoU: 98.87, EMA: 98.89
[2024-09-14 20:26:54,432][    INFO] ***** Evaluation ***** >>>> Changed IoU: 80.61: EMA: 80.81
[2024-09-14 20:26:54,432][    INFO] ***** Evaluation ***** >>>> Overall Accuracy: 98.92, EMA: 98.94

[2024-09-14 20:26:56,258][    INFO] ===========> Epoch: 16, LR: 0.0000038, Previous best Changed IoU: 80.61, Overall Accuracy: 98.92 @epoch-15, EMA: Changed IoU: 80.81, Overall Accuracy: 98.94 @epoch-15
[2024-09-14 20:26:57,159][    INFO] Iters: 0, Total loss: 0.005, Loss x: 0.009, Loss s: 0.001, Mask ratio: 0.995
[2024-09-14 20:27:28,581][    INFO] Iters: 105, Total loss: 0.006, Loss x: 0.010, Loss s: 0.003, Mask ratio: 0.981
[2024-09-14 20:28:00,081][    INFO] Iters: 210, Total loss: 0.007, Loss x: 0.010, Loss s: 0.004, Mask ratio: 0.980
[2024-09-14 20:28:31,670][    INFO] Iters: 315, Total loss: 0.007, Loss x: 0.010, Loss s: 0.004, Mask ratio: 0.980
[2024-09-14 20:29:03,285][    INFO] Iters: 420, Total loss: 0.007, Loss x: 0.010, Loss s: 0.004, Mask ratio: 0.981
[2024-09-14 20:29:34,899][    INFO] Iters: 525, Total loss: 0.007, Loss x: 0.010, Loss s: 0.004, Mask ratio: 0.981
[2024-09-14 20:30:06,524][    INFO] Iters: 630, Total loss: 0.007, Loss x: 0.010, Loss s: 0.004, Mask ratio: 0.981
[2024-09-14 20:30:38,060][    INFO] Iters: 735, Total loss: 0.007, Loss x: 0.010, Loss s: 0.004, Mask ratio: 0.981
[2024-09-14 20:31:09,599][    INFO] Iters: 840, Total loss: 0.007, Loss x: 0.010, Loss s: 0.003, Mask ratio: 0.981
[2024-09-14 20:32:29,528][    INFO] ***** Evaluation ***** >>>> Unchanged IoU: 98.88, EMA: 98.89
[2024-09-14 20:32:29,528][    INFO] ***** Evaluation ***** >>>> Changed IoU: 80.63: EMA: 80.87
[2024-09-14 20:32:29,528][    INFO] ***** Evaluation ***** >>>> Overall Accuracy: 98.93, EMA: 98.94

[2024-09-14 20:32:30,997][    INFO] ===========> Epoch: 17, LR: 0.0000037, Previous best Changed IoU: 80.63, Overall Accuracy: 98.93 @epoch-16, EMA: Changed IoU: 80.87, Overall Accuracy: 98.94 @epoch-16
[2024-09-14 20:32:31,870][    INFO] Iters: 0, Total loss: 0.005, Loss x: 0.010, Loss s: 0.001, Mask ratio: 0.986
[2024-09-14 20:33:03,451][    INFO] Iters: 105, Total loss: 0.006, Loss x: 0.009, Loss s: 0.004, Mask ratio: 0.981
[2024-09-14 20:33:35,029][    INFO] Iters: 210, Total loss: 0.006, Loss x: 0.009, Loss s: 0.003, Mask ratio: 0.982
[2024-09-14 20:34:06,595][    INFO] Iters: 315, Total loss: 0.006, Loss x: 0.010, Loss s: 0.003, Mask ratio: 0.981
[2024-09-14 20:34:38,128][    INFO] Iters: 420, Total loss: 0.007, Loss x: 0.010, Loss s: 0.003, Mask ratio: 0.981
[2024-09-14 20:35:09,716][    INFO] Iters: 525, Total loss: 0.007, Loss x: 0.010, Loss s: 0.003, Mask ratio: 0.981
[2024-09-14 20:35:41,230][    INFO] Iters: 630, Total loss: 0.007, Loss x: 0.010, Loss s: 0.003, Mask ratio: 0.981
[2024-09-14 20:36:12,718][    INFO] Iters: 735, Total loss: 0.007, Loss x: 0.010, Loss s: 0.004, Mask ratio: 0.981
[2024-09-14 20:36:44,283][    INFO] Iters: 840, Total loss: 0.007, Loss x: 0.010, Loss s: 0.004, Mask ratio: 0.981
[2024-09-14 20:38:08,365][    INFO] ***** Evaluation ***** >>>> Unchanged IoU: 98.88, EMA: 98.89
[2024-09-14 20:38:08,365][    INFO] ***** Evaluation ***** >>>> Changed IoU: 80.58: EMA: 80.92
[2024-09-14 20:38:08,365][    INFO] ***** Evaluation ***** >>>> Overall Accuracy: 98.93, EMA: 98.94

[2024-09-14 20:38:09,794][    INFO] ===========> Epoch: 18, LR: 0.0000036, Previous best Changed IoU: 80.63, Overall Accuracy: 98.93 @epoch-16, EMA: Changed IoU: 80.92, Overall Accuracy: 98.94 @epoch-17
[2024-09-14 20:38:10,679][    INFO] Iters: 0, Total loss: 0.002, Loss x: 0.002, Loss s: 0.002, Mask ratio: 0.976
[2024-09-14 20:38:42,224][    INFO] Iters: 105, Total loss: 0.006, Loss x: 0.009, Loss s: 0.003, Mask ratio: 0.982
[2024-09-14 20:39:13,700][    INFO] Iters: 210, Total loss: 0.007, Loss x: 0.010, Loss s: 0.004, Mask ratio: 0.981
[2024-09-14 20:39:45,245][    INFO] Iters: 315, Total loss: 0.007, Loss x: 0.010, Loss s: 0.004, Mask ratio: 0.982
[2024-09-14 20:40:16,792][    INFO] Iters: 420, Total loss: 0.007, Loss x: 0.010, Loss s: 0.004, Mask ratio: 0.982
[2024-09-14 20:40:48,440][    INFO] Iters: 525, Total loss: 0.006, Loss x: 0.009, Loss s: 0.003, Mask ratio: 0.982
[2024-09-14 20:41:19,993][    INFO] Iters: 630, Total loss: 0.007, Loss x: 0.010, Loss s: 0.003, Mask ratio: 0.982
[2024-09-14 20:41:51,464][    INFO] Iters: 735, Total loss: 0.006, Loss x: 0.010, Loss s: 0.003, Mask ratio: 0.982
[2024-09-14 20:42:22,980][    INFO] Iters: 840, Total loss: 0.006, Loss x: 0.010, Loss s: 0.003, Mask ratio: 0.982
[2024-09-14 20:43:45,795][    INFO] ***** Evaluation ***** >>>> Unchanged IoU: 98.88, EMA: 98.89
[2024-09-14 20:43:45,795][    INFO] ***** Evaluation ***** >>>> Changed IoU: 80.54: EMA: 80.85
[2024-09-14 20:43:45,795][    INFO] ***** Evaluation ***** >>>> Overall Accuracy: 98.93, EMA: 98.94

[2024-09-14 20:43:46,704][    INFO] ===========> Epoch: 19, LR: 0.0000035, Previous best Changed IoU: 80.63, Overall Accuracy: 98.93 @epoch-16, EMA: Changed IoU: 80.92, Overall Accuracy: 98.94 @epoch-17
[2024-09-14 20:43:47,497][    INFO] Iters: 0, Total loss: 0.006, Loss x: 0.008, Loss s: 0.003, Mask ratio: 0.978
[2024-09-14 20:44:19,044][    INFO] Iters: 105, Total loss: 0.007, Loss x: 0.011, Loss s: 0.003, Mask ratio: 0.983
[2024-09-14 20:44:50,647][    INFO] Iters: 210, Total loss: 0.006, Loss x: 0.010, Loss s: 0.003, Mask ratio: 0.983
[2024-09-14 20:45:22,260][    INFO] Iters: 315, Total loss: 0.006, Loss x: 0.010, Loss s: 0.003, Mask ratio: 0.983
[2024-09-14 20:45:53,887][    INFO] Iters: 420, Total loss: 0.006, Loss x: 0.009, Loss s: 0.003, Mask ratio: 0.983
[2024-09-14 20:46:25,490][    INFO] Iters: 525, Total loss: 0.006, Loss x: 0.009, Loss s: 0.003, Mask ratio: 0.983
[2024-09-14 20:46:57,134][    INFO] Iters: 630, Total loss: 0.006, Loss x: 0.009, Loss s: 0.004, Mask ratio: 0.983
[2024-09-14 20:47:28,667][    INFO] Iters: 735, Total loss: 0.006, Loss x: 0.009, Loss s: 0.004, Mask ratio: 0.983
[2024-09-14 20:48:00,270][    INFO] Iters: 840, Total loss: 0.006, Loss x: 0.009, Loss s: 0.004, Mask ratio: 0.983
[2024-09-14 20:49:22,779][    INFO] ***** Evaluation ***** >>>> Unchanged IoU: 98.89, EMA: 98.90
[2024-09-14 20:49:22,779][    INFO] ***** Evaluation ***** >>>> Changed IoU: 80.69: EMA: 80.96
[2024-09-14 20:49:22,779][    INFO] ***** Evaluation ***** >>>> Overall Accuracy: 98.94, EMA: 98.95

[2024-09-14 20:49:24,140][    INFO] ===========> Epoch: 20, LR: 0.0000035, Previous best Changed IoU: 80.69, Overall Accuracy: 98.94 @epoch-19, EMA: Changed IoU: 80.96, Overall Accuracy: 98.95 @epoch-19
[2024-09-14 20:49:25,080][    INFO] Iters: 0, Total loss: 0.003, Loss x: 0.006, Loss s: 0.001, Mask ratio: 0.996
[2024-09-14 20:49:56,649][    INFO] Iters: 105, Total loss: 0.005, Loss x: 0.008, Loss s: 0.003, Mask ratio: 0.984
[2024-09-14 20:50:28,117][    INFO] Iters: 210, Total loss: 0.006, Loss x: 0.008, Loss s: 0.003, Mask ratio: 0.984
[2024-09-14 20:50:59,588][    INFO] Iters: 315, Total loss: 0.006, Loss x: 0.009, Loss s: 0.004, Mask ratio: 0.983
[2024-09-14 20:51:31,142][    INFO] Iters: 420, Total loss: 0.006, Loss x: 0.009, Loss s: 0.004, Mask ratio: 0.983
[2024-09-14 20:52:02,793][    INFO] Iters: 525, Total loss: 0.006, Loss x: 0.009, Loss s: 0.003, Mask ratio: 0.983
[2024-09-14 20:52:34,344][    INFO] Iters: 630, Total loss: 0.006, Loss x: 0.009, Loss s: 0.003, Mask ratio: 0.983
[2024-09-14 20:53:05,868][    INFO] Iters: 735, Total loss: 0.006, Loss x: 0.009, Loss s: 0.003, Mask ratio: 0.983
[2024-09-14 20:53:37,405][    INFO] Iters: 840, Total loss: 0.006, Loss x: 0.009, Loss s: 0.003, Mask ratio: 0.983
[2024-09-14 20:54:59,181][    INFO] ***** Evaluation ***** >>>> Unchanged IoU: 98.90, EMA: 98.91
[2024-09-14 20:54:59,181][    INFO] ***** Evaluation ***** >>>> Changed IoU: 81.08: EMA: 81.03
[2024-09-14 20:54:59,181][    INFO] ***** Evaluation ***** >>>> Overall Accuracy: 98.95, EMA: 98.95

[2024-09-14 20:55:00,512][    INFO] ===========> Epoch: 21, LR: 0.0000034, Previous best Changed IoU: 81.08, Overall Accuracy: 98.95 @epoch-20, EMA: Changed IoU: 81.03, Overall Accuracy: 98.95 @epoch-20
[2024-09-14 20:55:01,477][    INFO] Iters: 0, Total loss: 0.015, Loss x: 0.023, Loss s: 0.007, Mask ratio: 0.991
[2024-09-14 20:55:33,003][    INFO] Iters: 105, Total loss: 0.006, Loss x: 0.009, Loss s: 0.003, Mask ratio: 0.983
[2024-09-14 20:56:04,499][    INFO] Iters: 210, Total loss: 0.006, Loss x: 0.009, Loss s: 0.003, Mask ratio: 0.983
[2024-09-14 20:56:36,020][    INFO] Iters: 315, Total loss: 0.006, Loss x: 0.009, Loss s: 0.003, Mask ratio: 0.983
[2024-09-14 20:57:07,571][    INFO] Iters: 420, Total loss: 0.006, Loss x: 0.009, Loss s: 0.003, Mask ratio: 0.983
[2024-09-14 20:57:39,117][    INFO] Iters: 525, Total loss: 0.007, Loss x: 0.010, Loss s: 0.004, Mask ratio: 0.982
[2024-09-14 20:58:10,686][    INFO] Iters: 630, Total loss: 0.007, Loss x: 0.009, Loss s: 0.004, Mask ratio: 0.982
[2024-09-14 20:58:44,231][    INFO] Iters: 735, Total loss: 0.007, Loss x: 0.009, Loss s: 0.004, Mask ratio: 0.983
[2024-09-14 20:59:15,718][    INFO] Iters: 840, Total loss: 0.006, Loss x: 0.009, Loss s: 0.004, Mask ratio: 0.983
[2024-09-14 21:00:37,313][    INFO] ***** Evaluation ***** >>>> Unchanged IoU: 98.87, EMA: 98.89
[2024-09-14 21:00:37,313][    INFO] ***** Evaluation ***** >>>> Changed IoU: 80.53: EMA: 80.70
[2024-09-14 21:00:37,314][    INFO] ***** Evaluation ***** >>>> Overall Accuracy: 98.92, EMA: 98.94

[2024-09-14 21:00:38,101][    INFO] ===========> Epoch: 22, LR: 0.0000033, Previous best Changed IoU: 81.08, Overall Accuracy: 98.95 @epoch-20, EMA: Changed IoU: 81.03, Overall Accuracy: 98.95 @epoch-20
[2024-09-14 21:00:38,953][    INFO] Iters: 0, Total loss: 0.007, Loss x: 0.012, Loss s: 0.002, Mask ratio: 0.987
[2024-09-14 21:01:10,469][    INFO] Iters: 105, Total loss: 0.006, Loss x: 0.009, Loss s: 0.003, Mask ratio: 0.984
[2024-09-14 21:01:41,961][    INFO] Iters: 210, Total loss: 0.007, Loss x: 0.009, Loss s: 0.004, Mask ratio: 0.982
[2024-09-14 21:02:13,446][    INFO] Iters: 315, Total loss: 0.007, Loss x: 0.010, Loss s: 0.004, Mask ratio: 0.983
[2024-09-14 21:02:44,913][    INFO] Iters: 420, Total loss: 0.007, Loss x: 0.009, Loss s: 0.004, Mask ratio: 0.983
[2024-09-14 21:03:16,428][    INFO] Iters: 525, Total loss: 0.006, Loss x: 0.009, Loss s: 0.004, Mask ratio: 0.983
[2024-09-14 21:03:47,956][    INFO] Iters: 630, Total loss: 0.006, Loss x: 0.009, Loss s: 0.004, Mask ratio: 0.983
[2024-09-14 21:04:19,510][    INFO] Iters: 735, Total loss: 0.006, Loss x: 0.009, Loss s: 0.004, Mask ratio: 0.984
[2024-09-14 21:04:50,982][    INFO] Iters: 840, Total loss: 0.006, Loss x: 0.009, Loss s: 0.004, Mask ratio: 0.984
[2024-09-14 21:06:12,082][    INFO] ***** Evaluation ***** >>>> Unchanged IoU: 98.90, EMA: 98.90
[2024-09-14 21:06:12,082][    INFO] ***** Evaluation ***** >>>> Changed IoU: 80.97: EMA: 81.03
[2024-09-14 21:06:12,082][    INFO] ***** Evaluation ***** >>>> Overall Accuracy: 98.95, EMA: 98.95

[2024-09-14 21:06:12,774][    INFO] ===========> Epoch: 23, LR: 0.0000032, Previous best Changed IoU: 81.08, Overall Accuracy: 98.95 @epoch-20, EMA: Changed IoU: 81.03, Overall Accuracy: 98.95 @epoch-20
[2024-09-14 21:06:13,607][    INFO] Iters: 0, Total loss: 0.002, Loss x: 0.003, Loss s: 0.000, Mask ratio: 0.999
[2024-09-14 21:06:45,181][    INFO] Iters: 105, Total loss: 0.006, Loss x: 0.009, Loss s: 0.003, Mask ratio: 0.986
[2024-09-14 21:07:16,688][    INFO] Iters: 210, Total loss: 0.006, Loss x: 0.008, Loss s: 0.003, Mask ratio: 0.986
[2024-09-14 21:07:48,214][    INFO] Iters: 315, Total loss: 0.006, Loss x: 0.008, Loss s: 0.003, Mask ratio: 0.985
[2024-09-14 21:08:19,681][    INFO] Iters: 420, Total loss: 0.006, Loss x: 0.008, Loss s: 0.003, Mask ratio: 0.985
[2024-09-14 21:08:51,100][    INFO] Iters: 525, Total loss: 0.006, Loss x: 0.008, Loss s: 0.003, Mask ratio: 0.985
[2024-09-14 21:09:22,621][    INFO] Iters: 630, Total loss: 0.006, Loss x: 0.008, Loss s: 0.003, Mask ratio: 0.985
[2024-09-14 21:09:54,113][    INFO] Iters: 735, Total loss: 0.006, Loss x: 0.008, Loss s: 0.003, Mask ratio: 0.985
[2024-09-14 21:10:25,660][    INFO] Iters: 840, Total loss: 0.006, Loss x: 0.008, Loss s: 0.003, Mask ratio: 0.985
[2024-09-14 21:11:48,250][    INFO] ***** Evaluation ***** >>>> Unchanged IoU: 98.87, EMA: 98.90
[2024-09-14 21:11:48,250][    INFO] ***** Evaluation ***** >>>> Changed IoU: 80.43: EMA: 80.87
[2024-09-14 21:11:48,250][    INFO] ***** Evaluation ***** >>>> Overall Accuracy: 98.92, EMA: 98.95

[2024-09-14 21:11:49,107][    INFO] ===========> Epoch: 24, LR: 0.0000032, Previous best Changed IoU: 81.08, Overall Accuracy: 98.95 @epoch-20, EMA: Changed IoU: 81.03, Overall Accuracy: 98.95 @epoch-20
[2024-09-14 21:11:49,930][    INFO] Iters: 0, Total loss: 0.002, Loss x: 0.001, Loss s: 0.003, Mask ratio: 0.969
[2024-09-14 21:12:21,787][    INFO] Iters: 105, Total loss: 0.006, Loss x: 0.009, Loss s: 0.004, Mask ratio: 0.984
[2024-09-14 21:12:53,825][    INFO] Iters: 210, Total loss: 0.006, Loss x: 0.008, Loss s: 0.003, Mask ratio: 0.985
[2024-09-14 21:13:26,013][    INFO] Iters: 315, Total loss: 0.006, Loss x: 0.008, Loss s: 0.003, Mask ratio: 0.985
[2024-09-14 21:13:58,015][    INFO] Iters: 420, Total loss: 0.006, Loss x: 0.008, Loss s: 0.003, Mask ratio: 0.984
[2024-09-14 21:14:29,762][    INFO] Iters: 525, Total loss: 0.006, Loss x: 0.008, Loss s: 0.003, Mask ratio: 0.985
[2024-09-14 21:15:01,447][    INFO] Iters: 630, Total loss: 0.006, Loss x: 0.008, Loss s: 0.003, Mask ratio: 0.985
[2024-09-14 21:15:33,140][    INFO] Iters: 735, Total loss: 0.006, Loss x: 0.008, Loss s: 0.003, Mask ratio: 0.985
[2024-09-14 21:16:04,816][    INFO] Iters: 840, Total loss: 0.006, Loss x: 0.008, Loss s: 0.003, Mask ratio: 0.985
[2024-09-14 21:17:30,769][    INFO] ***** Evaluation ***** >>>> Unchanged IoU: 98.89, EMA: 98.89
[2024-09-14 21:17:30,769][    INFO] ***** Evaluation ***** >>>> Changed IoU: 80.80: EMA: 80.85
[2024-09-14 21:17:30,769][    INFO] ***** Evaluation ***** >>>> Overall Accuracy: 98.94, EMA: 98.94

[2024-09-14 21:17:31,498][    INFO] ===========> Epoch: 25, LR: 0.0000031, Previous best Changed IoU: 81.08, Overall Accuracy: 98.95 @epoch-20, EMA: Changed IoU: 81.03, Overall Accuracy: 98.95 @epoch-20
[2024-09-14 21:17:32,425][    INFO] Iters: 0, Total loss: 0.005, Loss x: 0.008, Loss s: 0.003, Mask ratio: 0.991
[2024-09-14 21:18:04,093][    INFO] Iters: 105, Total loss: 0.006, Loss x: 0.008, Loss s: 0.003, Mask ratio: 0.985
[2024-09-14 21:18:35,830][    INFO] Iters: 210, Total loss: 0.006, Loss x: 0.008, Loss s: 0.003, Mask ratio: 0.986
[2024-09-14 21:19:07,538][    INFO] Iters: 315, Total loss: 0.006, Loss x: 0.008, Loss s: 0.003, Mask ratio: 0.986
[2024-09-14 21:19:39,215][    INFO] Iters: 420, Total loss: 0.006, Loss x: 0.008, Loss s: 0.003, Mask ratio: 0.985
[2024-09-14 21:20:10,880][    INFO] Iters: 525, Total loss: 0.006, Loss x: 0.008, Loss s: 0.003, Mask ratio: 0.985
[2024-09-14 21:20:42,514][    INFO] Iters: 630, Total loss: 0.006, Loss x: 0.008, Loss s: 0.003, Mask ratio: 0.985
[2024-09-14 21:21:14,191][    INFO] Iters: 735, Total loss: 0.006, Loss x: 0.008, Loss s: 0.003, Mask ratio: 0.985
[2024-09-14 21:21:45,940][    INFO] Iters: 840, Total loss: 0.006, Loss x: 0.008, Loss s: 0.003, Mask ratio: 0.985
[2024-09-14 21:23:11,908][    INFO] ***** Evaluation ***** >>>> Unchanged IoU: 98.89, EMA: 98.91
[2024-09-14 21:23:11,908][    INFO] ***** Evaluation ***** >>>> Changed IoU: 80.24: EMA: 81.19
[2024-09-14 21:23:11,908][    INFO] ***** Evaluation ***** >>>> Overall Accuracy: 98.94, EMA: 98.96

[2024-09-14 21:23:13,268][    INFO] ===========> Epoch: 26, LR: 0.0000030, Previous best Changed IoU: 81.08, Overall Accuracy: 98.95 @epoch-20, EMA: Changed IoU: 81.19, Overall Accuracy: 98.96 @epoch-25
[2024-09-14 21:23:14,171][    INFO] Iters: 0, Total loss: 0.008, Loss x: 0.007, Loss s: 0.008, Mask ratio: 0.977
[2024-09-14 21:23:45,848][    INFO] Iters: 105, Total loss: 0.006, Loss x: 0.008, Loss s: 0.003, Mask ratio: 0.984
[2024-09-14 21:24:17,528][    INFO] Iters: 210, Total loss: 0.006, Loss x: 0.008, Loss s: 0.003, Mask ratio: 0.985
[2024-09-14 21:24:49,274][    INFO] Iters: 315, Total loss: 0.006, Loss x: 0.008, Loss s: 0.003, Mask ratio: 0.985
[2024-09-14 21:25:21,023][    INFO] Iters: 420, Total loss: 0.006, Loss x: 0.009, Loss s: 0.004, Mask ratio: 0.984
[2024-09-14 21:25:52,718][    INFO] Iters: 525, Total loss: 0.006, Loss x: 0.009, Loss s: 0.004, Mask ratio: 0.984
[2024-09-14 21:26:24,362][    INFO] Iters: 630, Total loss: 0.006, Loss x: 0.009, Loss s: 0.004, Mask ratio: 0.984
[2024-09-14 21:26:56,205][    INFO] Iters: 735, Total loss: 0.006, Loss x: 0.008, Loss s: 0.004, Mask ratio: 0.985
[2024-09-14 21:27:28,044][    INFO] Iters: 840, Total loss: 0.006, Loss x: 0.008, Loss s: 0.004, Mask ratio: 0.985
[2024-09-14 21:28:52,586][    INFO] ***** Evaluation ***** >>>> Unchanged IoU: 98.91, EMA: 98.92
[2024-09-14 21:28:52,586][    INFO] ***** Evaluation ***** >>>> Changed IoU: 81.07: EMA: 81.22
[2024-09-14 21:28:52,586][    INFO] ***** Evaluation ***** >>>> Overall Accuracy: 98.96, EMA: 98.96

[2024-09-14 21:28:54,132][    INFO] ===========> Epoch: 27, LR: 0.0000029, Previous best Changed IoU: 81.08, Overall Accuracy: 98.95 @epoch-20, EMA: Changed IoU: 81.22, Overall Accuracy: 98.96 @epoch-26
[2024-09-14 21:28:55,029][    INFO] Iters: 0, Total loss: 0.005, Loss x: 0.006, Loss s: 0.003, Mask ratio: 0.982
[2024-09-14 21:29:26,789][    INFO] Iters: 105, Total loss: 0.006, Loss x: 0.008, Loss s: 0.003, Mask ratio: 0.987
[2024-09-14 21:29:58,817][    INFO] Iters: 210, Total loss: 0.006, Loss x: 0.008, Loss s: 0.003, Mask ratio: 0.986
[2024-09-14 21:30:30,619][    INFO] Iters: 315, Total loss: 0.006, Loss x: 0.008, Loss s: 0.003, Mask ratio: 0.986
[2024-09-14 21:31:02,448][    INFO] Iters: 420, Total loss: 0.006, Loss x: 0.008, Loss s: 0.003, Mask ratio: 0.986
[2024-09-14 21:31:34,632][    INFO] Iters: 525, Total loss: 0.006, Loss x: 0.008, Loss s: 0.003, Mask ratio: 0.986
[2024-09-14 21:32:06,381][    INFO] Iters: 630, Total loss: 0.006, Loss x: 0.008, Loss s: 0.003, Mask ratio: 0.986
[2024-09-14 21:32:38,058][    INFO] Iters: 735, Total loss: 0.006, Loss x: 0.008, Loss s: 0.003, Mask ratio: 0.986
[2024-09-14 21:33:09,781][    INFO] Iters: 840, Total loss: 0.006, Loss x: 0.008, Loss s: 0.003, Mask ratio: 0.986
[2024-09-14 21:34:34,899][    INFO] ***** Evaluation ***** >>>> Unchanged IoU: 98.89, EMA: 98.92
[2024-09-14 21:34:34,899][    INFO] ***** Evaluation ***** >>>> Changed IoU: 80.55: EMA: 81.29
[2024-09-14 21:34:34,899][    INFO] ***** Evaluation ***** >>>> Overall Accuracy: 98.94, EMA: 98.97

[2024-09-14 21:34:36,197][    INFO] ===========> Epoch: 28, LR: 0.0000028, Previous best Changed IoU: 81.08, Overall Accuracy: 98.95 @epoch-20, EMA: Changed IoU: 81.29, Overall Accuracy: 98.97 @epoch-27
[2024-09-14 21:34:37,089][    INFO] Iters: 0, Total loss: 0.001, Loss x: 0.002, Loss s: 0.001, Mask ratio: 0.999
[2024-09-14 21:35:08,711][    INFO] Iters: 105, Total loss: 0.005, Loss x: 0.007, Loss s: 0.003, Mask ratio: 0.986
[2024-09-14 21:35:40,419][    INFO] Iters: 210, Total loss: 0.005, Loss x: 0.008, Loss s: 0.003, Mask ratio: 0.986
[2024-09-14 21:36:12,083][    INFO] Iters: 315, Total loss: 0.005, Loss x: 0.008, Loss s: 0.003, Mask ratio: 0.986
[2024-09-14 21:36:43,749][    INFO] Iters: 420, Total loss: 0.005, Loss x: 0.008, Loss s: 0.003, Mask ratio: 0.986
[2024-09-14 21:37:15,525][    INFO] Iters: 525, Total loss: 0.005, Loss x: 0.008, Loss s: 0.003, Mask ratio: 0.986
[2024-09-14 21:37:47,279][    INFO] Iters: 630, Total loss: 0.005, Loss x: 0.008, Loss s: 0.003, Mask ratio: 0.986
[2024-09-14 21:38:18,974][    INFO] Iters: 735, Total loss: 0.005, Loss x: 0.007, Loss s: 0.003, Mask ratio: 0.986
[2024-09-14 21:38:50,656][    INFO] Iters: 840, Total loss: 0.005, Loss x: 0.008, Loss s: 0.003, Mask ratio: 0.986
[2024-09-14 21:40:15,907][    INFO] ***** Evaluation ***** >>>> Unchanged IoU: 98.92, EMA: 98.93
[2024-09-14 21:40:15,907][    INFO] ***** Evaluation ***** >>>> Changed IoU: 81.15: EMA: 81.38
[2024-09-14 21:40:15,907][    INFO] ***** Evaluation ***** >>>> Overall Accuracy: 98.96, EMA: 98.98

[2024-09-14 21:40:17,292][    INFO] ===========> Epoch: 29, LR: 0.0000028, Previous best Changed IoU: 81.15, Overall Accuracy: 98.96 @epoch-28, EMA: Changed IoU: 81.38, Overall Accuracy: 98.98 @epoch-28
[2024-09-14 21:40:18,168][    INFO] Iters: 0, Total loss: 0.008, Loss x: 0.007, Loss s: 0.010, Mask ratio: 0.980
[2024-09-14 21:40:49,899][    INFO] Iters: 105, Total loss: 0.005, Loss x: 0.008, Loss s: 0.003, Mask ratio: 0.986
[2024-09-14 21:41:21,637][    INFO] Iters: 210, Total loss: 0.005, Loss x: 0.007, Loss s: 0.003, Mask ratio: 0.986
[2024-09-14 21:41:53,289][    INFO] Iters: 315, Total loss: 0.005, Loss x: 0.007, Loss s: 0.003, Mask ratio: 0.986
[2024-09-14 21:42:25,014][    INFO] Iters: 420, Total loss: 0.005, Loss x: 0.007, Loss s: 0.003, Mask ratio: 0.987
[2024-09-14 21:42:56,726][    INFO] Iters: 525, Total loss: 0.005, Loss x: 0.007, Loss s: 0.003, Mask ratio: 0.987
[2024-09-14 21:43:28,381][    INFO] Iters: 630, Total loss: 0.005, Loss x: 0.007, Loss s: 0.003, Mask ratio: 0.986
[2024-09-14 21:44:00,019][    INFO] Iters: 735, Total loss: 0.005, Loss x: 0.007, Loss s: 0.003, Mask ratio: 0.986
[2024-09-14 21:44:31,647][    INFO] Iters: 840, Total loss: 0.005, Loss x: 0.007, Loss s: 0.003, Mask ratio: 0.986
[2024-09-14 21:45:55,455][    INFO] ***** Evaluation ***** >>>> Unchanged IoU: 98.90, EMA: 98.92
[2024-09-14 21:45:55,455][    INFO] ***** Evaluation ***** >>>> Changed IoU: 80.77: EMA: 81.29
[2024-09-14 21:45:55,455][    INFO] ***** Evaluation ***** >>>> Overall Accuracy: 98.95, EMA: 98.97

[2024-09-14 21:45:56,148][    INFO] ===========> Epoch: 30, LR: 0.0000027, Previous best Changed IoU: 81.15, Overall Accuracy: 98.96 @epoch-28, EMA: Changed IoU: 81.38, Overall Accuracy: 98.98 @epoch-28
[2024-09-14 21:45:57,066][    INFO] Iters: 0, Total loss: 0.007, Loss x: 0.012, Loss s: 0.003, Mask ratio: 0.989
[2024-09-14 21:46:28,740][    INFO] Iters: 105, Total loss: 0.005, Loss x: 0.008, Loss s: 0.003, Mask ratio: 0.987
[2024-09-14 21:47:00,538][    INFO] Iters: 210, Total loss: 0.005, Loss x: 0.008, Loss s: 0.003, Mask ratio: 0.987
[2024-09-14 21:47:32,574][    INFO] Iters: 315, Total loss: 0.005, Loss x: 0.007, Loss s: 0.003, Mask ratio: 0.987
[2024-09-14 21:48:04,285][    INFO] Iters: 420, Total loss: 0.005, Loss x: 0.007, Loss s: 0.003, Mask ratio: 0.987
[2024-09-14 21:48:35,966][    INFO] Iters: 525, Total loss: 0.005, Loss x: 0.008, Loss s: 0.003, Mask ratio: 0.987
[2024-09-14 21:49:07,649][    INFO] Iters: 630, Total loss: 0.005, Loss x: 0.007, Loss s: 0.003, Mask ratio: 0.987
[2024-09-14 21:49:39,337][    INFO] Iters: 735, Total loss: 0.005, Loss x: 0.007, Loss s: 0.003, Mask ratio: 0.987
[2024-09-14 21:50:11,001][    INFO] Iters: 840, Total loss: 0.005, Loss x: 0.007, Loss s: 0.003, Mask ratio: 0.987
[2024-09-14 21:51:34,922][    INFO] ***** Evaluation ***** >>>> Unchanged IoU: 98.90, EMA: 98.93
[2024-09-14 21:51:34,922][    INFO] ***** Evaluation ***** >>>> Changed IoU: 81.13: EMA: 81.36
[2024-09-14 21:51:34,922][    INFO] ***** Evaluation ***** >>>> Overall Accuracy: 98.95, EMA: 98.98

[2024-09-14 21:51:35,776][    INFO] ===========> Epoch: 31, LR: 0.0000026, Previous best Changed IoU: 81.15, Overall Accuracy: 98.96 @epoch-28, EMA: Changed IoU: 81.38, Overall Accuracy: 98.98 @epoch-28
[2024-09-14 21:51:36,599][    INFO] Iters: 0, Total loss: 0.002, Loss x: 0.003, Loss s: 0.001, Mask ratio: 0.996
[2024-09-14 21:52:08,294][    INFO] Iters: 105, Total loss: 0.005, Loss x: 0.007, Loss s: 0.003, Mask ratio: 0.987
[2024-09-14 21:52:39,986][    INFO] Iters: 210, Total loss: 0.005, Loss x: 0.007, Loss s: 0.003, Mask ratio: 0.987
[2024-09-14 21:53:11,701][    INFO] Iters: 315, Total loss: 0.005, Loss x: 0.007, Loss s: 0.003, Mask ratio: 0.987
[2024-09-14 21:53:43,416][    INFO] Iters: 420, Total loss: 0.005, Loss x: 0.007, Loss s: 0.003, Mask ratio: 0.987
[2024-09-14 21:54:15,401][    INFO] Iters: 525, Total loss: 0.005, Loss x: 0.007, Loss s: 0.003, Mask ratio: 0.987
[2024-09-14 21:54:47,525][    INFO] Iters: 630, Total loss: 0.005, Loss x: 0.007, Loss s: 0.003, Mask ratio: 0.987
[2024-09-14 21:55:19,552][    INFO] Iters: 735, Total loss: 0.005, Loss x: 0.007, Loss s: 0.003, Mask ratio: 0.987
[2024-09-14 21:55:51,389][    INFO] Iters: 840, Total loss: 0.005, Loss x: 0.007, Loss s: 0.003, Mask ratio: 0.987
[2024-09-14 21:57:12,060][    INFO] ***** Evaluation ***** >>>> Unchanged IoU: 98.92, EMA: 98.93
[2024-09-14 21:57:12,060][    INFO] ***** Evaluation ***** >>>> Changed IoU: 81.43: EMA: 81.37
[2024-09-14 21:57:12,060][    INFO] ***** Evaluation ***** >>>> Overall Accuracy: 98.97, EMA: 98.97

[2024-09-14 21:57:12,837][    INFO] ===========> Epoch: 32, LR: 0.0000025, Previous best Changed IoU: 81.43, Overall Accuracy: 98.97 @epoch-31, EMA: Changed IoU: 81.38, Overall Accuracy: 98.98 @epoch-28
[2024-09-14 21:57:13,659][    INFO] Iters: 0, Total loss: 0.002, Loss x: 0.003, Loss s: 0.002, Mask ratio: 0.993
[2024-09-14 21:57:45,216][    INFO] Iters: 105, Total loss: 0.005, Loss x: 0.007, Loss s: 0.003, Mask ratio: 0.989
[2024-09-14 21:58:16,767][    INFO] Iters: 210, Total loss: 0.005, Loss x: 0.007, Loss s: 0.003, Mask ratio: 0.989
[2024-09-14 21:58:48,417][    INFO] Iters: 315, Total loss: 0.005, Loss x: 0.007, Loss s: 0.003, Mask ratio: 0.988
[2024-09-14 21:59:20,007][    INFO] Iters: 420, Total loss: 0.005, Loss x: 0.007, Loss s: 0.003, Mask ratio: 0.988
[2024-09-14 21:59:51,443][    INFO] Iters: 525, Total loss: 0.005, Loss x: 0.007, Loss s: 0.003, Mask ratio: 0.988
[2024-09-14 22:00:22,856][    INFO] Iters: 630, Total loss: 0.005, Loss x: 0.007, Loss s: 0.003, Mask ratio: 0.988
[2024-09-14 22:00:54,469][    INFO] Iters: 735, Total loss: 0.005, Loss x: 0.007, Loss s: 0.003, Mask ratio: 0.987
[2024-09-14 22:01:25,980][    INFO] Iters: 840, Total loss: 0.005, Loss x: 0.007, Loss s: 0.003, Mask ratio: 0.987
[2024-09-14 22:02:47,259][    INFO] ***** Evaluation ***** >>>> Unchanged IoU: 98.91, EMA: 98.93
[2024-09-14 22:02:47,259][    INFO] ***** Evaluation ***** >>>> Changed IoU: 81.09: EMA: 81.45
[2024-09-14 22:02:47,259][    INFO] ***** Evaluation ***** >>>> Overall Accuracy: 98.96, EMA: 98.98

[2024-09-14 22:02:48,703][    INFO] ===========> Epoch: 33, LR: 0.0000024, Previous best Changed IoU: 81.43, Overall Accuracy: 98.97 @epoch-31, EMA: Changed IoU: 81.45, Overall Accuracy: 98.98 @epoch-32
[2024-09-14 22:02:49,595][    INFO] Iters: 0, Total loss: 0.009, Loss x: 0.010, Loss s: 0.007, Mask ratio: 0.983
[2024-09-14 22:03:21,151][    INFO] Iters: 105, Total loss: 0.005, Loss x: 0.008, Loss s: 0.003, Mask ratio: 0.987
[2024-09-14 22:03:52,747][    INFO] Iters: 210, Total loss: 0.005, Loss x: 0.007, Loss s: 0.003, Mask ratio: 0.988
[2024-09-14 22:04:24,245][    INFO] Iters: 315, Total loss: 0.005, Loss x: 0.007, Loss s: 0.003, Mask ratio: 0.987
[2024-09-14 22:04:55,737][    INFO] Iters: 420, Total loss: 0.005, Loss x: 0.007, Loss s: 0.003, Mask ratio: 0.987
[2024-09-14 22:05:27,238][    INFO] Iters: 525, Total loss: 0.005, Loss x: 0.007, Loss s: 0.003, Mask ratio: 0.988
[2024-09-14 22:05:58,715][    INFO] Iters: 630, Total loss: 0.005, Loss x: 0.007, Loss s: 0.003, Mask ratio: 0.988
[2024-09-14 22:06:30,201][    INFO] Iters: 735, Total loss: 0.005, Loss x: 0.007, Loss s: 0.003, Mask ratio: 0.987
[2024-09-14 22:07:01,759][    INFO] Iters: 840, Total loss: 0.005, Loss x: 0.007, Loss s: 0.003, Mask ratio: 0.987
[2024-09-14 22:08:24,211][    INFO] ***** Evaluation ***** >>>> Unchanged IoU: 98.92, EMA: 98.94
[2024-09-14 22:08:24,211][    INFO] ***** Evaluation ***** >>>> Changed IoU: 81.28: EMA: 81.51
[2024-09-14 22:08:24,211][    INFO] ***** Evaluation ***** >>>> Overall Accuracy: 98.97, EMA: 98.98

[2024-09-14 22:08:25,675][    INFO] ===========> Epoch: 34, LR: 0.0000024, Previous best Changed IoU: 81.43, Overall Accuracy: 98.97 @epoch-31, EMA: Changed IoU: 81.51, Overall Accuracy: 98.98 @epoch-33
[2024-09-14 22:08:26,587][    INFO] Iters: 0, Total loss: 0.007, Loss x: 0.013, Loss s: 0.000, Mask ratio: 0.999
[2024-09-14 22:08:58,155][    INFO] Iters: 105, Total loss: 0.005, Loss x: 0.007, Loss s: 0.003, Mask ratio: 0.988
[2024-09-14 22:09:29,730][    INFO] Iters: 210, Total loss: 0.005, Loss x: 0.007, Loss s: 0.003, Mask ratio: 0.988
[2024-09-14 22:10:01,274][    INFO] Iters: 315, Total loss: 0.005, Loss x: 0.007, Loss s: 0.003, Mask ratio: 0.988
[2024-09-14 22:10:32,782][    INFO] Iters: 420, Total loss: 0.005, Loss x: 0.007, Loss s: 0.003, Mask ratio: 0.988
[2024-09-14 22:11:04,542][    INFO] Iters: 525, Total loss: 0.005, Loss x: 0.007, Loss s: 0.003, Mask ratio: 0.988
[2024-09-14 22:11:36,032][    INFO] Iters: 630, Total loss: 0.005, Loss x: 0.007, Loss s: 0.003, Mask ratio: 0.988
[2024-09-14 22:12:07,550][    INFO] Iters: 735, Total loss: 0.005, Loss x: 0.007, Loss s: 0.003, Mask ratio: 0.988
[2024-09-14 22:12:39,048][    INFO] Iters: 840, Total loss: 0.005, Loss x: 0.007, Loss s: 0.003, Mask ratio: 0.988
[2024-09-14 22:14:01,382][    INFO] ***** Evaluation ***** >>>> Unchanged IoU: 98.92, EMA: 98.94
[2024-09-14 22:14:01,382][    INFO] ***** Evaluation ***** >>>> Changed IoU: 81.43: EMA: 81.52
[2024-09-14 22:14:01,382][    INFO] ***** Evaluation ***** >>>> Overall Accuracy: 98.97, EMA: 98.98

[2024-09-14 22:14:02,802][    INFO] ===========> Epoch: 35, LR: 0.0000023, Previous best Changed IoU: 81.43, Overall Accuracy: 98.97 @epoch-34, EMA: Changed IoU: 81.52, Overall Accuracy: 98.98 @epoch-34
[2024-09-14 22:14:03,726][    INFO] Iters: 0, Total loss: 0.007, Loss x: 0.008, Loss s: 0.006, Mask ratio: 0.987
[2024-09-14 22:14:35,252][    INFO] Iters: 105, Total loss: 0.005, Loss x: 0.006, Loss s: 0.003, Mask ratio: 0.988
[2024-09-14 22:15:06,867][    INFO] Iters: 210, Total loss: 0.005, Loss x: 0.007, Loss s: 0.003, Mask ratio: 0.988
[2024-09-14 22:15:38,875][    INFO] Iters: 315, Total loss: 0.005, Loss x: 0.007, Loss s: 0.003, Mask ratio: 0.988
[2024-09-14 22:16:10,625][    INFO] Iters: 420, Total loss: 0.005, Loss x: 0.007, Loss s: 0.003, Mask ratio: 0.988
[2024-09-14 22:16:42,279][    INFO] Iters: 525, Total loss: 0.005, Loss x: 0.007, Loss s: 0.003, Mask ratio: 0.988
[2024-09-14 22:17:13,784][    INFO] Iters: 630, Total loss: 0.005, Loss x: 0.007, Loss s: 0.003, Mask ratio: 0.988
[2024-09-14 22:17:45,299][    INFO] Iters: 735, Total loss: 0.005, Loss x: 0.007, Loss s: 0.003, Mask ratio: 0.988
[2024-09-14 22:18:17,034][    INFO] Iters: 840, Total loss: 0.005, Loss x: 0.007, Loss s: 0.003, Mask ratio: 0.988
[2024-09-14 22:19:39,311][    INFO] ***** Evaluation ***** >>>> Unchanged IoU: 98.93, EMA: 98.94
[2024-09-14 22:19:39,312][    INFO] ***** Evaluation ***** >>>> Changed IoU: 81.44: EMA: 81.60
[2024-09-14 22:19:39,312][    INFO] ***** Evaluation ***** >>>> Overall Accuracy: 98.97, EMA: 98.99

[2024-09-14 22:19:40,833][    INFO] ===========> Epoch: 36, LR: 0.0000022, Previous best Changed IoU: 81.44, Overall Accuracy: 98.97 @epoch-35, EMA: Changed IoU: 81.60, Overall Accuracy: 98.99 @epoch-35
[2024-09-14 22:19:41,751][    INFO] Iters: 0, Total loss: 0.003, Loss x: 0.005, Loss s: 0.002, Mask ratio: 0.996
[2024-09-14 22:20:13,302][    INFO] Iters: 105, Total loss: 0.005, Loss x: 0.007, Loss s: 0.003, Mask ratio: 0.988
[2024-09-14 22:20:45,230][    INFO] Iters: 210, Total loss: 0.005, Loss x: 0.007, Loss s: 0.003, Mask ratio: 0.988
[2024-09-14 22:21:16,769][    INFO] Iters: 315, Total loss: 0.005, Loss x: 0.007, Loss s: 0.003, Mask ratio: 0.988
[2024-09-14 22:21:48,302][    INFO] Iters: 420, Total loss: 0.005, Loss x: 0.007, Loss s: 0.003, Mask ratio: 0.988
[2024-09-14 22:22:19,913][    INFO] Iters: 525, Total loss: 0.005, Loss x: 0.007, Loss s: 0.003, Mask ratio: 0.988
[2024-09-14 22:22:51,366][    INFO] Iters: 630, Total loss: 0.005, Loss x: 0.007, Loss s: 0.003, Mask ratio: 0.988
[2024-09-14 22:23:22,912][    INFO] Iters: 735, Total loss: 0.005, Loss x: 0.007, Loss s: 0.003, Mask ratio: 0.988
[2024-09-14 22:23:54,480][    INFO] Iters: 840, Total loss: 0.005, Loss x: 0.007, Loss s: 0.003, Mask ratio: 0.988
[2024-09-14 22:25:17,461][    INFO] ***** Evaluation ***** >>>> Unchanged IoU: 98.93, EMA: 98.94
[2024-09-14 22:25:17,461][    INFO] ***** Evaluation ***** >>>> Changed IoU: 81.54: EMA: 81.62
[2024-09-14 22:25:17,461][    INFO] ***** Evaluation ***** >>>> Overall Accuracy: 98.98, EMA: 98.99

[2024-09-14 22:25:19,049][    INFO] ===========> Epoch: 37, LR: 0.0000021, Previous best Changed IoU: 81.54, Overall Accuracy: 98.98 @epoch-36, EMA: Changed IoU: 81.62, Overall Accuracy: 98.99 @epoch-36
[2024-09-14 22:25:19,950][    INFO] Iters: 0, Total loss: 0.004, Loss x: 0.006, Loss s: 0.003, Mask ratio: 0.988
[2024-09-14 22:25:51,538][    INFO] Iters: 105, Total loss: 0.005, Loss x: 0.007, Loss s: 0.003, Mask ratio: 0.988
[2024-09-14 22:26:23,246][    INFO] Iters: 210, Total loss: 0.005, Loss x: 0.007, Loss s: 0.003, Mask ratio: 0.988
[2024-09-14 22:26:54,848][    INFO] Iters: 315, Total loss: 0.005, Loss x: 0.007, Loss s: 0.003, Mask ratio: 0.988
[2024-09-14 22:27:26,505][    INFO] Iters: 420, Total loss: 0.005, Loss x: 0.007, Loss s: 0.003, Mask ratio: 0.988
[2024-09-14 22:27:58,105][    INFO] Iters: 525, Total loss: 0.005, Loss x: 0.007, Loss s: 0.003, Mask ratio: 0.988
[2024-09-14 22:28:29,728][    INFO] Iters: 630, Total loss: 0.005, Loss x: 0.007, Loss s: 0.003, Mask ratio: 0.989
[2024-09-14 22:29:01,360][    INFO] Iters: 735, Total loss: 0.005, Loss x: 0.007, Loss s: 0.003, Mask ratio: 0.989
[2024-09-14 22:29:32,974][    INFO] Iters: 840, Total loss: 0.005, Loss x: 0.007, Loss s: 0.003, Mask ratio: 0.988
[2024-09-14 22:30:52,253][    INFO] ***** Evaluation ***** >>>> Unchanged IoU: 98.94, EMA: 98.94
[2024-09-14 22:30:52,253][    INFO] ***** Evaluation ***** >>>> Changed IoU: 81.49: EMA: 81.58
[2024-09-14 22:30:52,253][    INFO] ***** Evaluation ***** >>>> Overall Accuracy: 98.98, EMA: 98.99

[2024-09-14 22:30:53,364][    INFO] ===========> Epoch: 38, LR: 0.0000020, Previous best Changed IoU: 81.54, Overall Accuracy: 98.98 @epoch-36, EMA: Changed IoU: 81.62, Overall Accuracy: 98.99 @epoch-36
[2024-09-14 22:30:54,167][    INFO] Iters: 0, Total loss: 0.003, Loss x: 0.003, Loss s: 0.003, Mask ratio: 0.994
[2024-09-14 22:31:25,811][    INFO] Iters: 105, Total loss: 0.005, Loss x: 0.007, Loss s: 0.003, Mask ratio: 0.988
[2024-09-14 22:31:57,502][    INFO] Iters: 210, Total loss: 0.005, Loss x: 0.006, Loss s: 0.003, Mask ratio: 0.989
[2024-09-14 22:32:29,025][    INFO] Iters: 315, Total loss: 0.005, Loss x: 0.006, Loss s: 0.003, Mask ratio: 0.989
[2024-09-14 22:33:00,651][    INFO] Iters: 420, Total loss: 0.005, Loss x: 0.006, Loss s: 0.003, Mask ratio: 0.989
[2024-09-14 22:33:32,212][    INFO] Iters: 525, Total loss: 0.005, Loss x: 0.006, Loss s: 0.003, Mask ratio: 0.988
[2024-09-14 22:34:03,791][    INFO] Iters: 630, Total loss: 0.005, Loss x: 0.006, Loss s: 0.003, Mask ratio: 0.989
[2024-09-14 22:34:35,359][    INFO] Iters: 735, Total loss: 0.005, Loss x: 0.006, Loss s: 0.003, Mask ratio: 0.989
[2024-09-14 22:35:06,931][    INFO] Iters: 840, Total loss: 0.005, Loss x: 0.006, Loss s: 0.003, Mask ratio: 0.988
[2024-09-14 22:36:28,934][    INFO] ***** Evaluation ***** >>>> Unchanged IoU: 98.93, EMA: 98.93
[2024-09-14 22:36:28,934][    INFO] ***** Evaluation ***** >>>> Changed IoU: 81.30: EMA: 81.44
[2024-09-14 22:36:28,934][    INFO] ***** Evaluation ***** >>>> Overall Accuracy: 98.98, EMA: 98.98

[2024-09-14 22:36:29,925][    INFO] ===========> Epoch: 39, LR: 0.0000019, Previous best Changed IoU: 81.54, Overall Accuracy: 98.98 @epoch-36, EMA: Changed IoU: 81.62, Overall Accuracy: 98.99 @epoch-36
[2024-09-14 22:36:30,744][    INFO] Iters: 0, Total loss: 0.002, Loss x: 0.002, Loss s: 0.001, Mask ratio: 0.991
[2024-09-14 22:37:02,249][    INFO] Iters: 105, Total loss: 0.004, Loss x: 0.006, Loss s: 0.003, Mask ratio: 0.989
[2024-09-14 22:37:33,727][    INFO] Iters: 210, Total loss: 0.004, Loss x: 0.006, Loss s: 0.003, Mask ratio: 0.989
[2024-09-14 22:38:05,258][    INFO] Iters: 315, Total loss: 0.004, Loss x: 0.006, Loss s: 0.003, Mask ratio: 0.989
[2024-09-14 22:38:36,759][    INFO] Iters: 420, Total loss: 0.004, Loss x: 0.006, Loss s: 0.003, Mask ratio: 0.989
[2024-09-14 22:39:08,280][    INFO] Iters: 525, Total loss: 0.004, Loss x: 0.006, Loss s: 0.003, Mask ratio: 0.989
[2024-09-14 22:39:39,740][    INFO] Iters: 630, Total loss: 0.005, Loss x: 0.006, Loss s: 0.003, Mask ratio: 0.989
[2024-09-14 22:40:11,312][    INFO] Iters: 735, Total loss: 0.005, Loss x: 0.006, Loss s: 0.003, Mask ratio: 0.989
[2024-09-14 22:40:42,879][    INFO] Iters: 840, Total loss: 0.005, Loss x: 0.006, Loss s: 0.003, Mask ratio: 0.989
[2024-09-14 22:42:05,058][    INFO] ***** Evaluation ***** >>>> Unchanged IoU: 98.92, EMA: 98.93
[2024-09-14 22:42:05,058][    INFO] ***** Evaluation ***** >>>> Changed IoU: 81.30: EMA: 81.44
[2024-09-14 22:42:05,058][    INFO] ***** Evaluation ***** >>>> Overall Accuracy: 98.97, EMA: 98.98

[2024-09-14 22:42:05,797][    INFO] ===========> Epoch: 40, LR: 0.0000019, Previous best Changed IoU: 81.54, Overall Accuracy: 98.98 @epoch-36, EMA: Changed IoU: 81.62, Overall Accuracy: 98.99 @epoch-36
[2024-09-14 22:42:06,616][    INFO] Iters: 0, Total loss: 0.002, Loss x: 0.004, Loss s: 0.001, Mask ratio: 0.994
[2024-09-14 22:42:38,131][    INFO] Iters: 105, Total loss: 0.005, Loss x: 0.007, Loss s: 0.003, Mask ratio: 0.989
[2024-09-14 22:43:09,640][    INFO] Iters: 210, Total loss: 0.005, Loss x: 0.006, Loss s: 0.003, Mask ratio: 0.989
[2024-09-14 22:43:41,172][    INFO] Iters: 315, Total loss: 0.005, Loss x: 0.006, Loss s: 0.003, Mask ratio: 0.989
[2024-09-14 22:44:12,671][    INFO] Iters: 420, Total loss: 0.005, Loss x: 0.006, Loss s: 0.003, Mask ratio: 0.989
[2024-09-14 22:44:44,579][    INFO] Iters: 525, Total loss: 0.005, Loss x: 0.006, Loss s: 0.003, Mask ratio: 0.989
[2024-09-14 22:45:16,147][    INFO] Iters: 630, Total loss: 0.005, Loss x: 0.006, Loss s: 0.003, Mask ratio: 0.989
[2024-09-14 22:45:47,681][    INFO] Iters: 735, Total loss: 0.005, Loss x: 0.006, Loss s: 0.003, Mask ratio: 0.989
[2024-09-14 22:46:19,204][    INFO] Iters: 840, Total loss: 0.005, Loss x: 0.006, Loss s: 0.003, Mask ratio: 0.989
[2024-09-14 22:47:40,985][    INFO] ***** Evaluation ***** >>>> Unchanged IoU: 98.92, EMA: 98.93
[2024-09-14 22:47:40,985][    INFO] ***** Evaluation ***** >>>> Changed IoU: 81.23: EMA: 81.35
[2024-09-14 22:47:40,986][    INFO] ***** Evaluation ***** >>>> Overall Accuracy: 98.97, EMA: 98.97

[2024-09-14 22:47:42,093][    INFO] ===========> Epoch: 41, LR: 0.0000018, Previous best Changed IoU: 81.54, Overall Accuracy: 98.98 @epoch-36, EMA: Changed IoU: 81.62, Overall Accuracy: 98.99 @epoch-36
[2024-09-14 22:47:42,919][    INFO] Iters: 0, Total loss: 0.005, Loss x: 0.003, Loss s: 0.006, Mask ratio: 0.978
[2024-09-14 22:48:14,462][    INFO] Iters: 105, Total loss: 0.005, Loss x: 0.007, Loss s: 0.003, Mask ratio: 0.989
[2024-09-14 22:48:46,029][    INFO] Iters: 210, Total loss: 0.005, Loss x: 0.006, Loss s: 0.003, Mask ratio: 0.989
[2024-09-14 22:49:17,516][    INFO] Iters: 315, Total loss: 0.005, Loss x: 0.006, Loss s: 0.003, Mask ratio: 0.989
[2024-09-14 22:49:49,107][    INFO] Iters: 420, Total loss: 0.005, Loss x: 0.006, Loss s: 0.003, Mask ratio: 0.989
[2024-09-14 22:50:20,572][    INFO] Iters: 525, Total loss: 0.005, Loss x: 0.006, Loss s: 0.003, Mask ratio: 0.989
[2024-09-14 22:50:52,023][    INFO] Iters: 630, Total loss: 0.005, Loss x: 0.006, Loss s: 0.003, Mask ratio: 0.989
[2024-09-14 22:51:23,561][    INFO] Iters: 735, Total loss: 0.005, Loss x: 0.006, Loss s: 0.003, Mask ratio: 0.989
[2024-09-14 22:51:55,039][    INFO] Iters: 840, Total loss: 0.005, Loss x: 0.006, Loss s: 0.003, Mask ratio: 0.989
[2024-09-14 22:53:17,126][    INFO] ***** Evaluation ***** >>>> Unchanged IoU: 98.92, EMA: 98.93
[2024-09-14 22:53:17,126][    INFO] ***** Evaluation ***** >>>> Changed IoU: 81.21: EMA: 81.40
[2024-09-14 22:53:17,126][    INFO] ***** Evaluation ***** >>>> Overall Accuracy: 98.97, EMA: 98.98

[2024-09-14 22:53:17,819][    INFO] ===========> Epoch: 42, LR: 0.0000017, Previous best Changed IoU: 81.54, Overall Accuracy: 98.98 @epoch-36, EMA: Changed IoU: 81.62, Overall Accuracy: 98.99 @epoch-36
[2024-09-14 22:53:18,666][    INFO] Iters: 0, Total loss: 0.003, Loss x: 0.003, Loss s: 0.003, Mask ratio: 0.975
[2024-09-14 22:53:50,219][    INFO] Iters: 105, Total loss: 0.005, Loss x: 0.006, Loss s: 0.003, Mask ratio: 0.988
[2024-09-14 22:54:21,967][    INFO] Iters: 210, Total loss: 0.005, Loss x: 0.006, Loss s: 0.003, Mask ratio: 0.989
[2024-09-14 22:54:53,511][    INFO] Iters: 315, Total loss: 0.005, Loss x: 0.006, Loss s: 0.003, Mask ratio: 0.989
[2024-09-14 22:55:25,075][    INFO] Iters: 420, Total loss: 0.005, Loss x: 0.006, Loss s: 0.003, Mask ratio: 0.989
[2024-09-14 22:55:56,824][    INFO] Iters: 525, Total loss: 0.005, Loss x: 0.006, Loss s: 0.003, Mask ratio: 0.989
[2024-09-14 22:56:28,389][    INFO] Iters: 630, Total loss: 0.005, Loss x: 0.006, Loss s: 0.003, Mask ratio: 0.989
[2024-09-14 22:57:00,012][    INFO] Iters: 735, Total loss: 0.005, Loss x: 0.006, Loss s: 0.003, Mask ratio: 0.989
[2024-09-14 22:57:31,581][    INFO] Iters: 840, Total loss: 0.005, Loss x: 0.006, Loss s: 0.003, Mask ratio: 0.989
[2024-09-14 22:58:53,483][    INFO] ***** Evaluation ***** >>>> Unchanged IoU: 98.93, EMA: 98.94
[2024-09-14 22:58:53,483][    INFO] ***** Evaluation ***** >>>> Changed IoU: 81.45: EMA: 81.57
[2024-09-14 22:58:53,483][    INFO] ***** Evaluation ***** >>>> Overall Accuracy: 98.98, EMA: 98.99

[2024-09-14 22:58:54,196][    INFO] ===========> Epoch: 43, LR: 0.0000016, Previous best Changed IoU: 81.54, Overall Accuracy: 98.98 @epoch-36, EMA: Changed IoU: 81.62, Overall Accuracy: 98.99 @epoch-36
[2024-09-14 22:58:55,234][    INFO] Iters: 0, Total loss: 0.004, Loss x: 0.006, Loss s: 0.002, Mask ratio: 0.987
[2024-09-14 22:59:26,794][    INFO] Iters: 105, Total loss: 0.005, Loss x: 0.006, Loss s: 0.003, Mask ratio: 0.989
[2024-09-14 22:59:58,387][    INFO] Iters: 210, Total loss: 0.005, Loss x: 0.006, Loss s: 0.003, Mask ratio: 0.990
[2024-09-14 23:00:30,019][    INFO] Iters: 315, Total loss: 0.005, Loss x: 0.006, Loss s: 0.003, Mask ratio: 0.989
[2024-09-14 23:01:01,590][    INFO] Iters: 420, Total loss: 0.005, Loss x: 0.006, Loss s: 0.003, Mask ratio: 0.989
[2024-09-14 23:01:33,068][    INFO] Iters: 525, Total loss: 0.005, Loss x: 0.006, Loss s: 0.003, Mask ratio: 0.989
[2024-09-14 23:02:04,536][    INFO] Iters: 630, Total loss: 0.005, Loss x: 0.006, Loss s: 0.003, Mask ratio: 0.989
[2024-09-14 23:02:36,132][    INFO] Iters: 735, Total loss: 0.005, Loss x: 0.006, Loss s: 0.003, Mask ratio: 0.989
[2024-09-14 23:03:07,631][    INFO] Iters: 840, Total loss: 0.004, Loss x: 0.006, Loss s: 0.003, Mask ratio: 0.989
[2024-09-14 23:04:26,494][    INFO] ***** Evaluation ***** >>>> Unchanged IoU: 98.93, EMA: 98.94
[2024-09-14 23:04:26,494][    INFO] ***** Evaluation ***** >>>> Changed IoU: 81.30: EMA: 81.53
[2024-09-14 23:04:26,494][    INFO] ***** Evaluation ***** >>>> Overall Accuracy: 98.97, EMA: 98.98

[2024-09-14 23:04:27,144][    INFO] ===========> Epoch: 44, LR: 0.0000015, Previous best Changed IoU: 81.54, Overall Accuracy: 98.98 @epoch-36, EMA: Changed IoU: 81.62, Overall Accuracy: 98.99 @epoch-36
[2024-09-14 23:04:28,028][    INFO] Iters: 0, Total loss: 0.004, Loss x: 0.006, Loss s: 0.001, Mask ratio: 0.996
[2024-09-14 23:04:59,610][    INFO] Iters: 105, Total loss: 0.004, Loss x: 0.005, Loss s: 0.003, Mask ratio: 0.990
[2024-09-14 23:05:31,196][    INFO] Iters: 210, Total loss: 0.004, Loss x: 0.006, Loss s: 0.003, Mask ratio: 0.990
[2024-09-14 23:06:02,826][    INFO] Iters: 315, Total loss: 0.004, Loss x: 0.006, Loss s: 0.003, Mask ratio: 0.989
[2024-09-14 23:06:34,360][    INFO] Iters: 420, Total loss: 0.004, Loss x: 0.006, Loss s: 0.003, Mask ratio: 0.989
[2024-09-14 23:07:05,767][    INFO] Iters: 525, Total loss: 0.004, Loss x: 0.006, Loss s: 0.003, Mask ratio: 0.989
[2024-09-14 23:07:37,167][    INFO] Iters: 630, Total loss: 0.004, Loss x: 0.006, Loss s: 0.003, Mask ratio: 0.990
[2024-09-14 23:08:08,637][    INFO] Iters: 735, Total loss: 0.004, Loss x: 0.006, Loss s: 0.003, Mask ratio: 0.990
[2024-09-14 23:08:40,125][    INFO] Iters: 840, Total loss: 0.004, Loss x: 0.006, Loss s: 0.003, Mask ratio: 0.990
[2024-09-14 23:09:58,280][    INFO] ***** Evaluation ***** >>>> Unchanged IoU: 98.93, EMA: 98.93
[2024-09-14 23:09:58,281][    INFO] ***** Evaluation ***** >>>> Changed IoU: 81.35: EMA: 81.50
[2024-09-14 23:09:58,281][    INFO] ***** Evaluation ***** >>>> Overall Accuracy: 98.97, EMA: 98.98

[2024-09-14 23:09:59,053][    INFO] ===========> Epoch: 45, LR: 0.0000014, Previous best Changed IoU: 81.54, Overall Accuracy: 98.98 @epoch-36, EMA: Changed IoU: 81.62, Overall Accuracy: 98.99 @epoch-36
[2024-09-14 23:09:59,890][    INFO] Iters: 0, Total loss: 0.002, Loss x: 0.003, Loss s: 0.000, Mask ratio: 0.999
[2024-09-14 23:10:31,354][    INFO] Iters: 105, Total loss: 0.005, Loss x: 0.006, Loss s: 0.003, Mask ratio: 0.990
[2024-09-14 23:11:02,821][    INFO] Iters: 210, Total loss: 0.005, Loss x: 0.006, Loss s: 0.003, Mask ratio: 0.989
[2024-09-14 23:11:34,379][    INFO] Iters: 315, Total loss: 0.004, Loss x: 0.006, Loss s: 0.003, Mask ratio: 0.989
[2024-09-14 23:12:05,811][    INFO] Iters: 420, Total loss: 0.004, Loss x: 0.006, Loss s: 0.003, Mask ratio: 0.990
[2024-09-14 23:12:37,416][    INFO] Iters: 525, Total loss: 0.004, Loss x: 0.006, Loss s: 0.003, Mask ratio: 0.990
[2024-09-14 23:13:08,957][    INFO] Iters: 630, Total loss: 0.004, Loss x: 0.006, Loss s: 0.003, Mask ratio: 0.989
[2024-09-14 23:13:40,378][    INFO] Iters: 735, Total loss: 0.004, Loss x: 0.006, Loss s: 0.003, Mask ratio: 0.990
[2024-09-14 23:14:11,863][    INFO] Iters: 840, Total loss: 0.004, Loss x: 0.006, Loss s: 0.003, Mask ratio: 0.990
[2024-09-14 23:15:30,648][    INFO] ***** Evaluation ***** >>>> Unchanged IoU: 98.93, EMA: 98.94
[2024-09-14 23:15:30,648][    INFO] ***** Evaluation ***** >>>> Changed IoU: 81.50: EMA: 81.59
[2024-09-14 23:15:30,648][    INFO] ***** Evaluation ***** >>>> Overall Accuracy: 98.98, EMA: 98.99

[2024-09-14 23:15:31,462][    INFO] ===========> Epoch: 46, LR: 0.0000013, Previous best Changed IoU: 81.54, Overall Accuracy: 98.98 @epoch-36, EMA: Changed IoU: 81.62, Overall Accuracy: 98.99 @epoch-36
[2024-09-14 23:15:32,252][    INFO] Iters: 0, Total loss: 0.003, Loss x: 0.003, Loss s: 0.004, Mask ratio: 0.992
[2024-09-14 23:16:03,807][    INFO] Iters: 105, Total loss: 0.005, Loss x: 0.006, Loss s: 0.003, Mask ratio: 0.989
[2024-09-14 23:16:35,302][    INFO] Iters: 210, Total loss: 0.004, Loss x: 0.006, Loss s: 0.003, Mask ratio: 0.990
[2024-09-14 23:17:06,880][    INFO] Iters: 315, Total loss: 0.004, Loss x: 0.006, Loss s: 0.003, Mask ratio: 0.990
[2024-09-14 23:17:38,359][    INFO] Iters: 420, Total loss: 0.004, Loss x: 0.006, Loss s: 0.003, Mask ratio: 0.990
[2024-09-14 23:18:09,888][    INFO] Iters: 525, Total loss: 0.004, Loss x: 0.006, Loss s: 0.003, Mask ratio: 0.990
[2024-09-14 23:18:41,400][    INFO] Iters: 630, Total loss: 0.004, Loss x: 0.006, Loss s: 0.003, Mask ratio: 0.990
[2024-09-14 23:19:13,071][    INFO] Iters: 735, Total loss: 0.004, Loss x: 0.006, Loss s: 0.003, Mask ratio: 0.990
[2024-09-14 23:19:44,602][    INFO] Iters: 840, Total loss: 0.004, Loss x: 0.006, Loss s: 0.003, Mask ratio: 0.990
[2024-09-14 23:21:02,629][    INFO] ***** Evaluation ***** >>>> Unchanged IoU: 98.97, EMA: 98.95
[2024-09-14 23:21:02,629][    INFO] ***** Evaluation ***** >>>> Changed IoU: 82.06: EMA: 81.66
[2024-09-14 23:21:02,629][    INFO] ***** Evaluation ***** >>>> Overall Accuracy: 99.01, EMA: 98.99

[2024-09-14 23:21:04,004][    INFO] ===========> Epoch: 47, LR: 0.0000013, Previous best Changed IoU: 82.06, Overall Accuracy: 99.01 @epoch-46, EMA: Changed IoU: 81.66, Overall Accuracy: 98.99 @epoch-46
[2024-09-14 23:21:04,895][    INFO] Iters: 0, Total loss: 0.005, Loss x: 0.009, Loss s: 0.001, Mask ratio: 0.993
[2024-09-14 23:21:36,388][    INFO] Iters: 105, Total loss: 0.005, Loss x: 0.006, Loss s: 0.003, Mask ratio: 0.990
[2024-09-14 23:22:07,886][    INFO] Iters: 210, Total loss: 0.005, Loss x: 0.006, Loss s: 0.003, Mask ratio: 0.990
[2024-09-14 23:22:39,331][    INFO] Iters: 315, Total loss: 0.005, Loss x: 0.006, Loss s: 0.003, Mask ratio: 0.990
[2024-09-14 23:23:10,810][    INFO] Iters: 420, Total loss: 0.004, Loss x: 0.006, Loss s: 0.003, Mask ratio: 0.990
[2024-09-14 23:23:42,360][    INFO] Iters: 525, Total loss: 0.004, Loss x: 0.006, Loss s: 0.003, Mask ratio: 0.990
[2024-09-14 23:24:13,980][    INFO] Iters: 630, Total loss: 0.004, Loss x: 0.006, Loss s: 0.003, Mask ratio: 0.990
[2024-09-14 23:24:45,539][    INFO] Iters: 735, Total loss: 0.004, Loss x: 0.006, Loss s: 0.003, Mask ratio: 0.990
[2024-09-14 23:25:17,037][    INFO] Iters: 840, Total loss: 0.004, Loss x: 0.006, Loss s: 0.003, Mask ratio: 0.990
[2024-09-14 23:26:35,306][    INFO] ***** Evaluation ***** >>>> Unchanged IoU: 98.94, EMA: 98.94
[2024-09-14 23:26:35,306][    INFO] ***** Evaluation ***** >>>> Changed IoU: 81.61: EMA: 81.52
[2024-09-14 23:26:35,306][    INFO] ***** Evaluation ***** >>>> Overall Accuracy: 98.99, EMA: 98.98

[2024-09-14 23:26:35,953][    INFO] ===========> Epoch: 48, LR: 0.0000012, Previous best Changed IoU: 82.06, Overall Accuracy: 99.01 @epoch-46, EMA: Changed IoU: 81.66, Overall Accuracy: 98.99 @epoch-46
[2024-09-14 23:26:36,738][    INFO] Iters: 0, Total loss: 0.004, Loss x: 0.006, Loss s: 0.002, Mask ratio: 0.989
[2024-09-14 23:27:08,186][    INFO] Iters: 105, Total loss: 0.004, Loss x: 0.006, Loss s: 0.003, Mask ratio: 0.990
[2024-09-14 23:27:39,674][    INFO] Iters: 210, Total loss: 0.004, Loss x: 0.005, Loss s: 0.003, Mask ratio: 0.990
[2024-09-14 23:28:11,142][    INFO] Iters: 315, Total loss: 0.004, Loss x: 0.005, Loss s: 0.003, Mask ratio: 0.990
[2024-09-14 23:28:42,581][    INFO] Iters: 420, Total loss: 0.004, Loss x: 0.006, Loss s: 0.003, Mask ratio: 0.990
[2024-09-14 23:29:14,113][    INFO] Iters: 525, Total loss: 0.004, Loss x: 0.005, Loss s: 0.003, Mask ratio: 0.990
[2024-09-14 23:29:45,631][    INFO] Iters: 630, Total loss: 0.004, Loss x: 0.006, Loss s: 0.003, Mask ratio: 0.990
[2024-09-14 23:30:17,130][    INFO] Iters: 735, Total loss: 0.004, Loss x: 0.006, Loss s: 0.003, Mask ratio: 0.990
[2024-09-14 23:30:48,661][    INFO] Iters: 840, Total loss: 0.004, Loss x: 0.006, Loss s: 0.003, Mask ratio: 0.990
[2024-09-14 23:32:07,531][    INFO] ***** Evaluation ***** >>>> Unchanged IoU: 98.95, EMA: 98.94
[2024-09-14 23:32:07,531][    INFO] ***** Evaluation ***** >>>> Changed IoU: 81.74: EMA: 81.62
[2024-09-14 23:32:07,531][    INFO] ***** Evaluation ***** >>>> Overall Accuracy: 99.00, EMA: 98.99

[2024-09-14 23:32:08,391][    INFO] ===========> Epoch: 49, LR: 0.0000011, Previous best Changed IoU: 82.06, Overall Accuracy: 99.01 @epoch-46, EMA: Changed IoU: 81.66, Overall Accuracy: 98.99 @epoch-46
[2024-09-14 23:32:09,214][    INFO] Iters: 0, Total loss: 0.007, Loss x: 0.010, Loss s: 0.003, Mask ratio: 0.992
[2024-09-14 23:32:40,636][    INFO] Iters: 105, Total loss: 0.005, Loss x: 0.006, Loss s: 0.003, Mask ratio: 0.989
[2024-09-14 23:33:12,204][    INFO] Iters: 210, Total loss: 0.004, Loss x: 0.006, Loss s: 0.003, Mask ratio: 0.991
[2024-09-14 23:33:43,686][    INFO] Iters: 315, Total loss: 0.004, Loss x: 0.005, Loss s: 0.003, Mask ratio: 0.991
[2024-09-14 23:34:15,156][    INFO] Iters: 420, Total loss: 0.004, Loss x: 0.005, Loss s: 0.003, Mask ratio: 0.990
[2024-09-14 23:34:46,588][    INFO] Iters: 525, Total loss: 0.004, Loss x: 0.006, Loss s: 0.003, Mask ratio: 0.990
[2024-09-14 23:35:18,075][    INFO] Iters: 630, Total loss: 0.004, Loss x: 0.006, Loss s: 0.003, Mask ratio: 0.990
[2024-09-14 23:35:49,481][    INFO] Iters: 735, Total loss: 0.004, Loss x: 0.006, Loss s: 0.003, Mask ratio: 0.990
[2024-09-14 23:36:21,012][    INFO] Iters: 840, Total loss: 0.004, Loss x: 0.006, Loss s: 0.003, Mask ratio: 0.990
[2024-09-14 23:37:39,298][    INFO] ***** Evaluation ***** >>>> Unchanged IoU: 98.94, EMA: 98.94
[2024-09-14 23:37:39,298][    INFO] ***** Evaluation ***** >>>> Changed IoU: 81.61: EMA: 81.63
[2024-09-14 23:37:39,298][    INFO] ***** Evaluation ***** >>>> Overall Accuracy: 98.99, EMA: 98.99

[2024-09-14 23:37:40,058][    INFO] ===========> Epoch: 50, LR: 0.0000010, Previous best Changed IoU: 82.06, Overall Accuracy: 99.01 @epoch-46, EMA: Changed IoU: 81.66, Overall Accuracy: 98.99 @epoch-46
[2024-09-14 23:37:40,890][    INFO] Iters: 0, Total loss: 0.008, Loss x: 0.011, Loss s: 0.005, Mask ratio: 0.985
[2024-09-14 23:38:12,364][    INFO] Iters: 105, Total loss: 0.004, Loss x: 0.006, Loss s: 0.003, Mask ratio: 0.989
[2024-09-14 23:38:43,935][    INFO] Iters: 210, Total loss: 0.004, Loss x: 0.005, Loss s: 0.003, Mask ratio: 0.990
[2024-09-14 23:39:15,437][    INFO] Iters: 315, Total loss: 0.004, Loss x: 0.005, Loss s: 0.003, Mask ratio: 0.990
[2024-09-14 23:39:46,839][    INFO] Iters: 420, Total loss: 0.004, Loss x: 0.005, Loss s: 0.003, Mask ratio: 0.990
[2024-09-14 23:40:18,467][    INFO] Iters: 525, Total loss: 0.004, Loss x: 0.005, Loss s: 0.003, Mask ratio: 0.990
[2024-09-14 23:40:49,973][    INFO] Iters: 630, Total loss: 0.004, Loss x: 0.005, Loss s: 0.003, Mask ratio: 0.990
[2024-09-14 23:41:21,397][    INFO] Iters: 735, Total loss: 0.004, Loss x: 0.005, Loss s: 0.003, Mask ratio: 0.990
[2024-09-14 23:41:52,759][    INFO] Iters: 840, Total loss: 0.004, Loss x: 0.005, Loss s: 0.003, Mask ratio: 0.990
[2024-09-14 23:43:11,441][    INFO] ***** Evaluation ***** >>>> Unchanged IoU: 98.95, EMA: 98.95
[2024-09-14 23:43:11,441][    INFO] ***** Evaluation ***** >>>> Changed IoU: 81.77: EMA: 81.70
[2024-09-14 23:43:11,441][    INFO] ***** Evaluation ***** >>>> Overall Accuracy: 99.00, EMA: 98.99

[2024-09-14 23:43:12,709][    INFO] ===========> Epoch: 51, LR: 0.0000009, Previous best Changed IoU: 82.06, Overall Accuracy: 99.01 @epoch-46, EMA: Changed IoU: 81.70, Overall Accuracy: 98.99 @epoch-50
[2024-09-14 23:43:13,605][    INFO] Iters: 0, Total loss: 0.002, Loss x: 0.003, Loss s: 0.001, Mask ratio: 0.995
[2024-09-14 23:43:45,062][    INFO] Iters: 105, Total loss: 0.004, Loss x: 0.005, Loss s: 0.003, Mask ratio: 0.990
[2024-09-14 23:44:16,424][    INFO] Iters: 210, Total loss: 0.004, Loss x: 0.006, Loss s: 0.003, Mask ratio: 0.991
[2024-09-14 23:44:47,888][    INFO] Iters: 315, Total loss: 0.004, Loss x: 0.006, Loss s: 0.003, Mask ratio: 0.991
[2024-09-14 23:45:19,308][    INFO] Iters: 420, Total loss: 0.004, Loss x: 0.005, Loss s: 0.003, Mask ratio: 0.991
[2024-09-14 23:45:50,671][    INFO] Iters: 525, Total loss: 0.004, Loss x: 0.005, Loss s: 0.003, Mask ratio: 0.991
[2024-09-14 23:46:22,062][    INFO] Iters: 630, Total loss: 0.004, Loss x: 0.005, Loss s: 0.003, Mask ratio: 0.991
[2024-09-14 23:46:53,458][    INFO] Iters: 735, Total loss: 0.004, Loss x: 0.006, Loss s: 0.003, Mask ratio: 0.991
[2024-09-14 23:47:24,852][    INFO] Iters: 840, Total loss: 0.004, Loss x: 0.005, Loss s: 0.003, Mask ratio: 0.991
[2024-09-14 23:48:43,178][    INFO] ***** Evaluation ***** >>>> Unchanged IoU: 98.95, EMA: 98.94
[2024-09-14 23:48:43,178][    INFO] ***** Evaluation ***** >>>> Changed IoU: 81.82: EMA: 81.66
[2024-09-14 23:48:43,178][    INFO] ***** Evaluation ***** >>>> Overall Accuracy: 99.00, EMA: 98.99

[2024-09-14 23:48:43,792][    INFO] ===========> Epoch: 52, LR: 0.0000008, Previous best Changed IoU: 82.06, Overall Accuracy: 99.01 @epoch-46, EMA: Changed IoU: 81.70, Overall Accuracy: 98.99 @epoch-50
[2024-09-14 23:48:44,586][    INFO] Iters: 0, Total loss: 0.006, Loss x: 0.006, Loss s: 0.006, Mask ratio: 0.986
[2024-09-14 23:49:16,104][    INFO] Iters: 105, Total loss: 0.004, Loss x: 0.005, Loss s: 0.003, Mask ratio: 0.991
[2024-09-14 23:49:47,626][    INFO] Iters: 210, Total loss: 0.004, Loss x: 0.005, Loss s: 0.003, Mask ratio: 0.990
[2024-09-14 23:50:19,143][    INFO] Iters: 315, Total loss: 0.004, Loss x: 0.006, Loss s: 0.003, Mask ratio: 0.991
[2024-09-14 23:50:50,646][    INFO] Iters: 420, Total loss: 0.004, Loss x: 0.005, Loss s: 0.003, Mask ratio: 0.991
[2024-09-14 23:51:21,994][    INFO] Iters: 525, Total loss: 0.004, Loss x: 0.005, Loss s: 0.003, Mask ratio: 0.991
[2024-09-14 23:51:53,414][    INFO] Iters: 630, Total loss: 0.004, Loss x: 0.005, Loss s: 0.003, Mask ratio: 0.991
[2024-09-14 23:52:24,720][    INFO] Iters: 735, Total loss: 0.004, Loss x: 0.005, Loss s: 0.003, Mask ratio: 0.991
[2024-09-14 23:52:56,038][    INFO] Iters: 840, Total loss: 0.004, Loss x: 0.005, Loss s: 0.003, Mask ratio: 0.991
[2024-09-14 23:54:14,879][    INFO] ***** Evaluation ***** >>>> Unchanged IoU: 98.94, EMA: 98.95
[2024-09-14 23:54:14,880][    INFO] ***** Evaluation ***** >>>> Changed IoU: 81.60: EMA: 81.66
[2024-09-14 23:54:14,880][    INFO] ***** Evaluation ***** >>>> Overall Accuracy: 98.99, EMA: 98.99

[2024-09-14 23:54:15,629][    INFO] ===========> Epoch: 53, LR: 0.0000007, Previous best Changed IoU: 82.06, Overall Accuracy: 99.01 @epoch-46, EMA: Changed IoU: 81.70, Overall Accuracy: 98.99 @epoch-50
[2024-09-14 23:54:16,431][    INFO] Iters: 0, Total loss: 0.005, Loss x: 0.006, Loss s: 0.003, Mask ratio: 0.989
[2024-09-14 23:54:47,891][    INFO] Iters: 105, Total loss: 0.004, Loss x: 0.005, Loss s: 0.003, Mask ratio: 0.991
[2024-09-14 23:55:19,321][    INFO] Iters: 210, Total loss: 0.004, Loss x: 0.005, Loss s: 0.003, Mask ratio: 0.991
[2024-09-14 23:55:50,667][    INFO] Iters: 315, Total loss: 0.004, Loss x: 0.005, Loss s: 0.003, Mask ratio: 0.991
[2024-09-14 23:56:22,049][    INFO] Iters: 420, Total loss: 0.004, Loss x: 0.005, Loss s: 0.003, Mask ratio: 0.991
[2024-09-14 23:56:53,404][    INFO] Iters: 525, Total loss: 0.004, Loss x: 0.005, Loss s: 0.003, Mask ratio: 0.991
[2024-09-14 23:57:24,981][    INFO] Iters: 630, Total loss: 0.004, Loss x: 0.005, Loss s: 0.003, Mask ratio: 0.991
[2024-09-14 23:57:56,361][    INFO] Iters: 735, Total loss: 0.004, Loss x: 0.005, Loss s: 0.003, Mask ratio: 0.991
[2024-09-14 23:58:27,795][    INFO] Iters: 840, Total loss: 0.004, Loss x: 0.005, Loss s: 0.003, Mask ratio: 0.991
[2024-09-14 23:59:45,618][    INFO] ***** Evaluation ***** >>>> Unchanged IoU: 98.94, EMA: 98.95
[2024-09-14 23:59:45,619][    INFO] ***** Evaluation ***** >>>> Changed IoU: 81.54: EMA: 81.65
[2024-09-14 23:59:45,619][    INFO] ***** Evaluation ***** >>>> Overall Accuracy: 98.99, EMA: 98.99

[2024-09-14 23:59:46,273][    INFO] ===========> Epoch: 54, LR: 0.0000006, Previous best Changed IoU: 82.06, Overall Accuracy: 99.01 @epoch-46, EMA: Changed IoU: 81.70, Overall Accuracy: 98.99 @epoch-50
[2024-09-14 23:59:47,070][    INFO] Iters: 0, Total loss: 0.006, Loss x: 0.009, Loss s: 0.004, Mask ratio: 0.988
[2024-09-15 00:00:18,492][    INFO] Iters: 105, Total loss: 0.004, Loss x: 0.005, Loss s: 0.003, Mask ratio: 0.991
[2024-09-15 00:00:49,996][    INFO] Iters: 210, Total loss: 0.004, Loss x: 0.005, Loss s: 0.003, Mask ratio: 0.991
[2024-09-15 00:01:21,335][    INFO] Iters: 315, Total loss: 0.004, Loss x: 0.005, Loss s: 0.003, Mask ratio: 0.991
[2024-09-15 00:01:52,712][    INFO] Iters: 420, Total loss: 0.004, Loss x: 0.005, Loss s: 0.003, Mask ratio: 0.991
[2024-09-15 00:02:24,202][    INFO] Iters: 525, Total loss: 0.004, Loss x: 0.005, Loss s: 0.003, Mask ratio: 0.991
[2024-09-15 00:02:55,557][    INFO] Iters: 630, Total loss: 0.004, Loss x: 0.005, Loss s: 0.003, Mask ratio: 0.991
[2024-09-15 00:03:26,926][    INFO] Iters: 735, Total loss: 0.004, Loss x: 0.005, Loss s: 0.003, Mask ratio: 0.991
[2024-09-15 00:03:58,342][    INFO] Iters: 840, Total loss: 0.004, Loss x: 0.005, Loss s: 0.003, Mask ratio: 0.991
[2024-09-15 00:05:16,470][    INFO] ***** Evaluation ***** >>>> Unchanged IoU: 98.95, EMA: 98.95
[2024-09-15 00:05:16,470][    INFO] ***** Evaluation ***** >>>> Changed IoU: 81.74: EMA: 81.72
[2024-09-15 00:05:16,470][    INFO] ***** Evaluation ***** >>>> Overall Accuracy: 99.00, EMA: 99.00

[2024-09-15 00:05:17,893][    INFO] ===========> Epoch: 55, LR: 0.0000005, Previous best Changed IoU: 82.06, Overall Accuracy: 99.01 @epoch-46, EMA: Changed IoU: 81.72, Overall Accuracy: 99.00 @epoch-54
[2024-09-15 00:05:18,776][    INFO] Iters: 0, Total loss: 0.001, Loss x: 0.003, Loss s: 0.000, Mask ratio: 1.000
[2024-09-15 00:05:50,272][    INFO] Iters: 105, Total loss: 0.004, Loss x: 0.005, Loss s: 0.003, Mask ratio: 0.991
[2024-09-15 00:06:21,776][    INFO] Iters: 210, Total loss: 0.004, Loss x: 0.005, Loss s: 0.003, Mask ratio: 0.991
[2024-09-15 00:06:53,298][    INFO] Iters: 315, Total loss: 0.004, Loss x: 0.005, Loss s: 0.003, Mask ratio: 0.991
[2024-09-15 00:07:24,905][    INFO] Iters: 420, Total loss: 0.004, Loss x: 0.005, Loss s: 0.003, Mask ratio: 0.991
[2024-09-15 00:07:56,403][    INFO] Iters: 525, Total loss: 0.004, Loss x: 0.005, Loss s: 0.003, Mask ratio: 0.991
[2024-09-15 00:08:27,917][    INFO] Iters: 630, Total loss: 0.004, Loss x: 0.005, Loss s: 0.003, Mask ratio: 0.991
[2024-09-15 00:08:59,484][    INFO] Iters: 735, Total loss: 0.004, Loss x: 0.005, Loss s: 0.003, Mask ratio: 0.991
[2024-09-15 00:09:30,933][    INFO] Iters: 840, Total loss: 0.004, Loss x: 0.005, Loss s: 0.003, Mask ratio: 0.991
[2024-09-15 00:10:53,312][    INFO] ***** Evaluation ***** >>>> Unchanged IoU: 98.94, EMA: 98.95
[2024-09-15 00:10:53,312][    INFO] ***** Evaluation ***** >>>> Changed IoU: 81.62: EMA: 81.67
[2024-09-15 00:10:53,312][    INFO] ***** Evaluation ***** >>>> Overall Accuracy: 98.99, EMA: 98.99

[2024-09-15 00:10:53,956][    INFO] ===========> Epoch: 56, LR: 0.0000004, Previous best Changed IoU: 82.06, Overall Accuracy: 99.01 @epoch-46, EMA: Changed IoU: 81.72, Overall Accuracy: 99.00 @epoch-54
[2024-09-15 00:10:54,886][    INFO] Iters: 0, Total loss: 0.007, Loss x: 0.010, Loss s: 0.005, Mask ratio: 0.989
[2024-09-15 00:11:26,696][    INFO] Iters: 105, Total loss: 0.004, Loss x: 0.006, Loss s: 0.003, Mask ratio: 0.992
[2024-09-15 00:11:58,588][    INFO] Iters: 210, Total loss: 0.004, Loss x: 0.005, Loss s: 0.003, Mask ratio: 0.991
[2024-09-15 00:12:30,215][    INFO] Iters: 315, Total loss: 0.004, Loss x: 0.005, Loss s: 0.003, Mask ratio: 0.991
[2024-09-15 00:13:01,733][    INFO] Iters: 420, Total loss: 0.004, Loss x: 0.005, Loss s: 0.003, Mask ratio: 0.991
[2024-09-15 00:13:33,187][    INFO] Iters: 525, Total loss: 0.004, Loss x: 0.005, Loss s: 0.003, Mask ratio: 0.991
[2024-09-15 00:14:04,623][    INFO] Iters: 630, Total loss: 0.004, Loss x: 0.005, Loss s: 0.003, Mask ratio: 0.991
[2024-09-15 00:14:36,190][    INFO] Iters: 735, Total loss: 0.004, Loss x: 0.005, Loss s: 0.003, Mask ratio: 0.991
[2024-09-15 00:15:07,848][    INFO] Iters: 840, Total loss: 0.004, Loss x: 0.005, Loss s: 0.003, Mask ratio: 0.991
[2024-09-15 00:16:26,016][    INFO] ***** Evaluation ***** >>>> Unchanged IoU: 98.95, EMA: 98.95
[2024-09-15 00:16:26,016][    INFO] ***** Evaluation ***** >>>> Changed IoU: 81.87: EMA: 81.72
[2024-09-15 00:16:26,016][    INFO] ***** Evaluation ***** >>>> Overall Accuracy: 99.00, EMA: 99.00

[2024-09-15 00:16:27,345][    INFO] ===========> Epoch: 57, LR: 0.0000003, Previous best Changed IoU: 82.06, Overall Accuracy: 99.01 @epoch-46, EMA: Changed IoU: 81.72, Overall Accuracy: 99.00 @epoch-56
[2024-09-15 00:16:28,236][    INFO] Iters: 0, Total loss: 0.006, Loss x: 0.006, Loss s: 0.007, Mask ratio: 0.985
[2024-09-15 00:16:59,610][    INFO] Iters: 105, Total loss: 0.004, Loss x: 0.005, Loss s: 0.003, Mask ratio: 0.991
[2024-09-15 00:17:31,153][    INFO] Iters: 210, Total loss: 0.004, Loss x: 0.005, Loss s: 0.003, Mask ratio: 0.991
[2024-09-15 00:18:02,696][    INFO] Iters: 315, Total loss: 0.004, Loss x: 0.005, Loss s: 0.003, Mask ratio: 0.991
[2024-09-15 00:18:34,218][    INFO] Iters: 420, Total loss: 0.004, Loss x: 0.005, Loss s: 0.003, Mask ratio: 0.991
[2024-09-15 00:19:05,708][    INFO] Iters: 525, Total loss: 0.004, Loss x: 0.005, Loss s: 0.003, Mask ratio: 0.991
[2024-09-15 00:19:37,121][    INFO] Iters: 630, Total loss: 0.004, Loss x: 0.005, Loss s: 0.003, Mask ratio: 0.991
[2024-09-15 00:20:08,591][    INFO] Iters: 735, Total loss: 0.004, Loss x: 0.005, Loss s: 0.003, Mask ratio: 0.991
[2024-09-15 00:20:40,120][    INFO] Iters: 840, Total loss: 0.004, Loss x: 0.005, Loss s: 0.003, Mask ratio: 0.991
[2024-09-15 00:21:58,779][    INFO] ***** Evaluation ***** >>>> Unchanged IoU: 98.95, EMA: 98.95
[2024-09-15 00:21:58,779][    INFO] ***** Evaluation ***** >>>> Changed IoU: 81.68: EMA: 81.67
[2024-09-15 00:21:58,779][    INFO] ***** Evaluation ***** >>>> Overall Accuracy: 98.99, EMA: 98.99

[2024-09-15 00:21:59,806][    INFO] ===========> Epoch: 58, LR: 0.0000002, Previous best Changed IoU: 82.06, Overall Accuracy: 99.01 @epoch-46, EMA: Changed IoU: 81.72, Overall Accuracy: 99.00 @epoch-56
[2024-09-15 00:22:00,613][    INFO] Iters: 0, Total loss: 0.004, Loss x: 0.006, Loss s: 0.003, Mask ratio: 0.992
[2024-09-15 00:22:32,129][    INFO] Iters: 105, Total loss: 0.004, Loss x: 0.005, Loss s: 0.003, Mask ratio: 0.991
[2024-09-15 00:23:03,628][    INFO] Iters: 210, Total loss: 0.004, Loss x: 0.005, Loss s: 0.003, Mask ratio: 0.991
[2024-09-15 00:23:35,190][    INFO] Iters: 315, Total loss: 0.004, Loss x: 0.005, Loss s: 0.003, Mask ratio: 0.991
[2024-09-15 00:24:06,766][    INFO] Iters: 420, Total loss: 0.004, Loss x: 0.005, Loss s: 0.003, Mask ratio: 0.991
[2024-09-15 00:24:38,341][    INFO] Iters: 525, Total loss: 0.004, Loss x: 0.005, Loss s: 0.003, Mask ratio: 0.991
[2024-09-15 00:25:09,990][    INFO] Iters: 630, Total loss: 0.004, Loss x: 0.005, Loss s: 0.003, Mask ratio: 0.991
[2024-09-15 00:25:41,549][    INFO] Iters: 735, Total loss: 0.004, Loss x: 0.005, Loss s: 0.003, Mask ratio: 0.991
[2024-09-15 00:26:13,051][    INFO] Iters: 840, Total loss: 0.004, Loss x: 0.005, Loss s: 0.003, Mask ratio: 0.991
[2024-09-15 00:27:32,252][    INFO] ***** Evaluation ***** >>>> Unchanged IoU: 98.95, EMA: 98.94
[2024-09-15 00:27:32,252][    INFO] ***** Evaluation ***** >>>> Changed IoU: 81.71: EMA: 81.61
[2024-09-15 00:27:32,252][    INFO] ***** Evaluation ***** >>>> Overall Accuracy: 98.99, EMA: 98.99

[2024-09-15 00:27:32,969][    INFO] ===========> Epoch: 59, LR: 0.0000001, Previous best Changed IoU: 82.06, Overall Accuracy: 99.01 @epoch-46, EMA: Changed IoU: 81.72, Overall Accuracy: 99.00 @epoch-56
[2024-09-15 00:27:33,815][    INFO] Iters: 0, Total loss: 0.004, Loss x: 0.002, Loss s: 0.006, Mask ratio: 0.988
[2024-09-15 00:28:05,286][    INFO] Iters: 105, Total loss: 0.004, Loss x: 0.005, Loss s: 0.003, Mask ratio: 0.991
[2024-09-15 00:28:36,742][    INFO] Iters: 210, Total loss: 0.004, Loss x: 0.005, Loss s: 0.003, Mask ratio: 0.991
[2024-09-15 00:29:08,329][    INFO] Iters: 315, Total loss: 0.004, Loss x: 0.005, Loss s: 0.003, Mask ratio: 0.991
[2024-09-15 00:29:39,897][    INFO] Iters: 420, Total loss: 0.004, Loss x: 0.005, Loss s: 0.003, Mask ratio: 0.991
[2024-09-15 00:30:11,404][    INFO] Iters: 525, Total loss: 0.004, Loss x: 0.005, Loss s: 0.003, Mask ratio: 0.991
[2024-09-15 00:30:42,969][    INFO] Iters: 630, Total loss: 0.004, Loss x: 0.005, Loss s: 0.003, Mask ratio: 0.991
[2024-09-15 00:31:14,548][    INFO] Iters: 735, Total loss: 0.004, Loss x: 0.005, Loss s: 0.003, Mask ratio: 0.991
[2024-09-15 00:31:46,099][    INFO] Iters: 840, Total loss: 0.004, Loss x: 0.005, Loss s: 0.003, Mask ratio: 0.991
[2024-09-15 00:33:05,340][    INFO] ***** Evaluation ***** >>>> Unchanged IoU: 98.95, EMA: 98.95
[2024-09-15 00:33:05,340][    INFO] ***** Evaluation ***** >>>> Changed IoU: 81.72: EMA: 81.72
[2024-09-15 00:33:05,340][    INFO] ***** Evaluation ***** >>>> Overall Accuracy: 99.00, EMA: 99.00

