[2024-09-14 15:36:41,826][    INFO] {'backbone': 'dinov2_base',
 'batch_size': 8,
 'conf_thresh': 0.95,
 'config': 'configs/whu.yaml',
 'crop_size': 252,
 'data_root': '/home/bingxing2/lihe/data/WHU-CD',
 'dataset': 'whu',
 'epochs': 60,
 'labeled_id_path': 'splits/whu/40%/labeled.txt',
 'local_rank': 0,
 'lock_backbone': False,
 'lr': 5e-06,
 'lr_multi': 40.0,
 'model': 'dpt',
 'nclass': 2,
 'ngpus': 1,
 'port': 25870,
 'save_path': 'exp/whu/unimatch_v2/dinov2_base/40%',
 'unlabeled_id_path': 'splits/whu/40%/unlabeled.txt'}

[2024-09-14 15:36:46,994][    INFO] Total params: 97.5M

[2024-09-14 15:36:47,657][    INFO] ===========> Epoch: 0, LR: 0.0000050, Previous best Changed IoU: 0.00, Overall Accuracy: 0.00 @epoch-0, EMA: Changed IoU: 0.00, Overall Accuracy: 0.00 @epoch-0
[2024-09-14 15:36:54,924][    INFO] Iters: 0, Total loss: 0.365, Loss x: 0.731, Loss s: 0.000, Mask ratio: 0.000
[2024-09-14 15:37:39,351][    INFO] Iters: 55, Total loss: 0.102, Loss x: 0.192, Loss s: 0.013, Mask ratio: 0.789
[2024-09-14 15:38:23,777][    INFO] Iters: 110, Total loss: 0.084, Loss x: 0.150, Loss s: 0.017, Mask ratio: 0.851
[2024-09-14 15:39:08,211][    INFO] Iters: 165, Total loss: 0.074, Loss x: 0.131, Loss s: 0.016, Mask ratio: 0.874
[2024-09-14 15:39:52,541][    INFO] Iters: 220, Total loss: 0.070, Loss x: 0.121, Loss s: 0.019, Mask ratio: 0.886
[2024-09-14 15:40:36,974][    INFO] Iters: 275, Total loss: 0.067, Loss x: 0.116, Loss s: 0.017, Mask ratio: 0.894
[2024-09-14 15:41:21,392][    INFO] Iters: 330, Total loss: 0.062, Loss x: 0.108, Loss s: 0.016, Mask ratio: 0.896
[2024-09-14 15:42:05,778][    INFO] Iters: 385, Total loss: 0.058, Loss x: 0.101, Loss s: 0.015, Mask ratio: 0.903
[2024-09-14 15:42:50,494][    INFO] Iters: 440, Total loss: 0.056, Loss x: 0.096, Loss s: 0.015, Mask ratio: 0.906
[2024-09-14 15:43:26,064][    INFO] ***** Evaluation ***** >>>> Unchanged IoU: 97.46, EMA: 97.31
[2024-09-14 15:43:26,064][    INFO] ***** Evaluation ***** >>>> Changed IoU: 37.99: EMA: 36.10
[2024-09-14 15:43:26,064][    INFO] ***** Evaluation ***** >>>> Overall Accuracy: 97.50, EMA: 97.35

[2024-09-14 15:43:29,487][    INFO] ===========> Epoch: 1, LR: 0.0000049, Previous best Changed IoU: 37.99, Overall Accuracy: 97.50 @epoch-0, EMA: Changed IoU: 36.10, Overall Accuracy: 97.35 @epoch-0
[2024-09-14 15:43:30,888][    INFO] Iters: 0, Total loss: 0.014, Loss x: 0.027, Loss s: 0.001, Mask ratio: 0.958
[2024-09-14 15:44:15,546][    INFO] Iters: 55, Total loss: 0.031, Loss x: 0.043, Loss s: 0.019, Mask ratio: 0.939
[2024-09-14 15:45:00,171][    INFO] Iters: 110, Total loss: 0.032, Loss x: 0.048, Loss s: 0.016, Mask ratio: 0.940
[2024-09-14 15:45:44,867][    INFO] Iters: 165, Total loss: 0.030, Loss x: 0.044, Loss s: 0.015, Mask ratio: 0.943
[2024-09-14 15:46:29,448][    INFO] Iters: 220, Total loss: 0.029, Loss x: 0.044, Loss s: 0.014, Mask ratio: 0.940
[2024-09-14 15:47:14,101][    INFO] Iters: 275, Total loss: 0.028, Loss x: 0.043, Loss s: 0.014, Mask ratio: 0.944
[2024-09-14 15:47:58,730][    INFO] Iters: 330, Total loss: 0.027, Loss x: 0.041, Loss s: 0.013, Mask ratio: 0.947
[2024-09-14 15:48:43,314][    INFO] Iters: 385, Total loss: 0.026, Loss x: 0.039, Loss s: 0.013, Mask ratio: 0.948
[2024-09-14 15:49:27,887][    INFO] Iters: 440, Total loss: 0.025, Loss x: 0.038, Loss s: 0.013, Mask ratio: 0.949
[2024-09-14 15:50:03,443][    INFO] ***** Evaluation ***** >>>> Unchanged IoU: 98.94, EMA: 98.67
[2024-09-14 15:50:03,443][    INFO] ***** Evaluation ***** >>>> Changed IoU: 75.93: EMA: 71.99
[2024-09-14 15:50:03,443][    INFO] ***** Evaluation ***** >>>> Overall Accuracy: 98.97, EMA: 98.71

[2024-09-14 15:50:06,959][    INFO] ===========> Epoch: 2, LR: 0.0000048, Previous best Changed IoU: 75.93, Overall Accuracy: 98.97 @epoch-1, EMA: Changed IoU: 71.99, Overall Accuracy: 98.71 @epoch-1
[2024-09-14 15:50:08,622][    INFO] Iters: 0, Total loss: 0.026, Loss x: 0.051, Loss s: 0.002, Mask ratio: 0.971
[2024-09-14 15:50:53,215][    INFO] Iters: 55, Total loss: 0.016, Loss x: 0.020, Loss s: 0.011, Mask ratio: 0.966
[2024-09-14 15:51:37,806][    INFO] Iters: 110, Total loss: 0.017, Loss x: 0.022, Loss s: 0.011, Mask ratio: 0.966
[2024-09-14 15:52:22,369][    INFO] Iters: 165, Total loss: 0.016, Loss x: 0.022, Loss s: 0.011, Mask ratio: 0.966
[2024-09-14 15:53:06,941][    INFO] Iters: 220, Total loss: 0.016, Loss x: 0.022, Loss s: 0.010, Mask ratio: 0.967
[2024-09-14 15:53:51,493][    INFO] Iters: 275, Total loss: 0.016, Loss x: 0.022, Loss s: 0.010, Mask ratio: 0.967
[2024-09-14 15:54:36,043][    INFO] Iters: 330, Total loss: 0.016, Loss x: 0.022, Loss s: 0.010, Mask ratio: 0.968
[2024-09-14 15:55:20,596][    INFO] Iters: 385, Total loss: 0.016, Loss x: 0.022, Loss s: 0.010, Mask ratio: 0.968
[2024-09-14 15:56:05,098][    INFO] Iters: 440, Total loss: 0.016, Loss x: 0.022, Loss s: 0.010, Mask ratio: 0.967
[2024-09-14 15:56:48,288][    INFO] ***** Evaluation ***** >>>> Unchanged IoU: 98.93, EMA: 99.00
[2024-09-14 15:56:48,288][    INFO] ***** Evaluation ***** >>>> Changed IoU: 77.43: EMA: 78.71
[2024-09-14 15:56:48,289][    INFO] ***** Evaluation ***** >>>> Overall Accuracy: 98.97, EMA: 99.04

[2024-09-14 15:56:52,036][    INFO] ===========> Epoch: 3, LR: 0.0000048, Previous best Changed IoU: 77.43, Overall Accuracy: 98.97 @epoch-2, EMA: Changed IoU: 78.71, Overall Accuracy: 99.04 @epoch-2
[2024-09-14 15:56:53,462][    INFO] Iters: 0, Total loss: 0.008, Loss x: 0.006, Loss s: 0.010, Mask ratio: 0.940
[2024-09-14 15:57:37,961][    INFO] Iters: 55, Total loss: 0.011, Loss x: 0.015, Loss s: 0.006, Mask ratio: 0.973
[2024-09-14 15:58:22,452][    INFO] Iters: 110, Total loss: 0.012, Loss x: 0.018, Loss s: 0.007, Mask ratio: 0.973
[2024-09-14 15:59:06,956][    INFO] Iters: 165, Total loss: 0.012, Loss x: 0.017, Loss s: 0.007, Mask ratio: 0.973
[2024-09-14 15:59:51,458][    INFO] Iters: 220, Total loss: 0.013, Loss x: 0.019, Loss s: 0.008, Mask ratio: 0.971
[2024-09-14 16:00:35,941][    INFO] Iters: 275, Total loss: 0.014, Loss x: 0.019, Loss s: 0.008, Mask ratio: 0.970
[2024-09-14 16:01:20,420][    INFO] Iters: 330, Total loss: 0.014, Loss x: 0.019, Loss s: 0.009, Mask ratio: 0.970
[2024-09-14 16:02:04,880][    INFO] Iters: 385, Total loss: 0.014, Loss x: 0.019, Loss s: 0.009, Mask ratio: 0.971
[2024-09-14 16:02:49,362][    INFO] Iters: 440, Total loss: 0.014, Loss x: 0.018, Loss s: 0.009, Mask ratio: 0.971
[2024-09-14 16:03:24,958][    INFO] ***** Evaluation ***** >>>> Unchanged IoU: 99.10, EMA: 99.11
[2024-09-14 16:03:24,958][    INFO] ***** Evaluation ***** >>>> Changed IoU: 80.00: EMA: 80.48
[2024-09-14 16:03:24,958][    INFO] ***** Evaluation ***** >>>> Overall Accuracy: 99.13, EMA: 99.14

[2024-09-14 16:03:28,411][    INFO] ===========> Epoch: 4, LR: 0.0000047, Previous best Changed IoU: 80.00, Overall Accuracy: 99.13 @epoch-3, EMA: Changed IoU: 80.48, Overall Accuracy: 99.14 @epoch-3
[2024-09-14 16:03:29,857][    INFO] Iters: 0, Total loss: 0.010, Loss x: 0.020, Loss s: 0.001, Mask ratio: 0.996
[2024-09-14 16:04:14,379][    INFO] Iters: 55, Total loss: 0.012, Loss x: 0.015, Loss s: 0.009, Mask ratio: 0.977
[2024-09-14 16:04:58,907][    INFO] Iters: 110, Total loss: 0.012, Loss x: 0.017, Loss s: 0.007, Mask ratio: 0.974
[2024-09-14 16:05:43,428][    INFO] Iters: 165, Total loss: 0.013, Loss x: 0.018, Loss s: 0.008, Mask ratio: 0.973
[2024-09-14 16:06:28,000][    INFO] Iters: 220, Total loss: 0.012, Loss x: 0.017, Loss s: 0.007, Mask ratio: 0.974
[2024-09-14 16:07:12,546][    INFO] Iters: 275, Total loss: 0.012, Loss x: 0.016, Loss s: 0.007, Mask ratio: 0.975
[2024-09-14 16:07:57,101][    INFO] Iters: 330, Total loss: 0.011, Loss x: 0.016, Loss s: 0.007, Mask ratio: 0.974
[2024-09-14 16:08:41,665][    INFO] Iters: 385, Total loss: 0.012, Loss x: 0.016, Loss s: 0.008, Mask ratio: 0.973
[2024-09-14 16:09:26,253][    INFO] Iters: 440, Total loss: 0.013, Loss x: 0.017, Loss s: 0.008, Mask ratio: 0.973
[2024-09-14 16:10:02,386][    INFO] ***** Evaluation ***** >>>> Unchanged IoU: 98.87, EMA: 99.15
[2024-09-14 16:10:02,386][    INFO] ***** Evaluation ***** >>>> Changed IoU: 75.63: EMA: 81.45
[2024-09-14 16:10:02,387][    INFO] ***** Evaluation ***** >>>> Overall Accuracy: 98.91, EMA: 99.18

[2024-09-14 16:10:06,445][    INFO] ===========> Epoch: 5, LR: 0.0000046, Previous best Changed IoU: 80.00, Overall Accuracy: 99.13 @epoch-3, EMA: Changed IoU: 81.45, Overall Accuracy: 99.18 @epoch-4
[2024-09-14 16:10:07,919][    INFO] Iters: 0, Total loss: 0.006, Loss x: 0.003, Loss s: 0.009, Mask ratio: 0.928
[2024-09-14 16:10:52,446][    INFO] Iters: 55, Total loss: 0.017, Loss x: 0.027, Loss s: 0.007, Mask ratio: 0.965
[2024-09-14 16:11:36,963][    INFO] Iters: 110, Total loss: 0.014, Loss x: 0.020, Loss s: 0.007, Mask ratio: 0.970
[2024-09-14 16:12:21,504][    INFO] Iters: 165, Total loss: 0.012, Loss x: 0.018, Loss s: 0.007, Mask ratio: 0.972
[2024-09-14 16:13:06,077][    INFO] Iters: 220, Total loss: 0.012, Loss x: 0.017, Loss s: 0.007, Mask ratio: 0.974
[2024-09-14 16:13:50,643][    INFO] Iters: 275, Total loss: 0.012, Loss x: 0.016, Loss s: 0.007, Mask ratio: 0.973
[2024-09-14 16:14:35,223][    INFO] Iters: 330, Total loss: 0.012, Loss x: 0.016, Loss s: 0.008, Mask ratio: 0.974
[2024-09-14 16:15:19,797][    INFO] Iters: 385, Total loss: 0.012, Loss x: 0.016, Loss s: 0.008, Mask ratio: 0.974
[2024-09-14 16:16:04,356][    INFO] Iters: 440, Total loss: 0.012, Loss x: 0.016, Loss s: 0.008, Mask ratio: 0.974
[2024-09-14 16:16:39,955][    INFO] ***** Evaluation ***** >>>> Unchanged IoU: 98.72, EMA: 99.18
[2024-09-14 16:16:39,955][    INFO] ***** Evaluation ***** >>>> Changed IoU: 74.81: EMA: 82.06
[2024-09-14 16:16:39,955][    INFO] ***** Evaluation ***** >>>> Overall Accuracy: 98.76, EMA: 99.21

[2024-09-14 16:16:43,594][    INFO] ===========> Epoch: 6, LR: 0.0000045, Previous best Changed IoU: 80.00, Overall Accuracy: 99.13 @epoch-3, EMA: Changed IoU: 82.06, Overall Accuracy: 99.21 @epoch-5
[2024-09-14 16:16:45,056][    INFO] Iters: 0, Total loss: 0.013, Loss x: 0.021, Loss s: 0.004, Mask ratio: 0.987
[2024-09-14 16:17:29,645][    INFO] Iters: 55, Total loss: 0.014, Loss x: 0.017, Loss s: 0.011, Mask ratio: 0.967
[2024-09-14 16:18:14,233][    INFO] Iters: 110, Total loss: 0.012, Loss x: 0.016, Loss s: 0.009, Mask ratio: 0.974
[2024-09-14 16:18:58,884][    INFO] Iters: 165, Total loss: 0.011, Loss x: 0.015, Loss s: 0.007, Mask ratio: 0.976
[2024-09-14 16:19:43,517][    INFO] Iters: 220, Total loss: 0.010, Loss x: 0.014, Loss s: 0.007, Mask ratio: 0.976
[2024-09-14 16:20:28,076][    INFO] Iters: 275, Total loss: 0.012, Loss x: 0.015, Loss s: 0.009, Mask ratio: 0.974
[2024-09-14 16:21:12,659][    INFO] Iters: 330, Total loss: 0.013, Loss x: 0.015, Loss s: 0.010, Mask ratio: 0.974
[2024-09-14 16:21:57,233][    INFO] Iters: 385, Total loss: 0.013, Loss x: 0.016, Loss s: 0.010, Mask ratio: 0.974
[2024-09-14 16:22:41,835][    INFO] Iters: 440, Total loss: 0.013, Loss x: 0.016, Loss s: 0.010, Mask ratio: 0.974
[2024-09-14 16:23:17,001][    INFO] ***** Evaluation ***** >>>> Unchanged IoU: 99.16, EMA: 99.17
[2024-09-14 16:23:17,001][    INFO] ***** Evaluation ***** >>>> Changed IoU: 81.05: EMA: 81.91
[2024-09-14 16:23:17,001][    INFO] ***** Evaluation ***** >>>> Overall Accuracy: 99.19, EMA: 99.20

[2024-09-14 16:23:18,782][    INFO] ===========> Epoch: 7, LR: 0.0000045, Previous best Changed IoU: 81.05, Overall Accuracy: 99.19 @epoch-6, EMA: Changed IoU: 82.06, Overall Accuracy: 99.21 @epoch-5
[2024-09-14 16:23:20,245][    INFO] Iters: 0, Total loss: 0.010, Loss x: 0.002, Loss s: 0.018, Mask ratio: 0.977
[2024-09-14 16:24:04,913][    INFO] Iters: 55, Total loss: 0.009, Loss x: 0.013, Loss s: 0.006, Mask ratio: 0.977
[2024-09-14 16:24:49,500][    INFO] Iters: 110, Total loss: 0.011, Loss x: 0.015, Loss s: 0.006, Mask ratio: 0.978
[2024-09-14 16:25:34,052][    INFO] Iters: 165, Total loss: 0.010, Loss x: 0.015, Loss s: 0.006, Mask ratio: 0.978
[2024-09-14 16:26:18,568][    INFO] Iters: 220, Total loss: 0.011, Loss x: 0.014, Loss s: 0.007, Mask ratio: 0.977
[2024-09-14 16:27:03,137][    INFO] Iters: 275, Total loss: 0.011, Loss x: 0.014, Loss s: 0.007, Mask ratio: 0.976
[2024-09-14 16:27:47,695][    INFO] Iters: 330, Total loss: 0.011, Loss x: 0.014, Loss s: 0.007, Mask ratio: 0.976
[2024-09-14 16:28:32,264][    INFO] Iters: 385, Total loss: 0.011, Loss x: 0.014, Loss s: 0.008, Mask ratio: 0.976
[2024-09-14 16:29:16,827][    INFO] Iters: 440, Total loss: 0.010, Loss x: 0.014, Loss s: 0.007, Mask ratio: 0.977
[2024-09-14 16:29:52,355][    INFO] ***** Evaluation ***** >>>> Unchanged IoU: 99.15, EMA: 99.23
[2024-09-14 16:29:52,355][    INFO] ***** Evaluation ***** >>>> Changed IoU: 81.81: EMA: 82.97
[2024-09-14 16:29:52,355][    INFO] ***** Evaluation ***** >>>> Overall Accuracy: 99.18, EMA: 99.26

[2024-09-14 16:29:56,009][    INFO] ===========> Epoch: 8, LR: 0.0000044, Previous best Changed IoU: 81.81, Overall Accuracy: 99.18 @epoch-7, EMA: Changed IoU: 82.97, Overall Accuracy: 99.26 @epoch-7
[2024-09-14 16:29:57,447][    INFO] Iters: 0, Total loss: 0.002, Loss x: 0.001, Loss s: 0.003, Mask ratio: 0.982
[2024-09-14 16:30:42,038][    INFO] Iters: 55, Total loss: 0.009, Loss x: 0.012, Loss s: 0.006, Mask ratio: 0.982
[2024-09-14 16:31:26,602][    INFO] Iters: 110, Total loss: 0.008, Loss x: 0.011, Loss s: 0.006, Mask ratio: 0.981
[2024-09-14 16:32:11,151][    INFO] Iters: 165, Total loss: 0.009, Loss x: 0.011, Loss s: 0.006, Mask ratio: 0.980
[2024-09-14 16:32:55,716][    INFO] Iters: 220, Total loss: 0.008, Loss x: 0.011, Loss s: 0.006, Mask ratio: 0.980
[2024-09-14 16:33:40,223][    INFO] Iters: 275, Total loss: 0.009, Loss x: 0.010, Loss s: 0.007, Mask ratio: 0.980
[2024-09-14 16:34:24,789][    INFO] Iters: 330, Total loss: 0.010, Loss x: 0.012, Loss s: 0.008, Mask ratio: 0.979
[2024-09-14 16:35:09,327][    INFO] Iters: 385, Total loss: 0.010, Loss x: 0.012, Loss s: 0.008, Mask ratio: 0.978
[2024-09-14 16:35:53,891][    INFO] Iters: 440, Total loss: 0.010, Loss x: 0.012, Loss s: 0.008, Mask ratio: 0.978
[2024-09-14 16:36:29,493][    INFO] ***** Evaluation ***** >>>> Unchanged IoU: 99.12, EMA: 99.25
[2024-09-14 16:36:29,493][    INFO] ***** Evaluation ***** >>>> Changed IoU: 81.33: EMA: 83.42
[2024-09-14 16:36:29,493][    INFO] ***** Evaluation ***** >>>> Overall Accuracy: 99.15, EMA: 99.28

[2024-09-14 16:36:33,340][    INFO] ===========> Epoch: 9, LR: 0.0000043, Previous best Changed IoU: 81.81, Overall Accuracy: 99.18 @epoch-7, EMA: Changed IoU: 83.42, Overall Accuracy: 99.28 @epoch-8
[2024-09-14 16:36:34,802][    INFO] Iters: 0, Total loss: 0.007, Loss x: 0.014, Loss s: 0.000, Mask ratio: 1.000
[2024-09-14 16:37:19,351][    INFO] Iters: 55, Total loss: 0.008, Loss x: 0.010, Loss s: 0.007, Mask ratio: 0.977
[2024-09-14 16:38:03,921][    INFO] Iters: 110, Total loss: 0.009, Loss x: 0.010, Loss s: 0.008, Mask ratio: 0.977
[2024-09-14 16:38:48,506][    INFO] Iters: 165, Total loss: 0.009, Loss x: 0.011, Loss s: 0.007, Mask ratio: 0.979
[2024-09-14 16:39:33,045][    INFO] Iters: 220, Total loss: 0.008, Loss x: 0.010, Loss s: 0.006, Mask ratio: 0.980
[2024-09-14 16:40:17,604][    INFO] Iters: 275, Total loss: 0.008, Loss x: 0.010, Loss s: 0.006, Mask ratio: 0.980
[2024-09-14 16:41:02,170][    INFO] Iters: 330, Total loss: 0.008, Loss x: 0.010, Loss s: 0.006, Mask ratio: 0.981
[2024-09-14 16:41:46,742][    INFO] Iters: 385, Total loss: 0.008, Loss x: 0.010, Loss s: 0.006, Mask ratio: 0.981
[2024-09-14 16:42:31,326][    INFO] Iters: 440, Total loss: 0.008, Loss x: 0.010, Loss s: 0.006, Mask ratio: 0.982
[2024-09-14 16:43:06,360][    INFO] ***** Evaluation ***** >>>> Unchanged IoU: 99.28, EMA: 99.31
[2024-09-14 16:43:06,361][    INFO] ***** Evaluation ***** >>>> Changed IoU: 83.75: EMA: 84.55
[2024-09-14 16:43:06,361][    INFO] ***** Evaluation ***** >>>> Overall Accuracy: 99.31, EMA: 99.33

[2024-09-14 16:43:09,902][    INFO] ===========> Epoch: 10, LR: 0.0000042, Previous best Changed IoU: 83.75, Overall Accuracy: 99.31 @epoch-9, EMA: Changed IoU: 84.55, Overall Accuracy: 99.33 @epoch-9
[2024-09-14 16:43:11,343][    INFO] Iters: 0, Total loss: 0.007, Loss x: 0.010, Loss s: 0.004, Mask ratio: 0.974
[2024-09-14 16:43:55,930][    INFO] Iters: 55, Total loss: 0.007, Loss x: 0.010, Loss s: 0.004, Mask ratio: 0.984
[2024-09-14 16:44:40,477][    INFO] Iters: 110, Total loss: 0.007, Loss x: 0.009, Loss s: 0.005, Mask ratio: 0.985
[2024-09-14 16:45:25,047][    INFO] Iters: 165, Total loss: 0.008, Loss x: 0.010, Loss s: 0.005, Mask ratio: 0.983
[2024-09-14 16:46:09,639][    INFO] Iters: 220, Total loss: 0.008, Loss x: 0.010, Loss s: 0.005, Mask ratio: 0.983
[2024-09-14 16:46:54,184][    INFO] Iters: 275, Total loss: 0.008, Loss x: 0.010, Loss s: 0.005, Mask ratio: 0.982
[2024-09-14 16:47:38,755][    INFO] Iters: 330, Total loss: 0.007, Loss x: 0.010, Loss s: 0.005, Mask ratio: 0.983
[2024-09-14 16:48:23,336][    INFO] Iters: 385, Total loss: 0.007, Loss x: 0.010, Loss s: 0.005, Mask ratio: 0.982
[2024-09-14 16:49:07,890][    INFO] Iters: 440, Total loss: 0.008, Loss x: 0.010, Loss s: 0.006, Mask ratio: 0.981
[2024-09-14 16:49:43,675][    INFO] ***** Evaluation ***** >>>> Unchanged IoU: 99.21, EMA: 99.31
[2024-09-14 16:49:43,675][    INFO] ***** Evaluation ***** >>>> Changed IoU: 82.63: EMA: 84.56
[2024-09-14 16:49:43,675][    INFO] ***** Evaluation ***** >>>> Overall Accuracy: 99.24, EMA: 99.33

[2024-09-14 16:49:47,744][    INFO] ===========> Epoch: 11, LR: 0.0000042, Previous best Changed IoU: 83.75, Overall Accuracy: 99.31 @epoch-9, EMA: Changed IoU: 84.56, Overall Accuracy: 99.33 @epoch-10
[2024-09-14 16:49:49,178][    INFO] Iters: 0, Total loss: 0.003, Loss x: 0.001, Loss s: 0.006, Mask ratio: 0.952
[2024-09-14 16:50:33,671][    INFO] Iters: 55, Total loss: 0.010, Loss x: 0.013, Loss s: 0.008, Mask ratio: 0.974
[2024-09-14 16:51:18,312][    INFO] Iters: 110, Total loss: 0.009, Loss x: 0.011, Loss s: 0.007, Mask ratio: 0.976
[2024-09-14 16:52:02,779][    INFO] Iters: 165, Total loss: 0.009, Loss x: 0.011, Loss s: 0.007, Mask ratio: 0.979
[2024-09-14 16:52:47,274][    INFO] Iters: 220, Total loss: 0.008, Loss x: 0.010, Loss s: 0.006, Mask ratio: 0.980
[2024-09-14 16:53:31,772][    INFO] Iters: 275, Total loss: 0.008, Loss x: 0.010, Loss s: 0.006, Mask ratio: 0.981
[2024-09-14 16:54:16,282][    INFO] Iters: 330, Total loss: 0.008, Loss x: 0.010, Loss s: 0.006, Mask ratio: 0.981
[2024-09-14 16:55:00,785][    INFO] Iters: 385, Total loss: 0.007, Loss x: 0.009, Loss s: 0.006, Mask ratio: 0.982
[2024-09-14 16:55:45,299][    INFO] Iters: 440, Total loss: 0.007, Loss x: 0.009, Loss s: 0.005, Mask ratio: 0.982
[2024-09-14 16:56:20,732][    INFO] ***** Evaluation ***** >>>> Unchanged IoU: 99.31, EMA: 99.29
[2024-09-14 16:56:20,732][    INFO] ***** Evaluation ***** >>>> Changed IoU: 84.49: EMA: 84.28
[2024-09-14 16:56:20,732][    INFO] ***** Evaluation ***** >>>> Overall Accuracy: 99.34, EMA: 99.32

[2024-09-14 16:56:22,563][    INFO] ===========> Epoch: 12, LR: 0.0000041, Previous best Changed IoU: 84.49, Overall Accuracy: 99.34 @epoch-11, EMA: Changed IoU: 84.56, Overall Accuracy: 99.33 @epoch-10
[2024-09-14 16:56:24,014][    INFO] Iters: 0, Total loss: 0.004, Loss x: 0.003, Loss s: 0.006, Mask ratio: 0.983
[2024-09-14 16:57:08,522][    INFO] Iters: 55, Total loss: 0.006, Loss x: 0.007, Loss s: 0.005, Mask ratio: 0.983
[2024-09-14 16:57:53,007][    INFO] Iters: 110, Total loss: 0.009, Loss x: 0.009, Loss s: 0.008, Mask ratio: 0.982
[2024-09-14 16:58:37,478][    INFO] Iters: 165, Total loss: 0.009, Loss x: 0.010, Loss s: 0.007, Mask ratio: 0.982
[2024-09-14 16:59:21,965][    INFO] Iters: 220, Total loss: 0.008, Loss x: 0.009, Loss s: 0.007, Mask ratio: 0.982
[2024-09-14 17:00:06,479][    INFO] Iters: 275, Total loss: 0.008, Loss x: 0.009, Loss s: 0.007, Mask ratio: 0.983
[2024-09-14 17:00:50,979][    INFO] Iters: 330, Total loss: 0.008, Loss x: 0.009, Loss s: 0.007, Mask ratio: 0.983
[2024-09-14 17:01:35,473][    INFO] Iters: 385, Total loss: 0.008, Loss x: 0.009, Loss s: 0.006, Mask ratio: 0.983
[2024-09-14 17:02:19,976][    INFO] Iters: 440, Total loss: 0.008, Loss x: 0.009, Loss s: 0.006, Mask ratio: 0.983
[2024-09-14 17:02:55,601][    INFO] ***** Evaluation ***** >>>> Unchanged IoU: 99.33, EMA: 99.30
[2024-09-14 17:02:55,601][    INFO] ***** Evaluation ***** >>>> Changed IoU: 84.87: EMA: 84.45
[2024-09-14 17:02:55,601][    INFO] ***** Evaluation ***** >>>> Overall Accuracy: 99.35, EMA: 99.32

[2024-09-14 17:02:57,355][    INFO] ===========> Epoch: 13, LR: 0.0000040, Previous best Changed IoU: 84.87, Overall Accuracy: 99.35 @epoch-12, EMA: Changed IoU: 84.56, Overall Accuracy: 99.33 @epoch-10
[2024-09-14 17:02:58,796][    INFO] Iters: 0, Total loss: 0.004, Loss x: 0.005, Loss s: 0.004, Mask ratio: 0.983
[2024-09-14 17:03:43,302][    INFO] Iters: 55, Total loss: 0.006, Loss x: 0.008, Loss s: 0.005, Mask ratio: 0.982
[2024-09-14 17:04:27,818][    INFO] Iters: 110, Total loss: 0.008, Loss x: 0.008, Loss s: 0.008, Mask ratio: 0.982
[2024-09-14 17:05:12,302][    INFO] Iters: 165, Total loss: 0.008, Loss x: 0.008, Loss s: 0.007, Mask ratio: 0.983
[2024-09-14 17:05:56,781][    INFO] Iters: 220, Total loss: 0.007, Loss x: 0.008, Loss s: 0.006, Mask ratio: 0.983
[2024-09-14 17:06:41,293][    INFO] Iters: 275, Total loss: 0.007, Loss x: 0.008, Loss s: 0.006, Mask ratio: 0.984
[2024-09-14 17:07:25,813][    INFO] Iters: 330, Total loss: 0.007, Loss x: 0.008, Loss s: 0.006, Mask ratio: 0.984
[2024-09-14 17:08:10,326][    INFO] Iters: 385, Total loss: 0.007, Loss x: 0.008, Loss s: 0.006, Mask ratio: 0.984
[2024-09-14 17:08:54,826][    INFO] Iters: 440, Total loss: 0.007, Loss x: 0.008, Loss s: 0.006, Mask ratio: 0.984
[2024-09-14 17:09:30,521][    INFO] ***** Evaluation ***** >>>> Unchanged IoU: 99.35, EMA: 99.32
[2024-09-14 17:09:30,522][    INFO] ***** Evaluation ***** >>>> Changed IoU: 85.19: EMA: 84.82
[2024-09-14 17:09:30,522][    INFO] ***** Evaluation ***** >>>> Overall Accuracy: 99.38, EMA: 99.34

[2024-09-14 17:09:33,984][    INFO] ===========> Epoch: 14, LR: 0.0000039, Previous best Changed IoU: 85.19, Overall Accuracy: 99.38 @epoch-13, EMA: Changed IoU: 84.82, Overall Accuracy: 99.34 @epoch-13
[2024-09-14 17:09:35,372][    INFO] Iters: 0, Total loss: 0.010, Loss x: 0.018, Loss s: 0.002, Mask ratio: 0.997
[2024-09-14 17:10:19,895][    INFO] Iters: 55, Total loss: 0.006, Loss x: 0.007, Loss s: 0.005, Mask ratio: 0.984
[2024-09-14 17:11:04,392][    INFO] Iters: 110, Total loss: 0.006, Loss x: 0.007, Loss s: 0.006, Mask ratio: 0.983
[2024-09-14 17:11:48,877][    INFO] Iters: 165, Total loss: 0.007, Loss x: 0.007, Loss s: 0.006, Mask ratio: 0.984
[2024-09-14 17:12:33,344][    INFO] Iters: 220, Total loss: 0.006, Loss x: 0.007, Loss s: 0.005, Mask ratio: 0.985
[2024-09-14 17:13:17,795][    INFO] Iters: 275, Total loss: 0.007, Loss x: 0.007, Loss s: 0.006, Mask ratio: 0.985
[2024-09-14 17:14:02,233][    INFO] Iters: 330, Total loss: 0.008, Loss x: 0.010, Loss s: 0.006, Mask ratio: 0.982
[2024-09-14 17:14:46,719][    INFO] Iters: 385, Total loss: 0.016, Loss x: 0.023, Loss s: 0.009, Mask ratio: 0.980
[2024-09-14 17:15:31,216][    INFO] Iters: 440, Total loss: 0.015, Loss x: 0.023, Loss s: 0.008, Mask ratio: 0.980
[2024-09-14 17:16:06,739][    INFO] ***** Evaluation ***** >>>> Unchanged IoU: 98.90, EMA: 99.23
[2024-09-14 17:16:06,739][    INFO] ***** Evaluation ***** >>>> Changed IoU: 77.30: EMA: 83.27
[2024-09-14 17:16:06,739][    INFO] ***** Evaluation ***** >>>> Overall Accuracy: 98.94, EMA: 99.25

[2024-09-14 17:16:08,528][    INFO] ===========> Epoch: 15, LR: 0.0000039, Previous best Changed IoU: 85.19, Overall Accuracy: 99.38 @epoch-13, EMA: Changed IoU: 84.82, Overall Accuracy: 99.34 @epoch-13
[2024-09-14 17:16:10,000][    INFO] Iters: 0, Total loss: 0.006, Loss x: 0.011, Loss s: 0.000, Mask ratio: 1.000
[2024-09-14 17:16:54,540][    INFO] Iters: 55, Total loss: 0.009, Loss x: 0.012, Loss s: 0.007, Mask ratio: 0.980
[2024-09-14 17:17:39,098][    INFO] Iters: 110, Total loss: 0.009, Loss x: 0.012, Loss s: 0.006, Mask ratio: 0.981
[2024-09-14 17:18:23,613][    INFO] Iters: 165, Total loss: 0.008, Loss x: 0.011, Loss s: 0.006, Mask ratio: 0.982
[2024-09-14 17:19:08,183][    INFO] Iters: 220, Total loss: 0.008, Loss x: 0.010, Loss s: 0.006, Mask ratio: 0.982
[2024-09-14 17:19:52,744][    INFO] Iters: 275, Total loss: 0.008, Loss x: 0.010, Loss s: 0.006, Mask ratio: 0.982
[2024-09-14 17:20:37,333][    INFO] Iters: 330, Total loss: 0.008, Loss x: 0.010, Loss s: 0.005, Mask ratio: 0.983
[2024-09-14 17:21:23,114][    INFO] Iters: 385, Total loss: 0.007, Loss x: 0.009, Loss s: 0.005, Mask ratio: 0.983
[2024-09-14 17:22:07,776][    INFO] Iters: 440, Total loss: 0.007, Loss x: 0.009, Loss s: 0.005, Mask ratio: 0.983
[2024-09-14 17:22:43,554][    INFO] ***** Evaluation ***** >>>> Unchanged IoU: 99.33, EMA: 99.29
[2024-09-14 17:22:43,554][    INFO] ***** Evaluation ***** >>>> Changed IoU: 84.95: EMA: 84.34
[2024-09-14 17:22:43,554][    INFO] ***** Evaluation ***** >>>> Overall Accuracy: 99.35, EMA: 99.32

[2024-09-14 17:22:45,434][    INFO] ===========> Epoch: 16, LR: 0.0000038, Previous best Changed IoU: 85.19, Overall Accuracy: 99.38 @epoch-13, EMA: Changed IoU: 84.82, Overall Accuracy: 99.34 @epoch-13
[2024-09-14 17:22:46,874][    INFO] Iters: 0, Total loss: 0.007, Loss x: 0.010, Loss s: 0.004, Mask ratio: 0.993
[2024-09-14 17:23:31,473][    INFO] Iters: 55, Total loss: 0.006, Loss x: 0.007, Loss s: 0.006, Mask ratio: 0.988
[2024-09-14 17:24:16,082][    INFO] Iters: 110, Total loss: 0.007, Loss x: 0.008, Loss s: 0.006, Mask ratio: 0.985
[2024-09-14 17:25:00,671][    INFO] Iters: 165, Total loss: 0.007, Loss x: 0.008, Loss s: 0.006, Mask ratio: 0.985
[2024-09-14 17:25:45,240][    INFO] Iters: 220, Total loss: 0.007, Loss x: 0.008, Loss s: 0.005, Mask ratio: 0.985
[2024-09-14 17:26:29,763][    INFO] Iters: 275, Total loss: 0.007, Loss x: 0.008, Loss s: 0.006, Mask ratio: 0.985
[2024-09-14 17:27:14,284][    INFO] Iters: 330, Total loss: 0.006, Loss x: 0.007, Loss s: 0.005, Mask ratio: 0.985
[2024-09-14 17:27:58,802][    INFO] Iters: 385, Total loss: 0.006, Loss x: 0.007, Loss s: 0.005, Mask ratio: 0.985
[2024-09-14 17:28:43,377][    INFO] Iters: 440, Total loss: 0.006, Loss x: 0.008, Loss s: 0.005, Mask ratio: 0.986
[2024-09-14 17:29:18,998][    INFO] ***** Evaluation ***** >>>> Unchanged IoU: 99.32, EMA: 99.34
[2024-09-14 17:29:18,999][    INFO] ***** Evaluation ***** >>>> Changed IoU: 84.77: EMA: 85.26
[2024-09-14 17:29:18,999][    INFO] ***** Evaluation ***** >>>> Overall Accuracy: 99.34, EMA: 99.37

[2024-09-14 17:29:22,613][    INFO] ===========> Epoch: 17, LR: 0.0000037, Previous best Changed IoU: 85.19, Overall Accuracy: 99.38 @epoch-13, EMA: Changed IoU: 85.26, Overall Accuracy: 99.37 @epoch-16
[2024-09-14 17:29:24,041][    INFO] Iters: 0, Total loss: 0.000, Loss x: 0.000, Loss s: 0.000, Mask ratio: 1.000
[2024-09-14 17:30:08,651][    INFO] Iters: 55, Total loss: 0.006, Loss x: 0.007, Loss s: 0.004, Mask ratio: 0.987
[2024-09-14 17:30:53,633][    INFO] Iters: 110, Total loss: 0.005, Loss x: 0.007, Loss s: 0.004, Mask ratio: 0.988
[2024-09-14 17:31:38,211][    INFO] Iters: 165, Total loss: 0.006, Loss x: 0.007, Loss s: 0.004, Mask ratio: 0.987
[2024-09-14 17:32:22,793][    INFO] Iters: 220, Total loss: 0.006, Loss x: 0.007, Loss s: 0.004, Mask ratio: 0.987
[2024-09-14 17:33:07,367][    INFO] Iters: 275, Total loss: 0.006, Loss x: 0.007, Loss s: 0.004, Mask ratio: 0.987
[2024-09-14 17:33:51,930][    INFO] Iters: 330, Total loss: 0.006, Loss x: 0.007, Loss s: 0.005, Mask ratio: 0.987
[2024-09-14 17:34:36,469][    INFO] Iters: 385, Total loss: 0.006, Loss x: 0.007, Loss s: 0.005, Mask ratio: 0.987
[2024-09-14 17:35:21,041][    INFO] Iters: 440, Total loss: 0.006, Loss x: 0.007, Loss s: 0.005, Mask ratio: 0.987
[2024-09-14 17:35:56,746][    INFO] ***** Evaluation ***** >>>> Unchanged IoU: 99.33, EMA: 99.35
[2024-09-14 17:35:56,746][    INFO] ***** Evaluation ***** >>>> Changed IoU: 85.07: EMA: 85.43
[2024-09-14 17:35:56,746][    INFO] ***** Evaluation ***** >>>> Overall Accuracy: 99.36, EMA: 99.37

[2024-09-14 17:36:00,233][    INFO] ===========> Epoch: 18, LR: 0.0000036, Previous best Changed IoU: 85.19, Overall Accuracy: 99.38 @epoch-13, EMA: Changed IoU: 85.43, Overall Accuracy: 99.37 @epoch-17
[2024-09-14 17:36:01,706][    INFO] Iters: 0, Total loss: 0.003, Loss x: 0.003, Loss s: 0.002, Mask ratio: 0.981
[2024-09-14 17:36:46,280][    INFO] Iters: 55, Total loss: 0.005, Loss x: 0.006, Loss s: 0.004, Mask ratio: 0.987
[2024-09-14 17:37:30,849][    INFO] Iters: 110, Total loss: 0.005, Loss x: 0.006, Loss s: 0.004, Mask ratio: 0.988
[2024-09-14 17:38:15,410][    INFO] Iters: 165, Total loss: 0.005, Loss x: 0.006, Loss s: 0.003, Mask ratio: 0.988
[2024-09-14 17:38:59,928][    INFO] Iters: 220, Total loss: 0.005, Loss x: 0.006, Loss s: 0.003, Mask ratio: 0.989
[2024-09-14 17:39:44,464][    INFO] Iters: 275, Total loss: 0.005, Loss x: 0.006, Loss s: 0.004, Mask ratio: 0.988
[2024-09-14 17:40:29,029][    INFO] Iters: 330, Total loss: 0.005, Loss x: 0.006, Loss s: 0.004, Mask ratio: 0.988
[2024-09-14 17:41:13,590][    INFO] Iters: 385, Total loss: 0.005, Loss x: 0.006, Loss s: 0.004, Mask ratio: 0.988
[2024-09-14 17:41:58,129][    INFO] Iters: 440, Total loss: 0.005, Loss x: 0.006, Loss s: 0.004, Mask ratio: 0.988
[2024-09-14 17:42:33,611][    INFO] ***** Evaluation ***** >>>> Unchanged IoU: 99.31, EMA: 99.36
[2024-09-14 17:42:33,611][    INFO] ***** Evaluation ***** >>>> Changed IoU: 84.56: EMA: 85.72
[2024-09-14 17:42:33,611][    INFO] ***** Evaluation ***** >>>> Overall Accuracy: 99.33, EMA: 99.39

[2024-09-14 17:42:37,191][    INFO] ===========> Epoch: 19, LR: 0.0000035, Previous best Changed IoU: 85.19, Overall Accuracy: 99.38 @epoch-13, EMA: Changed IoU: 85.72, Overall Accuracy: 99.39 @epoch-18
[2024-09-14 17:42:38,649][    INFO] Iters: 0, Total loss: 0.001, Loss x: 0.000, Loss s: 0.002, Mask ratio: 0.981
[2024-09-14 17:43:23,172][    INFO] Iters: 55, Total loss: 0.008, Loss x: 0.008, Loss s: 0.008, Mask ratio: 0.986
[2024-09-14 17:44:07,725][    INFO] Iters: 110, Total loss: 0.007, Loss x: 0.008, Loss s: 0.007, Mask ratio: 0.987
[2024-09-14 17:44:52,247][    INFO] Iters: 165, Total loss: 0.006, Loss x: 0.007, Loss s: 0.006, Mask ratio: 0.987
[2024-09-14 17:45:36,768][    INFO] Iters: 220, Total loss: 0.006, Loss x: 0.007, Loss s: 0.006, Mask ratio: 0.987
[2024-09-14 17:46:21,289][    INFO] Iters: 275, Total loss: 0.007, Loss x: 0.007, Loss s: 0.006, Mask ratio: 0.986
[2024-09-14 17:47:05,812][    INFO] Iters: 330, Total loss: 0.007, Loss x: 0.007, Loss s: 0.007, Mask ratio: 0.986
[2024-09-14 17:47:50,337][    INFO] Iters: 385, Total loss: 0.007, Loss x: 0.007, Loss s: 0.006, Mask ratio: 0.986
[2024-09-14 17:48:34,895][    INFO] Iters: 440, Total loss: 0.007, Loss x: 0.007, Loss s: 0.006, Mask ratio: 0.986
[2024-09-14 17:49:10,563][    INFO] ***** Evaluation ***** >>>> Unchanged IoU: 99.37, EMA: 99.37
[2024-09-14 17:49:10,563][    INFO] ***** Evaluation ***** >>>> Changed IoU: 85.74: EMA: 85.75
[2024-09-14 17:49:10,563][    INFO] ***** Evaluation ***** >>>> Overall Accuracy: 99.39, EMA: 99.39

[2024-09-14 17:49:14,031][    INFO] ===========> Epoch: 20, LR: 0.0000035, Previous best Changed IoU: 85.74, Overall Accuracy: 99.39 @epoch-19, EMA: Changed IoU: 85.75, Overall Accuracy: 99.39 @epoch-19
[2024-09-14 17:49:15,482][    INFO] Iters: 0, Total loss: 0.006, Loss x: 0.002, Loss s: 0.010, Mask ratio: 0.991
[2024-09-14 17:50:00,046][    INFO] Iters: 55, Total loss: 0.005, Loss x: 0.005, Loss s: 0.005, Mask ratio: 0.988
[2024-09-14 17:50:44,590][    INFO] Iters: 110, Total loss: 0.006, Loss x: 0.006, Loss s: 0.005, Mask ratio: 0.986
[2024-09-14 17:51:29,108][    INFO] Iters: 165, Total loss: 0.006, Loss x: 0.006, Loss s: 0.005, Mask ratio: 0.987
[2024-09-14 17:52:13,672][    INFO] Iters: 220, Total loss: 0.006, Loss x: 0.006, Loss s: 0.005, Mask ratio: 0.986
[2024-09-14 17:52:58,337][    INFO] Iters: 275, Total loss: 0.006, Loss x: 0.006, Loss s: 0.005, Mask ratio: 0.987
[2024-09-14 17:53:42,865][    INFO] Iters: 330, Total loss: 0.005, Loss x: 0.006, Loss s: 0.005, Mask ratio: 0.987
[2024-09-14 17:54:27,381][    INFO] Iters: 385, Total loss: 0.005, Loss x: 0.006, Loss s: 0.005, Mask ratio: 0.987
[2024-09-14 17:55:11,932][    INFO] Iters: 440, Total loss: 0.005, Loss x: 0.006, Loss s: 0.005, Mask ratio: 0.987
[2024-09-14 17:55:46,929][    INFO] ***** Evaluation ***** >>>> Unchanged IoU: 99.38, EMA: 99.37
[2024-09-14 17:55:46,929][    INFO] ***** Evaluation ***** >>>> Changed IoU: 85.92: EMA: 85.92
[2024-09-14 17:55:46,929][    INFO] ***** Evaluation ***** >>>> Overall Accuracy: 99.40, EMA: 99.40

[2024-09-14 17:55:50,360][    INFO] ===========> Epoch: 21, LR: 0.0000034, Previous best Changed IoU: 85.92, Overall Accuracy: 99.40 @epoch-20, EMA: Changed IoU: 85.92, Overall Accuracy: 99.40 @epoch-20
[2024-09-14 17:55:51,761][    INFO] Iters: 0, Total loss: 0.007, Loss x: 0.007, Loss s: 0.007, Mask ratio: 0.982
[2024-09-14 17:56:36,260][    INFO] Iters: 55, Total loss: 0.004, Loss x: 0.004, Loss s: 0.004, Mask ratio: 0.989
[2024-09-14 17:57:20,794][    INFO] Iters: 110, Total loss: 0.005, Loss x: 0.005, Loss s: 0.004, Mask ratio: 0.990
[2024-09-14 17:58:05,292][    INFO] Iters: 165, Total loss: 0.005, Loss x: 0.006, Loss s: 0.005, Mask ratio: 0.989
[2024-09-14 17:58:49,802][    INFO] Iters: 220, Total loss: 0.005, Loss x: 0.006, Loss s: 0.005, Mask ratio: 0.989
[2024-09-14 17:59:34,329][    INFO] Iters: 275, Total loss: 0.006, Loss x: 0.006, Loss s: 0.005, Mask ratio: 0.989
[2024-09-14 18:00:20,158][    INFO] Iters: 330, Total loss: 0.005, Loss x: 0.006, Loss s: 0.005, Mask ratio: 0.989
[2024-09-14 18:01:04,686][    INFO] Iters: 385, Total loss: 0.005, Loss x: 0.006, Loss s: 0.005, Mask ratio: 0.989
[2024-09-14 18:01:49,192][    INFO] Iters: 440, Total loss: 0.005, Loss x: 0.006, Loss s: 0.005, Mask ratio: 0.989
[2024-09-14 18:02:24,777][    INFO] ***** Evaluation ***** >>>> Unchanged IoU: 99.33, EMA: 99.39
[2024-09-14 18:02:24,777][    INFO] ***** Evaluation ***** >>>> Changed IoU: 85.21: EMA: 86.27
[2024-09-14 18:02:24,778][    INFO] ***** Evaluation ***** >>>> Overall Accuracy: 99.36, EMA: 99.41

[2024-09-14 18:02:28,348][    INFO] ===========> Epoch: 22, LR: 0.0000033, Previous best Changed IoU: 85.92, Overall Accuracy: 99.40 @epoch-20, EMA: Changed IoU: 86.27, Overall Accuracy: 99.41 @epoch-21
[2024-09-14 18:02:29,819][    INFO] Iters: 0, Total loss: 0.004, Loss x: 0.005, Loss s: 0.002, Mask ratio: 0.993
[2024-09-14 18:03:14,368][    INFO] Iters: 55, Total loss: 0.005, Loss x: 0.005, Loss s: 0.004, Mask ratio: 0.989
[2024-09-14 18:03:58,915][    INFO] Iters: 110, Total loss: 0.005, Loss x: 0.006, Loss s: 0.004, Mask ratio: 0.989
[2024-09-14 18:04:43,425][    INFO] Iters: 165, Total loss: 0.005, Loss x: 0.005, Loss s: 0.004, Mask ratio: 0.989
[2024-09-14 18:05:27,975][    INFO] Iters: 220, Total loss: 0.005, Loss x: 0.005, Loss s: 0.004, Mask ratio: 0.989
[2024-09-14 18:06:12,481][    INFO] Iters: 275, Total loss: 0.005, Loss x: 0.005, Loss s: 0.004, Mask ratio: 0.989
[2024-09-14 18:06:57,021][    INFO] Iters: 330, Total loss: 0.005, Loss x: 0.005, Loss s: 0.004, Mask ratio: 0.989
[2024-09-14 18:07:41,533][    INFO] Iters: 385, Total loss: 0.005, Loss x: 0.006, Loss s: 0.005, Mask ratio: 0.988
[2024-09-14 18:08:26,049][    INFO] Iters: 440, Total loss: 0.005, Loss x: 0.006, Loss s: 0.004, Mask ratio: 0.989
[2024-09-14 18:09:01,661][    INFO] ***** Evaluation ***** >>>> Unchanged IoU: 99.39, EMA: 99.40
[2024-09-14 18:09:01,661][    INFO] ***** Evaluation ***** >>>> Changed IoU: 86.32: EMA: 86.47
[2024-09-14 18:09:01,661][    INFO] ***** Evaluation ***** >>>> Overall Accuracy: 99.41, EMA: 99.42

[2024-09-14 18:09:05,281][    INFO] ===========> Epoch: 23, LR: 0.0000032, Previous best Changed IoU: 86.32, Overall Accuracy: 99.41 @epoch-22, EMA: Changed IoU: 86.47, Overall Accuracy: 99.42 @epoch-22
[2024-09-14 18:09:06,743][    INFO] Iters: 0, Total loss: 0.000, Loss x: 0.000, Loss s: 0.000, Mask ratio: 0.999
[2024-09-14 18:09:51,249][    INFO] Iters: 55, Total loss: 0.004, Loss x: 0.005, Loss s: 0.004, Mask ratio: 0.991
[2024-09-14 18:10:35,816][    INFO] Iters: 110, Total loss: 0.005, Loss x: 0.005, Loss s: 0.005, Mask ratio: 0.989
[2024-09-14 18:11:20,381][    INFO] Iters: 165, Total loss: 0.005, Loss x: 0.005, Loss s: 0.005, Mask ratio: 0.989
[2024-09-14 18:12:04,942][    INFO] Iters: 220, Total loss: 0.005, Loss x: 0.006, Loss s: 0.005, Mask ratio: 0.990
[2024-09-14 18:12:49,548][    INFO] Iters: 275, Total loss: 0.005, Loss x: 0.006, Loss s: 0.005, Mask ratio: 0.989
[2024-09-14 18:13:34,117][    INFO] Iters: 330, Total loss: 0.005, Loss x: 0.006, Loss s: 0.005, Mask ratio: 0.989
[2024-09-14 18:14:18,717][    INFO] Iters: 385, Total loss: 0.005, Loss x: 0.006, Loss s: 0.005, Mask ratio: 0.989
[2024-09-14 18:15:03,266][    INFO] Iters: 440, Total loss: 0.005, Loss x: 0.006, Loss s: 0.005, Mask ratio: 0.989
[2024-09-14 18:15:38,739][    INFO] ***** Evaluation ***** >>>> Unchanged IoU: 99.37, EMA: 99.42
[2024-09-14 18:15:38,739][    INFO] ***** Evaluation ***** >>>> Changed IoU: 85.95: EMA: 86.89
[2024-09-14 18:15:38,739][    INFO] ***** Evaluation ***** >>>> Overall Accuracy: 99.39, EMA: 99.44

[2024-09-14 18:15:42,383][    INFO] ===========> Epoch: 24, LR: 0.0000032, Previous best Changed IoU: 86.32, Overall Accuracy: 99.41 @epoch-22, EMA: Changed IoU: 86.89, Overall Accuracy: 99.44 @epoch-23
[2024-09-14 18:15:43,821][    INFO] Iters: 0, Total loss: 0.005, Loss x: 0.000, Loss s: 0.011, Mask ratio: 0.984
[2024-09-14 18:16:28,295][    INFO] Iters: 55, Total loss: 0.005, Loss x: 0.005, Loss s: 0.004, Mask ratio: 0.988
[2024-09-14 18:17:12,775][    INFO] Iters: 110, Total loss: 0.004, Loss x: 0.006, Loss s: 0.003, Mask ratio: 0.989
[2024-09-14 18:17:57,281][    INFO] Iters: 165, Total loss: 0.005, Loss x: 0.005, Loss s: 0.004, Mask ratio: 0.990
[2024-09-14 18:18:41,771][    INFO] Iters: 220, Total loss: 0.005, Loss x: 0.005, Loss s: 0.004, Mask ratio: 0.989
[2024-09-14 18:19:26,259][    INFO] Iters: 275, Total loss: 0.005, Loss x: 0.005, Loss s: 0.004, Mask ratio: 0.990
[2024-09-14 18:20:10,703][    INFO] Iters: 330, Total loss: 0.005, Loss x: 0.005, Loss s: 0.004, Mask ratio: 0.990
[2024-09-14 18:20:55,221][    INFO] Iters: 385, Total loss: 0.005, Loss x: 0.006, Loss s: 0.004, Mask ratio: 0.990
[2024-09-14 18:21:39,744][    INFO] Iters: 440, Total loss: 0.005, Loss x: 0.006, Loss s: 0.004, Mask ratio: 0.990
[2024-09-14 18:22:15,506][    INFO] ***** Evaluation ***** >>>> Unchanged IoU: 99.41, EMA: 99.44
[2024-09-14 18:22:15,507][    INFO] ***** Evaluation ***** >>>> Changed IoU: 86.46: EMA: 87.20
[2024-09-14 18:22:15,507][    INFO] ***** Evaluation ***** >>>> Overall Accuracy: 99.43, EMA: 99.46

[2024-09-14 18:22:19,189][    INFO] ===========> Epoch: 25, LR: 0.0000031, Previous best Changed IoU: 86.46, Overall Accuracy: 99.43 @epoch-24, EMA: Changed IoU: 87.20, Overall Accuracy: 99.46 @epoch-24
[2024-09-14 18:22:20,612][    INFO] Iters: 0, Total loss: 0.017, Loss x: 0.031, Loss s: 0.004, Mask ratio: 0.993
[2024-09-14 18:23:05,152][    INFO] Iters: 55, Total loss: 0.004, Loss x: 0.005, Loss s: 0.004, Mask ratio: 0.990
[2024-09-14 18:23:49,701][    INFO] Iters: 110, Total loss: 0.005, Loss x: 0.005, Loss s: 0.004, Mask ratio: 0.990
[2024-09-14 18:24:34,266][    INFO] Iters: 165, Total loss: 0.005, Loss x: 0.005, Loss s: 0.004, Mask ratio: 0.990
[2024-09-14 18:25:18,799][    INFO] Iters: 220, Total loss: 0.005, Loss x: 0.005, Loss s: 0.005, Mask ratio: 0.989
[2024-09-14 18:26:03,355][    INFO] Iters: 275, Total loss: 0.005, Loss x: 0.005, Loss s: 0.005, Mask ratio: 0.989
[2024-09-14 18:26:47,877][    INFO] Iters: 330, Total loss: 0.005, Loss x: 0.006, Loss s: 0.005, Mask ratio: 0.989
[2024-09-14 18:27:32,439][    INFO] Iters: 385, Total loss: 0.005, Loss x: 0.006, Loss s: 0.005, Mask ratio: 0.989
[2024-09-14 18:28:16,930][    INFO] Iters: 440, Total loss: 0.005, Loss x: 0.006, Loss s: 0.005, Mask ratio: 0.989
[2024-09-14 18:28:52,361][    INFO] ***** Evaluation ***** >>>> Unchanged IoU: 99.38, EMA: 99.41
[2024-09-14 18:28:52,361][    INFO] ***** Evaluation ***** >>>> Changed IoU: 85.91: EMA: 86.71
[2024-09-14 18:28:52,361][    INFO] ***** Evaluation ***** >>>> Overall Accuracy: 99.40, EMA: 99.43

[2024-09-14 18:28:54,185][    INFO] ===========> Epoch: 26, LR: 0.0000030, Previous best Changed IoU: 86.46, Overall Accuracy: 99.43 @epoch-24, EMA: Changed IoU: 87.20, Overall Accuracy: 99.46 @epoch-24
[2024-09-14 18:28:55,650][    INFO] Iters: 0, Total loss: 0.000, Loss x: 0.000, Loss s: 0.000, Mask ratio: 0.998
[2024-09-14 18:29:40,203][    INFO] Iters: 55, Total loss: 0.005, Loss x: 0.004, Loss s: 0.006, Mask ratio: 0.987
[2024-09-14 18:30:24,750][    INFO] Iters: 110, Total loss: 0.005, Loss x: 0.005, Loss s: 0.005, Mask ratio: 0.988
[2024-09-14 18:31:09,311][    INFO] Iters: 165, Total loss: 0.005, Loss x: 0.005, Loss s: 0.005, Mask ratio: 0.989
[2024-09-14 18:31:53,888][    INFO] Iters: 220, Total loss: 0.005, Loss x: 0.005, Loss s: 0.005, Mask ratio: 0.989
[2024-09-14 18:32:38,491][    INFO] Iters: 275, Total loss: 0.005, Loss x: 0.005, Loss s: 0.005, Mask ratio: 0.990
[2024-09-14 18:33:23,073][    INFO] Iters: 330, Total loss: 0.005, Loss x: 0.005, Loss s: 0.004, Mask ratio: 0.990
[2024-09-14 18:34:07,644][    INFO] Iters: 385, Total loss: 0.005, Loss x: 0.005, Loss s: 0.004, Mask ratio: 0.990
[2024-09-14 18:34:52,203][    INFO] Iters: 440, Total loss: 0.005, Loss x: 0.005, Loss s: 0.004, Mask ratio: 0.990
[2024-09-14 18:35:27,902][    INFO] ***** Evaluation ***** >>>> Unchanged IoU: 99.41, EMA: 99.41
[2024-09-14 18:35:27,903][    INFO] ***** Evaluation ***** >>>> Changed IoU: 86.65: EMA: 86.67
[2024-09-14 18:35:27,903][    INFO] ***** Evaluation ***** >>>> Overall Accuracy: 99.43, EMA: 99.43

[2024-09-14 18:35:29,618][    INFO] ===========> Epoch: 27, LR: 0.0000029, Previous best Changed IoU: 86.65, Overall Accuracy: 99.43 @epoch-26, EMA: Changed IoU: 87.20, Overall Accuracy: 99.46 @epoch-24
[2024-09-14 18:35:31,053][    INFO] Iters: 0, Total loss: 0.010, Loss x: 0.007, Loss s: 0.012, Mask ratio: 0.979
[2024-09-14 18:36:15,618][    INFO] Iters: 55, Total loss: 0.004, Loss x: 0.004, Loss s: 0.004, Mask ratio: 0.992
[2024-09-14 18:37:00,174][    INFO] Iters: 110, Total loss: 0.004, Loss x: 0.004, Loss s: 0.004, Mask ratio: 0.991
[2024-09-14 18:37:44,702][    INFO] Iters: 165, Total loss: 0.004, Loss x: 0.004, Loss s: 0.003, Mask ratio: 0.991
[2024-09-14 18:38:29,226][    INFO] Iters: 220, Total loss: 0.004, Loss x: 0.004, Loss s: 0.004, Mask ratio: 0.991
[2024-09-14 18:39:13,825][    INFO] Iters: 275, Total loss: 0.004, Loss x: 0.005, Loss s: 0.004, Mask ratio: 0.990
[2024-09-14 18:39:58,371][    INFO] Iters: 330, Total loss: 0.004, Loss x: 0.005, Loss s: 0.004, Mask ratio: 0.991
[2024-09-14 18:40:42,907][    INFO] Iters: 385, Total loss: 0.004, Loss x: 0.005, Loss s: 0.004, Mask ratio: 0.990
[2024-09-14 18:41:27,462][    INFO] Iters: 440, Total loss: 0.004, Loss x: 0.005, Loss s: 0.004, Mask ratio: 0.990
[2024-09-14 18:42:02,938][    INFO] ***** Evaluation ***** >>>> Unchanged IoU: 99.41, EMA: 99.43
[2024-09-14 18:42:02,939][    INFO] ***** Evaluation ***** >>>> Changed IoU: 86.72: EMA: 87.10
[2024-09-14 18:42:02,939][    INFO] ***** Evaluation ***** >>>> Overall Accuracy: 99.43, EMA: 99.45

[2024-09-14 18:42:04,669][    INFO] ===========> Epoch: 28, LR: 0.0000028, Previous best Changed IoU: 86.72, Overall Accuracy: 99.43 @epoch-27, EMA: Changed IoU: 87.20, Overall Accuracy: 99.46 @epoch-24
[2024-09-14 18:42:06,121][    INFO] Iters: 0, Total loss: 0.005, Loss x: 0.007, Loss s: 0.003, Mask ratio: 0.992
[2024-09-14 18:42:50,570][    INFO] Iters: 55, Total loss: 0.004, Loss x: 0.005, Loss s: 0.004, Mask ratio: 0.991
[2024-09-14 18:43:35,020][    INFO] Iters: 110, Total loss: 0.004, Loss x: 0.005, Loss s: 0.004, Mask ratio: 0.991
[2024-09-14 18:44:19,490][    INFO] Iters: 165, Total loss: 0.004, Loss x: 0.005, Loss s: 0.004, Mask ratio: 0.991
[2024-09-14 18:45:03,961][    INFO] Iters: 220, Total loss: 0.004, Loss x: 0.005, Loss s: 0.004, Mask ratio: 0.991
[2024-09-14 18:45:48,436][    INFO] Iters: 275, Total loss: 0.004, Loss x: 0.005, Loss s: 0.004, Mask ratio: 0.991
[2024-09-14 18:46:32,913][    INFO] Iters: 330, Total loss: 0.004, Loss x: 0.005, Loss s: 0.004, Mask ratio: 0.990
[2024-09-14 18:47:17,420][    INFO] Iters: 385, Total loss: 0.004, Loss x: 0.005, Loss s: 0.004, Mask ratio: 0.991
[2024-09-14 18:48:01,921][    INFO] Iters: 440, Total loss: 0.004, Loss x: 0.005, Loss s: 0.004, Mask ratio: 0.991
[2024-09-14 18:48:37,430][    INFO] ***** Evaluation ***** >>>> Unchanged IoU: 99.42, EMA: 99.43
[2024-09-14 18:48:37,430][    INFO] ***** Evaluation ***** >>>> Changed IoU: 86.64: EMA: 87.18
[2024-09-14 18:48:37,430][    INFO] ***** Evaluation ***** >>>> Overall Accuracy: 99.44, EMA: 99.45

[2024-09-14 18:48:39,160][    INFO] ===========> Epoch: 29, LR: 0.0000028, Previous best Changed IoU: 86.72, Overall Accuracy: 99.43 @epoch-27, EMA: Changed IoU: 87.20, Overall Accuracy: 99.46 @epoch-24
[2024-09-14 18:48:40,646][    INFO] Iters: 0, Total loss: 0.006, Loss x: 0.008, Loss s: 0.004, Mask ratio: 0.995
[2024-09-14 18:49:25,128][    INFO] Iters: 55, Total loss: 0.005, Loss x: 0.004, Loss s: 0.005, Mask ratio: 0.991
[2024-09-14 18:50:09,686][    INFO] Iters: 110, Total loss: 0.005, Loss x: 0.005, Loss s: 0.005, Mask ratio: 0.991
[2024-09-14 18:50:54,230][    INFO] Iters: 165, Total loss: 0.004, Loss x: 0.004, Loss s: 0.004, Mask ratio: 0.991
[2024-09-14 18:51:38,771][    INFO] Iters: 220, Total loss: 0.004, Loss x: 0.005, Loss s: 0.004, Mask ratio: 0.991
[2024-09-14 18:52:23,320][    INFO] Iters: 275, Total loss: 0.004, Loss x: 0.004, Loss s: 0.004, Mask ratio: 0.991
[2024-09-14 18:53:07,856][    INFO] Iters: 330, Total loss: 0.004, Loss x: 0.004, Loss s: 0.004, Mask ratio: 0.991
[2024-09-14 18:53:52,403][    INFO] Iters: 385, Total loss: 0.004, Loss x: 0.004, Loss s: 0.004, Mask ratio: 0.991
[2024-09-14 18:54:36,960][    INFO] Iters: 440, Total loss: 0.004, Loss x: 0.005, Loss s: 0.004, Mask ratio: 0.991
[2024-09-14 18:55:12,290][    INFO] ***** Evaluation ***** >>>> Unchanged IoU: 99.42, EMA: 99.43
[2024-09-14 18:55:12,290][    INFO] ***** Evaluation ***** >>>> Changed IoU: 86.81: EMA: 87.10
[2024-09-14 18:55:12,290][    INFO] ***** Evaluation ***** >>>> Overall Accuracy: 99.45, EMA: 99.45

[2024-09-14 18:55:14,092][    INFO] ===========> Epoch: 30, LR: 0.0000027, Previous best Changed IoU: 86.81, Overall Accuracy: 99.45 @epoch-29, EMA: Changed IoU: 87.20, Overall Accuracy: 99.46 @epoch-24
[2024-09-14 18:55:15,531][    INFO] Iters: 0, Total loss: 0.003, Loss x: 0.003, Loss s: 0.004, Mask ratio: 0.986
[2024-09-14 18:56:00,049][    INFO] Iters: 55, Total loss: 0.004, Loss x: 0.004, Loss s: 0.003, Mask ratio: 0.993
[2024-09-14 18:56:44,520][    INFO] Iters: 110, Total loss: 0.004, Loss x: 0.005, Loss s: 0.004, Mask ratio: 0.992
[2024-09-14 18:57:29,009][    INFO] Iters: 165, Total loss: 0.004, Loss x: 0.005, Loss s: 0.004, Mask ratio: 0.991
[2024-09-14 18:58:13,557][    INFO] Iters: 220, Total loss: 0.004, Loss x: 0.005, Loss s: 0.004, Mask ratio: 0.991
[2024-09-14 18:58:58,098][    INFO] Iters: 275, Total loss: 0.004, Loss x: 0.005, Loss s: 0.004, Mask ratio: 0.991
[2024-09-14 18:59:42,666][    INFO] Iters: 330, Total loss: 0.004, Loss x: 0.005, Loss s: 0.004, Mask ratio: 0.991
[2024-09-14 19:00:27,203][    INFO] Iters: 385, Total loss: 0.004, Loss x: 0.005, Loss s: 0.004, Mask ratio: 0.991
[2024-09-14 19:01:11,700][    INFO] Iters: 440, Total loss: 0.004, Loss x: 0.005, Loss s: 0.004, Mask ratio: 0.991
[2024-09-14 19:01:47,318][    INFO] ***** Evaluation ***** >>>> Unchanged IoU: 99.44, EMA: 99.45
[2024-09-14 19:01:47,319][    INFO] ***** Evaluation ***** >>>> Changed IoU: 87.13: EMA: 87.34
[2024-09-14 19:01:47,319][    INFO] ***** Evaluation ***** >>>> Overall Accuracy: 99.46, EMA: 99.47

[2024-09-14 19:01:50,926][    INFO] ===========> Epoch: 31, LR: 0.0000026, Previous best Changed IoU: 87.13, Overall Accuracy: 99.46 @epoch-30, EMA: Changed IoU: 87.34, Overall Accuracy: 99.47 @epoch-30
[2024-09-14 19:01:52,392][    INFO] Iters: 0, Total loss: 0.007, Loss x: 0.005, Loss s: 0.009, Mask ratio: 0.977
[2024-09-14 19:02:36,839][    INFO] Iters: 55, Total loss: 0.004, Loss x: 0.005, Loss s: 0.004, Mask ratio: 0.992
[2024-09-14 19:03:21,339][    INFO] Iters: 110, Total loss: 0.004, Loss x: 0.005, Loss s: 0.004, Mask ratio: 0.991
[2024-09-14 19:04:05,848][    INFO] Iters: 165, Total loss: 0.004, Loss x: 0.005, Loss s: 0.004, Mask ratio: 0.992
[2024-09-14 19:04:50,360][    INFO] Iters: 220, Total loss: 0.005, Loss x: 0.005, Loss s: 0.004, Mask ratio: 0.992
[2024-09-14 19:05:34,860][    INFO] Iters: 275, Total loss: 0.005, Loss x: 0.005, Loss s: 0.004, Mask ratio: 0.992
[2024-09-14 19:06:19,348][    INFO] Iters: 330, Total loss: 0.005, Loss x: 0.005, Loss s: 0.004, Mask ratio: 0.991
[2024-09-14 19:07:03,833][    INFO] Iters: 385, Total loss: 0.005, Loss x: 0.005, Loss s: 0.004, Mask ratio: 0.991
[2024-09-14 19:07:48,379][    INFO] Iters: 440, Total loss: 0.005, Loss x: 0.005, Loss s: 0.004, Mask ratio: 0.991
[2024-09-14 19:08:23,612][    INFO] ***** Evaluation ***** >>>> Unchanged IoU: 99.42, EMA: 99.44
[2024-09-14 19:08:23,612][    INFO] ***** Evaluation ***** >>>> Changed IoU: 86.69: EMA: 87.09
[2024-09-14 19:08:23,612][    INFO] ***** Evaluation ***** >>>> Overall Accuracy: 99.44, EMA: 99.46

[2024-09-14 19:08:25,413][    INFO] ===========> Epoch: 32, LR: 0.0000025, Previous best Changed IoU: 87.13, Overall Accuracy: 99.46 @epoch-30, EMA: Changed IoU: 87.34, Overall Accuracy: 99.47 @epoch-30
[2024-09-14 19:08:26,910][    INFO] Iters: 0, Total loss: 0.005, Loss x: 0.003, Loss s: 0.006, Mask ratio: 0.986
[2024-09-14 19:09:11,529][    INFO] Iters: 55, Total loss: 0.004, Loss x: 0.005, Loss s: 0.004, Mask ratio: 0.991
[2024-09-14 19:09:56,127][    INFO] Iters: 110, Total loss: 0.004, Loss x: 0.004, Loss s: 0.004, Mask ratio: 0.991
[2024-09-14 19:10:40,771][    INFO] Iters: 165, Total loss: 0.004, Loss x: 0.004, Loss s: 0.004, Mask ratio: 0.991
[2024-09-14 19:11:25,294][    INFO] Iters: 220, Total loss: 0.004, Loss x: 0.004, Loss s: 0.004, Mask ratio: 0.991
[2024-09-14 19:12:09,942][    INFO] Iters: 275, Total loss: 0.004, Loss x: 0.004, Loss s: 0.004, Mask ratio: 0.991
[2024-09-14 19:12:54,478][    INFO] Iters: 330, Total loss: 0.004, Loss x: 0.004, Loss s: 0.004, Mask ratio: 0.991
[2024-09-14 19:13:39,016][    INFO] Iters: 385, Total loss: 0.004, Loss x: 0.004, Loss s: 0.004, Mask ratio: 0.991
[2024-09-14 19:14:23,535][    INFO] Iters: 440, Total loss: 0.004, Loss x: 0.004, Loss s: 0.004, Mask ratio: 0.991
[2024-09-14 19:14:59,020][    INFO] ***** Evaluation ***** >>>> Unchanged IoU: 99.43, EMA: 99.46
[2024-09-14 19:14:59,021][    INFO] ***** Evaluation ***** >>>> Changed IoU: 87.09: EMA: 87.56
[2024-09-14 19:14:59,021][    INFO] ***** Evaluation ***** >>>> Overall Accuracy: 99.45, EMA: 99.48

[2024-09-14 19:15:03,322][    INFO] ===========> Epoch: 33, LR: 0.0000024, Previous best Changed IoU: 87.13, Overall Accuracy: 99.46 @epoch-30, EMA: Changed IoU: 87.56, Overall Accuracy: 99.48 @epoch-32
[2024-09-14 19:15:04,699][    INFO] Iters: 0, Total loss: 0.006, Loss x: 0.009, Loss s: 0.004, Mask ratio: 0.995
[2024-09-14 19:15:49,306][    INFO] Iters: 55, Total loss: 0.004, Loss x: 0.004, Loss s: 0.005, Mask ratio: 0.992
[2024-09-14 19:16:33,856][    INFO] Iters: 110, Total loss: 0.005, Loss x: 0.004, Loss s: 0.005, Mask ratio: 0.992
[2024-09-14 19:17:18,416][    INFO] Iters: 165, Total loss: 0.005, Loss x: 0.005, Loss s: 0.005, Mask ratio: 0.991
[2024-09-14 19:18:02,974][    INFO] Iters: 220, Total loss: 0.005, Loss x: 0.005, Loss s: 0.005, Mask ratio: 0.991
[2024-09-14 19:18:47,509][    INFO] Iters: 275, Total loss: 0.004, Loss x: 0.005, Loss s: 0.004, Mask ratio: 0.991
[2024-09-14 19:19:32,061][    INFO] Iters: 330, Total loss: 0.004, Loss x: 0.005, Loss s: 0.004, Mask ratio: 0.992
[2024-09-14 19:20:16,607][    INFO] Iters: 385, Total loss: 0.004, Loss x: 0.004, Loss s: 0.004, Mask ratio: 0.992
[2024-09-14 19:21:01,160][    INFO] Iters: 440, Total loss: 0.004, Loss x: 0.004, Loss s: 0.004, Mask ratio: 0.992
[2024-09-14 19:21:36,498][    INFO] ***** Evaluation ***** >>>> Unchanged IoU: 99.45, EMA: 99.48
[2024-09-14 19:21:36,499][    INFO] ***** Evaluation ***** >>>> Changed IoU: 87.34: EMA: 88.01
[2024-09-14 19:21:36,499][    INFO] ***** Evaluation ***** >>>> Overall Accuracy: 99.47, EMA: 99.50

[2024-09-14 19:21:40,076][    INFO] ===========> Epoch: 34, LR: 0.0000024, Previous best Changed IoU: 87.34, Overall Accuracy: 99.47 @epoch-33, EMA: Changed IoU: 88.01, Overall Accuracy: 99.50 @epoch-33
[2024-09-14 19:21:41,525][    INFO] Iters: 0, Total loss: 0.005, Loss x: 0.010, Loss s: 0.001, Mask ratio: 0.992
[2024-09-14 19:22:26,040][    INFO] Iters: 55, Total loss: 0.004, Loss x: 0.004, Loss s: 0.004, Mask ratio: 0.991
[2024-09-14 19:23:10,490][    INFO] Iters: 110, Total loss: 0.004, Loss x: 0.004, Loss s: 0.004, Mask ratio: 0.992
[2024-09-14 19:23:54,978][    INFO] Iters: 165, Total loss: 0.004, Loss x: 0.004, Loss s: 0.003, Mask ratio: 0.992
[2024-09-14 19:24:39,490][    INFO] Iters: 220, Total loss: 0.004, Loss x: 0.004, Loss s: 0.003, Mask ratio: 0.992
[2024-09-14 19:25:24,036][    INFO] Iters: 275, Total loss: 0.004, Loss x: 0.004, Loss s: 0.003, Mask ratio: 0.992
[2024-09-14 19:26:08,574][    INFO] Iters: 330, Total loss: 0.004, Loss x: 0.004, Loss s: 0.003, Mask ratio: 0.992
[2024-09-14 19:26:53,120][    INFO] Iters: 385, Total loss: 0.004, Loss x: 0.004, Loss s: 0.003, Mask ratio: 0.992
[2024-09-14 19:27:37,686][    INFO] Iters: 440, Total loss: 0.004, Loss x: 0.004, Loss s: 0.004, Mask ratio: 0.992
[2024-09-14 19:28:13,224][    INFO] ***** Evaluation ***** >>>> Unchanged IoU: 99.48, EMA: 99.48
[2024-09-14 19:28:13,224][    INFO] ***** Evaluation ***** >>>> Changed IoU: 88.10: EMA: 88.07
[2024-09-14 19:28:13,224][    INFO] ***** Evaluation ***** >>>> Overall Accuracy: 99.50, EMA: 99.50

[2024-09-14 19:28:17,113][    INFO] ===========> Epoch: 35, LR: 0.0000023, Previous best Changed IoU: 88.10, Overall Accuracy: 99.50 @epoch-34, EMA: Changed IoU: 88.07, Overall Accuracy: 99.50 @epoch-34
[2024-09-14 19:28:18,548][    INFO] Iters: 0, Total loss: 0.001, Loss x: 0.000, Loss s: 0.001, Mask ratio: 1.000
[2024-09-14 19:29:03,087][    INFO] Iters: 55, Total loss: 0.005, Loss x: 0.005, Loss s: 0.004, Mask ratio: 0.991
[2024-09-14 19:29:47,638][    INFO] Iters: 110, Total loss: 0.004, Loss x: 0.004, Loss s: 0.004, Mask ratio: 0.991
[2024-09-14 19:30:32,192][    INFO] Iters: 165, Total loss: 0.004, Loss x: 0.004, Loss s: 0.004, Mask ratio: 0.992
[2024-09-14 19:31:16,752][    INFO] Iters: 220, Total loss: 0.004, Loss x: 0.004, Loss s: 0.004, Mask ratio: 0.992
[2024-09-14 19:32:01,322][    INFO] Iters: 275, Total loss: 0.004, Loss x: 0.004, Loss s: 0.004, Mask ratio: 0.992
[2024-09-14 19:32:45,867][    INFO] Iters: 330, Total loss: 0.004, Loss x: 0.004, Loss s: 0.004, Mask ratio: 0.992
[2024-09-14 19:33:30,430][    INFO] Iters: 385, Total loss: 0.004, Loss x: 0.004, Loss s: 0.004, Mask ratio: 0.992
[2024-09-14 19:34:14,990][    INFO] Iters: 440, Total loss: 0.004, Loss x: 0.004, Loss s: 0.004, Mask ratio: 0.992
[2024-09-14 19:34:50,120][    INFO] ***** Evaluation ***** >>>> Unchanged IoU: 99.45, EMA: 99.48
[2024-09-14 19:34:50,120][    INFO] ***** Evaluation ***** >>>> Changed IoU: 87.48: EMA: 87.97
[2024-09-14 19:34:50,120][    INFO] ***** Evaluation ***** >>>> Overall Accuracy: 99.47, EMA: 99.50

[2024-09-14 19:34:52,060][    INFO] ===========> Epoch: 36, LR: 0.0000022, Previous best Changed IoU: 88.10, Overall Accuracy: 99.50 @epoch-34, EMA: Changed IoU: 88.07, Overall Accuracy: 99.50 @epoch-34
[2024-09-14 19:34:53,518][    INFO] Iters: 0, Total loss: 0.004, Loss x: 0.006, Loss s: 0.001, Mask ratio: 0.998
[2024-09-14 19:35:38,027][    INFO] Iters: 55, Total loss: 0.003, Loss x: 0.004, Loss s: 0.003, Mask ratio: 0.993
[2024-09-14 19:36:22,502][    INFO] Iters: 110, Total loss: 0.004, Loss x: 0.004, Loss s: 0.004, Mask ratio: 0.993
[2024-09-14 19:37:07,001][    INFO] Iters: 165, Total loss: 0.004, Loss x: 0.004, Loss s: 0.004, Mask ratio: 0.993
[2024-09-14 19:37:51,479][    INFO] Iters: 220, Total loss: 0.004, Loss x: 0.004, Loss s: 0.004, Mask ratio: 0.992
[2024-09-14 19:38:36,025][    INFO] Iters: 275, Total loss: 0.004, Loss x: 0.004, Loss s: 0.004, Mask ratio: 0.992
[2024-09-14 19:39:20,552][    INFO] Iters: 330, Total loss: 0.004, Loss x: 0.004, Loss s: 0.004, Mask ratio: 0.992
[2024-09-14 19:40:05,068][    INFO] Iters: 385, Total loss: 0.004, Loss x: 0.004, Loss s: 0.004, Mask ratio: 0.992
[2024-09-14 19:40:49,611][    INFO] Iters: 440, Total loss: 0.004, Loss x: 0.004, Loss s: 0.004, Mask ratio: 0.992
[2024-09-14 19:41:25,130][    INFO] ***** Evaluation ***** >>>> Unchanged IoU: 99.43, EMA: 99.46
[2024-09-14 19:41:25,130][    INFO] ***** Evaluation ***** >>>> Changed IoU: 87.11: EMA: 87.71
[2024-09-14 19:41:25,130][    INFO] ***** Evaluation ***** >>>> Overall Accuracy: 99.45, EMA: 99.48

[2024-09-14 19:41:27,164][    INFO] ===========> Epoch: 37, LR: 0.0000021, Previous best Changed IoU: 88.10, Overall Accuracy: 99.50 @epoch-34, EMA: Changed IoU: 88.07, Overall Accuracy: 99.50 @epoch-34
[2024-09-14 19:41:28,589][    INFO] Iters: 0, Total loss: 0.004, Loss x: 0.007, Loss s: 0.000, Mask ratio: 0.998
[2024-09-14 19:42:13,129][    INFO] Iters: 55, Total loss: 0.004, Loss x: 0.004, Loss s: 0.005, Mask ratio: 0.991
[2024-09-14 19:42:57,742][    INFO] Iters: 110, Total loss: 0.004, Loss x: 0.004, Loss s: 0.004, Mask ratio: 0.992
[2024-09-14 19:43:42,339][    INFO] Iters: 165, Total loss: 0.004, Loss x: 0.004, Loss s: 0.004, Mask ratio: 0.992
[2024-09-14 19:44:26,917][    INFO] Iters: 220, Total loss: 0.004, Loss x: 0.004, Loss s: 0.004, Mask ratio: 0.992
[2024-09-14 19:45:11,462][    INFO] Iters: 275, Total loss: 0.004, Loss x: 0.004, Loss s: 0.004, Mask ratio: 0.992
[2024-09-14 19:45:55,983][    INFO] Iters: 330, Total loss: 0.004, Loss x: 0.004, Loss s: 0.004, Mask ratio: 0.992
[2024-09-14 19:46:40,471][    INFO] Iters: 385, Total loss: 0.004, Loss x: 0.004, Loss s: 0.004, Mask ratio: 0.992
[2024-09-14 19:47:24,958][    INFO] Iters: 440, Total loss: 0.004, Loss x: 0.004, Loss s: 0.004, Mask ratio: 0.992
[2024-09-14 19:48:00,608][    INFO] ***** Evaluation ***** >>>> Unchanged IoU: 99.47, EMA: 99.47
[2024-09-14 19:48:00,609][    INFO] ***** Evaluation ***** >>>> Changed IoU: 87.84: EMA: 87.95
[2024-09-14 19:48:00,609][    INFO] ***** Evaluation ***** >>>> Overall Accuracy: 99.49, EMA: 99.49

[2024-09-14 19:48:02,862][    INFO] ===========> Epoch: 38, LR: 0.0000020, Previous best Changed IoU: 88.10, Overall Accuracy: 99.50 @epoch-34, EMA: Changed IoU: 88.07, Overall Accuracy: 99.50 @epoch-34
[2024-09-14 19:48:04,297][    INFO] Iters: 0, Total loss: 0.002, Loss x: 0.000, Loss s: 0.004, Mask ratio: 0.999
[2024-09-14 19:48:48,789][    INFO] Iters: 55, Total loss: 0.004, Loss x: 0.003, Loss s: 0.004, Mask ratio: 0.994
[2024-09-14 19:49:33,309][    INFO] Iters: 110, Total loss: 0.004, Loss x: 0.004, Loss s: 0.004, Mask ratio: 0.992
[2024-09-14 19:50:17,815][    INFO] Iters: 165, Total loss: 0.004, Loss x: 0.004, Loss s: 0.004, Mask ratio: 0.992
[2024-09-14 19:51:02,329][    INFO] Iters: 220, Total loss: 0.004, Loss x: 0.004, Loss s: 0.004, Mask ratio: 0.992
[2024-09-14 19:51:46,822][    INFO] Iters: 275, Total loss: 0.004, Loss x: 0.004, Loss s: 0.004, Mask ratio: 0.992
[2024-09-14 19:52:31,379][    INFO] Iters: 330, Total loss: 0.004, Loss x: 0.004, Loss s: 0.004, Mask ratio: 0.992
[2024-09-14 19:53:15,929][    INFO] Iters: 385, Total loss: 0.004, Loss x: 0.004, Loss s: 0.004, Mask ratio: 0.992
[2024-09-14 19:54:00,481][    INFO] Iters: 440, Total loss: 0.004, Loss x: 0.004, Loss s: 0.004, Mask ratio: 0.992
[2024-09-14 19:54:36,078][    INFO] ***** Evaluation ***** >>>> Unchanged IoU: 99.48, EMA: 99.49
[2024-09-14 19:54:36,078][    INFO] ***** Evaluation ***** >>>> Changed IoU: 87.95: EMA: 88.23
[2024-09-14 19:54:36,078][    INFO] ***** Evaluation ***** >>>> Overall Accuracy: 99.49, EMA: 99.51

[2024-09-14 19:54:39,684][    INFO] ===========> Epoch: 39, LR: 0.0000019, Previous best Changed IoU: 88.10, Overall Accuracy: 99.50 @epoch-34, EMA: Changed IoU: 88.23, Overall Accuracy: 99.51 @epoch-38
[2024-09-14 19:54:41,091][    INFO] Iters: 0, Total loss: 0.004, Loss x: 0.002, Loss s: 0.006, Mask ratio: 0.988
[2024-09-14 19:55:25,725][    INFO] Iters: 55, Total loss: 0.003, Loss x: 0.003, Loss s: 0.003, Mask ratio: 0.994
[2024-09-14 19:56:10,310][    INFO] Iters: 110, Total loss: 0.003, Loss x: 0.003, Loss s: 0.003, Mask ratio: 0.993
[2024-09-14 19:56:54,816][    INFO] Iters: 165, Total loss: 0.004, Loss x: 0.004, Loss s: 0.004, Mask ratio: 0.993
[2024-09-14 19:57:39,333][    INFO] Iters: 220, Total loss: 0.003, Loss x: 0.004, Loss s: 0.003, Mask ratio: 0.993
[2024-09-14 19:58:23,846][    INFO] Iters: 275, Total loss: 0.003, Loss x: 0.004, Loss s: 0.003, Mask ratio: 0.993
[2024-09-14 19:59:08,368][    INFO] Iters: 330, Total loss: 0.003, Loss x: 0.004, Loss s: 0.003, Mask ratio: 0.993
[2024-09-14 19:59:52,902][    INFO] Iters: 385, Total loss: 0.003, Loss x: 0.004, Loss s: 0.003, Mask ratio: 0.993
[2024-09-14 20:00:37,453][    INFO] Iters: 440, Total loss: 0.003, Loss x: 0.004, Loss s: 0.003, Mask ratio: 0.993
[2024-09-14 20:01:13,140][    INFO] ***** Evaluation ***** >>>> Unchanged IoU: 99.48, EMA: 99.49
[2024-09-14 20:01:13,140][    INFO] ***** Evaluation ***** >>>> Changed IoU: 88.09: EMA: 88.32
[2024-09-14 20:01:13,140][    INFO] ***** Evaluation ***** >>>> Overall Accuracy: 99.50, EMA: 99.51

[2024-09-14 20:01:16,794][    INFO] ===========> Epoch: 40, LR: 0.0000019, Previous best Changed IoU: 88.10, Overall Accuracy: 99.50 @epoch-34, EMA: Changed IoU: 88.32, Overall Accuracy: 99.51 @epoch-39
[2024-09-14 20:01:18,258][    INFO] Iters: 0, Total loss: 0.000, Loss x: 0.001, Loss s: 0.000, Mask ratio: 0.998
[2024-09-14 20:02:02,783][    INFO] Iters: 55, Total loss: 0.004, Loss x: 0.003, Loss s: 0.004, Mask ratio: 0.993
[2024-09-14 20:02:47,302][    INFO] Iters: 110, Total loss: 0.003, Loss x: 0.003, Loss s: 0.003, Mask ratio: 0.993
[2024-09-14 20:03:31,804][    INFO] Iters: 165, Total loss: 0.003, Loss x: 0.004, Loss s: 0.003, Mask ratio: 0.993
[2024-09-14 20:04:16,339][    INFO] Iters: 220, Total loss: 0.004, Loss x: 0.004, Loss s: 0.004, Mask ratio: 0.993
[2024-09-14 20:05:00,881][    INFO] Iters: 275, Total loss: 0.004, Loss x: 0.004, Loss s: 0.004, Mask ratio: 0.992
[2024-09-14 20:05:45,447][    INFO] Iters: 330, Total loss: 0.004, Loss x: 0.004, Loss s: 0.004, Mask ratio: 0.993
[2024-09-14 20:06:30,035][    INFO] Iters: 385, Total loss: 0.004, Loss x: 0.004, Loss s: 0.004, Mask ratio: 0.993
[2024-09-14 20:07:14,636][    INFO] Iters: 440, Total loss: 0.004, Loss x: 0.004, Loss s: 0.004, Mask ratio: 0.993
[2024-09-14 20:07:50,046][    INFO] ***** Evaluation ***** >>>> Unchanged IoU: 99.48, EMA: 99.51
[2024-09-14 20:07:50,046][    INFO] ***** Evaluation ***** >>>> Changed IoU: 88.23: EMA: 88.64
[2024-09-14 20:07:50,046][    INFO] ***** Evaluation ***** >>>> Overall Accuracy: 99.50, EMA: 99.52

[2024-09-14 20:07:53,812][    INFO] ===========> Epoch: 41, LR: 0.0000018, Previous best Changed IoU: 88.23, Overall Accuracy: 99.50 @epoch-40, EMA: Changed IoU: 88.64, Overall Accuracy: 99.52 @epoch-40
[2024-09-14 20:07:55,269][    INFO] Iters: 0, Total loss: 0.001, Loss x: 0.002, Loss s: 0.001, Mask ratio: 0.997
[2024-09-14 20:08:39,831][    INFO] Iters: 55, Total loss: 0.004, Loss x: 0.004, Loss s: 0.004, Mask ratio: 0.993
[2024-09-14 20:09:24,374][    INFO] Iters: 110, Total loss: 0.004, Loss x: 0.004, Loss s: 0.003, Mask ratio: 0.993
[2024-09-14 20:10:08,963][    INFO] Iters: 165, Total loss: 0.003, Loss x: 0.004, Loss s: 0.003, Mask ratio: 0.993
[2024-09-14 20:10:53,510][    INFO] Iters: 220, Total loss: 0.004, Loss x: 0.004, Loss s: 0.003, Mask ratio: 0.993
[2024-09-14 20:11:38,039][    INFO] Iters: 275, Total loss: 0.003, Loss x: 0.004, Loss s: 0.003, Mask ratio: 0.993
[2024-09-14 20:12:22,543][    INFO] Iters: 330, Total loss: 0.003, Loss x: 0.004, Loss s: 0.003, Mask ratio: 0.993
[2024-09-14 20:13:07,158][    INFO] Iters: 385, Total loss: 0.004, Loss x: 0.004, Loss s: 0.003, Mask ratio: 0.993
[2024-09-14 20:13:51,642][    INFO] Iters: 440, Total loss: 0.004, Loss x: 0.004, Loss s: 0.003, Mask ratio: 0.993
[2024-09-14 20:14:27,080][    INFO] ***** Evaluation ***** >>>> Unchanged IoU: 99.48, EMA: 99.49
[2024-09-14 20:14:27,080][    INFO] ***** Evaluation ***** >>>> Changed IoU: 87.96: EMA: 88.17
[2024-09-14 20:14:27,081][    INFO] ***** Evaluation ***** >>>> Overall Accuracy: 99.50, EMA: 99.51

[2024-09-14 20:14:28,935][    INFO] ===========> Epoch: 42, LR: 0.0000017, Previous best Changed IoU: 88.23, Overall Accuracy: 99.50 @epoch-40, EMA: Changed IoU: 88.64, Overall Accuracy: 99.52 @epoch-40
[2024-09-14 20:14:30,371][    INFO] Iters: 0, Total loss: 0.000, Loss x: 0.001, Loss s: 0.000, Mask ratio: 1.000
[2024-09-14 20:15:14,838][    INFO] Iters: 55, Total loss: 0.004, Loss x: 0.004, Loss s: 0.003, Mask ratio: 0.992
[2024-09-14 20:15:59,276][    INFO] Iters: 110, Total loss: 0.004, Loss x: 0.004, Loss s: 0.003, Mask ratio: 0.993
[2024-09-14 20:16:43,722][    INFO] Iters: 165, Total loss: 0.004, Loss x: 0.004, Loss s: 0.004, Mask ratio: 0.992
[2024-09-14 20:17:28,212][    INFO] Iters: 220, Total loss: 0.004, Loss x: 0.004, Loss s: 0.004, Mask ratio: 0.993
[2024-09-14 20:18:12,719][    INFO] Iters: 275, Total loss: 0.003, Loss x: 0.003, Loss s: 0.003, Mask ratio: 0.993
[2024-09-14 20:18:57,226][    INFO] Iters: 330, Total loss: 0.003, Loss x: 0.003, Loss s: 0.003, Mask ratio: 0.993
[2024-09-14 20:19:41,699][    INFO] Iters: 385, Total loss: 0.003, Loss x: 0.003, Loss s: 0.003, Mask ratio: 0.993
[2024-09-14 20:20:26,167][    INFO] Iters: 440, Total loss: 0.003, Loss x: 0.003, Loss s: 0.003, Mask ratio: 0.993
[2024-09-14 20:21:01,581][    INFO] ***** Evaluation ***** >>>> Unchanged IoU: 99.46, EMA: 99.49
[2024-09-14 20:21:01,581][    INFO] ***** Evaluation ***** >>>> Changed IoU: 87.71: EMA: 88.22
[2024-09-14 20:21:01,581][    INFO] ***** Evaluation ***** >>>> Overall Accuracy: 99.48, EMA: 99.51

[2024-09-14 20:21:03,380][    INFO] ===========> Epoch: 43, LR: 0.0000016, Previous best Changed IoU: 88.23, Overall Accuracy: 99.50 @epoch-40, EMA: Changed IoU: 88.64, Overall Accuracy: 99.52 @epoch-40
[2024-09-14 20:21:04,844][    INFO] Iters: 0, Total loss: 0.004, Loss x: 0.008, Loss s: 0.001, Mask ratio: 0.989
[2024-09-14 20:21:49,296][    INFO] Iters: 55, Total loss: 0.003, Loss x: 0.003, Loss s: 0.004, Mask ratio: 0.994
[2024-09-14 20:22:33,790][    INFO] Iters: 110, Total loss: 0.004, Loss x: 0.003, Loss s: 0.004, Mask ratio: 0.993
[2024-09-14 20:23:18,198][    INFO] Iters: 165, Total loss: 0.003, Loss x: 0.003, Loss s: 0.004, Mask ratio: 0.994
[2024-09-14 20:24:02,763][    INFO] Iters: 220, Total loss: 0.004, Loss x: 0.003, Loss s: 0.004, Mask ratio: 0.993
[2024-09-14 20:24:47,239][    INFO] Iters: 275, Total loss: 0.003, Loss x: 0.003, Loss s: 0.004, Mask ratio: 0.993
[2024-09-14 20:25:31,719][    INFO] Iters: 330, Total loss: 0.004, Loss x: 0.003, Loss s: 0.004, Mask ratio: 0.993
[2024-09-14 20:26:16,158][    INFO] Iters: 385, Total loss: 0.004, Loss x: 0.003, Loss s: 0.004, Mask ratio: 0.993
[2024-09-14 20:27:00,625][    INFO] Iters: 440, Total loss: 0.003, Loss x: 0.003, Loss s: 0.004, Mask ratio: 0.993
[2024-09-14 20:27:35,966][    INFO] ***** Evaluation ***** >>>> Unchanged IoU: 99.50, EMA: 99.49
[2024-09-14 20:27:35,966][    INFO] ***** Evaluation ***** >>>> Changed IoU: 88.33: EMA: 88.30
[2024-09-14 20:27:35,966][    INFO] ***** Evaluation ***** >>>> Overall Accuracy: 99.51, EMA: 99.51

[2024-09-14 20:27:37,713][    INFO] ===========> Epoch: 44, LR: 0.0000015, Previous best Changed IoU: 88.33, Overall Accuracy: 99.51 @epoch-43, EMA: Changed IoU: 88.64, Overall Accuracy: 99.52 @epoch-40
[2024-09-14 20:27:39,139][    INFO] Iters: 0, Total loss: 0.004, Loss x: 0.004, Loss s: 0.004, Mask ratio: 0.992
[2024-09-14 20:28:23,615][    INFO] Iters: 55, Total loss: 0.003, Loss x: 0.003, Loss s: 0.003, Mask ratio: 0.993
[2024-09-14 20:29:08,101][    INFO] Iters: 110, Total loss: 0.003, Loss x: 0.003, Loss s: 0.004, Mask ratio: 0.993
[2024-09-14 20:29:52,570][    INFO] Iters: 165, Total loss: 0.003, Loss x: 0.003, Loss s: 0.003, Mask ratio: 0.993
[2024-09-14 20:30:37,049][    INFO] Iters: 220, Total loss: 0.003, Loss x: 0.003, Loss s: 0.003, Mask ratio: 0.993
[2024-09-14 20:31:21,577][    INFO] Iters: 275, Total loss: 0.003, Loss x: 0.003, Loss s: 0.003, Mask ratio: 0.993
[2024-09-14 20:32:06,166][    INFO] Iters: 330, Total loss: 0.003, Loss x: 0.003, Loss s: 0.003, Mask ratio: 0.994
[2024-09-14 20:32:50,779][    INFO] Iters: 385, Total loss: 0.003, Loss x: 0.003, Loss s: 0.003, Mask ratio: 0.994
[2024-09-14 20:33:35,389][    INFO] Iters: 440, Total loss: 0.003, Loss x: 0.003, Loss s: 0.003, Mask ratio: 0.994
[2024-09-14 20:34:11,022][    INFO] ***** Evaluation ***** >>>> Unchanged IoU: 99.48, EMA: 99.50
[2024-09-14 20:34:11,022][    INFO] ***** Evaluation ***** >>>> Changed IoU: 88.01: EMA: 88.35
[2024-09-14 20:34:11,022][    INFO] ***** Evaluation ***** >>>> Overall Accuracy: 99.50, EMA: 99.51

[2024-09-14 20:34:12,740][    INFO] ===========> Epoch: 45, LR: 0.0000014, Previous best Changed IoU: 88.33, Overall Accuracy: 99.51 @epoch-43, EMA: Changed IoU: 88.64, Overall Accuracy: 99.52 @epoch-40
[2024-09-14 20:34:14,214][    INFO] Iters: 0, Total loss: 0.006, Loss x: 0.008, Loss s: 0.003, Mask ratio: 0.997
[2024-09-14 20:34:58,761][    INFO] Iters: 55, Total loss: 0.003, Loss x: 0.003, Loss s: 0.003, Mask ratio: 0.994
[2024-09-14 20:35:43,365][    INFO] Iters: 110, Total loss: 0.003, Loss x: 0.003, Loss s: 0.003, Mask ratio: 0.994
[2024-09-14 20:36:27,865][    INFO] Iters: 165, Total loss: 0.003, Loss x: 0.003, Loss s: 0.003, Mask ratio: 0.994
[2024-09-14 20:37:12,373][    INFO] Iters: 220, Total loss: 0.003, Loss x: 0.003, Loss s: 0.003, Mask ratio: 0.994
[2024-09-14 20:37:56,825][    INFO] Iters: 275, Total loss: 0.003, Loss x: 0.003, Loss s: 0.003, Mask ratio: 0.994
[2024-09-14 20:38:41,275][    INFO] Iters: 330, Total loss: 0.003, Loss x: 0.003, Loss s: 0.003, Mask ratio: 0.994
[2024-09-14 20:39:25,760][    INFO] Iters: 385, Total loss: 0.003, Loss x: 0.003, Loss s: 0.003, Mask ratio: 0.994
[2024-09-14 20:40:10,209][    INFO] Iters: 440, Total loss: 0.003, Loss x: 0.003, Loss s: 0.003, Mask ratio: 0.993
[2024-09-14 20:40:45,723][    INFO] ***** Evaluation ***** >>>> Unchanged IoU: 99.50, EMA: 99.50
[2024-09-14 20:40:45,724][    INFO] ***** Evaluation ***** >>>> Changed IoU: 88.37: EMA: 88.38
[2024-09-14 20:40:45,724][    INFO] ***** Evaluation ***** >>>> Overall Accuracy: 99.52, EMA: 99.52

[2024-09-14 20:40:47,521][    INFO] ===========> Epoch: 46, LR: 0.0000013, Previous best Changed IoU: 88.37, Overall Accuracy: 99.52 @epoch-45, EMA: Changed IoU: 88.64, Overall Accuracy: 99.52 @epoch-40
[2024-09-14 20:40:48,965][    INFO] Iters: 0, Total loss: 0.001, Loss x: 0.001, Loss s: 0.001, Mask ratio: 0.996
[2024-09-14 20:41:33,477][    INFO] Iters: 55, Total loss: 0.003, Loss x: 0.003, Loss s: 0.003, Mask ratio: 0.994
[2024-09-14 20:42:17,968][    INFO] Iters: 110, Total loss: 0.003, Loss x: 0.003, Loss s: 0.004, Mask ratio: 0.994
[2024-09-14 20:43:02,486][    INFO] Iters: 165, Total loss: 0.003, Loss x: 0.003, Loss s: 0.003, Mask ratio: 0.994
[2024-09-14 20:43:47,001][    INFO] Iters: 220, Total loss: 0.003, Loss x: 0.003, Loss s: 0.003, Mask ratio: 0.993
[2024-09-14 20:44:31,485][    INFO] Iters: 275, Total loss: 0.003, Loss x: 0.003, Loss s: 0.004, Mask ratio: 0.993
[2024-09-14 20:45:16,026][    INFO] Iters: 330, Total loss: 0.003, Loss x: 0.003, Loss s: 0.004, Mask ratio: 0.994
[2024-09-14 20:46:00,485][    INFO] Iters: 385, Total loss: 0.003, Loss x: 0.003, Loss s: 0.003, Mask ratio: 0.994
[2024-09-14 20:46:44,980][    INFO] Iters: 440, Total loss: 0.003, Loss x: 0.003, Loss s: 0.003, Mask ratio: 0.994
[2024-09-14 20:47:20,609][    INFO] ***** Evaluation ***** >>>> Unchanged IoU: 99.44, EMA: 99.47
[2024-09-14 20:47:20,609][    INFO] ***** Evaluation ***** >>>> Changed IoU: 87.20: EMA: 87.89
[2024-09-14 20:47:20,609][    INFO] ***** Evaluation ***** >>>> Overall Accuracy: 99.46, EMA: 99.49

[2024-09-14 20:47:22,513][    INFO] ===========> Epoch: 47, LR: 0.0000013, Previous best Changed IoU: 88.37, Overall Accuracy: 99.52 @epoch-45, EMA: Changed IoU: 88.64, Overall Accuracy: 99.52 @epoch-40
[2024-09-14 20:47:23,930][    INFO] Iters: 0, Total loss: 0.001, Loss x: 0.002, Loss s: 0.000, Mask ratio: 1.000
[2024-09-14 20:48:08,433][    INFO] Iters: 55, Total loss: 0.002, Loss x: 0.003, Loss s: 0.002, Mask ratio: 0.994
[2024-09-14 20:48:52,932][    INFO] Iters: 110, Total loss: 0.003, Loss x: 0.003, Loss s: 0.003, Mask ratio: 0.994
[2024-09-14 20:49:37,385][    INFO] Iters: 165, Total loss: 0.003, Loss x: 0.003, Loss s: 0.003, Mask ratio: 0.994
[2024-09-14 20:50:21,840][    INFO] Iters: 220, Total loss: 0.003, Loss x: 0.003, Loss s: 0.003, Mask ratio: 0.994
[2024-09-14 20:51:06,288][    INFO] Iters: 275, Total loss: 0.003, Loss x: 0.003, Loss s: 0.003, Mask ratio: 0.994
[2024-09-14 20:51:50,781][    INFO] Iters: 330, Total loss: 0.003, Loss x: 0.003, Loss s: 0.003, Mask ratio: 0.994
[2024-09-14 20:52:35,280][    INFO] Iters: 385, Total loss: 0.003, Loss x: 0.003, Loss s: 0.003, Mask ratio: 0.994
[2024-09-14 20:53:19,763][    INFO] Iters: 440, Total loss: 0.003, Loss x: 0.003, Loss s: 0.003, Mask ratio: 0.994
[2024-09-14 20:53:55,054][    INFO] ***** Evaluation ***** >>>> Unchanged IoU: 99.48, EMA: 99.48
[2024-09-14 20:53:55,054][    INFO] ***** Evaluation ***** >>>> Changed IoU: 87.99: EMA: 87.91
[2024-09-14 20:53:55,055][    INFO] ***** Evaluation ***** >>>> Overall Accuracy: 99.50, EMA: 99.50

[2024-09-14 20:53:56,820][    INFO] ===========> Epoch: 48, LR: 0.0000012, Previous best Changed IoU: 88.37, Overall Accuracy: 99.52 @epoch-45, EMA: Changed IoU: 88.64, Overall Accuracy: 99.52 @epoch-40
[2024-09-14 20:53:58,223][    INFO] Iters: 0, Total loss: 0.009, Loss x: 0.001, Loss s: 0.017, Mask ratio: 0.992
[2024-09-14 20:54:42,709][    INFO] Iters: 55, Total loss: 0.003, Loss x: 0.003, Loss s: 0.003, Mask ratio: 0.994
[2024-09-14 20:55:27,187][    INFO] Iters: 110, Total loss: 0.003, Loss x: 0.003, Loss s: 0.003, Mask ratio: 0.994
[2024-09-14 20:56:11,635][    INFO] Iters: 165, Total loss: 0.003, Loss x: 0.003, Loss s: 0.003, Mask ratio: 0.994
[2024-09-14 20:56:56,140][    INFO] Iters: 220, Total loss: 0.003, Loss x: 0.003, Loss s: 0.003, Mask ratio: 0.994
[2024-09-14 20:57:40,627][    INFO] Iters: 275, Total loss: 0.003, Loss x: 0.003, Loss s: 0.003, Mask ratio: 0.994
[2024-09-14 20:58:25,101][    INFO] Iters: 330, Total loss: 0.003, Loss x: 0.003, Loss s: 0.003, Mask ratio: 0.994
[2024-09-14 20:59:09,591][    INFO] Iters: 385, Total loss: 0.003, Loss x: 0.003, Loss s: 0.003, Mask ratio: 0.994
[2024-09-14 20:59:54,088][    INFO] Iters: 440, Total loss: 0.003, Loss x: 0.003, Loss s: 0.003, Mask ratio: 0.994
[2024-09-14 21:00:29,732][    INFO] ***** Evaluation ***** >>>> Unchanged IoU: 99.47, EMA: 99.48
[2024-09-14 21:00:29,732][    INFO] ***** Evaluation ***** >>>> Changed IoU: 87.86: EMA: 88.10
[2024-09-14 21:00:29,732][    INFO] ***** Evaluation ***** >>>> Overall Accuracy: 99.49, EMA: 99.50

[2024-09-14 21:00:31,934][    INFO] ===========> Epoch: 49, LR: 0.0000011, Previous best Changed IoU: 88.37, Overall Accuracy: 99.52 @epoch-45, EMA: Changed IoU: 88.64, Overall Accuracy: 99.52 @epoch-40
[2024-09-14 21:00:33,346][    INFO] Iters: 0, Total loss: 0.000, Loss x: 0.001, Loss s: 0.000, Mask ratio: 0.999
[2024-09-14 21:01:17,853][    INFO] Iters: 55, Total loss: 0.003, Loss x: 0.003, Loss s: 0.003, Mask ratio: 0.995
[2024-09-14 21:02:02,392][    INFO] Iters: 110, Total loss: 0.003, Loss x: 0.003, Loss s: 0.003, Mask ratio: 0.995
[2024-09-14 21:02:46,928][    INFO] Iters: 165, Total loss: 0.003, Loss x: 0.003, Loss s: 0.003, Mask ratio: 0.994
[2024-09-14 21:03:31,440][    INFO] Iters: 220, Total loss: 0.003, Loss x: 0.003, Loss s: 0.003, Mask ratio: 0.994
[2024-09-14 21:04:15,961][    INFO] Iters: 275, Total loss: 0.003, Loss x: 0.003, Loss s: 0.003, Mask ratio: 0.994
[2024-09-14 21:05:00,487][    INFO] Iters: 330, Total loss: 0.003, Loss x: 0.003, Loss s: 0.003, Mask ratio: 0.994
[2024-09-14 21:05:45,030][    INFO] Iters: 385, Total loss: 0.003, Loss x: 0.003, Loss s: 0.003, Mask ratio: 0.994
[2024-09-14 21:06:29,566][    INFO] Iters: 440, Total loss: 0.003, Loss x: 0.003, Loss s: 0.003, Mask ratio: 0.994
[2024-09-14 21:07:05,035][    INFO] ***** Evaluation ***** >>>> Unchanged IoU: 99.48, EMA: 99.48
[2024-09-14 21:07:05,035][    INFO] ***** Evaluation ***** >>>> Changed IoU: 88.01: EMA: 88.03
[2024-09-14 21:07:05,036][    INFO] ***** Evaluation ***** >>>> Overall Accuracy: 99.50, EMA: 99.50

[2024-09-14 21:07:06,784][    INFO] ===========> Epoch: 50, LR: 0.0000010, Previous best Changed IoU: 88.37, Overall Accuracy: 99.52 @epoch-45, EMA: Changed IoU: 88.64, Overall Accuracy: 99.52 @epoch-40
[2024-09-14 21:07:08,221][    INFO] Iters: 0, Total loss: 0.007, Loss x: 0.007, Loss s: 0.007, Mask ratio: 0.988
[2024-09-14 21:07:52,737][    INFO] Iters: 55, Total loss: 0.003, Loss x: 0.003, Loss s: 0.003, Mask ratio: 0.993
[2024-09-14 21:08:37,284][    INFO] Iters: 110, Total loss: 0.003, Loss x: 0.003, Loss s: 0.003, Mask ratio: 0.994
[2024-09-14 21:09:21,797][    INFO] Iters: 165, Total loss: 0.003, Loss x: 0.003, Loss s: 0.003, Mask ratio: 0.994
[2024-09-14 21:10:06,325][    INFO] Iters: 220, Total loss: 0.003, Loss x: 0.003, Loss s: 0.003, Mask ratio: 0.994
[2024-09-14 21:10:50,837][    INFO] Iters: 275, Total loss: 0.003, Loss x: 0.003, Loss s: 0.003, Mask ratio: 0.994
[2024-09-14 21:11:35,382][    INFO] Iters: 330, Total loss: 0.003, Loss x: 0.003, Loss s: 0.003, Mask ratio: 0.994
[2024-09-14 21:12:19,925][    INFO] Iters: 385, Total loss: 0.003, Loss x: 0.003, Loss s: 0.003, Mask ratio: 0.994
[2024-09-14 21:13:04,430][    INFO] Iters: 440, Total loss: 0.003, Loss x: 0.003, Loss s: 0.003, Mask ratio: 0.994
[2024-09-14 21:13:39,916][    INFO] ***** Evaluation ***** >>>> Unchanged IoU: 99.47, EMA: 99.50
[2024-09-14 21:13:39,916][    INFO] ***** Evaluation ***** >>>> Changed IoU: 87.91: EMA: 88.42
[2024-09-14 21:13:39,916][    INFO] ***** Evaluation ***** >>>> Overall Accuracy: 99.49, EMA: 99.52

[2024-09-14 21:13:41,813][    INFO] ===========> Epoch: 51, LR: 0.0000009, Previous best Changed IoU: 88.37, Overall Accuracy: 99.52 @epoch-45, EMA: Changed IoU: 88.64, Overall Accuracy: 99.52 @epoch-40
[2024-09-14 21:13:43,200][    INFO] Iters: 0, Total loss: 0.002, Loss x: 0.001, Loss s: 0.002, Mask ratio: 0.997
[2024-09-14 21:14:27,645][    INFO] Iters: 55, Total loss: 0.003, Loss x: 0.003, Loss s: 0.003, Mask ratio: 0.995
[2024-09-14 21:15:12,151][    INFO] Iters: 110, Total loss: 0.003, Loss x: 0.003, Loss s: 0.003, Mask ratio: 0.995
[2024-09-14 21:15:56,624][    INFO] Iters: 165, Total loss: 0.003, Loss x: 0.003, Loss s: 0.003, Mask ratio: 0.995
[2024-09-14 21:16:41,096][    INFO] Iters: 220, Total loss: 0.003, Loss x: 0.003, Loss s: 0.003, Mask ratio: 0.995
[2024-09-14 21:17:25,640][    INFO] Iters: 275, Total loss: 0.003, Loss x: 0.003, Loss s: 0.003, Mask ratio: 0.994
[2024-09-14 21:18:10,133][    INFO] Iters: 330, Total loss: 0.003, Loss x: 0.003, Loss s: 0.003, Mask ratio: 0.994
[2024-09-14 21:18:54,622][    INFO] Iters: 385, Total loss: 0.003, Loss x: 0.003, Loss s: 0.003, Mask ratio: 0.994
[2024-09-14 21:19:39,104][    INFO] Iters: 440, Total loss: 0.003, Loss x: 0.003, Loss s: 0.003, Mask ratio: 0.994
[2024-09-14 21:20:14,700][    INFO] ***** Evaluation ***** >>>> Unchanged IoU: 99.50, EMA: 99.49
[2024-09-14 21:20:14,700][    INFO] ***** Evaluation ***** >>>> Changed IoU: 88.39: EMA: 88.31
[2024-09-14 21:20:14,700][    INFO] ***** Evaluation ***** >>>> Overall Accuracy: 99.52, EMA: 99.51

[2024-09-14 21:20:16,417][    INFO] ===========> Epoch: 52, LR: 0.0000008, Previous best Changed IoU: 88.39, Overall Accuracy: 99.52 @epoch-51, EMA: Changed IoU: 88.64, Overall Accuracy: 99.52 @epoch-40
[2024-09-14 21:20:17,851][    INFO] Iters: 0, Total loss: 0.005, Loss x: 0.002, Loss s: 0.008, Mask ratio: 0.994
[2024-09-14 21:21:02,292][    INFO] Iters: 55, Total loss: 0.003, Loss x: 0.003, Loss s: 0.003, Mask ratio: 0.995
[2024-09-14 21:21:46,788][    INFO] Iters: 110, Total loss: 0.003, Loss x: 0.003, Loss s: 0.003, Mask ratio: 0.995
[2024-09-14 21:22:31,258][    INFO] Iters: 165, Total loss: 0.003, Loss x: 0.003, Loss s: 0.003, Mask ratio: 0.994
[2024-09-14 21:23:15,727][    INFO] Iters: 220, Total loss: 0.003, Loss x: 0.003, Loss s: 0.003, Mask ratio: 0.994
[2024-09-14 21:24:00,177][    INFO] Iters: 275, Total loss: 0.003, Loss x: 0.003, Loss s: 0.003, Mask ratio: 0.994
[2024-09-14 21:24:44,615][    INFO] Iters: 330, Total loss: 0.003, Loss x: 0.003, Loss s: 0.003, Mask ratio: 0.994
[2024-09-14 21:25:29,147][    INFO] Iters: 385, Total loss: 0.003, Loss x: 0.003, Loss s: 0.003, Mask ratio: 0.994
[2024-09-14 21:26:13,662][    INFO] Iters: 440, Total loss: 0.003, Loss x: 0.003, Loss s: 0.003, Mask ratio: 0.994
[2024-09-14 21:26:49,458][    INFO] ***** Evaluation ***** >>>> Unchanged IoU: 99.50, EMA: 99.50
[2024-09-14 21:26:49,458][    INFO] ***** Evaluation ***** >>>> Changed IoU: 88.47: EMA: 88.42
[2024-09-14 21:26:49,459][    INFO] ***** Evaluation ***** >>>> Overall Accuracy: 99.52, EMA: 99.52

[2024-09-14 21:26:51,218][    INFO] ===========> Epoch: 53, LR: 0.0000007, Previous best Changed IoU: 88.47, Overall Accuracy: 99.52 @epoch-52, EMA: Changed IoU: 88.64, Overall Accuracy: 99.52 @epoch-40
[2024-09-14 21:26:52,627][    INFO] Iters: 0, Total loss: 0.001, Loss x: 0.001, Loss s: 0.001, Mask ratio: 0.992
[2024-09-14 21:27:37,113][    INFO] Iters: 55, Total loss: 0.003, Loss x: 0.003, Loss s: 0.003, Mask ratio: 0.995
[2024-09-14 21:28:21,643][    INFO] Iters: 110, Total loss: 0.003, Loss x: 0.003, Loss s: 0.003, Mask ratio: 0.995
[2024-09-14 21:29:06,125][    INFO] Iters: 165, Total loss: 0.003, Loss x: 0.003, Loss s: 0.003, Mask ratio: 0.994
[2024-09-14 21:29:50,573][    INFO] Iters: 220, Total loss: 0.003, Loss x: 0.003, Loss s: 0.003, Mask ratio: 0.994
[2024-09-14 21:30:35,031][    INFO] Iters: 275, Total loss: 0.003, Loss x: 0.003, Loss s: 0.003, Mask ratio: 0.994
[2024-09-14 21:31:19,530][    INFO] Iters: 330, Total loss: 0.003, Loss x: 0.003, Loss s: 0.003, Mask ratio: 0.994
[2024-09-14 21:32:04,027][    INFO] Iters: 385, Total loss: 0.003, Loss x: 0.003, Loss s: 0.003, Mask ratio: 0.994
[2024-09-14 21:32:48,522][    INFO] Iters: 440, Total loss: 0.003, Loss x: 0.003, Loss s: 0.003, Mask ratio: 0.994
[2024-09-14 21:33:24,021][    INFO] ***** Evaluation ***** >>>> Unchanged IoU: 99.48, EMA: 99.49
[2024-09-14 21:33:24,021][    INFO] ***** Evaluation ***** >>>> Changed IoU: 87.93: EMA: 88.24
[2024-09-14 21:33:24,021][    INFO] ***** Evaluation ***** >>>> Overall Accuracy: 99.50, EMA: 99.51

[2024-09-14 21:33:26,214][    INFO] ===========> Epoch: 54, LR: 0.0000006, Previous best Changed IoU: 88.47, Overall Accuracy: 99.52 @epoch-52, EMA: Changed IoU: 88.64, Overall Accuracy: 99.52 @epoch-40
[2024-09-14 21:33:27,672][    INFO] Iters: 0, Total loss: 0.002, Loss x: 0.001, Loss s: 0.003, Mask ratio: 0.996
[2024-09-14 21:34:12,177][    INFO] Iters: 55, Total loss: 0.003, Loss x: 0.003, Loss s: 0.003, Mask ratio: 0.994
[2024-09-14 21:34:56,686][    INFO] Iters: 110, Total loss: 0.003, Loss x: 0.003, Loss s: 0.003, Mask ratio: 0.994
[2024-09-14 21:35:41,167][    INFO] Iters: 165, Total loss: 0.003, Loss x: 0.003, Loss s: 0.003, Mask ratio: 0.994
[2024-09-14 21:36:25,647][    INFO] Iters: 220, Total loss: 0.003, Loss x: 0.003, Loss s: 0.003, Mask ratio: 0.994
[2024-09-14 21:37:10,109][    INFO] Iters: 275, Total loss: 0.003, Loss x: 0.003, Loss s: 0.003, Mask ratio: 0.994
[2024-09-14 21:37:54,573][    INFO] Iters: 330, Total loss: 0.003, Loss x: 0.003, Loss s: 0.003, Mask ratio: 0.994
[2024-09-14 21:38:39,077][    INFO] Iters: 385, Total loss: 0.003, Loss x: 0.003, Loss s: 0.003, Mask ratio: 0.994
[2024-09-14 21:39:23,543][    INFO] Iters: 440, Total loss: 0.003, Loss x: 0.003, Loss s: 0.003, Mask ratio: 0.994
[2024-09-14 21:39:59,230][    INFO] ***** Evaluation ***** >>>> Unchanged IoU: 99.45, EMA: 99.49
[2024-09-14 21:39:59,230][    INFO] ***** Evaluation ***** >>>> Changed IoU: 87.56: EMA: 88.18
[2024-09-14 21:39:59,230][    INFO] ***** Evaluation ***** >>>> Overall Accuracy: 99.47, EMA: 99.51

[2024-09-14 21:40:01,099][    INFO] ===========> Epoch: 55, LR: 0.0000005, Previous best Changed IoU: 88.47, Overall Accuracy: 99.52 @epoch-52, EMA: Changed IoU: 88.64, Overall Accuracy: 99.52 @epoch-40
[2024-09-14 21:40:02,521][    INFO] Iters: 0, Total loss: 0.000, Loss x: 0.000, Loss s: 0.000, Mask ratio: 0.997
[2024-09-14 21:40:46,999][    INFO] Iters: 55, Total loss: 0.003, Loss x: 0.003, Loss s: 0.004, Mask ratio: 0.994
[2024-09-14 21:41:31,447][    INFO] Iters: 110, Total loss: 0.003, Loss x: 0.003, Loss s: 0.003, Mask ratio: 0.994
[2024-09-14 21:42:15,882][    INFO] Iters: 165, Total loss: 0.003, Loss x: 0.003, Loss s: 0.003, Mask ratio: 0.994
[2024-09-14 21:43:00,309][    INFO] Iters: 220, Total loss: 0.003, Loss x: 0.003, Loss s: 0.003, Mask ratio: 0.994
[2024-09-14 21:43:44,753][    INFO] Iters: 275, Total loss: 0.003, Loss x: 0.003, Loss s: 0.003, Mask ratio: 0.994
[2024-09-14 21:44:29,171][    INFO] Iters: 330, Total loss: 0.003, Loss x: 0.003, Loss s: 0.003, Mask ratio: 0.994
[2024-09-14 21:45:13,595][    INFO] Iters: 385, Total loss: 0.003, Loss x: 0.003, Loss s: 0.003, Mask ratio: 0.994
[2024-09-14 21:45:58,027][    INFO] Iters: 440, Total loss: 0.003, Loss x: 0.003, Loss s: 0.003, Mask ratio: 0.995
[2024-09-14 21:46:33,465][    INFO] ***** Evaluation ***** >>>> Unchanged IoU: 99.50, EMA: 99.49
[2024-09-14 21:46:33,466][    INFO] ***** Evaluation ***** >>>> Changed IoU: 88.40: EMA: 88.20
[2024-09-14 21:46:33,466][    INFO] ***** Evaluation ***** >>>> Overall Accuracy: 99.52, EMA: 99.51

[2024-09-14 21:46:35,180][    INFO] ===========> Epoch: 56, LR: 0.0000004, Previous best Changed IoU: 88.47, Overall Accuracy: 99.52 @epoch-52, EMA: Changed IoU: 88.64, Overall Accuracy: 99.52 @epoch-40
[2024-09-14 21:46:36,628][    INFO] Iters: 0, Total loss: 0.002, Loss x: 0.002, Loss s: 0.002, Mask ratio: 0.996
[2024-09-14 21:47:21,149][    INFO] Iters: 55, Total loss: 0.003, Loss x: 0.003, Loss s: 0.003, Mask ratio: 0.995
[2024-09-14 21:48:05,643][    INFO] Iters: 110, Total loss: 0.003, Loss x: 0.003, Loss s: 0.003, Mask ratio: 0.995
[2024-09-14 21:48:50,143][    INFO] Iters: 165, Total loss: 0.003, Loss x: 0.003, Loss s: 0.003, Mask ratio: 0.995
[2024-09-14 21:49:34,629][    INFO] Iters: 220, Total loss: 0.003, Loss x: 0.003, Loss s: 0.003, Mask ratio: 0.995
[2024-09-14 21:50:19,108][    INFO] Iters: 275, Total loss: 0.003, Loss x: 0.003, Loss s: 0.003, Mask ratio: 0.995
[2024-09-14 21:51:03,622][    INFO] Iters: 330, Total loss: 0.003, Loss x: 0.003, Loss s: 0.003, Mask ratio: 0.995
[2024-09-14 21:51:48,123][    INFO] Iters: 385, Total loss: 0.003, Loss x: 0.003, Loss s: 0.003, Mask ratio: 0.995
[2024-09-14 21:52:32,672][    INFO] Iters: 440, Total loss: 0.003, Loss x: 0.003, Loss s: 0.003, Mask ratio: 0.995
[2024-09-14 21:53:08,186][    INFO] ***** Evaluation ***** >>>> Unchanged IoU: 99.48, EMA: 99.49
[2024-09-14 21:53:08,186][    INFO] ***** Evaluation ***** >>>> Changed IoU: 88.13: EMA: 88.34
[2024-09-14 21:53:08,186][    INFO] ***** Evaluation ***** >>>> Overall Accuracy: 99.50, EMA: 99.51

[2024-09-14 21:53:09,987][    INFO] ===========> Epoch: 57, LR: 0.0000003, Previous best Changed IoU: 88.47, Overall Accuracy: 99.52 @epoch-52, EMA: Changed IoU: 88.64, Overall Accuracy: 99.52 @epoch-40
[2024-09-14 21:53:11,399][    INFO] Iters: 0, Total loss: 0.004, Loss x: 0.007, Loss s: 0.002, Mask ratio: 0.996
[2024-09-14 21:53:55,870][    INFO] Iters: 55, Total loss: 0.003, Loss x: 0.002, Loss s: 0.003, Mask ratio: 0.995
[2024-09-14 21:54:40,355][    INFO] Iters: 110, Total loss: 0.003, Loss x: 0.002, Loss s: 0.003, Mask ratio: 0.995
[2024-09-14 21:55:24,862][    INFO] Iters: 165, Total loss: 0.003, Loss x: 0.003, Loss s: 0.003, Mask ratio: 0.995
[2024-09-14 21:56:09,344][    INFO] Iters: 220, Total loss: 0.003, Loss x: 0.003, Loss s: 0.003, Mask ratio: 0.995
[2024-09-14 21:56:53,850][    INFO] Iters: 275, Total loss: 0.003, Loss x: 0.003, Loss s: 0.003, Mask ratio: 0.995
[2024-09-14 21:57:38,341][    INFO] Iters: 330, Total loss: 0.003, Loss x: 0.003, Loss s: 0.003, Mask ratio: 0.995
[2024-09-14 21:58:22,843][    INFO] Iters: 385, Total loss: 0.003, Loss x: 0.003, Loss s: 0.003, Mask ratio: 0.995
[2024-09-14 21:59:07,317][    INFO] Iters: 440, Total loss: 0.003, Loss x: 0.003, Loss s: 0.003, Mask ratio: 0.995
[2024-09-14 21:59:42,650][    INFO] ***** Evaluation ***** >>>> Unchanged IoU: 99.49, EMA: 99.49
[2024-09-14 21:59:42,650][    INFO] ***** Evaluation ***** >>>> Changed IoU: 88.25: EMA: 88.30
[2024-09-14 21:59:42,650][    INFO] ***** Evaluation ***** >>>> Overall Accuracy: 99.51, EMA: 99.51

[2024-09-14 21:59:44,401][    INFO] ===========> Epoch: 58, LR: 0.0000002, Previous best Changed IoU: 88.47, Overall Accuracy: 99.52 @epoch-52, EMA: Changed IoU: 88.64, Overall Accuracy: 99.52 @epoch-40
[2024-09-14 21:59:45,842][    INFO] Iters: 0, Total loss: 0.002, Loss x: 0.003, Loss s: 0.001, Mask ratio: 0.996
[2024-09-14 22:00:30,324][    INFO] Iters: 55, Total loss: 0.003, Loss x: 0.002, Loss s: 0.003, Mask ratio: 0.995
[2024-09-14 22:01:14,818][    INFO] Iters: 110, Total loss: 0.003, Loss x: 0.002, Loss s: 0.003, Mask ratio: 0.995
[2024-09-14 22:01:59,270][    INFO] Iters: 165, Total loss: 0.003, Loss x: 0.002, Loss s: 0.003, Mask ratio: 0.994
[2024-09-14 22:02:43,733][    INFO] Iters: 220, Total loss: 0.003, Loss x: 0.002, Loss s: 0.003, Mask ratio: 0.994
[2024-09-14 22:03:28,199][    INFO] Iters: 275, Total loss: 0.003, Loss x: 0.002, Loss s: 0.003, Mask ratio: 0.995
[2024-09-14 22:04:12,668][    INFO] Iters: 330, Total loss: 0.003, Loss x: 0.002, Loss s: 0.003, Mask ratio: 0.995
[2024-09-14 22:04:57,113][    INFO] Iters: 385, Total loss: 0.003, Loss x: 0.003, Loss s: 0.003, Mask ratio: 0.995
[2024-09-14 22:05:41,583][    INFO] Iters: 440, Total loss: 0.003, Loss x: 0.003, Loss s: 0.003, Mask ratio: 0.995
[2024-09-14 22:06:17,180][    INFO] ***** Evaluation ***** >>>> Unchanged IoU: 99.50, EMA: 99.50
[2024-09-14 22:06:17,180][    INFO] ***** Evaluation ***** >>>> Changed IoU: 88.55: EMA: 88.45
[2024-09-14 22:06:17,180][    INFO] ***** Evaluation ***** >>>> Overall Accuracy: 99.52, EMA: 99.52

[2024-09-14 22:06:19,093][    INFO] ===========> Epoch: 59, LR: 0.0000001, Previous best Changed IoU: 88.55, Overall Accuracy: 99.52 @epoch-58, EMA: Changed IoU: 88.64, Overall Accuracy: 99.52 @epoch-40
[2024-09-14 22:06:20,557][    INFO] Iters: 0, Total loss: 0.004, Loss x: 0.003, Loss s: 0.005, Mask ratio: 0.992
[2024-09-14 22:07:05,168][    INFO] Iters: 55, Total loss: 0.002, Loss x: 0.002, Loss s: 0.002, Mask ratio: 0.995
[2024-09-14 22:07:49,660][    INFO] Iters: 110, Total loss: 0.002, Loss x: 0.003, Loss s: 0.002, Mask ratio: 0.995
[2024-09-14 22:08:34,132][    INFO] Iters: 165, Total loss: 0.002, Loss x: 0.003, Loss s: 0.002, Mask ratio: 0.995
[2024-09-14 22:09:18,602][    INFO] Iters: 220, Total loss: 0.003, Loss x: 0.003, Loss s: 0.003, Mask ratio: 0.995
[2024-09-14 22:10:03,115][    INFO] Iters: 275, Total loss: 0.003, Loss x: 0.003, Loss s: 0.003, Mask ratio: 0.995
[2024-09-14 22:10:47,622][    INFO] Iters: 330, Total loss: 0.003, Loss x: 0.003, Loss s: 0.003, Mask ratio: 0.995
[2024-09-14 22:11:32,091][    INFO] Iters: 385, Total loss: 0.003, Loss x: 0.003, Loss s: 0.003, Mask ratio: 0.995
[2024-09-14 22:12:16,558][    INFO] Iters: 440, Total loss: 0.003, Loss x: 0.003, Loss s: 0.003, Mask ratio: 0.995
[2024-09-14 22:12:52,881][    INFO] ***** Evaluation ***** >>>> Unchanged IoU: 99.50, EMA: 99.50
[2024-09-14 22:12:52,881][    INFO] ***** Evaluation ***** >>>> Changed IoU: 88.57: EMA: 88.55
[2024-09-14 22:12:52,881][    INFO] ***** Evaluation ***** >>>> Overall Accuracy: 99.52, EMA: 99.52

