[2024-09-14 15:35:25,583][    INFO] {'backbone': 'dinov2_base',
 'batch_size': 8,
 'conf_thresh': 0.95,
 'config': 'configs/whu.yaml',
 'crop_size': 252,
 'data_root': '/home/bingxing2/lihe/data/WHU-CD',
 'dataset': 'whu',
 'epochs': 60,
 'labeled_id_path': 'splits/whu/20%/labeled.txt',
 'local_rank': 0,
 'lock_backbone': False,
 'lr': 5e-06,
 'lr_multi': 40.0,
 'model': 'dpt',
 'nclass': 2,
 'ngpus': 1,
 'port': 25870,
 'save_path': 'exp/whu/unimatch_v2/dinov2_base/20%',
 'unlabeled_id_path': 'splits/whu/20%/unlabeled.txt'}

[2024-09-14 15:35:30,669][    INFO] Total params: 97.5M

[2024-09-14 15:35:32,282][    INFO] ===========> Epoch: 0, LR: 0.0000050, Previous best Changed IoU: 0.00, Overall Accuracy: 0.00 @epoch-0, EMA: Changed IoU: 0.00, Overall Accuracy: 0.00 @epoch-0
[2024-09-14 15:35:40,792][    INFO] Iters: 0, Total loss: 0.341, Loss x: 0.681, Loss s: 0.000, Mask ratio: 0.000
[2024-09-14 15:36:40,852][    INFO] Iters: 74, Total loss: 0.103, Loss x: 0.193, Loss s: 0.014, Mask ratio: 0.775
[2024-09-14 15:37:40,973][    INFO] Iters: 148, Total loss: 0.087, Loss x: 0.158, Loss s: 0.016, Mask ratio: 0.845
[2024-09-14 15:38:41,078][    INFO] Iters: 222, Total loss: 0.078, Loss x: 0.139, Loss s: 0.016, Mask ratio: 0.870
[2024-09-14 15:39:41,384][    INFO] Iters: 296, Total loss: 0.073, Loss x: 0.131, Loss s: 0.015, Mask ratio: 0.877
[2024-09-14 15:40:41,829][    INFO] Iters: 370, Total loss: 0.066, Loss x: 0.120, Loss s: 0.013, Mask ratio: 0.891
[2024-09-14 15:41:42,273][    INFO] Iters: 444, Total loss: 0.061, Loss x: 0.110, Loss s: 0.012, Mask ratio: 0.901
[2024-09-14 15:42:42,703][    INFO] Iters: 518, Total loss: 0.056, Loss x: 0.101, Loss s: 0.012, Mask ratio: 0.910
[2024-09-14 15:43:43,106][    INFO] Iters: 592, Total loss: 0.053, Loss x: 0.094, Loss s: 0.012, Mask ratio: 0.915
[2024-09-14 15:44:15,719][    INFO] ***** Evaluation ***** >>>> Unchanged IoU: 98.31, EMA: 97.40
[2024-09-14 15:44:15,719][    INFO] ***** Evaluation ***** >>>> Changed IoU: 64.85: EMA: 39.00
[2024-09-14 15:44:15,719][    INFO] ***** Evaluation ***** >>>> Overall Accuracy: 98.36, EMA: 97.44

[2024-09-14 15:44:18,781][    INFO] ===========> Epoch: 1, LR: 0.0000049, Previous best Changed IoU: 64.85, Overall Accuracy: 98.36 @epoch-0, EMA: Changed IoU: 39.00, Overall Accuracy: 97.44 @epoch-0
[2024-09-14 15:44:20,184][    INFO] Iters: 0, Total loss: 0.056, Loss x: 0.093, Loss s: 0.018, Mask ratio: 0.957
[2024-09-14 15:45:20,460][    INFO] Iters: 74, Total loss: 0.025, Loss x: 0.033, Loss s: 0.017, Mask ratio: 0.958
[2024-09-14 15:46:20,871][    INFO] Iters: 148, Total loss: 0.025, Loss x: 0.035, Loss s: 0.015, Mask ratio: 0.954
[2024-09-14 15:47:21,313][    INFO] Iters: 222, Total loss: 0.023, Loss x: 0.033, Loss s: 0.013, Mask ratio: 0.958
[2024-09-14 15:48:21,724][    INFO] Iters: 296, Total loss: 0.023, Loss x: 0.033, Loss s: 0.013, Mask ratio: 0.958
[2024-09-14 15:49:22,210][    INFO] Iters: 370, Total loss: 0.022, Loss x: 0.032, Loss s: 0.013, Mask ratio: 0.959
[2024-09-14 15:50:22,780][    INFO] Iters: 444, Total loss: 0.021, Loss x: 0.030, Loss s: 0.013, Mask ratio: 0.959
[2024-09-14 15:51:23,260][    INFO] Iters: 518, Total loss: 0.021, Loss x: 0.029, Loss s: 0.012, Mask ratio: 0.961
[2024-09-14 15:52:23,740][    INFO] Iters: 592, Total loss: 0.019, Loss x: 0.028, Loss s: 0.011, Mask ratio: 0.962
[2024-09-14 15:52:56,177][    INFO] ***** Evaluation ***** >>>> Unchanged IoU: 98.74, EMA: 98.91
[2024-09-14 15:52:56,177][    INFO] ***** Evaluation ***** >>>> Changed IoU: 70.51: EMA: 76.71
[2024-09-14 15:52:56,177][    INFO] ***** Evaluation ***** >>>> Overall Accuracy: 98.78, EMA: 98.95

[2024-09-14 15:52:59,434][    INFO] ===========> Epoch: 2, LR: 0.0000048, Previous best Changed IoU: 70.51, Overall Accuracy: 98.78 @epoch-1, EMA: Changed IoU: 76.71, Overall Accuracy: 98.95 @epoch-1
[2024-09-14 15:53:00,870][    INFO] Iters: 0, Total loss: 0.016, Loss x: 0.029, Loss s: 0.004, Mask ratio: 0.976
[2024-09-14 15:54:01,142][    INFO] Iters: 74, Total loss: 0.014, Loss x: 0.020, Loss s: 0.009, Mask ratio: 0.978
[2024-09-14 15:55:01,439][    INFO] Iters: 148, Total loss: 0.015, Loss x: 0.020, Loss s: 0.010, Mask ratio: 0.972
[2024-09-14 15:56:01,500][    INFO] Iters: 222, Total loss: 0.014, Loss x: 0.019, Loss s: 0.009, Mask ratio: 0.972
[2024-09-14 15:57:03,146][    INFO] Iters: 296, Total loss: 0.014, Loss x: 0.019, Loss s: 0.008, Mask ratio: 0.973
[2024-09-14 15:58:03,126][    INFO] Iters: 370, Total loss: 0.014, Loss x: 0.019, Loss s: 0.009, Mask ratio: 0.973
[2024-09-14 15:59:03,106][    INFO] Iters: 444, Total loss: 0.014, Loss x: 0.018, Loss s: 0.009, Mask ratio: 0.974
[2024-09-14 16:00:03,154][    INFO] Iters: 518, Total loss: 0.013, Loss x: 0.018, Loss s: 0.008, Mask ratio: 0.974
[2024-09-14 16:01:03,228][    INFO] Iters: 592, Total loss: 0.013, Loss x: 0.018, Loss s: 0.008, Mask ratio: 0.974
[2024-09-14 16:01:34,680][    INFO] ***** Evaluation ***** >>>> Unchanged IoU: 99.15, EMA: 99.07
[2024-09-14 16:01:34,680][    INFO] ***** Evaluation ***** >>>> Changed IoU: 80.61: EMA: 79.76
[2024-09-14 16:01:34,681][    INFO] ***** Evaluation ***** >>>> Overall Accuracy: 99.18, EMA: 99.10

[2024-09-14 16:01:38,018][    INFO] ===========> Epoch: 3, LR: 0.0000048, Previous best Changed IoU: 80.61, Overall Accuracy: 99.18 @epoch-2, EMA: Changed IoU: 79.76, Overall Accuracy: 99.10 @epoch-2
[2024-09-14 16:01:39,409][    INFO] Iters: 0, Total loss: 0.003, Loss x: 0.003, Loss s: 0.003, Mask ratio: 0.979
[2024-09-14 16:02:39,495][    INFO] Iters: 74, Total loss: 0.011, Loss x: 0.015, Loss s: 0.007, Mask ratio: 0.976
[2024-09-14 16:03:39,574][    INFO] Iters: 148, Total loss: 0.011, Loss x: 0.014, Loss s: 0.009, Mask ratio: 0.977
[2024-09-14 16:04:39,607][    INFO] Iters: 222, Total loss: 0.011, Loss x: 0.014, Loss s: 0.008, Mask ratio: 0.978
[2024-09-14 16:05:39,702][    INFO] Iters: 296, Total loss: 0.011, Loss x: 0.015, Loss s: 0.008, Mask ratio: 0.978
[2024-09-14 16:06:39,761][    INFO] Iters: 370, Total loss: 0.010, Loss x: 0.014, Loss s: 0.007, Mask ratio: 0.979
[2024-09-14 16:07:39,794][    INFO] Iters: 444, Total loss: 0.011, Loss x: 0.014, Loss s: 0.008, Mask ratio: 0.978
[2024-09-14 16:08:39,827][    INFO] Iters: 518, Total loss: 0.010, Loss x: 0.014, Loss s: 0.007, Mask ratio: 0.979
[2024-09-14 16:09:39,932][    INFO] Iters: 592, Total loss: 0.011, Loss x: 0.014, Loss s: 0.007, Mask ratio: 0.979
[2024-09-14 16:10:11,433][    INFO] ***** Evaluation ***** >>>> Unchanged IoU: 99.15, EMA: 99.17
[2024-09-14 16:10:11,433][    INFO] ***** Evaluation ***** >>>> Changed IoU: 81.05: EMA: 81.43
[2024-09-14 16:10:11,433][    INFO] ***** Evaluation ***** >>>> Overall Accuracy: 99.18, EMA: 99.20

[2024-09-14 16:10:14,742][    INFO] ===========> Epoch: 4, LR: 0.0000047, Previous best Changed IoU: 81.05, Overall Accuracy: 99.18 @epoch-3, EMA: Changed IoU: 81.43, Overall Accuracy: 99.20 @epoch-3
[2024-09-14 16:10:16,195][    INFO] Iters: 0, Total loss: 0.028, Loss x: 0.009, Loss s: 0.046, Mask ratio: 0.965
[2024-09-14 16:11:16,272][    INFO] Iters: 74, Total loss: 0.009, Loss x: 0.013, Loss s: 0.006, Mask ratio: 0.980
[2024-09-14 16:12:16,343][    INFO] Iters: 148, Total loss: 0.010, Loss x: 0.013, Loss s: 0.006, Mask ratio: 0.981
[2024-09-14 16:13:16,428][    INFO] Iters: 222, Total loss: 0.010, Loss x: 0.013, Loss s: 0.007, Mask ratio: 0.980
[2024-09-14 16:14:16,479][    INFO] Iters: 296, Total loss: 0.011, Loss x: 0.015, Loss s: 0.007, Mask ratio: 0.979
[2024-09-14 16:15:16,573][    INFO] Iters: 370, Total loss: 0.010, Loss x: 0.014, Loss s: 0.007, Mask ratio: 0.979
[2024-09-14 16:16:16,692][    INFO] Iters: 444, Total loss: 0.010, Loss x: 0.014, Loss s: 0.007, Mask ratio: 0.980
[2024-09-14 16:17:16,834][    INFO] Iters: 518, Total loss: 0.010, Loss x: 0.013, Loss s: 0.007, Mask ratio: 0.980
[2024-09-14 16:18:16,993][    INFO] Iters: 592, Total loss: 0.010, Loss x: 0.013, Loss s: 0.007, Mask ratio: 0.979
[2024-09-14 16:18:48,419][    INFO] ***** Evaluation ***** >>>> Unchanged IoU: 99.19, EMA: 99.19
[2024-09-14 16:18:48,419][    INFO] ***** Evaluation ***** >>>> Changed IoU: 81.34: EMA: 81.95
[2024-09-14 16:18:48,419][    INFO] ***** Evaluation ***** >>>> Overall Accuracy: 99.21, EMA: 99.22

[2024-09-14 16:18:51,765][    INFO] ===========> Epoch: 5, LR: 0.0000046, Previous best Changed IoU: 81.34, Overall Accuracy: 99.21 @epoch-4, EMA: Changed IoU: 81.95, Overall Accuracy: 99.22 @epoch-4
[2024-09-14 16:18:53,173][    INFO] Iters: 0, Total loss: 0.004, Loss x: 0.007, Loss s: 0.002, Mask ratio: 0.993
[2024-09-14 16:19:53,374][    INFO] Iters: 74, Total loss: 0.009, Loss x: 0.013, Loss s: 0.005, Mask ratio: 0.981
[2024-09-14 16:20:53,484][    INFO] Iters: 148, Total loss: 0.010, Loss x: 0.014, Loss s: 0.005, Mask ratio: 0.980
[2024-09-14 16:21:53,567][    INFO] Iters: 222, Total loss: 0.010, Loss x: 0.014, Loss s: 0.006, Mask ratio: 0.979
[2024-09-14 16:22:53,719][    INFO] Iters: 296, Total loss: 0.011, Loss x: 0.016, Loss s: 0.007, Mask ratio: 0.978
[2024-09-14 16:23:53,856][    INFO] Iters: 370, Total loss: 0.011, Loss x: 0.015, Loss s: 0.007, Mask ratio: 0.979
[2024-09-14 16:24:54,006][    INFO] Iters: 444, Total loss: 0.010, Loss x: 0.014, Loss s: 0.007, Mask ratio: 0.979
[2024-09-14 16:25:54,252][    INFO] Iters: 518, Total loss: 0.010, Loss x: 0.013, Loss s: 0.007, Mask ratio: 0.979
[2024-09-14 16:26:54,393][    INFO] Iters: 592, Total loss: 0.010, Loss x: 0.013, Loss s: 0.007, Mask ratio: 0.980
[2024-09-14 16:27:25,759][    INFO] ***** Evaluation ***** >>>> Unchanged IoU: 99.11, EMA: 99.19
[2024-09-14 16:27:25,759][    INFO] ***** Evaluation ***** >>>> Changed IoU: 80.01: EMA: 82.25
[2024-09-14 16:27:25,759][    INFO] ***** Evaluation ***** >>>> Overall Accuracy: 99.14, EMA: 99.22

[2024-09-14 16:27:29,038][    INFO] ===========> Epoch: 6, LR: 0.0000045, Previous best Changed IoU: 81.34, Overall Accuracy: 99.21 @epoch-4, EMA: Changed IoU: 82.25, Overall Accuracy: 99.22 @epoch-5
[2024-09-14 16:27:30,448][    INFO] Iters: 0, Total loss: 0.033, Loss x: 0.019, Loss s: 0.047, Mask ratio: 0.975
[2024-09-14 16:28:30,488][    INFO] Iters: 74, Total loss: 0.009, Loss x: 0.010, Loss s: 0.007, Mask ratio: 0.982
[2024-09-14 16:29:30,552][    INFO] Iters: 148, Total loss: 0.009, Loss x: 0.012, Loss s: 0.007, Mask ratio: 0.983
[2024-09-14 16:30:30,636][    INFO] Iters: 222, Total loss: 0.008, Loss x: 0.010, Loss s: 0.006, Mask ratio: 0.983
[2024-09-14 16:31:30,753][    INFO] Iters: 296, Total loss: 0.008, Loss x: 0.011, Loss s: 0.006, Mask ratio: 0.982
[2024-09-14 16:32:30,865][    INFO] Iters: 370, Total loss: 0.008, Loss x: 0.011, Loss s: 0.006, Mask ratio: 0.982
[2024-09-14 16:33:30,993][    INFO] Iters: 444, Total loss: 0.008, Loss x: 0.011, Loss s: 0.006, Mask ratio: 0.983
[2024-09-14 16:34:31,092][    INFO] Iters: 518, Total loss: 0.008, Loss x: 0.010, Loss s: 0.006, Mask ratio: 0.983
[2024-09-14 16:35:31,188][    INFO] Iters: 592, Total loss: 0.008, Loss x: 0.010, Loss s: 0.006, Mask ratio: 0.983
[2024-09-14 16:36:02,603][    INFO] ***** Evaluation ***** >>>> Unchanged IoU: 99.22, EMA: 99.23
[2024-09-14 16:36:02,603][    INFO] ***** Evaluation ***** >>>> Changed IoU: 82.58: EMA: 82.86
[2024-09-14 16:36:02,603][    INFO] ***** Evaluation ***** >>>> Overall Accuracy: 99.25, EMA: 99.26

[2024-09-14 16:36:05,899][    INFO] ===========> Epoch: 7, LR: 0.0000045, Previous best Changed IoU: 82.58, Overall Accuracy: 99.25 @epoch-6, EMA: Changed IoU: 82.86, Overall Accuracy: 99.26 @epoch-6
[2024-09-14 16:36:07,314][    INFO] Iters: 0, Total loss: 0.009, Loss x: 0.013, Loss s: 0.005, Mask ratio: 0.992
[2024-09-14 16:37:07,397][    INFO] Iters: 74, Total loss: 0.006, Loss x: 0.007, Loss s: 0.005, Mask ratio: 0.985
[2024-09-14 16:38:07,492][    INFO] Iters: 148, Total loss: 0.007, Loss x: 0.009, Loss s: 0.006, Mask ratio: 0.984
[2024-09-14 16:39:07,506][    INFO] Iters: 222, Total loss: 0.007, Loss x: 0.009, Loss s: 0.006, Mask ratio: 0.985
[2024-09-14 16:40:07,509][    INFO] Iters: 296, Total loss: 0.007, Loss x: 0.008, Loss s: 0.005, Mask ratio: 0.985
[2024-09-14 16:41:07,505][    INFO] Iters: 370, Total loss: 0.007, Loss x: 0.008, Loss s: 0.005, Mask ratio: 0.985
[2024-09-14 16:42:07,504][    INFO] Iters: 444, Total loss: 0.007, Loss x: 0.008, Loss s: 0.005, Mask ratio: 0.985
[2024-09-14 16:43:07,503][    INFO] Iters: 518, Total loss: 0.007, Loss x: 0.008, Loss s: 0.005, Mask ratio: 0.985
[2024-09-14 16:44:07,568][    INFO] Iters: 592, Total loss: 0.007, Loss x: 0.008, Loss s: 0.005, Mask ratio: 0.985
[2024-09-14 16:44:39,140][    INFO] ***** Evaluation ***** >>>> Unchanged IoU: 99.28, EMA: 99.31
[2024-09-14 16:44:39,140][    INFO] ***** Evaluation ***** >>>> Changed IoU: 83.61: EMA: 84.40
[2024-09-14 16:44:39,140][    INFO] ***** Evaluation ***** >>>> Overall Accuracy: 99.30, EMA: 99.33

[2024-09-14 16:44:42,523][    INFO] ===========> Epoch: 8, LR: 0.0000044, Previous best Changed IoU: 83.61, Overall Accuracy: 99.30 @epoch-7, EMA: Changed IoU: 84.40, Overall Accuracy: 99.33 @epoch-7
[2024-09-14 16:44:43,946][    INFO] Iters: 0, Total loss: 0.003, Loss x: 0.006, Loss s: 0.001, Mask ratio: 0.997
[2024-09-14 16:45:44,071][    INFO] Iters: 74, Total loss: 0.006, Loss x: 0.007, Loss s: 0.005, Mask ratio: 0.986
[2024-09-14 16:46:44,174][    INFO] Iters: 148, Total loss: 0.006, Loss x: 0.008, Loss s: 0.005, Mask ratio: 0.987
[2024-09-14 16:47:44,259][    INFO] Iters: 222, Total loss: 0.006, Loss x: 0.008, Loss s: 0.005, Mask ratio: 0.987
[2024-09-14 16:48:44,356][    INFO] Iters: 296, Total loss: 0.006, Loss x: 0.007, Loss s: 0.005, Mask ratio: 0.986
[2024-09-14 16:49:44,440][    INFO] Iters: 370, Total loss: 0.006, Loss x: 0.008, Loss s: 0.005, Mask ratio: 0.987
[2024-09-14 16:50:44,534][    INFO] Iters: 444, Total loss: 0.006, Loss x: 0.007, Loss s: 0.005, Mask ratio: 0.987
[2024-09-14 16:51:44,622][    INFO] Iters: 518, Total loss: 0.007, Loss x: 0.008, Loss s: 0.006, Mask ratio: 0.986
[2024-09-14 16:52:44,703][    INFO] Iters: 592, Total loss: 0.008, Loss x: 0.010, Loss s: 0.006, Mask ratio: 0.984
[2024-09-14 16:53:16,170][    INFO] ***** Evaluation ***** >>>> Unchanged IoU: 99.04, EMA: 99.23
[2024-09-14 16:53:16,170][    INFO] ***** Evaluation ***** >>>> Changed IoU: 78.30: EMA: 83.24
[2024-09-14 16:53:16,170][    INFO] ***** Evaluation ***** >>>> Overall Accuracy: 99.07, EMA: 99.26

[2024-09-14 16:53:17,833][    INFO] ===========> Epoch: 9, LR: 0.0000043, Previous best Changed IoU: 83.61, Overall Accuracy: 99.30 @epoch-7, EMA: Changed IoU: 84.40, Overall Accuracy: 99.33 @epoch-7
[2024-09-14 16:53:19,259][    INFO] Iters: 0, Total loss: 0.036, Loss x: 0.071, Loss s: 0.000, Mask ratio: 1.000
[2024-09-14 16:54:19,330][    INFO] Iters: 74, Total loss: 0.010, Loss x: 0.012, Loss s: 0.008, Mask ratio: 0.985
[2024-09-14 16:55:19,403][    INFO] Iters: 148, Total loss: 0.009, Loss x: 0.011, Loss s: 0.007, Mask ratio: 0.984
[2024-09-14 16:56:19,443][    INFO] Iters: 222, Total loss: 0.008, Loss x: 0.009, Loss s: 0.006, Mask ratio: 0.985
[2024-09-14 16:57:19,427][    INFO] Iters: 296, Total loss: 0.008, Loss x: 0.009, Loss s: 0.006, Mask ratio: 0.985
[2024-09-14 16:58:19,403][    INFO] Iters: 370, Total loss: 0.008, Loss x: 0.009, Loss s: 0.007, Mask ratio: 0.985
[2024-09-14 16:59:19,419][    INFO] Iters: 444, Total loss: 0.008, Loss x: 0.009, Loss s: 0.007, Mask ratio: 0.985
[2024-09-14 17:00:19,497][    INFO] Iters: 518, Total loss: 0.009, Loss x: 0.010, Loss s: 0.007, Mask ratio: 0.985
[2024-09-14 17:01:19,593][    INFO] Iters: 592, Total loss: 0.008, Loss x: 0.009, Loss s: 0.007, Mask ratio: 0.985
[2024-09-14 17:01:51,058][    INFO] ***** Evaluation ***** >>>> Unchanged IoU: 99.18, EMA: 99.32
[2024-09-14 17:01:51,058][    INFO] ***** Evaluation ***** >>>> Changed IoU: 82.41: EMA: 84.69
[2024-09-14 17:01:51,058][    INFO] ***** Evaluation ***** >>>> Overall Accuracy: 99.21, EMA: 99.34

[2024-09-14 17:01:54,382][    INFO] ===========> Epoch: 10, LR: 0.0000042, Previous best Changed IoU: 83.61, Overall Accuracy: 99.30 @epoch-7, EMA: Changed IoU: 84.69, Overall Accuracy: 99.34 @epoch-9
[2024-09-14 17:01:55,848][    INFO] Iters: 0, Total loss: 0.004, Loss x: 0.004, Loss s: 0.003, Mask ratio: 0.971
[2024-09-14 17:02:55,929][    INFO] Iters: 74, Total loss: 0.007, Loss x: 0.008, Loss s: 0.006, Mask ratio: 0.986
[2024-09-14 17:03:55,976][    INFO] Iters: 148, Total loss: 0.006, Loss x: 0.007, Loss s: 0.005, Mask ratio: 0.987
[2024-09-14 17:04:56,063][    INFO] Iters: 222, Total loss: 0.006, Loss x: 0.007, Loss s: 0.006, Mask ratio: 0.988
[2024-09-14 17:05:56,148][    INFO] Iters: 296, Total loss: 0.007, Loss x: 0.007, Loss s: 0.006, Mask ratio: 0.987
[2024-09-14 17:06:56,212][    INFO] Iters: 370, Total loss: 0.006, Loss x: 0.007, Loss s: 0.005, Mask ratio: 0.987
[2024-09-14 17:07:56,274][    INFO] Iters: 444, Total loss: 0.006, Loss x: 0.007, Loss s: 0.005, Mask ratio: 0.987
[2024-09-14 17:08:56,336][    INFO] Iters: 518, Total loss: 0.006, Loss x: 0.007, Loss s: 0.005, Mask ratio: 0.987
[2024-09-14 17:09:56,324][    INFO] Iters: 592, Total loss: 0.006, Loss x: 0.007, Loss s: 0.005, Mask ratio: 0.987
[2024-09-14 17:10:27,926][    INFO] ***** Evaluation ***** >>>> Unchanged IoU: 99.31, EMA: 99.32
[2024-09-14 17:10:27,926][    INFO] ***** Evaluation ***** >>>> Changed IoU: 84.54: EMA: 84.84
[2024-09-14 17:10:27,926][    INFO] ***** Evaluation ***** >>>> Overall Accuracy: 99.34, EMA: 99.35

[2024-09-14 17:10:31,409][    INFO] ===========> Epoch: 11, LR: 0.0000042, Previous best Changed IoU: 84.54, Overall Accuracy: 99.34 @epoch-10, EMA: Changed IoU: 84.84, Overall Accuracy: 99.35 @epoch-10
[2024-09-14 17:10:32,841][    INFO] Iters: 0, Total loss: 0.000, Loss x: 0.000, Loss s: 0.000, Mask ratio: 1.000
[2024-09-14 17:11:32,882][    INFO] Iters: 74, Total loss: 0.007, Loss x: 0.008, Loss s: 0.007, Mask ratio: 0.985
[2024-09-14 17:12:32,921][    INFO] Iters: 148, Total loss: 0.007, Loss x: 0.008, Loss s: 0.006, Mask ratio: 0.987
[2024-09-14 17:13:32,910][    INFO] Iters: 222, Total loss: 0.006, Loss x: 0.007, Loss s: 0.006, Mask ratio: 0.988
[2024-09-14 17:14:32,876][    INFO] Iters: 296, Total loss: 0.006, Loss x: 0.007, Loss s: 0.006, Mask ratio: 0.987
[2024-09-14 17:15:32,853][    INFO] Iters: 370, Total loss: 0.006, Loss x: 0.007, Loss s: 0.005, Mask ratio: 0.988
[2024-09-14 17:16:32,870][    INFO] Iters: 444, Total loss: 0.006, Loss x: 0.007, Loss s: 0.005, Mask ratio: 0.988
[2024-09-14 17:17:32,904][    INFO] Iters: 518, Total loss: 0.006, Loss x: 0.007, Loss s: 0.005, Mask ratio: 0.988
[2024-09-14 17:18:32,962][    INFO] Iters: 592, Total loss: 0.006, Loss x: 0.006, Loss s: 0.005, Mask ratio: 0.988
[2024-09-14 17:19:04,389][    INFO] ***** Evaluation ***** >>>> Unchanged IoU: 99.29, EMA: 99.33
[2024-09-14 17:19:04,389][    INFO] ***** Evaluation ***** >>>> Changed IoU: 84.39: EMA: 84.99
[2024-09-14 17:19:04,389][    INFO] ***** Evaluation ***** >>>> Overall Accuracy: 99.32, EMA: 99.35

[2024-09-14 17:19:07,891][    INFO] ===========> Epoch: 12, LR: 0.0000041, Previous best Changed IoU: 84.54, Overall Accuracy: 99.34 @epoch-10, EMA: Changed IoU: 84.99, Overall Accuracy: 99.35 @epoch-11
[2024-09-14 17:19:09,318][    INFO] Iters: 0, Total loss: 0.004, Loss x: 0.004, Loss s: 0.004, Mask ratio: 0.988
[2024-09-14 17:20:09,423][    INFO] Iters: 74, Total loss: 0.005, Loss x: 0.005, Loss s: 0.004, Mask ratio: 0.991
[2024-09-14 17:21:11,053][    INFO] Iters: 148, Total loss: 0.005, Loss x: 0.006, Loss s: 0.004, Mask ratio: 0.990
[2024-09-14 17:22:11,177][    INFO] Iters: 222, Total loss: 0.005, Loss x: 0.006, Loss s: 0.004, Mask ratio: 0.990
[2024-09-14 17:23:11,306][    INFO] Iters: 296, Total loss: 0.005, Loss x: 0.005, Loss s: 0.005, Mask ratio: 0.990
[2024-09-14 17:24:11,360][    INFO] Iters: 370, Total loss: 0.005, Loss x: 0.005, Loss s: 0.004, Mask ratio: 0.990
[2024-09-14 17:25:11,363][    INFO] Iters: 444, Total loss: 0.005, Loss x: 0.005, Loss s: 0.004, Mask ratio: 0.990
[2024-09-14 17:26:11,362][    INFO] Iters: 518, Total loss: 0.005, Loss x: 0.005, Loss s: 0.004, Mask ratio: 0.990
[2024-09-14 17:27:11,395][    INFO] Iters: 592, Total loss: 0.005, Loss x: 0.006, Loss s: 0.005, Mask ratio: 0.989
[2024-09-14 17:27:42,874][    INFO] ***** Evaluation ***** >>>> Unchanged IoU: 99.29, EMA: 99.36
[2024-09-14 17:27:42,874][    INFO] ***** Evaluation ***** >>>> Changed IoU: 83.68: EMA: 85.59
[2024-09-14 17:27:42,874][    INFO] ***** Evaluation ***** >>>> Overall Accuracy: 99.32, EMA: 99.38

[2024-09-14 17:27:46,211][    INFO] ===========> Epoch: 13, LR: 0.0000040, Previous best Changed IoU: 84.54, Overall Accuracy: 99.34 @epoch-10, EMA: Changed IoU: 85.59, Overall Accuracy: 99.38 @epoch-12
[2024-09-14 17:27:47,655][    INFO] Iters: 0, Total loss: 0.003, Loss x: 0.005, Loss s: 0.000, Mask ratio: 0.998
[2024-09-14 17:28:47,709][    INFO] Iters: 74, Total loss: 0.004, Loss x: 0.005, Loss s: 0.003, Mask ratio: 0.991
[2024-09-14 17:29:47,780][    INFO] Iters: 148, Total loss: 0.005, Loss x: 0.006, Loss s: 0.004, Mask ratio: 0.990
[2024-09-14 17:30:48,525][    INFO] Iters: 222, Total loss: 0.005, Loss x: 0.006, Loss s: 0.004, Mask ratio: 0.989
[2024-09-14 17:31:48,625][    INFO] Iters: 296, Total loss: 0.005, Loss x: 0.006, Loss s: 0.004, Mask ratio: 0.990
[2024-09-14 17:32:48,712][    INFO] Iters: 370, Total loss: 0.005, Loss x: 0.006, Loss s: 0.004, Mask ratio: 0.990
[2024-09-14 17:33:48,811][    INFO] Iters: 444, Total loss: 0.006, Loss x: 0.007, Loss s: 0.005, Mask ratio: 0.989
[2024-09-14 17:34:48,899][    INFO] Iters: 518, Total loss: 0.006, Loss x: 0.007, Loss s: 0.005, Mask ratio: 0.989
[2024-09-14 17:35:48,949][    INFO] Iters: 592, Total loss: 0.006, Loss x: 0.007, Loss s: 0.005, Mask ratio: 0.989
[2024-09-14 17:36:20,419][    INFO] ***** Evaluation ***** >>>> Unchanged IoU: 99.38, EMA: 99.35
[2024-09-14 17:36:20,419][    INFO] ***** Evaluation ***** >>>> Changed IoU: 85.90: EMA: 85.54
[2024-09-14 17:36:20,419][    INFO] ***** Evaluation ***** >>>> Overall Accuracy: 99.40, EMA: 99.37

[2024-09-14 17:36:22,102][    INFO] ===========> Epoch: 14, LR: 0.0000039, Previous best Changed IoU: 85.90, Overall Accuracy: 99.40 @epoch-13, EMA: Changed IoU: 85.59, Overall Accuracy: 99.38 @epoch-12
[2024-09-14 17:36:23,536][    INFO] Iters: 0, Total loss: 0.003, Loss x: 0.003, Loss s: 0.004, Mask ratio: 0.980
[2024-09-14 17:37:23,529][    INFO] Iters: 74, Total loss: 0.005, Loss x: 0.006, Loss s: 0.004, Mask ratio: 0.990
[2024-09-14 17:38:23,603][    INFO] Iters: 148, Total loss: 0.005, Loss x: 0.006, Loss s: 0.004, Mask ratio: 0.990
[2024-09-14 17:39:23,671][    INFO] Iters: 222, Total loss: 0.005, Loss x: 0.006, Loss s: 0.004, Mask ratio: 0.990
[2024-09-14 17:40:28,820][    INFO] Iters: 296, Total loss: 0.005, Loss x: 0.006, Loss s: 0.005, Mask ratio: 0.989
[2024-09-14 17:41:28,879][    INFO] Iters: 370, Total loss: 0.005, Loss x: 0.006, Loss s: 0.005, Mask ratio: 0.989
[2024-09-14 17:42:28,920][    INFO] Iters: 444, Total loss: 0.005, Loss x: 0.006, Loss s: 0.005, Mask ratio: 0.990
[2024-09-14 17:43:28,944][    INFO] Iters: 518, Total loss: 0.005, Loss x: 0.006, Loss s: 0.004, Mask ratio: 0.990
[2024-09-14 17:44:29,008][    INFO] Iters: 592, Total loss: 0.005, Loss x: 0.006, Loss s: 0.004, Mask ratio: 0.990
[2024-09-14 17:45:00,453][    INFO] ***** Evaluation ***** >>>> Unchanged IoU: 99.21, EMA: 99.36
[2024-09-14 17:45:00,453][    INFO] ***** Evaluation ***** >>>> Changed IoU: 82.71: EMA: 85.69
[2024-09-14 17:45:00,454][    INFO] ***** Evaluation ***** >>>> Overall Accuracy: 99.24, EMA: 99.39

[2024-09-14 17:45:03,793][    INFO] ===========> Epoch: 15, LR: 0.0000039, Previous best Changed IoU: 85.90, Overall Accuracy: 99.40 @epoch-13, EMA: Changed IoU: 85.69, Overall Accuracy: 99.39 @epoch-14
[2024-09-14 17:45:05,247][    INFO] Iters: 0, Total loss: 0.001, Loss x: 0.000, Loss s: 0.002, Mask ratio: 0.997
[2024-09-14 17:46:05,328][    INFO] Iters: 74, Total loss: 0.005, Loss x: 0.005, Loss s: 0.004, Mask ratio: 0.992
[2024-09-14 17:47:05,416][    INFO] Iters: 148, Total loss: 0.005, Loss x: 0.006, Loss s: 0.004, Mask ratio: 0.991
[2024-09-14 17:48:05,490][    INFO] Iters: 222, Total loss: 0.005, Loss x: 0.005, Loss s: 0.005, Mask ratio: 0.990
[2024-09-14 17:49:05,566][    INFO] Iters: 296, Total loss: 0.005, Loss x: 0.006, Loss s: 0.005, Mask ratio: 0.990
[2024-09-14 17:50:05,630][    INFO] Iters: 370, Total loss: 0.006, Loss x: 0.007, Loss s: 0.006, Mask ratio: 0.989
[2024-09-14 17:51:05,694][    INFO] Iters: 444, Total loss: 0.006, Loss x: 0.007, Loss s: 0.005, Mask ratio: 0.989
[2024-09-14 17:52:07,080][    INFO] Iters: 518, Total loss: 0.006, Loss x: 0.006, Loss s: 0.005, Mask ratio: 0.989
[2024-09-14 17:53:07,034][    INFO] Iters: 592, Total loss: 0.006, Loss x: 0.007, Loss s: 0.006, Mask ratio: 0.989
[2024-09-14 17:53:38,451][    INFO] ***** Evaluation ***** >>>> Unchanged IoU: 99.35, EMA: 99.39
[2024-09-14 17:53:38,451][    INFO] ***** Evaluation ***** >>>> Changed IoU: 85.46: EMA: 86.22
[2024-09-14 17:53:38,451][    INFO] ***** Evaluation ***** >>>> Overall Accuracy: 99.38, EMA: 99.41

[2024-09-14 17:53:41,844][    INFO] ===========> Epoch: 16, LR: 0.0000038, Previous best Changed IoU: 85.90, Overall Accuracy: 99.40 @epoch-13, EMA: Changed IoU: 86.22, Overall Accuracy: 99.41 @epoch-15
[2024-09-14 17:53:43,217][    INFO] Iters: 0, Total loss: 0.002, Loss x: 0.003, Loss s: 0.002, Mask ratio: 0.995
[2024-09-14 17:54:43,241][    INFO] Iters: 74, Total loss: 0.005, Loss x: 0.005, Loss s: 0.005, Mask ratio: 0.989
[2024-09-14 17:55:43,304][    INFO] Iters: 148, Total loss: 0.005, Loss x: 0.005, Loss s: 0.005, Mask ratio: 0.990
[2024-09-14 17:56:43,386][    INFO] Iters: 222, Total loss: 0.005, Loss x: 0.005, Loss s: 0.005, Mask ratio: 0.989
[2024-09-14 17:57:43,515][    INFO] Iters: 296, Total loss: 0.005, Loss x: 0.005, Loss s: 0.005, Mask ratio: 0.989
[2024-09-14 17:58:43,661][    INFO] Iters: 370, Total loss: 0.005, Loss x: 0.005, Loss s: 0.005, Mask ratio: 0.990
[2024-09-14 17:59:44,952][    INFO] Iters: 444, Total loss: 0.005, Loss x: 0.005, Loss s: 0.005, Mask ratio: 0.990
[2024-09-14 18:00:45,077][    INFO] Iters: 518, Total loss: 0.005, Loss x: 0.005, Loss s: 0.005, Mask ratio: 0.990
[2024-09-14 18:01:45,186][    INFO] Iters: 592, Total loss: 0.005, Loss x: 0.005, Loss s: 0.004, Mask ratio: 0.990
[2024-09-14 18:02:16,593][    INFO] ***** Evaluation ***** >>>> Unchanged IoU: 99.40, EMA: 99.41
[2024-09-14 18:02:16,593][    INFO] ***** Evaluation ***** >>>> Changed IoU: 86.54: EMA: 86.70
[2024-09-14 18:02:16,593][    INFO] ***** Evaluation ***** >>>> Overall Accuracy: 99.43, EMA: 99.43

[2024-09-14 18:02:19,928][    INFO] ===========> Epoch: 17, LR: 0.0000037, Previous best Changed IoU: 86.54, Overall Accuracy: 99.43 @epoch-16, EMA: Changed IoU: 86.70, Overall Accuracy: 99.43 @epoch-16
[2024-09-14 18:02:21,338][    INFO] Iters: 0, Total loss: 0.002, Loss x: 0.000, Loss s: 0.003, Mask ratio: 0.989
[2024-09-14 18:03:21,323][    INFO] Iters: 74, Total loss: 0.004, Loss x: 0.004, Loss s: 0.004, Mask ratio: 0.991
[2024-09-14 18:04:21,374][    INFO] Iters: 148, Total loss: 0.004, Loss x: 0.004, Loss s: 0.004, Mask ratio: 0.992
[2024-09-14 18:05:21,468][    INFO] Iters: 222, Total loss: 0.004, Loss x: 0.005, Loss s: 0.004, Mask ratio: 0.992
[2024-09-14 18:06:21,565][    INFO] Iters: 296, Total loss: 0.005, Loss x: 0.005, Loss s: 0.005, Mask ratio: 0.992
[2024-09-14 18:07:21,630][    INFO] Iters: 370, Total loss: 0.005, Loss x: 0.005, Loss s: 0.005, Mask ratio: 0.991
[2024-09-14 18:08:21,700][    INFO] Iters: 444, Total loss: 0.005, Loss x: 0.005, Loss s: 0.005, Mask ratio: 0.991
[2024-09-14 18:09:21,789][    INFO] Iters: 518, Total loss: 0.005, Loss x: 0.005, Loss s: 0.005, Mask ratio: 0.991
[2024-09-14 18:10:21,873][    INFO] Iters: 592, Total loss: 0.005, Loss x: 0.005, Loss s: 0.005, Mask ratio: 0.991
[2024-09-14 18:10:53,351][    INFO] ***** Evaluation ***** >>>> Unchanged IoU: 99.37, EMA: 99.39
[2024-09-14 18:10:53,351][    INFO] ***** Evaluation ***** >>>> Changed IoU: 85.62: EMA: 86.13
[2024-09-14 18:10:53,351][    INFO] ***** Evaluation ***** >>>> Overall Accuracy: 99.39, EMA: 99.41

[2024-09-14 18:10:55,038][    INFO] ===========> Epoch: 18, LR: 0.0000036, Previous best Changed IoU: 86.54, Overall Accuracy: 99.43 @epoch-16, EMA: Changed IoU: 86.70, Overall Accuracy: 99.43 @epoch-16
[2024-09-14 18:10:56,455][    INFO] Iters: 0, Total loss: 0.005, Loss x: 0.007, Loss s: 0.003, Mask ratio: 0.994
[2024-09-14 18:11:56,419][    INFO] Iters: 74, Total loss: 0.004, Loss x: 0.004, Loss s: 0.004, Mask ratio: 0.993
[2024-09-14 18:12:56,493][    INFO] Iters: 148, Total loss: 0.004, Loss x: 0.005, Loss s: 0.004, Mask ratio: 0.993
[2024-09-14 18:13:56,571][    INFO] Iters: 222, Total loss: 0.004, Loss x: 0.005, Loss s: 0.004, Mask ratio: 0.992
[2024-09-14 18:14:56,643][    INFO] Iters: 296, Total loss: 0.005, Loss x: 0.005, Loss s: 0.004, Mask ratio: 0.992
[2024-09-14 18:15:56,705][    INFO] Iters: 370, Total loss: 0.005, Loss x: 0.005, Loss s: 0.005, Mask ratio: 0.992
[2024-09-14 18:16:56,780][    INFO] Iters: 444, Total loss: 0.005, Loss x: 0.005, Loss s: 0.004, Mask ratio: 0.991
[2024-09-14 18:17:56,836][    INFO] Iters: 518, Total loss: 0.005, Loss x: 0.005, Loss s: 0.004, Mask ratio: 0.992
[2024-09-14 18:18:56,904][    INFO] Iters: 592, Total loss: 0.005, Loss x: 0.005, Loss s: 0.005, Mask ratio: 0.992
[2024-09-14 18:19:28,340][    INFO] ***** Evaluation ***** >>>> Unchanged IoU: 99.28, EMA: 99.36
[2024-09-14 18:19:28,341][    INFO] ***** Evaluation ***** >>>> Changed IoU: 83.34: EMA: 85.67
[2024-09-14 18:19:28,341][    INFO] ***** Evaluation ***** >>>> Overall Accuracy: 99.30, EMA: 99.39

[2024-09-14 18:19:29,998][    INFO] ===========> Epoch: 19, LR: 0.0000035, Previous best Changed IoU: 86.54, Overall Accuracy: 99.43 @epoch-16, EMA: Changed IoU: 86.70, Overall Accuracy: 99.43 @epoch-16
[2024-09-14 18:19:31,423][    INFO] Iters: 0, Total loss: 0.005, Loss x: 0.007, Loss s: 0.003, Mask ratio: 0.988
[2024-09-14 18:20:31,491][    INFO] Iters: 74, Total loss: 0.006, Loss x: 0.007, Loss s: 0.005, Mask ratio: 0.991
[2024-09-14 18:21:31,565][    INFO] Iters: 148, Total loss: 0.005, Loss x: 0.006, Loss s: 0.004, Mask ratio: 0.990
[2024-09-14 18:22:31,631][    INFO] Iters: 222, Total loss: 0.005, Loss x: 0.006, Loss s: 0.005, Mask ratio: 0.990
[2024-09-14 18:23:31,697][    INFO] Iters: 296, Total loss: 0.005, Loss x: 0.005, Loss s: 0.004, Mask ratio: 0.991
[2024-09-14 18:24:31,743][    INFO] Iters: 370, Total loss: 0.005, Loss x: 0.005, Loss s: 0.004, Mask ratio: 0.991
[2024-09-14 18:25:31,716][    INFO] Iters: 444, Total loss: 0.005, Loss x: 0.005, Loss s: 0.005, Mask ratio: 0.991
[2024-09-14 18:26:31,733][    INFO] Iters: 518, Total loss: 0.005, Loss x: 0.005, Loss s: 0.005, Mask ratio: 0.991
[2024-09-14 18:27:31,762][    INFO] Iters: 592, Total loss: 0.005, Loss x: 0.005, Loss s: 0.005, Mask ratio: 0.991
[2024-09-14 18:28:04,140][    INFO] ***** Evaluation ***** >>>> Unchanged IoU: 99.30, EMA: 99.33
[2024-09-14 18:28:04,140][    INFO] ***** Evaluation ***** >>>> Changed IoU: 84.37: EMA: 85.11
[2024-09-14 18:28:04,140][    INFO] ***** Evaluation ***** >>>> Overall Accuracy: 99.32, EMA: 99.36

[2024-09-14 18:28:05,858][    INFO] ===========> Epoch: 20, LR: 0.0000035, Previous best Changed IoU: 86.54, Overall Accuracy: 99.43 @epoch-16, EMA: Changed IoU: 86.70, Overall Accuracy: 99.43 @epoch-16
[2024-09-14 18:28:07,311][    INFO] Iters: 0, Total loss: 0.004, Loss x: 0.007, Loss s: 0.001, Mask ratio: 0.999
[2024-09-14 18:29:07,373][    INFO] Iters: 74, Total loss: 0.004, Loss x: 0.005, Loss s: 0.003, Mask ratio: 0.993
[2024-09-14 18:30:07,455][    INFO] Iters: 148, Total loss: 0.004, Loss x: 0.005, Loss s: 0.003, Mask ratio: 0.993
[2024-09-14 18:31:07,524][    INFO] Iters: 222, Total loss: 0.004, Loss x: 0.004, Loss s: 0.004, Mask ratio: 0.993
[2024-09-14 18:32:07,589][    INFO] Iters: 296, Total loss: 0.004, Loss x: 0.004, Loss s: 0.004, Mask ratio: 0.993
[2024-09-14 18:33:07,651][    INFO] Iters: 370, Total loss: 0.004, Loss x: 0.004, Loss s: 0.004, Mask ratio: 0.992
[2024-09-14 18:34:07,785][    INFO] Iters: 444, Total loss: 0.004, Loss x: 0.004, Loss s: 0.004, Mask ratio: 0.992
[2024-09-14 18:35:07,915][    INFO] Iters: 518, Total loss: 0.004, Loss x: 0.004, Loss s: 0.004, Mask ratio: 0.992
[2024-09-14 18:36:07,942][    INFO] Iters: 592, Total loss: 0.004, Loss x: 0.004, Loss s: 0.004, Mask ratio: 0.992
[2024-09-14 18:36:39,359][    INFO] ***** Evaluation ***** >>>> Unchanged IoU: 99.30, EMA: 99.35
[2024-09-14 18:36:39,360][    INFO] ***** Evaluation ***** >>>> Changed IoU: 84.51: EMA: 85.51
[2024-09-14 18:36:39,360][    INFO] ***** Evaluation ***** >>>> Overall Accuracy: 99.33, EMA: 99.38

[2024-09-14 18:36:41,030][    INFO] ===========> Epoch: 21, LR: 0.0000034, Previous best Changed IoU: 86.54, Overall Accuracy: 99.43 @epoch-16, EMA: Changed IoU: 86.70, Overall Accuracy: 99.43 @epoch-16
[2024-09-14 18:36:42,457][    INFO] Iters: 0, Total loss: 0.003, Loss x: 0.006, Loss s: 0.000, Mask ratio: 0.995
[2024-09-14 18:37:42,521][    INFO] Iters: 74, Total loss: 0.004, Loss x: 0.004, Loss s: 0.003, Mask ratio: 0.994
[2024-09-14 18:38:42,578][    INFO] Iters: 148, Total loss: 0.003, Loss x: 0.004, Loss s: 0.003, Mask ratio: 0.993
[2024-09-14 18:39:42,660][    INFO] Iters: 222, Total loss: 0.004, Loss x: 0.004, Loss s: 0.004, Mask ratio: 0.993
[2024-09-14 18:40:43,801][    INFO] Iters: 296, Total loss: 0.004, Loss x: 0.004, Loss s: 0.004, Mask ratio: 0.993
[2024-09-14 18:41:43,880][    INFO] Iters: 370, Total loss: 0.004, Loss x: 0.004, Loss s: 0.004, Mask ratio: 0.993
[2024-09-14 18:42:44,000][    INFO] Iters: 444, Total loss: 0.004, Loss x: 0.004, Loss s: 0.004, Mask ratio: 0.993
[2024-09-14 18:43:43,999][    INFO] Iters: 518, Total loss: 0.004, Loss x: 0.004, Loss s: 0.004, Mask ratio: 0.993
[2024-09-14 18:44:44,016][    INFO] Iters: 592, Total loss: 0.004, Loss x: 0.004, Loss s: 0.004, Mask ratio: 0.993
[2024-09-14 18:45:15,484][    INFO] ***** Evaluation ***** >>>> Unchanged IoU: 99.39, EMA: 99.40
[2024-09-14 18:45:15,485][    INFO] ***** Evaluation ***** >>>> Changed IoU: 86.08: EMA: 86.34
[2024-09-14 18:45:15,485][    INFO] ***** Evaluation ***** >>>> Overall Accuracy: 99.41, EMA: 99.42

[2024-09-14 18:45:17,157][    INFO] ===========> Epoch: 22, LR: 0.0000033, Previous best Changed IoU: 86.54, Overall Accuracy: 99.43 @epoch-16, EMA: Changed IoU: 86.70, Overall Accuracy: 99.43 @epoch-16
[2024-09-14 18:45:18,553][    INFO] Iters: 0, Total loss: 0.003, Loss x: 0.006, Loss s: 0.000, Mask ratio: 0.999
[2024-09-14 18:46:18,640][    INFO] Iters: 74, Total loss: 0.004, Loss x: 0.004, Loss s: 0.005, Mask ratio: 0.992
[2024-09-14 18:47:18,717][    INFO] Iters: 148, Total loss: 0.004, Loss x: 0.004, Loss s: 0.004, Mask ratio: 0.992
[2024-09-14 18:48:18,826][    INFO] Iters: 222, Total loss: 0.004, Loss x: 0.004, Loss s: 0.004, Mask ratio: 0.993
[2024-09-14 18:49:18,927][    INFO] Iters: 296, Total loss: 0.004, Loss x: 0.004, Loss s: 0.004, Mask ratio: 0.993
[2024-09-14 18:50:18,918][    INFO] Iters: 370, Total loss: 0.004, Loss x: 0.004, Loss s: 0.004, Mask ratio: 0.993
[2024-09-14 18:51:19,000][    INFO] Iters: 444, Total loss: 0.004, Loss x: 0.004, Loss s: 0.004, Mask ratio: 0.993
[2024-09-14 18:52:19,068][    INFO] Iters: 518, Total loss: 0.005, Loss x: 0.005, Loss s: 0.005, Mask ratio: 0.992
[2024-09-14 18:53:19,143][    INFO] Iters: 592, Total loss: 0.005, Loss x: 0.005, Loss s: 0.005, Mask ratio: 0.992
[2024-09-14 18:53:50,594][    INFO] ***** Evaluation ***** >>>> Unchanged IoU: 99.31, EMA: 99.38
[2024-09-14 18:53:50,594][    INFO] ***** Evaluation ***** >>>> Changed IoU: 84.34: EMA: 86.01
[2024-09-14 18:53:50,594][    INFO] ***** Evaluation ***** >>>> Overall Accuracy: 99.33, EMA: 99.40

[2024-09-14 18:53:52,533][    INFO] ===========> Epoch: 23, LR: 0.0000032, Previous best Changed IoU: 86.54, Overall Accuracy: 99.43 @epoch-16, EMA: Changed IoU: 86.70, Overall Accuracy: 99.43 @epoch-16
[2024-09-14 18:53:53,969][    INFO] Iters: 0, Total loss: 0.004, Loss x: 0.002, Loss s: 0.005, Mask ratio: 0.992
[2024-09-14 18:54:54,022][    INFO] Iters: 74, Total loss: 0.004, Loss x: 0.004, Loss s: 0.003, Mask ratio: 0.992
[2024-09-14 18:55:54,042][    INFO] Iters: 148, Total loss: 0.004, Loss x: 0.004, Loss s: 0.004, Mask ratio: 0.992
[2024-09-14 18:56:54,103][    INFO] Iters: 222, Total loss: 0.004, Loss x: 0.004, Loss s: 0.004, Mask ratio: 0.991
[2024-09-14 18:57:54,176][    INFO] Iters: 296, Total loss: 0.004, Loss x: 0.004, Loss s: 0.004, Mask ratio: 0.991
[2024-09-14 18:58:54,248][    INFO] Iters: 370, Total loss: 0.004, Loss x: 0.004, Loss s: 0.004, Mask ratio: 0.992
[2024-09-14 18:59:54,305][    INFO] Iters: 444, Total loss: 0.004, Loss x: 0.004, Loss s: 0.004, Mask ratio: 0.992
[2024-09-14 19:00:54,369][    INFO] Iters: 518, Total loss: 0.004, Loss x: 0.004, Loss s: 0.004, Mask ratio: 0.992
[2024-09-14 19:01:54,435][    INFO] Iters: 592, Total loss: 0.004, Loss x: 0.004, Loss s: 0.004, Mask ratio: 0.992
[2024-09-14 19:02:25,807][    INFO] ***** Evaluation ***** >>>> Unchanged IoU: 99.37, EMA: 99.35
[2024-09-14 19:02:25,807][    INFO] ***** Evaluation ***** >>>> Changed IoU: 85.70: EMA: 85.55
[2024-09-14 19:02:25,807][    INFO] ***** Evaluation ***** >>>> Overall Accuracy: 99.39, EMA: 99.38

[2024-09-14 19:02:27,483][    INFO] ===========> Epoch: 24, LR: 0.0000032, Previous best Changed IoU: 86.54, Overall Accuracy: 99.43 @epoch-16, EMA: Changed IoU: 86.70, Overall Accuracy: 99.43 @epoch-16
[2024-09-14 19:02:28,921][    INFO] Iters: 0, Total loss: 0.003, Loss x: 0.000, Loss s: 0.006, Mask ratio: 0.994
[2024-09-14 19:03:29,000][    INFO] Iters: 74, Total loss: 0.004, Loss x: 0.004, Loss s: 0.005, Mask ratio: 0.993
[2024-09-14 19:04:29,060][    INFO] Iters: 148, Total loss: 0.004, Loss x: 0.004, Loss s: 0.004, Mask ratio: 0.993
[2024-09-14 19:05:29,144][    INFO] Iters: 222, Total loss: 0.004, Loss x: 0.004, Loss s: 0.004, Mask ratio: 0.993
[2024-09-14 19:06:29,243][    INFO] Iters: 296, Total loss: 0.004, Loss x: 0.004, Loss s: 0.004, Mask ratio: 0.993
[2024-09-14 19:07:29,355][    INFO] Iters: 370, Total loss: 0.004, Loss x: 0.004, Loss s: 0.004, Mask ratio: 0.993
[2024-09-14 19:08:29,402][    INFO] Iters: 444, Total loss: 0.004, Loss x: 0.004, Loss s: 0.004, Mask ratio: 0.993
[2024-09-14 19:09:29,544][    INFO] Iters: 518, Total loss: 0.004, Loss x: 0.004, Loss s: 0.004, Mask ratio: 0.993
[2024-09-14 19:10:29,673][    INFO] Iters: 592, Total loss: 0.004, Loss x: 0.004, Loss s: 0.004, Mask ratio: 0.993
[2024-09-14 19:11:01,197][    INFO] ***** Evaluation ***** >>>> Unchanged IoU: 99.38, EMA: 99.39
[2024-09-14 19:11:01,197][    INFO] ***** Evaluation ***** >>>> Changed IoU: 86.20: EMA: 86.33
[2024-09-14 19:11:01,198][    INFO] ***** Evaluation ***** >>>> Overall Accuracy: 99.41, EMA: 99.42

[2024-09-14 19:11:02,907][    INFO] ===========> Epoch: 25, LR: 0.0000031, Previous best Changed IoU: 86.54, Overall Accuracy: 99.43 @epoch-16, EMA: Changed IoU: 86.70, Overall Accuracy: 99.43 @epoch-16
[2024-09-14 19:11:04,338][    INFO] Iters: 0, Total loss: 0.003, Loss x: 0.002, Loss s: 0.004, Mask ratio: 0.987
[2024-09-14 19:12:04,319][    INFO] Iters: 74, Total loss: 0.003, Loss x: 0.004, Loss s: 0.003, Mask ratio: 0.994
[2024-09-14 19:13:04,290][    INFO] Iters: 148, Total loss: 0.004, Loss x: 0.004, Loss s: 0.004, Mask ratio: 0.993
[2024-09-14 19:14:04,278][    INFO] Iters: 222, Total loss: 0.004, Loss x: 0.004, Loss s: 0.004, Mask ratio: 0.993
[2024-09-14 19:15:04,355][    INFO] Iters: 296, Total loss: 0.004, Loss x: 0.004, Loss s: 0.004, Mask ratio: 0.993
[2024-09-14 19:16:04,429][    INFO] Iters: 370, Total loss: 0.004, Loss x: 0.004, Loss s: 0.004, Mask ratio: 0.993
[2024-09-14 19:17:04,509][    INFO] Iters: 444, Total loss: 0.004, Loss x: 0.004, Loss s: 0.004, Mask ratio: 0.993
[2024-09-14 19:18:04,579][    INFO] Iters: 518, Total loss: 0.004, Loss x: 0.004, Loss s: 0.004, Mask ratio: 0.993
[2024-09-14 19:19:04,654][    INFO] Iters: 592, Total loss: 0.004, Loss x: 0.004, Loss s: 0.004, Mask ratio: 0.993
[2024-09-14 19:19:36,128][    INFO] ***** Evaluation ***** >>>> Unchanged IoU: 99.33, EMA: 99.40
[2024-09-14 19:19:36,128][    INFO] ***** Evaluation ***** >>>> Changed IoU: 85.10: EMA: 86.45
[2024-09-14 19:19:36,128][    INFO] ***** Evaluation ***** >>>> Overall Accuracy: 99.35, EMA: 99.42

[2024-09-14 19:19:37,806][    INFO] ===========> Epoch: 26, LR: 0.0000030, Previous best Changed IoU: 86.54, Overall Accuracy: 99.43 @epoch-16, EMA: Changed IoU: 86.70, Overall Accuracy: 99.43 @epoch-16
[2024-09-14 19:19:39,276][    INFO] Iters: 0, Total loss: 0.002, Loss x: 0.003, Loss s: 0.000, Mask ratio: 1.000
[2024-09-14 19:20:39,330][    INFO] Iters: 74, Total loss: 0.004, Loss x: 0.004, Loss s: 0.004, Mask ratio: 0.993
[2024-09-14 19:21:39,396][    INFO] Iters: 148, Total loss: 0.004, Loss x: 0.004, Loss s: 0.004, Mask ratio: 0.993
[2024-09-14 19:22:39,460][    INFO] Iters: 222, Total loss: 0.004, Loss x: 0.004, Loss s: 0.004, Mask ratio: 0.993
[2024-09-14 19:23:39,534][    INFO] Iters: 296, Total loss: 0.004, Loss x: 0.004, Loss s: 0.004, Mask ratio: 0.993
[2024-09-14 19:24:39,606][    INFO] Iters: 370, Total loss: 0.004, Loss x: 0.004, Loss s: 0.004, Mask ratio: 0.993
[2024-09-14 19:25:39,616][    INFO] Iters: 444, Total loss: 0.004, Loss x: 0.004, Loss s: 0.004, Mask ratio: 0.993
[2024-09-14 19:26:39,618][    INFO] Iters: 518, Total loss: 0.004, Loss x: 0.004, Loss s: 0.004, Mask ratio: 0.993
[2024-09-14 19:27:39,656][    INFO] Iters: 592, Total loss: 0.004, Loss x: 0.004, Loss s: 0.004, Mask ratio: 0.993
[2024-09-14 19:28:11,212][    INFO] ***** Evaluation ***** >>>> Unchanged IoU: 99.37, EMA: 99.39
[2024-09-14 19:28:11,212][    INFO] ***** Evaluation ***** >>>> Changed IoU: 85.72: EMA: 86.26
[2024-09-14 19:28:11,212][    INFO] ***** Evaluation ***** >>>> Overall Accuracy: 99.40, EMA: 99.41

[2024-09-14 19:28:13,090][    INFO] ===========> Epoch: 27, LR: 0.0000029, Previous best Changed IoU: 86.54, Overall Accuracy: 99.43 @epoch-16, EMA: Changed IoU: 86.70, Overall Accuracy: 99.43 @epoch-16
[2024-09-14 19:28:14,559][    INFO] Iters: 0, Total loss: 0.004, Loss x: 0.007, Loss s: 0.002, Mask ratio: 0.989
[2024-09-14 19:29:14,604][    INFO] Iters: 74, Total loss: 0.003, Loss x: 0.003, Loss s: 0.003, Mask ratio: 0.994
[2024-09-14 19:30:14,663][    INFO] Iters: 148, Total loss: 0.003, Loss x: 0.003, Loss s: 0.003, Mask ratio: 0.995
[2024-09-14 19:31:14,735][    INFO] Iters: 222, Total loss: 0.003, Loss x: 0.003, Loss s: 0.003, Mask ratio: 0.995
[2024-09-14 19:32:14,798][    INFO] Iters: 296, Total loss: 0.003, Loss x: 0.003, Loss s: 0.003, Mask ratio: 0.995
[2024-09-14 19:33:14,875][    INFO] Iters: 370, Total loss: 0.003, Loss x: 0.003, Loss s: 0.003, Mask ratio: 0.995
[2024-09-14 19:34:14,903][    INFO] Iters: 444, Total loss: 0.003, Loss x: 0.003, Loss s: 0.003, Mask ratio: 0.994
[2024-09-14 19:35:14,909][    INFO] Iters: 518, Total loss: 0.003, Loss x: 0.003, Loss s: 0.003, Mask ratio: 0.994
[2024-09-14 19:36:14,896][    INFO] Iters: 592, Total loss: 0.003, Loss x: 0.003, Loss s: 0.003, Mask ratio: 0.994
[2024-09-14 19:36:46,359][    INFO] ***** Evaluation ***** >>>> Unchanged IoU: 99.40, EMA: 99.41
[2024-09-14 19:36:46,359][    INFO] ***** Evaluation ***** >>>> Changed IoU: 86.35: EMA: 86.57
[2024-09-14 19:36:46,359][    INFO] ***** Evaluation ***** >>>> Overall Accuracy: 99.42, EMA: 99.43

[2024-09-14 19:36:48,084][    INFO] ===========> Epoch: 28, LR: 0.0000028, Previous best Changed IoU: 86.54, Overall Accuracy: 99.43 @epoch-16, EMA: Changed IoU: 86.70, Overall Accuracy: 99.43 @epoch-16
[2024-09-14 19:36:49,497][    INFO] Iters: 0, Total loss: 0.001, Loss x: 0.001, Loss s: 0.002, Mask ratio: 0.998
[2024-09-14 19:37:49,635][    INFO] Iters: 74, Total loss: 0.004, Loss x: 0.003, Loss s: 0.004, Mask ratio: 0.993
[2024-09-14 19:38:49,684][    INFO] Iters: 148, Total loss: 0.003, Loss x: 0.003, Loss s: 0.004, Mask ratio: 0.994
[2024-09-14 19:39:49,759][    INFO] Iters: 222, Total loss: 0.003, Loss x: 0.003, Loss s: 0.004, Mask ratio: 0.994
[2024-09-14 19:40:49,857][    INFO] Iters: 296, Total loss: 0.003, Loss x: 0.003, Loss s: 0.003, Mask ratio: 0.994
[2024-09-14 19:41:50,006][    INFO] Iters: 370, Total loss: 0.003, Loss x: 0.003, Loss s: 0.004, Mask ratio: 0.994
[2024-09-14 19:42:50,201][    INFO] Iters: 444, Total loss: 0.003, Loss x: 0.003, Loss s: 0.004, Mask ratio: 0.994
[2024-09-14 19:43:50,379][    INFO] Iters: 518, Total loss: 0.003, Loss x: 0.003, Loss s: 0.003, Mask ratio: 0.994
[2024-09-14 19:44:50,525][    INFO] Iters: 592, Total loss: 0.003, Loss x: 0.003, Loss s: 0.003, Mask ratio: 0.994
[2024-09-14 19:45:22,009][    INFO] ***** Evaluation ***** >>>> Unchanged IoU: 99.38, EMA: 99.42
[2024-09-14 19:45:22,009][    INFO] ***** Evaluation ***** >>>> Changed IoU: 85.62: EMA: 86.93
[2024-09-14 19:45:22,009][    INFO] ***** Evaluation ***** >>>> Overall Accuracy: 99.40, EMA: 99.45

[2024-09-14 19:45:25,866][    INFO] ===========> Epoch: 29, LR: 0.0000028, Previous best Changed IoU: 86.54, Overall Accuracy: 99.43 @epoch-16, EMA: Changed IoU: 86.93, Overall Accuracy: 99.45 @epoch-28
[2024-09-14 19:45:27,284][    INFO] Iters: 0, Total loss: 0.003, Loss x: 0.000, Loss s: 0.007, Mask ratio: 0.996
[2024-09-14 19:46:27,374][    INFO] Iters: 74, Total loss: 0.003, Loss x: 0.004, Loss s: 0.003, Mask ratio: 0.995
[2024-09-14 19:47:27,467][    INFO] Iters: 148, Total loss: 0.003, Loss x: 0.004, Loss s: 0.003, Mask ratio: 0.994
[2024-09-14 19:48:27,542][    INFO] Iters: 222, Total loss: 0.004, Loss x: 0.004, Loss s: 0.004, Mask ratio: 0.994
[2024-09-14 19:49:27,600][    INFO] Iters: 296, Total loss: 0.004, Loss x: 0.003, Loss s: 0.004, Mask ratio: 0.994
[2024-09-14 19:50:27,672][    INFO] Iters: 370, Total loss: 0.003, Loss x: 0.003, Loss s: 0.004, Mask ratio: 0.994
[2024-09-14 19:51:27,751][    INFO] Iters: 444, Total loss: 0.003, Loss x: 0.003, Loss s: 0.003, Mask ratio: 0.994
[2024-09-14 19:52:27,754][    INFO] Iters: 518, Total loss: 0.003, Loss x: 0.003, Loss s: 0.003, Mask ratio: 0.994
[2024-09-14 19:53:27,731][    INFO] Iters: 592, Total loss: 0.003, Loss x: 0.003, Loss s: 0.003, Mask ratio: 0.994
[2024-09-14 19:53:59,185][    INFO] ***** Evaluation ***** >>>> Unchanged IoU: 99.43, EMA: 99.44
[2024-09-14 19:53:59,185][    INFO] ***** Evaluation ***** >>>> Changed IoU: 86.94: EMA: 87.12
[2024-09-14 19:53:59,185][    INFO] ***** Evaluation ***** >>>> Overall Accuracy: 99.45, EMA: 99.46

[2024-09-14 19:54:02,604][    INFO] ===========> Epoch: 30, LR: 0.0000027, Previous best Changed IoU: 86.94, Overall Accuracy: 99.45 @epoch-29, EMA: Changed IoU: 87.12, Overall Accuracy: 99.46 @epoch-29
[2024-09-14 19:54:04,069][    INFO] Iters: 0, Total loss: 0.002, Loss x: 0.003, Loss s: 0.001, Mask ratio: 0.995
[2024-09-14 19:55:04,138][    INFO] Iters: 74, Total loss: 0.003, Loss x: 0.003, Loss s: 0.004, Mask ratio: 0.994
[2024-09-14 19:56:04,211][    INFO] Iters: 148, Total loss: 0.003, Loss x: 0.003, Loss s: 0.003, Mask ratio: 0.994
[2024-09-14 19:57:04,299][    INFO] Iters: 222, Total loss: 0.003, Loss x: 0.003, Loss s: 0.003, Mask ratio: 0.994
[2024-09-14 19:58:04,365][    INFO] Iters: 296, Total loss: 0.003, Loss x: 0.003, Loss s: 0.003, Mask ratio: 0.994
[2024-09-14 19:59:04,439][    INFO] Iters: 370, Total loss: 0.003, Loss x: 0.003, Loss s: 0.003, Mask ratio: 0.994
[2024-09-14 20:00:04,496][    INFO] Iters: 444, Total loss: 0.003, Loss x: 0.003, Loss s: 0.003, Mask ratio: 0.994
[2024-09-14 20:01:04,472][    INFO] Iters: 518, Total loss: 0.003, Loss x: 0.003, Loss s: 0.003, Mask ratio: 0.994
[2024-09-14 20:02:04,459][    INFO] Iters: 592, Total loss: 0.003, Loss x: 0.003, Loss s: 0.003, Mask ratio: 0.994
[2024-09-14 20:02:35,898][    INFO] ***** Evaluation ***** >>>> Unchanged IoU: 99.47, EMA: 99.45
[2024-09-14 20:02:35,898][    INFO] ***** Evaluation ***** >>>> Changed IoU: 87.80: EMA: 87.29
[2024-09-14 20:02:35,898][    INFO] ***** Evaluation ***** >>>> Overall Accuracy: 99.49, EMA: 99.47

[2024-09-14 20:02:39,295][    INFO] ===========> Epoch: 31, LR: 0.0000026, Previous best Changed IoU: 87.80, Overall Accuracy: 99.49 @epoch-30, EMA: Changed IoU: 87.29, Overall Accuracy: 99.47 @epoch-30
[2024-09-14 20:02:40,771][    INFO] Iters: 0, Total loss: 0.003, Loss x: 0.000, Loss s: 0.005, Mask ratio: 0.992
[2024-09-14 20:03:40,833][    INFO] Iters: 74, Total loss: 0.003, Loss x: 0.003, Loss s: 0.003, Mask ratio: 0.995
[2024-09-14 20:04:40,911][    INFO] Iters: 148, Total loss: 0.003, Loss x: 0.003, Loss s: 0.003, Mask ratio: 0.995
[2024-09-14 20:05:41,012][    INFO] Iters: 222, Total loss: 0.003, Loss x: 0.003, Loss s: 0.003, Mask ratio: 0.995
[2024-09-14 20:06:41,143][    INFO] Iters: 296, Total loss: 0.003, Loss x: 0.003, Loss s: 0.004, Mask ratio: 0.995
[2024-09-14 20:07:41,310][    INFO] Iters: 370, Total loss: 0.004, Loss x: 0.004, Loss s: 0.005, Mask ratio: 0.994
[2024-09-14 20:08:41,477][    INFO] Iters: 444, Total loss: 0.004, Loss x: 0.004, Loss s: 0.005, Mask ratio: 0.994
[2024-09-14 20:09:41,641][    INFO] Iters: 518, Total loss: 0.004, Loss x: 0.004, Loss s: 0.005, Mask ratio: 0.994
[2024-09-14 20:10:41,767][    INFO] Iters: 592, Total loss: 0.004, Loss x: 0.004, Loss s: 0.004, Mask ratio: 0.994
[2024-09-14 20:11:13,206][    INFO] ***** Evaluation ***** >>>> Unchanged IoU: 99.38, EMA: 99.42
[2024-09-14 20:11:13,207][    INFO] ***** Evaluation ***** >>>> Changed IoU: 85.99: EMA: 86.72
[2024-09-14 20:11:13,207][    INFO] ***** Evaluation ***** >>>> Overall Accuracy: 99.40, EMA: 99.44

[2024-09-14 20:11:14,986][    INFO] ===========> Epoch: 32, LR: 0.0000025, Previous best Changed IoU: 87.80, Overall Accuracy: 99.49 @epoch-30, EMA: Changed IoU: 87.29, Overall Accuracy: 99.47 @epoch-30
[2024-09-14 20:11:16,382][    INFO] Iters: 0, Total loss: 0.004, Loss x: 0.002, Loss s: 0.007, Mask ratio: 0.986
[2024-09-14 20:12:16,469][    INFO] Iters: 74, Total loss: 0.003, Loss x: 0.003, Loss s: 0.004, Mask ratio: 0.994
[2024-09-14 20:13:16,534][    INFO] Iters: 148, Total loss: 0.003, Loss x: 0.003, Loss s: 0.003, Mask ratio: 0.995
[2024-09-14 20:14:16,588][    INFO] Iters: 222, Total loss: 0.003, Loss x: 0.003, Loss s: 0.003, Mask ratio: 0.994
[2024-09-14 20:15:16,681][    INFO] Iters: 296, Total loss: 0.003, Loss x: 0.003, Loss s: 0.003, Mask ratio: 0.994
[2024-09-14 20:16:16,671][    INFO] Iters: 370, Total loss: 0.003, Loss x: 0.003, Loss s: 0.003, Mask ratio: 0.994
[2024-09-14 20:17:16,689][    INFO] Iters: 444, Total loss: 0.003, Loss x: 0.003, Loss s: 0.003, Mask ratio: 0.995
[2024-09-14 20:18:16,744][    INFO] Iters: 518, Total loss: 0.003, Loss x: 0.003, Loss s: 0.003, Mask ratio: 0.995
[2024-09-14 20:19:16,838][    INFO] Iters: 592, Total loss: 0.003, Loss x: 0.003, Loss s: 0.003, Mask ratio: 0.995
[2024-09-14 20:19:48,280][    INFO] ***** Evaluation ***** >>>> Unchanged IoU: 99.44, EMA: 99.44
[2024-09-14 20:19:48,280][    INFO] ***** Evaluation ***** >>>> Changed IoU: 87.15: EMA: 87.11
[2024-09-14 20:19:48,280][    INFO] ***** Evaluation ***** >>>> Overall Accuracy: 99.46, EMA: 99.46

[2024-09-14 20:19:50,278][    INFO] ===========> Epoch: 33, LR: 0.0000024, Previous best Changed IoU: 87.80, Overall Accuracy: 99.49 @epoch-30, EMA: Changed IoU: 87.29, Overall Accuracy: 99.47 @epoch-30
[2024-09-14 20:19:51,689][    INFO] Iters: 0, Total loss: 0.001, Loss x: 0.001, Loss s: 0.002, Mask ratio: 0.995
[2024-09-14 20:20:51,671][    INFO] Iters: 74, Total loss: 0.003, Loss x: 0.002, Loss s: 0.003, Mask ratio: 0.994
[2024-09-14 20:21:51,737][    INFO] Iters: 148, Total loss: 0.003, Loss x: 0.003, Loss s: 0.003, Mask ratio: 0.995
[2024-09-14 20:22:51,803][    INFO] Iters: 222, Total loss: 0.003, Loss x: 0.003, Loss s: 0.003, Mask ratio: 0.995
[2024-09-14 20:23:51,807][    INFO] Iters: 296, Total loss: 0.003, Loss x: 0.003, Loss s: 0.003, Mask ratio: 0.995
[2024-09-14 20:24:51,827][    INFO] Iters: 370, Total loss: 0.003, Loss x: 0.003, Loss s: 0.003, Mask ratio: 0.995
[2024-09-14 20:25:51,876][    INFO] Iters: 444, Total loss: 0.003, Loss x: 0.003, Loss s: 0.003, Mask ratio: 0.995
[2024-09-14 20:26:51,942][    INFO] Iters: 518, Total loss: 0.003, Loss x: 0.003, Loss s: 0.003, Mask ratio: 0.995
[2024-09-14 20:27:52,008][    INFO] Iters: 592, Total loss: 0.003, Loss x: 0.003, Loss s: 0.003, Mask ratio: 0.995
[2024-09-14 20:28:23,497][    INFO] ***** Evaluation ***** >>>> Unchanged IoU: 99.43, EMA: 99.44
[2024-09-14 20:28:23,497][    INFO] ***** Evaluation ***** >>>> Changed IoU: 86.76: EMA: 87.08
[2024-09-14 20:28:23,497][    INFO] ***** Evaluation ***** >>>> Overall Accuracy: 99.45, EMA: 99.46

[2024-09-14 20:28:25,297][    INFO] ===========> Epoch: 34, LR: 0.0000024, Previous best Changed IoU: 87.80, Overall Accuracy: 99.49 @epoch-30, EMA: Changed IoU: 87.29, Overall Accuracy: 99.47 @epoch-30
[2024-09-14 20:28:26,725][    INFO] Iters: 0, Total loss: 0.003, Loss x: 0.005, Loss s: 0.000, Mask ratio: 1.000
[2024-09-14 20:29:26,784][    INFO] Iters: 74, Total loss: 0.003, Loss x: 0.003, Loss s: 0.004, Mask ratio: 0.994
[2024-09-14 20:30:26,870][    INFO] Iters: 148, Total loss: 0.003, Loss x: 0.003, Loss s: 0.003, Mask ratio: 0.994
[2024-09-14 20:31:26,993][    INFO] Iters: 222, Total loss: 0.003, Loss x: 0.003, Loss s: 0.003, Mask ratio: 0.995
[2024-09-14 20:32:27,144][    INFO] Iters: 296, Total loss: 0.003, Loss x: 0.003, Loss s: 0.003, Mask ratio: 0.995
[2024-09-14 20:33:27,283][    INFO] Iters: 370, Total loss: 0.003, Loss x: 0.003, Loss s: 0.003, Mask ratio: 0.995
[2024-09-14 20:34:27,377][    INFO] Iters: 444, Total loss: 0.003, Loss x: 0.003, Loss s: 0.003, Mask ratio: 0.995
[2024-09-14 20:35:27,436][    INFO] Iters: 518, Total loss: 0.003, Loss x: 0.003, Loss s: 0.003, Mask ratio: 0.995
[2024-09-14 20:36:27,496][    INFO] Iters: 592, Total loss: 0.003, Loss x: 0.003, Loss s: 0.003, Mask ratio: 0.995
[2024-09-14 20:36:58,937][    INFO] ***** Evaluation ***** >>>> Unchanged IoU: 99.43, EMA: 99.46
[2024-09-14 20:36:58,937][    INFO] ***** Evaluation ***** >>>> Changed IoU: 86.85: EMA: 87.47
[2024-09-14 20:36:58,937][    INFO] ***** Evaluation ***** >>>> Overall Accuracy: 99.45, EMA: 99.48

[2024-09-14 20:37:02,324][    INFO] ===========> Epoch: 35, LR: 0.0000023, Previous best Changed IoU: 87.80, Overall Accuracy: 99.49 @epoch-30, EMA: Changed IoU: 87.47, Overall Accuracy: 99.48 @epoch-34
[2024-09-14 20:37:03,742][    INFO] Iters: 0, Total loss: 0.005, Loss x: 0.004, Loss s: 0.006, Mask ratio: 0.994
[2024-09-14 20:38:03,755][    INFO] Iters: 74, Total loss: 0.003, Loss x: 0.003, Loss s: 0.003, Mask ratio: 0.996
[2024-09-14 20:39:03,834][    INFO] Iters: 148, Total loss: 0.003, Loss x: 0.002, Loss s: 0.003, Mask ratio: 0.996
[2024-09-14 20:40:03,910][    INFO] Iters: 222, Total loss: 0.003, Loss x: 0.003, Loss s: 0.003, Mask ratio: 0.996
[2024-09-14 20:41:03,988][    INFO] Iters: 296, Total loss: 0.003, Loss x: 0.003, Loss s: 0.003, Mask ratio: 0.995
[2024-09-14 20:42:04,051][    INFO] Iters: 370, Total loss: 0.003, Loss x: 0.003, Loss s: 0.003, Mask ratio: 0.995
[2024-09-14 20:43:04,071][    INFO] Iters: 444, Total loss: 0.003, Loss x: 0.003, Loss s: 0.003, Mask ratio: 0.995
[2024-09-14 20:44:04,065][    INFO] Iters: 518, Total loss: 0.003, Loss x: 0.003, Loss s: 0.003, Mask ratio: 0.995
[2024-09-14 20:45:04,107][    INFO] Iters: 592, Total loss: 0.003, Loss x: 0.003, Loss s: 0.003, Mask ratio: 0.995
[2024-09-14 20:45:35,600][    INFO] ***** Evaluation ***** >>>> Unchanged IoU: 99.44, EMA: 99.47
[2024-09-14 20:45:35,600][    INFO] ***** Evaluation ***** >>>> Changed IoU: 86.87: EMA: 87.59
[2024-09-14 20:45:35,600][    INFO] ***** Evaluation ***** >>>> Overall Accuracy: 99.46, EMA: 99.49

[2024-09-14 20:45:39,603][    INFO] ===========> Epoch: 36, LR: 0.0000022, Previous best Changed IoU: 87.80, Overall Accuracy: 99.49 @epoch-30, EMA: Changed IoU: 87.59, Overall Accuracy: 99.49 @epoch-35
[2024-09-14 20:45:41,031][    INFO] Iters: 0, Total loss: 0.000, Loss x: 0.000, Loss s: 0.000, Mask ratio: 1.000
[2024-09-14 20:46:41,116][    INFO] Iters: 74, Total loss: 0.003, Loss x: 0.003, Loss s: 0.003, Mask ratio: 0.994
[2024-09-14 20:47:41,194][    INFO] Iters: 148, Total loss: 0.003, Loss x: 0.003, Loss s: 0.003, Mask ratio: 0.995
[2024-09-14 20:48:41,246][    INFO] Iters: 222, Total loss: 0.003, Loss x: 0.003, Loss s: 0.002, Mask ratio: 0.995
[2024-09-14 20:49:41,304][    INFO] Iters: 296, Total loss: 0.003, Loss x: 0.003, Loss s: 0.002, Mask ratio: 0.995
[2024-09-14 20:50:41,372][    INFO] Iters: 370, Total loss: 0.003, Loss x: 0.003, Loss s: 0.002, Mask ratio: 0.995
[2024-09-14 20:51:41,396][    INFO] Iters: 444, Total loss: 0.003, Loss x: 0.003, Loss s: 0.002, Mask ratio: 0.995
[2024-09-14 20:52:41,372][    INFO] Iters: 518, Total loss: 0.003, Loss x: 0.003, Loss s: 0.003, Mask ratio: 0.995
[2024-09-14 20:53:41,372][    INFO] Iters: 592, Total loss: 0.003, Loss x: 0.003, Loss s: 0.003, Mask ratio: 0.995
[2024-09-14 20:54:12,807][    INFO] ***** Evaluation ***** >>>> Unchanged IoU: 99.39, EMA: 99.47
[2024-09-14 20:54:12,807][    INFO] ***** Evaluation ***** >>>> Changed IoU: 85.92: EMA: 87.58
[2024-09-14 20:54:12,807][    INFO] ***** Evaluation ***** >>>> Overall Accuracy: 99.41, EMA: 99.48

[2024-09-14 20:54:14,553][    INFO] ===========> Epoch: 37, LR: 0.0000021, Previous best Changed IoU: 87.80, Overall Accuracy: 99.49 @epoch-30, EMA: Changed IoU: 87.59, Overall Accuracy: 99.49 @epoch-35
[2024-09-14 20:54:15,966][    INFO] Iters: 0, Total loss: 0.002, Loss x: 0.005, Loss s: 0.000, Mask ratio: 1.000
[2024-09-14 20:55:16,018][    INFO] Iters: 74, Total loss: 0.004, Loss x: 0.003, Loss s: 0.004, Mask ratio: 0.995
[2024-09-14 20:56:16,068][    INFO] Iters: 148, Total loss: 0.003, Loss x: 0.003, Loss s: 0.004, Mask ratio: 0.995
[2024-09-14 20:57:16,064][    INFO] Iters: 222, Total loss: 0.003, Loss x: 0.003, Loss s: 0.003, Mask ratio: 0.995
[2024-09-14 20:58:16,114][    INFO] Iters: 296, Total loss: 0.003, Loss x: 0.003, Loss s: 0.003, Mask ratio: 0.995
[2024-09-14 20:59:16,150][    INFO] Iters: 370, Total loss: 0.003, Loss x: 0.003, Loss s: 0.003, Mask ratio: 0.995
[2024-09-14 21:00:16,151][    INFO] Iters: 444, Total loss: 0.003, Loss x: 0.003, Loss s: 0.003, Mask ratio: 0.995
[2024-09-14 21:01:16,142][    INFO] Iters: 518, Total loss: 0.003, Loss x: 0.003, Loss s: 0.003, Mask ratio: 0.995
[2024-09-14 21:02:16,116][    INFO] Iters: 592, Total loss: 0.003, Loss x: 0.003, Loss s: 0.003, Mask ratio: 0.995
[2024-09-14 21:02:47,649][    INFO] ***** Evaluation ***** >>>> Unchanged IoU: 99.45, EMA: 99.47
[2024-09-14 21:02:47,649][    INFO] ***** Evaluation ***** >>>> Changed IoU: 87.52: EMA: 87.72
[2024-09-14 21:02:47,649][    INFO] ***** Evaluation ***** >>>> Overall Accuracy: 99.47, EMA: 99.49

[2024-09-14 21:02:51,133][    INFO] ===========> Epoch: 38, LR: 0.0000020, Previous best Changed IoU: 87.80, Overall Accuracy: 99.49 @epoch-30, EMA: Changed IoU: 87.72, Overall Accuracy: 99.49 @epoch-37
[2024-09-14 21:02:52,561][    INFO] Iters: 0, Total loss: 0.003, Loss x: 0.005, Loss s: 0.000, Mask ratio: 0.998
[2024-09-14 21:03:52,609][    INFO] Iters: 74, Total loss: 0.002, Loss x: 0.003, Loss s: 0.002, Mask ratio: 0.996
[2024-09-14 21:04:52,703][    INFO] Iters: 148, Total loss: 0.002, Loss x: 0.003, Loss s: 0.002, Mask ratio: 0.996
[2024-09-14 21:05:52,770][    INFO] Iters: 222, Total loss: 0.002, Loss x: 0.003, Loss s: 0.002, Mask ratio: 0.996
[2024-09-14 21:06:52,856][    INFO] Iters: 296, Total loss: 0.003, Loss x: 0.003, Loss s: 0.003, Mask ratio: 0.995
[2024-09-14 21:07:52,950][    INFO] Iters: 370, Total loss: 0.003, Loss x: 0.003, Loss s: 0.003, Mask ratio: 0.995
[2024-09-14 21:08:53,031][    INFO] Iters: 444, Total loss: 0.003, Loss x: 0.002, Loss s: 0.003, Mask ratio: 0.996
[2024-09-14 21:09:53,037][    INFO] Iters: 518, Total loss: 0.003, Loss x: 0.003, Loss s: 0.003, Mask ratio: 0.995
[2024-09-14 21:10:53,004][    INFO] Iters: 592, Total loss: 0.003, Loss x: 0.003, Loss s: 0.003, Mask ratio: 0.995
[2024-09-14 21:11:24,449][    INFO] ***** Evaluation ***** >>>> Unchanged IoU: 99.46, EMA: 99.49
[2024-09-14 21:11:24,450][    INFO] ***** Evaluation ***** >>>> Changed IoU: 87.35: EMA: 88.18
[2024-09-14 21:11:24,450][    INFO] ***** Evaluation ***** >>>> Overall Accuracy: 99.48, EMA: 99.51

[2024-09-14 21:11:27,956][    INFO] ===========> Epoch: 39, LR: 0.0000019, Previous best Changed IoU: 87.80, Overall Accuracy: 99.49 @epoch-30, EMA: Changed IoU: 88.18, Overall Accuracy: 99.51 @epoch-38
[2024-09-14 21:11:29,397][    INFO] Iters: 0, Total loss: 0.003, Loss x: 0.004, Loss s: 0.003, Mask ratio: 0.994
[2024-09-14 21:12:29,428][    INFO] Iters: 74, Total loss: 0.003, Loss x: 0.002, Loss s: 0.003, Mask ratio: 0.995
[2024-09-14 21:13:29,491][    INFO] Iters: 148, Total loss: 0.003, Loss x: 0.002, Loss s: 0.003, Mask ratio: 0.995
[2024-09-14 21:14:29,551][    INFO] Iters: 222, Total loss: 0.003, Loss x: 0.003, Loss s: 0.003, Mask ratio: 0.995
[2024-09-14 21:15:29,631][    INFO] Iters: 296, Total loss: 0.003, Loss x: 0.003, Loss s: 0.003, Mask ratio: 0.995
[2024-09-14 21:16:29,689][    INFO] Iters: 370, Total loss: 0.003, Loss x: 0.003, Loss s: 0.003, Mask ratio: 0.995
[2024-09-14 21:17:29,746][    INFO] Iters: 444, Total loss: 0.003, Loss x: 0.003, Loss s: 0.003, Mask ratio: 0.995
[2024-09-14 21:18:29,777][    INFO] Iters: 518, Total loss: 0.003, Loss x: 0.003, Loss s: 0.003, Mask ratio: 0.995
[2024-09-14 21:19:29,812][    INFO] Iters: 592, Total loss: 0.003, Loss x: 0.003, Loss s: 0.003, Mask ratio: 0.995
[2024-09-14 21:20:01,293][    INFO] ***** Evaluation ***** >>>> Unchanged IoU: 99.46, EMA: 99.48
[2024-09-14 21:20:01,293][    INFO] ***** Evaluation ***** >>>> Changed IoU: 87.58: EMA: 88.01
[2024-09-14 21:20:01,293][    INFO] ***** Evaluation ***** >>>> Overall Accuracy: 99.48, EMA: 99.50

[2024-09-14 21:20:03,025][    INFO] ===========> Epoch: 40, LR: 0.0000019, Previous best Changed IoU: 87.80, Overall Accuracy: 99.49 @epoch-30, EMA: Changed IoU: 88.18, Overall Accuracy: 99.51 @epoch-38
[2024-09-14 21:20:04,443][    INFO] Iters: 0, Total loss: 0.004, Loss x: 0.001, Loss s: 0.007, Mask ratio: 0.969
[2024-09-14 21:21:04,406][    INFO] Iters: 74, Total loss: 0.003, Loss x: 0.002, Loss s: 0.003, Mask ratio: 0.995
[2024-09-14 21:22:04,456][    INFO] Iters: 148, Total loss: 0.003, Loss x: 0.002, Loss s: 0.003, Mask ratio: 0.995
[2024-09-14 21:23:04,489][    INFO] Iters: 222, Total loss: 0.003, Loss x: 0.002, Loss s: 0.003, Mask ratio: 0.995
[2024-09-14 21:24:04,554][    INFO] Iters: 296, Total loss: 0.003, Loss x: 0.002, Loss s: 0.003, Mask ratio: 0.995
[2024-09-14 21:25:04,602][    INFO] Iters: 370, Total loss: 0.003, Loss x: 0.003, Loss s: 0.003, Mask ratio: 0.995
[2024-09-14 21:26:04,658][    INFO] Iters: 444, Total loss: 0.003, Loss x: 0.003, Loss s: 0.003, Mask ratio: 0.995
[2024-09-14 21:27:04,691][    INFO] Iters: 518, Total loss: 0.003, Loss x: 0.003, Loss s: 0.003, Mask ratio: 0.995
[2024-09-14 21:28:04,746][    INFO] Iters: 592, Total loss: 0.003, Loss x: 0.003, Loss s: 0.003, Mask ratio: 0.995
[2024-09-14 21:28:36,199][    INFO] ***** Evaluation ***** >>>> Unchanged IoU: 99.45, EMA: 99.48
[2024-09-14 21:28:36,199][    INFO] ***** Evaluation ***** >>>> Changed IoU: 87.36: EMA: 88.05
[2024-09-14 21:28:36,199][    INFO] ***** Evaluation ***** >>>> Overall Accuracy: 99.47, EMA: 99.50

[2024-09-14 21:28:37,926][    INFO] ===========> Epoch: 41, LR: 0.0000018, Previous best Changed IoU: 87.80, Overall Accuracy: 99.49 @epoch-30, EMA: Changed IoU: 88.18, Overall Accuracy: 99.51 @epoch-38
[2024-09-14 21:28:39,358][    INFO] Iters: 0, Total loss: 0.001, Loss x: 0.001, Loss s: 0.001, Mask ratio: 0.998
[2024-09-14 21:29:39,414][    INFO] Iters: 74, Total loss: 0.002, Loss x: 0.002, Loss s: 0.002, Mask ratio: 0.996
[2024-09-14 21:30:39,464][    INFO] Iters: 148, Total loss: 0.002, Loss x: 0.002, Loss s: 0.002, Mask ratio: 0.996
[2024-09-14 21:31:39,464][    INFO] Iters: 222, Total loss: 0.003, Loss x: 0.002, Loss s: 0.003, Mask ratio: 0.996
[2024-09-14 21:32:39,543][    INFO] Iters: 296, Total loss: 0.003, Loss x: 0.003, Loss s: 0.003, Mask ratio: 0.995
[2024-09-14 21:33:39,626][    INFO] Iters: 370, Total loss: 0.003, Loss x: 0.002, Loss s: 0.003, Mask ratio: 0.996
[2024-09-14 21:34:39,712][    INFO] Iters: 444, Total loss: 0.003, Loss x: 0.002, Loss s: 0.003, Mask ratio: 0.996
[2024-09-14 21:35:39,773][    INFO] Iters: 518, Total loss: 0.003, Loss x: 0.002, Loss s: 0.003, Mask ratio: 0.996
[2024-09-14 21:36:39,817][    INFO] Iters: 592, Total loss: 0.003, Loss x: 0.002, Loss s: 0.003, Mask ratio: 0.996
[2024-09-14 21:37:11,308][    INFO] ***** Evaluation ***** >>>> Unchanged IoU: 99.47, EMA: 99.48
[2024-09-14 21:37:11,308][    INFO] ***** Evaluation ***** >>>> Changed IoU: 87.69: EMA: 88.01
[2024-09-14 21:37:11,308][    INFO] ***** Evaluation ***** >>>> Overall Accuracy: 99.49, EMA: 99.50

[2024-09-14 21:37:13,043][    INFO] ===========> Epoch: 42, LR: 0.0000017, Previous best Changed IoU: 87.80, Overall Accuracy: 99.49 @epoch-30, EMA: Changed IoU: 88.18, Overall Accuracy: 99.51 @epoch-38
[2024-09-14 21:37:14,490][    INFO] Iters: 0, Total loss: 0.001, Loss x: 0.001, Loss s: 0.002, Mask ratio: 0.999
[2024-09-14 21:38:14,481][    INFO] Iters: 74, Total loss: 0.003, Loss x: 0.002, Loss s: 0.003, Mask ratio: 0.996
[2024-09-14 21:39:14,499][    INFO] Iters: 148, Total loss: 0.003, Loss x: 0.002, Loss s: 0.003, Mask ratio: 0.996
[2024-09-14 21:40:14,587][    INFO] Iters: 222, Total loss: 0.003, Loss x: 0.002, Loss s: 0.003, Mask ratio: 0.996
[2024-09-14 21:41:14,659][    INFO] Iters: 296, Total loss: 0.003, Loss x: 0.002, Loss s: 0.003, Mask ratio: 0.996
[2024-09-14 21:42:14,685][    INFO] Iters: 370, Total loss: 0.003, Loss x: 0.002, Loss s: 0.003, Mask ratio: 0.996
[2024-09-14 21:43:14,682][    INFO] Iters: 444, Total loss: 0.003, Loss x: 0.002, Loss s: 0.003, Mask ratio: 0.996
[2024-09-14 21:44:14,712][    INFO] Iters: 518, Total loss: 0.003, Loss x: 0.002, Loss s: 0.003, Mask ratio: 0.996
[2024-09-14 21:45:14,798][    INFO] Iters: 592, Total loss: 0.003, Loss x: 0.002, Loss s: 0.003, Mask ratio: 0.996
[2024-09-14 21:45:46,244][    INFO] ***** Evaluation ***** >>>> Unchanged IoU: 99.48, EMA: 99.49
[2024-09-14 21:45:46,244][    INFO] ***** Evaluation ***** >>>> Changed IoU: 87.87: EMA: 88.17
[2024-09-14 21:45:46,244][    INFO] ***** Evaluation ***** >>>> Overall Accuracy: 99.50, EMA: 99.51

[2024-09-14 21:45:47,897][    INFO] ===========> Epoch: 43, LR: 0.0000016, Previous best Changed IoU: 87.87, Overall Accuracy: 99.50 @epoch-42, EMA: Changed IoU: 88.18, Overall Accuracy: 99.51 @epoch-38
[2024-09-14 21:45:49,341][    INFO] Iters: 0, Total loss: 0.004, Loss x: 0.005, Loss s: 0.002, Mask ratio: 0.995
[2024-09-14 21:46:49,326][    INFO] Iters: 74, Total loss: 0.002, Loss x: 0.002, Loss s: 0.003, Mask ratio: 0.996
[2024-09-14 21:47:49,331][    INFO] Iters: 148, Total loss: 0.002, Loss x: 0.002, Loss s: 0.003, Mask ratio: 0.996
[2024-09-14 21:48:49,340][    INFO] Iters: 222, Total loss: 0.002, Loss x: 0.002, Loss s: 0.003, Mask ratio: 0.996
[2024-09-14 21:49:49,361][    INFO] Iters: 296, Total loss: 0.002, Loss x: 0.002, Loss s: 0.002, Mask ratio: 0.996
[2024-09-14 21:50:49,394][    INFO] Iters: 370, Total loss: 0.002, Loss x: 0.002, Loss s: 0.002, Mask ratio: 0.996
[2024-09-14 21:51:49,430][    INFO] Iters: 444, Total loss: 0.002, Loss x: 0.002, Loss s: 0.003, Mask ratio: 0.996
[2024-09-14 21:52:49,418][    INFO] Iters: 518, Total loss: 0.002, Loss x: 0.002, Loss s: 0.002, Mask ratio: 0.996
[2024-09-14 21:53:49,367][    INFO] Iters: 592, Total loss: 0.002, Loss x: 0.002, Loss s: 0.003, Mask ratio: 0.996
[2024-09-14 21:54:20,729][    INFO] ***** Evaluation ***** >>>> Unchanged IoU: 99.47, EMA: 99.48
[2024-09-14 21:54:20,729][    INFO] ***** Evaluation ***** >>>> Changed IoU: 87.67: EMA: 87.97
[2024-09-14 21:54:20,729][    INFO] ***** Evaluation ***** >>>> Overall Accuracy: 99.49, EMA: 99.50

[2024-09-14 21:54:22,383][    INFO] ===========> Epoch: 44, LR: 0.0000015, Previous best Changed IoU: 87.87, Overall Accuracy: 99.50 @epoch-42, EMA: Changed IoU: 88.18, Overall Accuracy: 99.51 @epoch-38
[2024-09-14 21:54:23,759][    INFO] Iters: 0, Total loss: 0.001, Loss x: 0.001, Loss s: 0.001, Mask ratio: 1.000
[2024-09-14 21:55:23,717][    INFO] Iters: 74, Total loss: 0.002, Loss x: 0.002, Loss s: 0.003, Mask ratio: 0.997
[2024-09-14 21:56:23,708][    INFO] Iters: 148, Total loss: 0.002, Loss x: 0.002, Loss s: 0.003, Mask ratio: 0.996
[2024-09-14 21:57:23,765][    INFO] Iters: 222, Total loss: 0.002, Loss x: 0.002, Loss s: 0.003, Mask ratio: 0.996
[2024-09-14 21:58:23,823][    INFO] Iters: 296, Total loss: 0.002, Loss x: 0.002, Loss s: 0.003, Mask ratio: 0.996
[2024-09-14 21:59:23,904][    INFO] Iters: 370, Total loss: 0.002, Loss x: 0.002, Loss s: 0.003, Mask ratio: 0.996
[2024-09-14 22:00:23,944][    INFO] Iters: 444, Total loss: 0.002, Loss x: 0.002, Loss s: 0.003, Mask ratio: 0.996
[2024-09-14 22:01:24,002][    INFO] Iters: 518, Total loss: 0.002, Loss x: 0.002, Loss s: 0.003, Mask ratio: 0.996
[2024-09-14 22:02:24,062][    INFO] Iters: 592, Total loss: 0.002, Loss x: 0.002, Loss s: 0.003, Mask ratio: 0.996
[2024-09-14 22:02:55,571][    INFO] ***** Evaluation ***** >>>> Unchanged IoU: 99.46, EMA: 99.47
[2024-09-14 22:02:55,571][    INFO] ***** Evaluation ***** >>>> Changed IoU: 87.36: EMA: 87.71
[2024-09-14 22:02:55,571][    INFO] ***** Evaluation ***** >>>> Overall Accuracy: 99.48, EMA: 99.49

[2024-09-14 22:02:57,217][    INFO] ===========> Epoch: 45, LR: 0.0000014, Previous best Changed IoU: 87.87, Overall Accuracy: 99.50 @epoch-42, EMA: Changed IoU: 88.18, Overall Accuracy: 99.51 @epoch-38
[2024-09-14 22:02:58,652][    INFO] Iters: 0, Total loss: 0.001, Loss x: 0.000, Loss s: 0.002, Mask ratio: 0.996
[2024-09-14 22:03:58,724][    INFO] Iters: 74, Total loss: 0.002, Loss x: 0.002, Loss s: 0.002, Mask ratio: 0.996
[2024-09-14 22:04:58,764][    INFO] Iters: 148, Total loss: 0.002, Loss x: 0.002, Loss s: 0.002, Mask ratio: 0.996
[2024-09-14 22:05:58,830][    INFO] Iters: 222, Total loss: 0.002, Loss x: 0.002, Loss s: 0.002, Mask ratio: 0.996
[2024-09-14 22:06:58,885][    INFO] Iters: 296, Total loss: 0.002, Loss x: 0.002, Loss s: 0.002, Mask ratio: 0.996
[2024-09-14 22:07:58,886][    INFO] Iters: 370, Total loss: 0.002, Loss x: 0.002, Loss s: 0.002, Mask ratio: 0.996
[2024-09-14 22:08:58,925][    INFO] Iters: 444, Total loss: 0.002, Loss x: 0.002, Loss s: 0.002, Mask ratio: 0.996
[2024-09-14 22:09:58,961][    INFO] Iters: 518, Total loss: 0.002, Loss x: 0.002, Loss s: 0.002, Mask ratio: 0.996
[2024-09-14 22:10:58,985][    INFO] Iters: 592, Total loss: 0.002, Loss x: 0.002, Loss s: 0.002, Mask ratio: 0.996
[2024-09-14 22:11:30,403][    INFO] ***** Evaluation ***** >>>> Unchanged IoU: 99.46, EMA: 99.49
[2024-09-14 22:11:30,403][    INFO] ***** Evaluation ***** >>>> Changed IoU: 87.42: EMA: 88.11
[2024-09-14 22:11:30,403][    INFO] ***** Evaluation ***** >>>> Overall Accuracy: 99.48, EMA: 99.51

[2024-09-14 22:11:32,194][    INFO] ===========> Epoch: 46, LR: 0.0000013, Previous best Changed IoU: 87.87, Overall Accuracy: 99.50 @epoch-42, EMA: Changed IoU: 88.18, Overall Accuracy: 99.51 @epoch-38
[2024-09-14 22:11:33,648][    INFO] Iters: 0, Total loss: 0.001, Loss x: 0.002, Loss s: 0.001, Mask ratio: 0.999
[2024-09-14 22:12:33,673][    INFO] Iters: 74, Total loss: 0.003, Loss x: 0.002, Loss s: 0.003, Mask ratio: 0.996
[2024-09-14 22:13:33,760][    INFO] Iters: 148, Total loss: 0.003, Loss x: 0.002, Loss s: 0.003, Mask ratio: 0.996
[2024-09-14 22:14:33,947][    INFO] Iters: 222, Total loss: 0.003, Loss x: 0.002, Loss s: 0.003, Mask ratio: 0.996
[2024-09-14 22:15:34,147][    INFO] Iters: 296, Total loss: 0.003, Loss x: 0.002, Loss s: 0.003, Mask ratio: 0.996
[2024-09-14 22:16:34,356][    INFO] Iters: 370, Total loss: 0.003, Loss x: 0.002, Loss s: 0.003, Mask ratio: 0.996
[2024-09-14 22:17:34,505][    INFO] Iters: 444, Total loss: 0.003, Loss x: 0.002, Loss s: 0.003, Mask ratio: 0.996
[2024-09-14 22:18:34,652][    INFO] Iters: 518, Total loss: 0.002, Loss x: 0.002, Loss s: 0.003, Mask ratio: 0.996
[2024-09-14 22:19:34,767][    INFO] Iters: 592, Total loss: 0.002, Loss x: 0.002, Loss s: 0.003, Mask ratio: 0.996
[2024-09-14 22:20:06,160][    INFO] ***** Evaluation ***** >>>> Unchanged IoU: 99.45, EMA: 99.47
[2024-09-14 22:20:06,160][    INFO] ***** Evaluation ***** >>>> Changed IoU: 87.25: EMA: 87.68
[2024-09-14 22:20:06,160][    INFO] ***** Evaluation ***** >>>> Overall Accuracy: 99.47, EMA: 99.49

[2024-09-14 22:20:07,833][    INFO] ===========> Epoch: 47, LR: 0.0000013, Previous best Changed IoU: 87.87, Overall Accuracy: 99.50 @epoch-42, EMA: Changed IoU: 88.18, Overall Accuracy: 99.51 @epoch-38
[2024-09-14 22:20:09,250][    INFO] Iters: 0, Total loss: 0.002, Loss x: 0.002, Loss s: 0.002, Mask ratio: 0.996
[2024-09-14 22:21:09,322][    INFO] Iters: 74, Total loss: 0.002, Loss x: 0.002, Loss s: 0.002, Mask ratio: 0.996
[2024-09-14 22:22:09,415][    INFO] Iters: 148, Total loss: 0.002, Loss x: 0.002, Loss s: 0.002, Mask ratio: 0.996
[2024-09-14 22:23:09,500][    INFO] Iters: 222, Total loss: 0.002, Loss x: 0.002, Loss s: 0.003, Mask ratio: 0.996
[2024-09-14 22:24:09,566][    INFO] Iters: 296, Total loss: 0.002, Loss x: 0.002, Loss s: 0.003, Mask ratio: 0.996
[2024-09-14 22:25:09,642][    INFO] Iters: 370, Total loss: 0.002, Loss x: 0.002, Loss s: 0.003, Mask ratio: 0.996
[2024-09-14 22:26:09,720][    INFO] Iters: 444, Total loss: 0.002, Loss x: 0.002, Loss s: 0.003, Mask ratio: 0.996
[2024-09-14 22:27:09,805][    INFO] Iters: 518, Total loss: 0.002, Loss x: 0.002, Loss s: 0.003, Mask ratio: 0.996
[2024-09-14 22:28:09,885][    INFO] Iters: 592, Total loss: 0.002, Loss x: 0.002, Loss s: 0.003, Mask ratio: 0.996
[2024-09-14 22:28:41,288][    INFO] ***** Evaluation ***** >>>> Unchanged IoU: 99.45, EMA: 99.46
[2024-09-14 22:28:41,289][    INFO] ***** Evaluation ***** >>>> Changed IoU: 87.22: EMA: 87.37
[2024-09-14 22:28:41,289][    INFO] ***** Evaluation ***** >>>> Overall Accuracy: 99.47, EMA: 99.48

[2024-09-14 22:28:42,941][    INFO] ===========> Epoch: 48, LR: 0.0000012, Previous best Changed IoU: 87.87, Overall Accuracy: 99.50 @epoch-42, EMA: Changed IoU: 88.18, Overall Accuracy: 99.51 @epoch-38
[2024-09-14 22:28:44,350][    INFO] Iters: 0, Total loss: 0.002, Loss x: 0.003, Loss s: 0.002, Mask ratio: 0.998
[2024-09-14 22:29:44,433][    INFO] Iters: 74, Total loss: 0.002, Loss x: 0.002, Loss s: 0.002, Mask ratio: 0.996
[2024-09-14 22:30:44,528][    INFO] Iters: 148, Total loss: 0.002, Loss x: 0.002, Loss s: 0.002, Mask ratio: 0.996
[2024-09-14 22:31:44,597][    INFO] Iters: 222, Total loss: 0.002, Loss x: 0.002, Loss s: 0.002, Mask ratio: 0.996
[2024-09-14 22:32:44,650][    INFO] Iters: 296, Total loss: 0.002, Loss x: 0.002, Loss s: 0.002, Mask ratio: 0.996
[2024-09-14 22:33:44,661][    INFO] Iters: 370, Total loss: 0.002, Loss x: 0.002, Loss s: 0.002, Mask ratio: 0.996
[2024-09-14 22:34:44,655][    INFO] Iters: 444, Total loss: 0.002, Loss x: 0.002, Loss s: 0.002, Mask ratio: 0.996
[2024-09-14 22:35:44,636][    INFO] Iters: 518, Total loss: 0.002, Loss x: 0.002, Loss s: 0.002, Mask ratio: 0.996
[2024-09-14 22:36:44,762][    INFO] Iters: 592, Total loss: 0.002, Loss x: 0.002, Loss s: 0.002, Mask ratio: 0.996
[2024-09-14 22:37:16,121][    INFO] ***** Evaluation ***** >>>> Unchanged IoU: 99.42, EMA: 99.46
[2024-09-14 22:37:16,121][    INFO] ***** Evaluation ***** >>>> Changed IoU: 86.84: EMA: 87.51
[2024-09-14 22:37:16,121][    INFO] ***** Evaluation ***** >>>> Overall Accuracy: 99.44, EMA: 99.48

[2024-09-14 22:37:17,835][    INFO] ===========> Epoch: 49, LR: 0.0000011, Previous best Changed IoU: 87.87, Overall Accuracy: 99.50 @epoch-42, EMA: Changed IoU: 88.18, Overall Accuracy: 99.51 @epoch-38
[2024-09-14 22:37:19,270][    INFO] Iters: 0, Total loss: 0.002, Loss x: 0.003, Loss s: 0.000, Mask ratio: 1.000
[2024-09-14 22:38:19,306][    INFO] Iters: 74, Total loss: 0.002, Loss x: 0.002, Loss s: 0.002, Mask ratio: 0.996
[2024-09-14 22:39:19,352][    INFO] Iters: 148, Total loss: 0.002, Loss x: 0.002, Loss s: 0.002, Mask ratio: 0.996
[2024-09-14 22:40:19,430][    INFO] Iters: 222, Total loss: 0.002, Loss x: 0.002, Loss s: 0.002, Mask ratio: 0.996
[2024-09-14 22:41:19,444][    INFO] Iters: 296, Total loss: 0.002, Loss x: 0.002, Loss s: 0.003, Mask ratio: 0.996
[2024-09-14 22:42:19,438][    INFO] Iters: 370, Total loss: 0.002, Loss x: 0.002, Loss s: 0.003, Mask ratio: 0.996
[2024-09-14 22:43:19,482][    INFO] Iters: 444, Total loss: 0.002, Loss x: 0.002, Loss s: 0.003, Mask ratio: 0.996
[2024-09-14 22:44:19,539][    INFO] Iters: 518, Total loss: 0.002, Loss x: 0.002, Loss s: 0.003, Mask ratio: 0.996
[2024-09-14 22:45:19,561][    INFO] Iters: 592, Total loss: 0.002, Loss x: 0.002, Loss s: 0.003, Mask ratio: 0.996
[2024-09-14 22:45:51,022][    INFO] ***** Evaluation ***** >>>> Unchanged IoU: 99.44, EMA: 99.46
[2024-09-14 22:45:51,022][    INFO] ***** Evaluation ***** >>>> Changed IoU: 87.05: EMA: 87.40
[2024-09-14 22:45:51,022][    INFO] ***** Evaluation ***** >>>> Overall Accuracy: 99.46, EMA: 99.48

[2024-09-14 22:45:52,897][    INFO] ===========> Epoch: 50, LR: 0.0000010, Previous best Changed IoU: 87.87, Overall Accuracy: 99.50 @epoch-42, EMA: Changed IoU: 88.18, Overall Accuracy: 99.51 @epoch-38
[2024-09-14 22:45:54,276][    INFO] Iters: 0, Total loss: 0.002, Loss x: 0.003, Loss s: 0.001, Mask ratio: 0.999
[2024-09-14 22:46:54,284][    INFO] Iters: 74, Total loss: 0.002, Loss x: 0.002, Loss s: 0.002, Mask ratio: 0.996
[2024-09-14 22:47:54,255][    INFO] Iters: 148, Total loss: 0.002, Loss x: 0.002, Loss s: 0.002, Mask ratio: 0.996
[2024-09-14 22:48:54,238][    INFO] Iters: 222, Total loss: 0.002, Loss x: 0.002, Loss s: 0.003, Mask ratio: 0.996
[2024-09-14 22:49:54,262][    INFO] Iters: 296, Total loss: 0.002, Loss x: 0.002, Loss s: 0.003, Mask ratio: 0.996
[2024-09-14 22:50:54,328][    INFO] Iters: 370, Total loss: 0.002, Loss x: 0.002, Loss s: 0.003, Mask ratio: 0.996
[2024-09-14 22:51:54,353][    INFO] Iters: 444, Total loss: 0.002, Loss x: 0.002, Loss s: 0.003, Mask ratio: 0.996
[2024-09-14 22:52:54,394][    INFO] Iters: 518, Total loss: 0.002, Loss x: 0.002, Loss s: 0.002, Mask ratio: 0.996
[2024-09-14 22:53:54,424][    INFO] Iters: 592, Total loss: 0.002, Loss x: 0.002, Loss s: 0.002, Mask ratio: 0.996
[2024-09-14 22:54:25,850][    INFO] ***** Evaluation ***** >>>> Unchanged IoU: 99.44, EMA: 99.46
[2024-09-14 22:54:25,851][    INFO] ***** Evaluation ***** >>>> Changed IoU: 86.92: EMA: 87.33
[2024-09-14 22:54:25,851][    INFO] ***** Evaluation ***** >>>> Overall Accuracy: 99.46, EMA: 99.48

[2024-09-14 22:54:27,483][    INFO] ===========> Epoch: 51, LR: 0.0000009, Previous best Changed IoU: 87.87, Overall Accuracy: 99.50 @epoch-42, EMA: Changed IoU: 88.18, Overall Accuracy: 99.51 @epoch-38
[2024-09-14 22:54:28,975][    INFO] Iters: 0, Total loss: 0.003, Loss x: 0.004, Loss s: 0.002, Mask ratio: 0.998
[2024-09-14 22:55:29,017][    INFO] Iters: 74, Total loss: 0.002, Loss x: 0.002, Loss s: 0.003, Mask ratio: 0.996
[2024-09-14 22:56:29,032][    INFO] Iters: 148, Total loss: 0.002, Loss x: 0.002, Loss s: 0.003, Mask ratio: 0.996
[2024-09-14 22:57:29,050][    INFO] Iters: 222, Total loss: 0.002, Loss x: 0.002, Loss s: 0.002, Mask ratio: 0.996
[2024-09-14 22:58:29,053][    INFO] Iters: 296, Total loss: 0.002, Loss x: 0.002, Loss s: 0.002, Mask ratio: 0.996
[2024-09-14 22:59:29,115][    INFO] Iters: 370, Total loss: 0.002, Loss x: 0.002, Loss s: 0.002, Mask ratio: 0.996
[2024-09-14 23:00:29,203][    INFO] Iters: 444, Total loss: 0.002, Loss x: 0.002, Loss s: 0.002, Mask ratio: 0.996
[2024-09-14 23:01:29,312][    INFO] Iters: 518, Total loss: 0.002, Loss x: 0.002, Loss s: 0.002, Mask ratio: 0.996
[2024-09-14 23:02:29,425][    INFO] Iters: 592, Total loss: 0.002, Loss x: 0.002, Loss s: 0.002, Mask ratio: 0.996
[2024-09-14 23:03:00,842][    INFO] ***** Evaluation ***** >>>> Unchanged IoU: 99.45, EMA: 99.45
[2024-09-14 23:03:00,842][    INFO] ***** Evaluation ***** >>>> Changed IoU: 87.15: EMA: 87.28
[2024-09-14 23:03:00,842][    INFO] ***** Evaluation ***** >>>> Overall Accuracy: 99.47, EMA: 99.47

[2024-09-14 23:03:02,560][    INFO] ===========> Epoch: 52, LR: 0.0000008, Previous best Changed IoU: 87.87, Overall Accuracy: 99.50 @epoch-42, EMA: Changed IoU: 88.18, Overall Accuracy: 99.51 @epoch-38
[2024-09-14 23:03:03,997][    INFO] Iters: 0, Total loss: 0.002, Loss x: 0.003, Loss s: 0.001, Mask ratio: 0.996
[2024-09-14 23:04:04,104][    INFO] Iters: 74, Total loss: 0.002, Loss x: 0.002, Loss s: 0.003, Mask ratio: 0.996
[2024-09-14 23:05:04,205][    INFO] Iters: 148, Total loss: 0.002, Loss x: 0.002, Loss s: 0.003, Mask ratio: 0.996
[2024-09-14 23:06:04,294][    INFO] Iters: 222, Total loss: 0.002, Loss x: 0.002, Loss s: 0.003, Mask ratio: 0.996
[2024-09-14 23:07:04,359][    INFO] Iters: 296, Total loss: 0.002, Loss x: 0.002, Loss s: 0.003, Mask ratio: 0.996
[2024-09-14 23:08:04,420][    INFO] Iters: 370, Total loss: 0.002, Loss x: 0.002, Loss s: 0.003, Mask ratio: 0.996
[2024-09-14 23:09:04,473][    INFO] Iters: 444, Total loss: 0.002, Loss x: 0.002, Loss s: 0.002, Mask ratio: 0.996
[2024-09-14 23:10:04,532][    INFO] Iters: 518, Total loss: 0.002, Loss x: 0.002, Loss s: 0.003, Mask ratio: 0.996
[2024-09-14 23:11:04,599][    INFO] Iters: 592, Total loss: 0.002, Loss x: 0.002, Loss s: 0.003, Mask ratio: 0.996
[2024-09-14 23:11:36,029][    INFO] ***** Evaluation ***** >>>> Unchanged IoU: 99.46, EMA: 99.46
[2024-09-14 23:11:36,029][    INFO] ***** Evaluation ***** >>>> Changed IoU: 87.55: EMA: 87.46
[2024-09-14 23:11:36,029][    INFO] ***** Evaluation ***** >>>> Overall Accuracy: 99.48, EMA: 99.48

[2024-09-14 23:11:38,138][    INFO] ===========> Epoch: 53, LR: 0.0000007, Previous best Changed IoU: 87.87, Overall Accuracy: 99.50 @epoch-42, EMA: Changed IoU: 88.18, Overall Accuracy: 99.51 @epoch-38
[2024-09-14 23:11:39,562][    INFO] Iters: 0, Total loss: 0.001, Loss x: 0.001, Loss s: 0.000, Mask ratio: 1.000
[2024-09-14 23:12:39,641][    INFO] Iters: 74, Total loss: 0.002, Loss x: 0.002, Loss s: 0.002, Mask ratio: 0.996
[2024-09-14 23:13:39,630][    INFO] Iters: 148, Total loss: 0.002, Loss x: 0.002, Loss s: 0.002, Mask ratio: 0.996
[2024-09-14 23:14:39,651][    INFO] Iters: 222, Total loss: 0.002, Loss x: 0.002, Loss s: 0.002, Mask ratio: 0.997
[2024-09-14 23:15:39,681][    INFO] Iters: 296, Total loss: 0.002, Loss x: 0.002, Loss s: 0.002, Mask ratio: 0.997
[2024-09-14 23:16:39,685][    INFO] Iters: 370, Total loss: 0.002, Loss x: 0.002, Loss s: 0.002, Mask ratio: 0.997
[2024-09-14 23:17:39,657][    INFO] Iters: 444, Total loss: 0.002, Loss x: 0.002, Loss s: 0.002, Mask ratio: 0.997
[2024-09-14 23:18:39,633][    INFO] Iters: 518, Total loss: 0.002, Loss x: 0.002, Loss s: 0.002, Mask ratio: 0.997
[2024-09-14 23:19:39,651][    INFO] Iters: 592, Total loss: 0.002, Loss x: 0.002, Loss s: 0.002, Mask ratio: 0.997
[2024-09-14 23:20:11,093][    INFO] ***** Evaluation ***** >>>> Unchanged IoU: 99.48, EMA: 99.46
[2024-09-14 23:20:11,093][    INFO] ***** Evaluation ***** >>>> Changed IoU: 87.87: EMA: 87.47
[2024-09-14 23:20:11,093][    INFO] ***** Evaluation ***** >>>> Overall Accuracy: 99.50, EMA: 99.48

[2024-09-14 23:20:12,792][    INFO] ===========> Epoch: 54, LR: 0.0000006, Previous best Changed IoU: 87.87, Overall Accuracy: 99.50 @epoch-53, EMA: Changed IoU: 88.18, Overall Accuracy: 99.51 @epoch-38
[2024-09-14 23:20:14,167][    INFO] Iters: 0, Total loss: 0.001, Loss x: 0.001, Loss s: 0.001, Mask ratio: 0.997
[2024-09-14 23:21:14,162][    INFO] Iters: 74, Total loss: 0.002, Loss x: 0.002, Loss s: 0.002, Mask ratio: 0.997
[2024-09-14 23:22:14,130][    INFO] Iters: 148, Total loss: 0.002, Loss x: 0.002, Loss s: 0.003, Mask ratio: 0.997
[2024-09-14 23:23:14,198][    INFO] Iters: 222, Total loss: 0.002, Loss x: 0.002, Loss s: 0.002, Mask ratio: 0.997
[2024-09-14 23:24:14,273][    INFO] Iters: 296, Total loss: 0.002, Loss x: 0.002, Loss s: 0.002, Mask ratio: 0.997
[2024-09-14 23:25:14,306][    INFO] Iters: 370, Total loss: 0.002, Loss x: 0.002, Loss s: 0.002, Mask ratio: 0.997
[2024-09-14 23:26:14,372][    INFO] Iters: 444, Total loss: 0.002, Loss x: 0.002, Loss s: 0.002, Mask ratio: 0.997
[2024-09-14 23:27:14,429][    INFO] Iters: 518, Total loss: 0.002, Loss x: 0.002, Loss s: 0.002, Mask ratio: 0.997
[2024-09-14 23:28:14,482][    INFO] Iters: 592, Total loss: 0.002, Loss x: 0.002, Loss s: 0.002, Mask ratio: 0.997
[2024-09-14 23:28:45,935][    INFO] ***** Evaluation ***** >>>> Unchanged IoU: 99.46, EMA: 99.46
[2024-09-14 23:28:45,935][    INFO] ***** Evaluation ***** >>>> Changed IoU: 87.24: EMA: 87.47
[2024-09-14 23:28:45,935][    INFO] ***** Evaluation ***** >>>> Overall Accuracy: 99.47, EMA: 99.48

[2024-09-14 23:28:47,779][    INFO] ===========> Epoch: 55, LR: 0.0000005, Previous best Changed IoU: 87.87, Overall Accuracy: 99.50 @epoch-53, EMA: Changed IoU: 88.18, Overall Accuracy: 99.51 @epoch-38
[2024-09-14 23:28:49,152][    INFO] Iters: 0, Total loss: 0.002, Loss x: 0.003, Loss s: 0.001, Mask ratio: 0.998
[2024-09-14 23:29:49,308][    INFO] Iters: 74, Total loss: 0.002, Loss x: 0.002, Loss s: 0.003, Mask ratio: 0.997
[2024-09-14 23:30:49,392][    INFO] Iters: 148, Total loss: 0.002, Loss x: 0.002, Loss s: 0.002, Mask ratio: 0.997
[2024-09-14 23:31:49,430][    INFO] Iters: 222, Total loss: 0.002, Loss x: 0.002, Loss s: 0.002, Mask ratio: 0.996
[2024-09-14 23:32:49,423][    INFO] Iters: 296, Total loss: 0.002, Loss x: 0.002, Loss s: 0.002, Mask ratio: 0.996
[2024-09-14 23:33:49,434][    INFO] Iters: 370, Total loss: 0.002, Loss x: 0.002, Loss s: 0.002, Mask ratio: 0.997
[2024-09-14 23:34:49,489][    INFO] Iters: 444, Total loss: 0.002, Loss x: 0.002, Loss s: 0.002, Mask ratio: 0.997
[2024-09-14 23:35:49,548][    INFO] Iters: 518, Total loss: 0.002, Loss x: 0.002, Loss s: 0.002, Mask ratio: 0.997
[2024-09-14 23:36:49,592][    INFO] Iters: 592, Total loss: 0.002, Loss x: 0.002, Loss s: 0.002, Mask ratio: 0.997
[2024-09-14 23:37:21,039][    INFO] ***** Evaluation ***** >>>> Unchanged IoU: 99.48, EMA: 99.48
[2024-09-14 23:37:21,039][    INFO] ***** Evaluation ***** >>>> Changed IoU: 87.82: EMA: 87.83
[2024-09-14 23:37:21,039][    INFO] ***** Evaluation ***** >>>> Overall Accuracy: 99.50, EMA: 99.50

[2024-09-14 23:37:22,794][    INFO] ===========> Epoch: 56, LR: 0.0000004, Previous best Changed IoU: 87.87, Overall Accuracy: 99.50 @epoch-53, EMA: Changed IoU: 88.18, Overall Accuracy: 99.51 @epoch-38
[2024-09-14 23:37:24,249][    INFO] Iters: 0, Total loss: 0.002, Loss x: 0.002, Loss s: 0.001, Mask ratio: 0.999
[2024-09-14 23:38:24,291][    INFO] Iters: 74, Total loss: 0.002, Loss x: 0.001, Loss s: 0.002, Mask ratio: 0.997
[2024-09-14 23:39:24,355][    INFO] Iters: 148, Total loss: 0.002, Loss x: 0.002, Loss s: 0.002, Mask ratio: 0.996
[2024-09-14 23:40:24,353][    INFO] Iters: 222, Total loss: 0.002, Loss x: 0.002, Loss s: 0.003, Mask ratio: 0.996
[2024-09-14 23:41:24,334][    INFO] Iters: 296, Total loss: 0.002, Loss x: 0.002, Loss s: 0.003, Mask ratio: 0.996
[2024-09-14 23:42:24,380][    INFO] Iters: 370, Total loss: 0.002, Loss x: 0.002, Loss s: 0.003, Mask ratio: 0.996
[2024-09-14 23:43:24,417][    INFO] Iters: 444, Total loss: 0.002, Loss x: 0.002, Loss s: 0.003, Mask ratio: 0.996
[2024-09-14 23:44:24,442][    INFO] Iters: 518, Total loss: 0.002, Loss x: 0.002, Loss s: 0.002, Mask ratio: 0.997
[2024-09-14 23:45:24,478][    INFO] Iters: 592, Total loss: 0.002, Loss x: 0.002, Loss s: 0.002, Mask ratio: 0.997
[2024-09-14 23:45:55,968][    INFO] ***** Evaluation ***** >>>> Unchanged IoU: 99.47, EMA: 99.47
[2024-09-14 23:45:55,968][    INFO] ***** Evaluation ***** >>>> Changed IoU: 87.69: EMA: 87.77
[2024-09-14 23:45:55,968][    INFO] ***** Evaluation ***** >>>> Overall Accuracy: 99.49, EMA: 99.49

[2024-09-14 23:45:57,585][    INFO] ===========> Epoch: 57, LR: 0.0000003, Previous best Changed IoU: 87.87, Overall Accuracy: 99.50 @epoch-53, EMA: Changed IoU: 88.18, Overall Accuracy: 99.51 @epoch-38
[2024-09-14 23:45:59,014][    INFO] Iters: 0, Total loss: 0.004, Loss x: 0.003, Loss s: 0.005, Mask ratio: 0.990
[2024-09-14 23:46:59,092][    INFO] Iters: 74, Total loss: 0.002, Loss x: 0.002, Loss s: 0.002, Mask ratio: 0.997
[2024-09-14 23:47:59,211][    INFO] Iters: 148, Total loss: 0.002, Loss x: 0.002, Loss s: 0.002, Mask ratio: 0.997
[2024-09-14 23:48:59,324][    INFO] Iters: 222, Total loss: 0.002, Loss x: 0.002, Loss s: 0.002, Mask ratio: 0.997
[2024-09-14 23:49:59,468][    INFO] Iters: 296, Total loss: 0.002, Loss x: 0.002, Loss s: 0.002, Mask ratio: 0.997
[2024-09-14 23:50:59,594][    INFO] Iters: 370, Total loss: 0.002, Loss x: 0.002, Loss s: 0.002, Mask ratio: 0.997
[2024-09-14 23:51:59,683][    INFO] Iters: 444, Total loss: 0.002, Loss x: 0.002, Loss s: 0.002, Mask ratio: 0.997
[2024-09-14 23:52:59,758][    INFO] Iters: 518, Total loss: 0.002, Loss x: 0.002, Loss s: 0.002, Mask ratio: 0.997
[2024-09-14 23:53:59,820][    INFO] Iters: 592, Total loss: 0.002, Loss x: 0.002, Loss s: 0.002, Mask ratio: 0.997
[2024-09-14 23:54:31,215][    INFO] ***** Evaluation ***** >>>> Unchanged IoU: 99.47, EMA: 99.47
[2024-09-14 23:54:31,215][    INFO] ***** Evaluation ***** >>>> Changed IoU: 87.63: EMA: 87.62
[2024-09-14 23:54:31,215][    INFO] ***** Evaluation ***** >>>> Overall Accuracy: 99.48, EMA: 99.49

[2024-09-14 23:54:32,939][    INFO] ===========> Epoch: 58, LR: 0.0000002, Previous best Changed IoU: 87.87, Overall Accuracy: 99.50 @epoch-53, EMA: Changed IoU: 88.18, Overall Accuracy: 99.51 @epoch-38
[2024-09-14 23:54:34,359][    INFO] Iters: 0, Total loss: 0.003, Loss x: 0.006, Loss s: 0.001, Mask ratio: 0.997
[2024-09-14 23:55:34,389][    INFO] Iters: 74, Total loss: 0.002, Loss x: 0.002, Loss s: 0.002, Mask ratio: 0.997
[2024-09-14 23:56:34,452][    INFO] Iters: 148, Total loss: 0.002, Loss x: 0.002, Loss s: 0.002, Mask ratio: 0.997
[2024-09-14 23:57:34,486][    INFO] Iters: 222, Total loss: 0.002, Loss x: 0.002, Loss s: 0.002, Mask ratio: 0.997
[2024-09-14 23:58:34,475][    INFO] Iters: 296, Total loss: 0.002, Loss x: 0.002, Loss s: 0.002, Mask ratio: 0.996
[2024-09-14 23:59:34,495][    INFO] Iters: 370, Total loss: 0.002, Loss x: 0.002, Loss s: 0.002, Mask ratio: 0.997
[2024-09-15 00:00:34,490][    INFO] Iters: 444, Total loss: 0.002, Loss x: 0.002, Loss s: 0.002, Mask ratio: 0.997
[2024-09-15 00:01:34,558][    INFO] Iters: 518, Total loss: 0.002, Loss x: 0.002, Loss s: 0.002, Mask ratio: 0.997
[2024-09-15 00:02:34,635][    INFO] Iters: 592, Total loss: 0.002, Loss x: 0.002, Loss s: 0.002, Mask ratio: 0.997
[2024-09-15 00:03:06,003][    INFO] ***** Evaluation ***** >>>> Unchanged IoU: 99.47, EMA: 99.47
[2024-09-15 00:03:06,003][    INFO] ***** Evaluation ***** >>>> Changed IoU: 87.69: EMA: 87.64
[2024-09-15 00:03:06,003][    INFO] ***** Evaluation ***** >>>> Overall Accuracy: 99.49, EMA: 99.49

[2024-09-15 00:03:07,663][    INFO] ===========> Epoch: 59, LR: 0.0000001, Previous best Changed IoU: 87.87, Overall Accuracy: 99.50 @epoch-53, EMA: Changed IoU: 88.18, Overall Accuracy: 99.51 @epoch-38
[2024-09-15 00:03:09,054][    INFO] Iters: 0, Total loss: 0.001, Loss x: 0.002, Loss s: 0.000, Mask ratio: 1.000
[2024-09-15 00:04:09,132][    INFO] Iters: 74, Total loss: 0.002, Loss x: 0.002, Loss s: 0.003, Mask ratio: 0.996
[2024-09-15 00:05:09,163][    INFO] Iters: 148, Total loss: 0.002, Loss x: 0.002, Loss s: 0.002, Mask ratio: 0.997
[2024-09-15 00:06:09,137][    INFO] Iters: 222, Total loss: 0.002, Loss x: 0.002, Loss s: 0.002, Mask ratio: 0.997
[2024-09-15 00:07:09,118][    INFO] Iters: 296, Total loss: 0.002, Loss x: 0.002, Loss s: 0.002, Mask ratio: 0.997
[2024-09-15 00:08:09,178][    INFO] Iters: 370, Total loss: 0.002, Loss x: 0.002, Loss s: 0.002, Mask ratio: 0.997
[2024-09-15 00:09:09,233][    INFO] Iters: 444, Total loss: 0.002, Loss x: 0.002, Loss s: 0.002, Mask ratio: 0.997
[2024-09-15 00:10:09,305][    INFO] Iters: 518, Total loss: 0.002, Loss x: 0.002, Loss s: 0.002, Mask ratio: 0.997
[2024-09-15 00:11:09,367][    INFO] Iters: 592, Total loss: 0.002, Loss x: 0.002, Loss s: 0.002, Mask ratio: 0.997
[2024-09-15 00:11:40,801][    INFO] ***** Evaluation ***** >>>> Unchanged IoU: 99.47, EMA: 99.47
[2024-09-15 00:11:40,801][    INFO] ***** Evaluation ***** >>>> Changed IoU: 87.67: EMA: 87.68
[2024-09-15 00:11:40,801][    INFO] ***** Evaluation ***** >>>> Overall Accuracy: 99.49, EMA: 99.49

