[2024-09-14 12:38:25,096][    INFO] {'backbone': 'dinov2_small',
 'batch_size': 16,
 'conf_thresh': 0.95,
 'config': 'configs/whu.yaml',
 'crop_size': 252,
 'data_root': '/home/bingxing2/lihe/data/WHU-CD',
 'dataset': 'whu',
 'epochs': 60,
 'labeled_id_path': 'splits/whu/40%/labeled.txt',
 'local_rank': 0,
 'lock_backbone': False,
 'lr': 5e-06,
 'lr_multi': 40.0,
 'model': 'dpt',
 'nclass': 2,
 'ngpus': 1,
 'port': 25841,
 'save_path': 'exp/whu/supervised/dinov2_small/40%',
 'unlabeled_id_path': 'splits/whu/40%/unlabeled.txt'}

[2024-09-14 12:38:26,485][    INFO] Total params: 24.8M

[2024-09-14 12:38:27,386][    INFO] ===========> Epoch: 0, LR: 0.0000050, Previous best Changed IoU: 0.00, Overall Accuracy: 0.00
[2024-09-14 12:38:29,973][    INFO] Iters: 0, Total loss: 0.761
[2024-09-14 12:38:36,099][    INFO] Iters: 23, Total loss: 0.209
[2024-09-14 12:38:42,099][    INFO] Iters: 46, Total loss: 0.211
[2024-09-14 12:38:47,887][    INFO] Iters: 69, Total loss: 0.184
[2024-09-14 12:38:53,583][    INFO] Iters: 92, Total loss: 0.157
[2024-09-14 12:38:59,492][    INFO] Iters: 115, Total loss: 0.142
[2024-09-14 12:39:05,207][    INFO] Iters: 138, Total loss: 0.135
[2024-09-14 12:39:10,806][    INFO] Iters: 161, Total loss: 0.127
[2024-09-14 12:39:16,561][    INFO] Iters: 184, Total loss: 0.118
[2024-09-14 12:39:31,965][    INFO] ***** Evaluation ***** >>>> Unchanged IoU: 97.37
[2024-09-14 12:39:31,965][    INFO] ***** Evaluation ***** >>>> Changed IoU: 40.72
[2024-09-14 12:39:31,965][    INFO] ***** Evaluation ***** >>>> Overall Accuracy: 97.42

[2024-09-14 12:39:33,059][    INFO] ===========> Epoch: 1, LR: 0.0000049, Previous best Changed IoU: 40.72, Overall Accuracy: 97.42
[2024-09-14 12:39:33,581][    INFO] Iters: 0, Total loss: 0.063
[2024-09-14 12:39:39,006][    INFO] Iters: 23, Total loss: 0.054
[2024-09-14 12:39:44,501][    INFO] Iters: 46, Total loss: 0.058
[2024-09-14 12:39:49,637][    INFO] Iters: 69, Total loss: 0.055
[2024-09-14 12:39:54,838][    INFO] Iters: 92, Total loss: 0.055
[2024-09-14 12:40:00,080][    INFO] Iters: 115, Total loss: 0.058
[2024-09-14 12:40:05,210][    INFO] Iters: 138, Total loss: 0.058
[2024-09-14 12:40:10,433][    INFO] Iters: 161, Total loss: 0.058
[2024-09-14 12:40:15,626][    INFO] Iters: 184, Total loss: 0.056
[2024-09-14 12:40:31,121][    INFO] ***** Evaluation ***** >>>> Unchanged IoU: 97.99
[2024-09-14 12:40:31,121][    INFO] ***** Evaluation ***** >>>> Changed IoU: 55.52
[2024-09-14 12:40:31,121][    INFO] ***** Evaluation ***** >>>> Overall Accuracy: 98.04

[2024-09-14 12:40:32,240][    INFO] ===========> Epoch: 2, LR: 0.0000049, Previous best Changed IoU: 55.52, Overall Accuracy: 98.04
[2024-09-14 12:40:32,763][    INFO] Iters: 0, Total loss: 0.051
[2024-09-14 12:40:38,156][    INFO] Iters: 23, Total loss: 0.049
[2024-09-14 12:40:43,603][    INFO] Iters: 46, Total loss: 0.041
[2024-09-14 12:40:49,150][    INFO] Iters: 69, Total loss: 0.046
[2024-09-14 12:40:55,090][    INFO] Iters: 92, Total loss: 0.044
[2024-09-14 12:41:00,455][    INFO] Iters: 115, Total loss: 0.045
[2024-09-14 12:41:05,867][    INFO] Iters: 138, Total loss: 0.043
[2024-09-14 12:41:11,209][    INFO] Iters: 161, Total loss: 0.043
[2024-09-14 12:41:16,535][    INFO] Iters: 184, Total loss: 0.042
[2024-09-14 12:41:31,729][    INFO] ***** Evaluation ***** >>>> Unchanged IoU: 98.36
[2024-09-14 12:41:31,729][    INFO] ***** Evaluation ***** >>>> Changed IoU: 65.13
[2024-09-14 12:41:31,729][    INFO] ***** Evaluation ***** >>>> Overall Accuracy: 98.41

[2024-09-14 12:41:32,712][    INFO] ===========> Epoch: 3, LR: 0.0000048, Previous best Changed IoU: 65.13, Overall Accuracy: 98.41
[2024-09-14 12:41:33,255][    INFO] Iters: 0, Total loss: 0.020
[2024-09-14 12:41:38,868][    INFO] Iters: 23, Total loss: 0.038
[2024-09-14 12:41:44,205][    INFO] Iters: 46, Total loss: 0.036
[2024-09-14 12:41:49,474][    INFO] Iters: 69, Total loss: 0.034
[2024-09-14 12:41:54,744][    INFO] Iters: 92, Total loss: 0.033
[2024-09-14 12:41:59,998][    INFO] Iters: 115, Total loss: 0.033
[2024-09-14 12:42:05,328][    INFO] Iters: 138, Total loss: 0.034
[2024-09-14 12:42:10,620][    INFO] Iters: 161, Total loss: 0.033
[2024-09-14 12:42:15,907][    INFO] Iters: 184, Total loss: 0.032
[2024-09-14 12:42:31,505][    INFO] ***** Evaluation ***** >>>> Unchanged IoU: 98.56
[2024-09-14 12:42:31,505][    INFO] ***** Evaluation ***** >>>> Changed IoU: 69.80
[2024-09-14 12:42:31,505][    INFO] ***** Evaluation ***** >>>> Overall Accuracy: 98.61

[2024-09-14 12:42:32,544][    INFO] ===========> Epoch: 4, LR: 0.0000047, Previous best Changed IoU: 69.80, Overall Accuracy: 98.61
[2024-09-14 12:42:33,103][    INFO] Iters: 0, Total loss: 0.022
[2024-09-14 12:42:38,943][    INFO] Iters: 23, Total loss: 0.032
[2024-09-14 12:42:44,569][    INFO] Iters: 46, Total loss: 0.031
[2024-09-14 12:42:50,256][    INFO] Iters: 69, Total loss: 0.032
[2024-09-14 12:42:55,989][    INFO] Iters: 92, Total loss: 0.029
[2024-09-14 12:43:01,744][    INFO] Iters: 115, Total loss: 0.027
[2024-09-14 12:43:07,980][    INFO] Iters: 138, Total loss: 0.026
[2024-09-14 12:43:13,387][    INFO] Iters: 161, Total loss: 0.026
[2024-09-14 12:43:18,882][    INFO] Iters: 184, Total loss: 0.026
[2024-09-14 12:43:34,250][    INFO] ***** Evaluation ***** >>>> Unchanged IoU: 98.09
[2024-09-14 12:43:34,250][    INFO] ***** Evaluation ***** >>>> Changed IoU: 62.50
[2024-09-14 12:43:34,250][    INFO] ***** Evaluation ***** >>>> Overall Accuracy: 98.15

[2024-09-14 12:43:34,747][    INFO] ===========> Epoch: 5, LR: 0.0000046, Previous best Changed IoU: 69.80, Overall Accuracy: 98.61
[2024-09-14 12:43:35,204][    INFO] Iters: 0, Total loss: 0.011
[2024-09-14 12:43:40,600][    INFO] Iters: 23, Total loss: 0.027
[2024-09-14 12:43:45,921][    INFO] Iters: 46, Total loss: 0.027
[2024-09-14 12:43:51,146][    INFO] Iters: 69, Total loss: 0.027
[2024-09-14 12:43:56,428][    INFO] Iters: 92, Total loss: 0.025
[2024-09-14 12:44:01,726][    INFO] Iters: 115, Total loss: 0.024
[2024-09-14 12:44:07,027][    INFO] Iters: 138, Total loss: 0.024
[2024-09-14 12:44:12,323][    INFO] Iters: 161, Total loss: 0.023
[2024-09-14 12:44:17,613][    INFO] Iters: 184, Total loss: 0.022
[2024-09-14 12:44:32,905][    INFO] ***** Evaluation ***** >>>> Unchanged IoU: 98.71
[2024-09-14 12:44:32,905][    INFO] ***** Evaluation ***** >>>> Changed IoU: 72.71
[2024-09-14 12:44:32,905][    INFO] ***** Evaluation ***** >>>> Overall Accuracy: 98.75

[2024-09-14 12:44:34,136][    INFO] ===========> Epoch: 6, LR: 0.0000045, Previous best Changed IoU: 72.71, Overall Accuracy: 98.75
[2024-09-14 12:44:34,613][    INFO] Iters: 0, Total loss: 0.008
[2024-09-14 12:44:40,146][    INFO] Iters: 23, Total loss: 0.017
[2024-09-14 12:44:45,666][    INFO] Iters: 46, Total loss: 0.015
[2024-09-14 12:44:50,970][    INFO] Iters: 69, Total loss: 0.016
[2024-09-14 12:44:56,412][    INFO] Iters: 92, Total loss: 0.016
[2024-09-14 12:45:01,833][    INFO] Iters: 115, Total loss: 0.018
[2024-09-14 12:45:07,352][    INFO] Iters: 138, Total loss: 0.017
[2024-09-14 12:45:12,944][    INFO] Iters: 161, Total loss: 0.018
[2024-09-14 12:45:18,857][    INFO] Iters: 184, Total loss: 0.018
[2024-09-14 12:45:34,314][    INFO] ***** Evaluation ***** >>>> Unchanged IoU: 98.78
[2024-09-14 12:45:34,314][    INFO] ***** Evaluation ***** >>>> Changed IoU: 74.42
[2024-09-14 12:45:34,314][    INFO] ***** Evaluation ***** >>>> Overall Accuracy: 98.82

[2024-09-14 12:45:35,276][    INFO] ===========> Epoch: 7, LR: 0.0000045, Previous best Changed IoU: 74.42, Overall Accuracy: 98.82
[2024-09-14 12:45:35,804][    INFO] Iters: 0, Total loss: 0.007
[2024-09-14 12:45:41,175][    INFO] Iters: 23, Total loss: 0.015
[2024-09-14 12:45:46,836][    INFO] Iters: 46, Total loss: 0.017
[2024-09-14 12:45:52,418][    INFO] Iters: 69, Total loss: 0.017
[2024-09-14 12:45:57,941][    INFO] Iters: 92, Total loss: 0.017
[2024-09-14 12:46:03,449][    INFO] Iters: 115, Total loss: 0.016
[2024-09-14 12:46:08,823][    INFO] Iters: 138, Total loss: 0.016
[2024-09-14 12:46:14,327][    INFO] Iters: 161, Total loss: 0.018
[2024-09-14 12:46:19,915][    INFO] Iters: 184, Total loss: 0.019
[2024-09-14 12:46:35,076][    INFO] ***** Evaluation ***** >>>> Unchanged IoU: 98.76
[2024-09-14 12:46:35,076][    INFO] ***** Evaluation ***** >>>> Changed IoU: 73.32
[2024-09-14 12:46:35,076][    INFO] ***** Evaluation ***** >>>> Overall Accuracy: 98.80

[2024-09-14 12:46:35,583][    INFO] ===========> Epoch: 8, LR: 0.0000044, Previous best Changed IoU: 74.42, Overall Accuracy: 98.82
[2024-09-14 12:46:36,049][    INFO] Iters: 0, Total loss: 0.014
[2024-09-14 12:46:41,201][    INFO] Iters: 23, Total loss: 0.021
[2024-09-14 12:46:46,392][    INFO] Iters: 46, Total loss: 0.018
[2024-09-14 12:46:51,543][    INFO] Iters: 69, Total loss: 0.019
[2024-09-14 12:46:56,687][    INFO] Iters: 92, Total loss: 0.019
[2024-09-14 12:47:01,932][    INFO] Iters: 115, Total loss: 0.018
[2024-09-14 12:47:07,286][    INFO] Iters: 138, Total loss: 0.018
[2024-09-14 12:47:12,503][    INFO] Iters: 161, Total loss: 0.017
[2024-09-14 12:47:17,728][    INFO] Iters: 184, Total loss: 0.017
[2024-09-14 12:47:33,280][    INFO] ***** Evaluation ***** >>>> Unchanged IoU: 98.78
[2024-09-14 12:47:33,281][    INFO] ***** Evaluation ***** >>>> Changed IoU: 73.82
[2024-09-14 12:47:33,281][    INFO] ***** Evaluation ***** >>>> Overall Accuracy: 98.82

[2024-09-14 12:47:33,810][    INFO] ===========> Epoch: 9, LR: 0.0000043, Previous best Changed IoU: 74.42, Overall Accuracy: 98.82
[2024-09-14 12:47:34,316][    INFO] Iters: 0, Total loss: 0.010
[2024-09-14 12:47:39,894][    INFO] Iters: 23, Total loss: 0.018
[2024-09-14 12:47:45,377][    INFO] Iters: 46, Total loss: 0.018
[2024-09-14 12:47:51,093][    INFO] Iters: 69, Total loss: 0.016
[2024-09-14 12:47:56,585][    INFO] Iters: 92, Total loss: 0.015
[2024-09-14 12:48:01,986][    INFO] Iters: 115, Total loss: 0.014
[2024-09-14 12:48:07,420][    INFO] Iters: 138, Total loss: 0.014
[2024-09-14 12:48:12,739][    INFO] Iters: 161, Total loss: 0.014
[2024-09-14 12:48:18,311][    INFO] Iters: 184, Total loss: 0.014
[2024-09-14 12:48:33,609][    INFO] ***** Evaluation ***** >>>> Unchanged IoU: 98.86
[2024-09-14 12:48:33,609][    INFO] ***** Evaluation ***** >>>> Changed IoU: 75.92
[2024-09-14 12:48:33,609][    INFO] ***** Evaluation ***** >>>> Overall Accuracy: 98.90

[2024-09-14 12:48:34,696][    INFO] ===========> Epoch: 10, LR: 0.0000042, Previous best Changed IoU: 75.92, Overall Accuracy: 98.90
[2024-09-14 12:48:35,148][    INFO] Iters: 0, Total loss: 0.018
[2024-09-14 12:48:40,841][    INFO] Iters: 23, Total loss: 0.011
[2024-09-14 12:48:46,135][    INFO] Iters: 46, Total loss: 0.011
[2024-09-14 12:48:51,361][    INFO] Iters: 69, Total loss: 0.011
[2024-09-14 12:48:56,621][    INFO] Iters: 92, Total loss: 0.012
[2024-09-14 12:49:01,935][    INFO] Iters: 115, Total loss: 0.012
[2024-09-14 12:49:07,465][    INFO] Iters: 138, Total loss: 0.012
[2024-09-14 12:49:12,977][    INFO] Iters: 161, Total loss: 0.013
[2024-09-14 12:49:18,651][    INFO] Iters: 184, Total loss: 0.013
[2024-09-14 12:49:33,981][    INFO] ***** Evaluation ***** >>>> Unchanged IoU: 98.87
[2024-09-14 12:49:33,982][    INFO] ***** Evaluation ***** >>>> Changed IoU: 75.73
[2024-09-14 12:49:33,982][    INFO] ***** Evaluation ***** >>>> Overall Accuracy: 98.91

[2024-09-14 12:49:34,484][    INFO] ===========> Epoch: 11, LR: 0.0000042, Previous best Changed IoU: 75.92, Overall Accuracy: 98.90
[2024-09-14 12:49:34,942][    INFO] Iters: 0, Total loss: 0.005
[2024-09-14 12:49:40,817][    INFO] Iters: 23, Total loss: 0.010
[2024-09-14 12:49:47,158][    INFO] Iters: 46, Total loss: 0.011
[2024-09-14 12:49:52,896][    INFO] Iters: 69, Total loss: 0.011
[2024-09-14 12:49:58,230][    INFO] Iters: 92, Total loss: 0.011
[2024-09-14 12:50:03,626][    INFO] Iters: 115, Total loss: 0.011
[2024-09-14 12:50:08,924][    INFO] Iters: 138, Total loss: 0.011
[2024-09-14 12:50:14,312][    INFO] Iters: 161, Total loss: 0.011
[2024-09-14 12:50:19,710][    INFO] Iters: 184, Total loss: 0.011
[2024-09-14 12:50:35,214][    INFO] ***** Evaluation ***** >>>> Unchanged IoU: 98.94
[2024-09-14 12:50:35,214][    INFO] ***** Evaluation ***** >>>> Changed IoU: 76.76
[2024-09-14 12:50:35,214][    INFO] ***** Evaluation ***** >>>> Overall Accuracy: 98.98

[2024-09-14 12:50:36,211][    INFO] ===========> Epoch: 12, LR: 0.0000041, Previous best Changed IoU: 76.76, Overall Accuracy: 98.98
[2024-09-14 12:50:36,747][    INFO] Iters: 0, Total loss: 0.014
[2024-09-14 12:50:42,104][    INFO] Iters: 23, Total loss: 0.011
[2024-09-14 12:50:47,484][    INFO] Iters: 46, Total loss: 0.012
[2024-09-14 12:50:52,565][    INFO] Iters: 69, Total loss: 0.011
[2024-09-14 12:50:57,560][    INFO] Iters: 92, Total loss: 0.011
[2024-09-14 12:51:02,579][    INFO] Iters: 115, Total loss: 0.011
[2024-09-14 12:51:07,599][    INFO] Iters: 138, Total loss: 0.011
[2024-09-14 12:51:12,976][    INFO] Iters: 161, Total loss: 0.011
[2024-09-14 12:51:18,374][    INFO] Iters: 184, Total loss: 0.010
[2024-09-14 12:51:33,888][    INFO] ***** Evaluation ***** >>>> Unchanged IoU: 98.93
[2024-09-14 12:51:33,888][    INFO] ***** Evaluation ***** >>>> Changed IoU: 77.33
[2024-09-14 12:51:33,888][    INFO] ***** Evaluation ***** >>>> Overall Accuracy: 98.97

[2024-09-14 12:51:34,898][    INFO] ===========> Epoch: 13, LR: 0.0000040, Previous best Changed IoU: 77.33, Overall Accuracy: 98.97
[2024-09-14 12:51:35,420][    INFO] Iters: 0, Total loss: 0.008
[2024-09-14 12:51:41,286][    INFO] Iters: 23, Total loss: 0.009
[2024-09-14 12:51:46,735][    INFO] Iters: 46, Total loss: 0.009
[2024-09-14 12:51:51,987][    INFO] Iters: 69, Total loss: 0.009
[2024-09-14 12:51:57,541][    INFO] Iters: 92, Total loss: 0.010
[2024-09-14 12:52:03,666][    INFO] Iters: 115, Total loss: 0.010
[2024-09-14 12:52:09,564][    INFO] Iters: 138, Total loss: 0.010
[2024-09-14 12:52:15,003][    INFO] Iters: 161, Total loss: 0.009
[2024-09-14 12:52:20,361][    INFO] Iters: 184, Total loss: 0.010
[2024-09-14 12:52:35,785][    INFO] ***** Evaluation ***** >>>> Unchanged IoU: 99.07
[2024-09-14 12:52:35,785][    INFO] ***** Evaluation ***** >>>> Changed IoU: 79.66
[2024-09-14 12:52:35,785][    INFO] ***** Evaluation ***** >>>> Overall Accuracy: 99.10

[2024-09-14 12:52:36,798][    INFO] ===========> Epoch: 14, LR: 0.0000039, Previous best Changed IoU: 79.66, Overall Accuracy: 99.10
[2024-09-14 12:52:37,334][    INFO] Iters: 0, Total loss: 0.015
[2024-09-14 12:52:42,887][    INFO] Iters: 23, Total loss: 0.008
[2024-09-14 12:52:48,398][    INFO] Iters: 46, Total loss: 0.009
[2024-09-14 12:52:54,131][    INFO] Iters: 69, Total loss: 0.012
[2024-09-14 12:52:59,550][    INFO] Iters: 92, Total loss: 0.013
[2024-09-14 12:53:05,075][    INFO] Iters: 115, Total loss: 0.012
[2024-09-14 12:53:10,743][    INFO] Iters: 138, Total loss: 0.011
[2024-09-14 12:53:16,232][    INFO] Iters: 161, Total loss: 0.011
[2024-09-14 12:53:21,633][    INFO] Iters: 184, Total loss: 0.011
[2024-09-14 12:53:37,440][    INFO] ***** Evaluation ***** >>>> Unchanged IoU: 99.06
[2024-09-14 12:53:37,440][    INFO] ***** Evaluation ***** >>>> Changed IoU: 79.50
[2024-09-14 12:53:37,440][    INFO] ***** Evaluation ***** >>>> Overall Accuracy: 99.09

[2024-09-14 12:53:37,968][    INFO] ===========> Epoch: 15, LR: 0.0000039, Previous best Changed IoU: 79.66, Overall Accuracy: 99.10
[2024-09-14 12:53:38,445][    INFO] Iters: 0, Total loss: 0.016
[2024-09-14 12:53:43,483][    INFO] Iters: 23, Total loss: 0.009
[2024-09-14 12:53:49,092][    INFO] Iters: 46, Total loss: 0.009
[2024-09-14 12:53:54,395][    INFO] Iters: 69, Total loss: 0.009
[2024-09-14 12:53:59,796][    INFO] Iters: 92, Total loss: 0.009
[2024-09-14 12:54:05,384][    INFO] Iters: 115, Total loss: 0.009
[2024-09-14 12:54:11,272][    INFO] Iters: 138, Total loss: 0.009
[2024-09-14 12:54:17,191][    INFO] Iters: 161, Total loss: 0.009
[2024-09-14 12:54:22,928][    INFO] Iters: 184, Total loss: 0.009
[2024-09-14 12:54:38,417][    INFO] ***** Evaluation ***** >>>> Unchanged IoU: 98.67
[2024-09-14 12:54:38,417][    INFO] ***** Evaluation ***** >>>> Changed IoU: 73.92
[2024-09-14 12:54:38,417][    INFO] ***** Evaluation ***** >>>> Overall Accuracy: 98.72

[2024-09-14 12:54:38,942][    INFO] ===========> Epoch: 16, LR: 0.0000038, Previous best Changed IoU: 79.66, Overall Accuracy: 99.10
[2024-09-14 12:54:39,438][    INFO] Iters: 0, Total loss: 0.009
[2024-09-14 12:54:45,094][    INFO] Iters: 23, Total loss: 0.008
[2024-09-14 12:54:50,505][    INFO] Iters: 46, Total loss: 0.008
[2024-09-14 12:54:55,857][    INFO] Iters: 69, Total loss: 0.008
[2024-09-14 12:55:01,152][    INFO] Iters: 92, Total loss: 0.008
[2024-09-14 12:55:06,621][    INFO] Iters: 115, Total loss: 0.009
[2024-09-14 12:55:12,055][    INFO] Iters: 138, Total loss: 0.008
[2024-09-14 12:55:17,415][    INFO] Iters: 161, Total loss: 0.008
[2024-09-14 12:55:22,940][    INFO] Iters: 184, Total loss: 0.008
[2024-09-14 12:55:38,242][    INFO] ***** Evaluation ***** >>>> Unchanged IoU: 98.88
[2024-09-14 12:55:38,242][    INFO] ***** Evaluation ***** >>>> Changed IoU: 76.86
[2024-09-14 12:55:38,242][    INFO] ***** Evaluation ***** >>>> Overall Accuracy: 98.92

[2024-09-14 12:55:38,759][    INFO] ===========> Epoch: 17, LR: 0.0000037, Previous best Changed IoU: 79.66, Overall Accuracy: 99.10
[2024-09-14 12:55:39,199][    INFO] Iters: 0, Total loss: 0.004
[2024-09-14 12:55:44,582][    INFO] Iters: 23, Total loss: 0.008
[2024-09-14 12:55:50,259][    INFO] Iters: 46, Total loss: 0.008
[2024-09-14 12:55:55,934][    INFO] Iters: 69, Total loss: 0.009
[2024-09-14 12:56:01,442][    INFO] Iters: 92, Total loss: 0.008
[2024-09-14 12:56:06,821][    INFO] Iters: 115, Total loss: 0.008
[2024-09-14 12:56:12,062][    INFO] Iters: 138, Total loss: 0.008
[2024-09-14 12:56:17,290][    INFO] Iters: 161, Total loss: 0.008
[2024-09-14 12:56:22,735][    INFO] Iters: 184, Total loss: 0.009
[2024-09-14 12:56:38,195][    INFO] ***** Evaluation ***** >>>> Unchanged IoU: 98.08
[2024-09-14 12:56:38,195][    INFO] ***** Evaluation ***** >>>> Changed IoU: 64.99
[2024-09-14 12:56:38,195][    INFO] ***** Evaluation ***** >>>> Overall Accuracy: 98.15

[2024-09-14 12:56:38,782][    INFO] ===========> Epoch: 18, LR: 0.0000036, Previous best Changed IoU: 79.66, Overall Accuracy: 99.10
[2024-09-14 12:56:39,297][    INFO] Iters: 0, Total loss: 0.052
[2024-09-14 12:56:44,934][    INFO] Iters: 23, Total loss: 0.019
[2024-09-14 12:56:50,522][    INFO] Iters: 46, Total loss: 0.016
[2024-09-14 12:56:55,988][    INFO] Iters: 69, Total loss: 0.015
[2024-09-14 12:57:01,549][    INFO] Iters: 92, Total loss: 0.014
[2024-09-14 12:57:07,123][    INFO] Iters: 115, Total loss: 0.015
[2024-09-14 12:57:13,145][    INFO] Iters: 138, Total loss: 0.018
[2024-09-14 12:57:19,270][    INFO] Iters: 161, Total loss: 0.018
[2024-09-14 12:57:25,511][    INFO] Iters: 184, Total loss: 0.017
[2024-09-14 12:57:40,961][    INFO] ***** Evaluation ***** >>>> Unchanged IoU: 98.79
[2024-09-14 12:57:40,961][    INFO] ***** Evaluation ***** >>>> Changed IoU: 75.53
[2024-09-14 12:57:40,961][    INFO] ***** Evaluation ***** >>>> Overall Accuracy: 98.83

[2024-09-14 12:57:41,469][    INFO] ===========> Epoch: 19, LR: 0.0000035, Previous best Changed IoU: 79.66, Overall Accuracy: 99.10
[2024-09-14 12:57:41,954][    INFO] Iters: 0, Total loss: 0.004
[2024-09-14 12:57:47,438][    INFO] Iters: 23, Total loss: 0.010
[2024-09-14 12:57:53,238][    INFO] Iters: 46, Total loss: 0.009
[2024-09-14 12:57:59,128][    INFO] Iters: 69, Total loss: 0.009
[2024-09-14 12:58:04,719][    INFO] Iters: 92, Total loss: 0.009
[2024-09-14 12:58:10,125][    INFO] Iters: 115, Total loss: 0.009
[2024-09-14 12:58:15,626][    INFO] Iters: 138, Total loss: 0.009
[2024-09-14 12:58:21,288][    INFO] Iters: 161, Total loss: 0.009
[2024-09-14 12:58:26,921][    INFO] Iters: 184, Total loss: 0.008
[2024-09-14 12:58:42,476][    INFO] ***** Evaluation ***** >>>> Unchanged IoU: 99.08
[2024-09-14 12:58:42,476][    INFO] ***** Evaluation ***** >>>> Changed IoU: 79.88
[2024-09-14 12:58:42,476][    INFO] ***** Evaluation ***** >>>> Overall Accuracy: 99.12

[2024-09-14 12:58:43,599][    INFO] ===========> Epoch: 20, LR: 0.0000035, Previous best Changed IoU: 79.88, Overall Accuracy: 99.12
[2024-09-14 12:58:44,138][    INFO] Iters: 0, Total loss: 0.001
[2024-09-14 12:58:49,890][    INFO] Iters: 23, Total loss: 0.009
[2024-09-14 12:58:55,495][    INFO] Iters: 46, Total loss: 0.008
[2024-09-14 12:59:01,118][    INFO] Iters: 69, Total loss: 0.007
[2024-09-14 12:59:06,702][    INFO] Iters: 92, Total loss: 0.007
[2024-09-14 12:59:12,224][    INFO] Iters: 115, Total loss: 0.007
[2024-09-14 12:59:17,663][    INFO] Iters: 138, Total loss: 0.007
[2024-09-14 12:59:23,167][    INFO] Iters: 161, Total loss: 0.007
[2024-09-14 12:59:28,514][    INFO] Iters: 184, Total loss: 0.007
[2024-09-14 12:59:43,974][    INFO] ***** Evaluation ***** >>>> Unchanged IoU: 99.03
[2024-09-14 12:59:43,974][    INFO] ***** Evaluation ***** >>>> Changed IoU: 79.11
[2024-09-14 12:59:43,974][    INFO] ***** Evaluation ***** >>>> Overall Accuracy: 99.06

[2024-09-14 12:59:44,470][    INFO] ===========> Epoch: 21, LR: 0.0000034, Previous best Changed IoU: 79.88, Overall Accuracy: 99.12
[2024-09-14 12:59:44,942][    INFO] Iters: 0, Total loss: 0.012
[2024-09-14 12:59:50,112][    INFO] Iters: 23, Total loss: 0.007
[2024-09-14 12:59:55,368][    INFO] Iters: 46, Total loss: 0.006
[2024-09-14 13:00:00,388][    INFO] Iters: 69, Total loss: 0.007
[2024-09-14 13:00:05,450][    INFO] Iters: 92, Total loss: 0.007
[2024-09-14 13:00:10,427][    INFO] Iters: 115, Total loss: 0.007
[2024-09-14 13:00:15,483][    INFO] Iters: 138, Total loss: 0.007
[2024-09-14 13:00:20,783][    INFO] Iters: 161, Total loss: 0.007
[2024-09-14 13:00:26,009][    INFO] Iters: 184, Total loss: 0.007
[2024-09-14 13:00:41,559][    INFO] ***** Evaluation ***** >>>> Unchanged IoU: 99.04
[2024-09-14 13:00:41,559][    INFO] ***** Evaluation ***** >>>> Changed IoU: 79.37
[2024-09-14 13:00:41,559][    INFO] ***** Evaluation ***** >>>> Overall Accuracy: 99.07

[2024-09-14 13:00:42,061][    INFO] ===========> Epoch: 22, LR: 0.0000033, Previous best Changed IoU: 79.88, Overall Accuracy: 99.12
[2024-09-14 13:00:42,507][    INFO] Iters: 0, Total loss: 0.003
[2024-09-14 13:00:48,149][    INFO] Iters: 23, Total loss: 0.006
[2024-09-14 13:00:54,190][    INFO] Iters: 46, Total loss: 0.006
[2024-09-14 13:01:00,143][    INFO] Iters: 69, Total loss: 0.007
[2024-09-14 13:01:06,259][    INFO] Iters: 92, Total loss: 0.007
[2024-09-14 13:01:11,894][    INFO] Iters: 115, Total loss: 0.007
[2024-09-14 13:01:17,390][    INFO] Iters: 138, Total loss: 0.006
[2024-09-14 13:01:22,993][    INFO] Iters: 161, Total loss: 0.006
[2024-09-14 13:01:28,448][    INFO] Iters: 184, Total loss: 0.006
[2024-09-14 13:01:43,828][    INFO] ***** Evaluation ***** >>>> Unchanged IoU: 99.10
[2024-09-14 13:01:43,828][    INFO] ***** Evaluation ***** >>>> Changed IoU: 80.30
[2024-09-14 13:01:43,828][    INFO] ***** Evaluation ***** >>>> Overall Accuracy: 99.13

[2024-09-14 13:01:44,858][    INFO] ===========> Epoch: 23, LR: 0.0000032, Previous best Changed IoU: 80.30, Overall Accuracy: 99.13
[2024-09-14 13:01:45,369][    INFO] Iters: 0, Total loss: 0.008
[2024-09-14 13:01:51,369][    INFO] Iters: 23, Total loss: 0.007
[2024-09-14 13:01:57,109][    INFO] Iters: 46, Total loss: 0.006
[2024-09-14 13:02:02,711][    INFO] Iters: 69, Total loss: 0.006
[2024-09-14 13:02:08,228][    INFO] Iters: 92, Total loss: 0.006
[2024-09-14 13:02:13,894][    INFO] Iters: 115, Total loss: 0.006
[2024-09-14 13:02:19,638][    INFO] Iters: 138, Total loss: 0.006
[2024-09-14 13:02:25,220][    INFO] Iters: 161, Total loss: 0.006
[2024-09-14 13:02:30,763][    INFO] Iters: 184, Total loss: 0.006
[2024-09-14 13:02:46,220][    INFO] ***** Evaluation ***** >>>> Unchanged IoU: 99.06
[2024-09-14 13:02:46,220][    INFO] ***** Evaluation ***** >>>> Changed IoU: 79.70
[2024-09-14 13:02:46,220][    INFO] ***** Evaluation ***** >>>> Overall Accuracy: 99.10

[2024-09-14 13:02:46,761][    INFO] ===========> Epoch: 24, LR: 0.0000032, Previous best Changed IoU: 80.30, Overall Accuracy: 99.13
[2024-09-14 13:02:47,228][    INFO] Iters: 0, Total loss: 0.002
[2024-09-14 13:02:53,073][    INFO] Iters: 23, Total loss: 0.004
[2024-09-14 13:02:58,926][    INFO] Iters: 46, Total loss: 0.005
[2024-09-14 13:03:04,906][    INFO] Iters: 69, Total loss: 0.005
[2024-09-14 13:03:10,769][    INFO] Iters: 92, Total loss: 0.005
[2024-09-14 13:03:16,529][    INFO] Iters: 115, Total loss: 0.005
[2024-09-14 13:03:22,230][    INFO] Iters: 138, Total loss: 0.006
[2024-09-14 13:03:27,960][    INFO] Iters: 161, Total loss: 0.006
[2024-09-14 13:03:33,597][    INFO] Iters: 184, Total loss: 0.006
[2024-09-14 13:03:48,964][    INFO] ***** Evaluation ***** >>>> Unchanged IoU: 99.06
[2024-09-14 13:03:48,965][    INFO] ***** Evaluation ***** >>>> Changed IoU: 79.95
[2024-09-14 13:03:48,965][    INFO] ***** Evaluation ***** >>>> Overall Accuracy: 99.09

[2024-09-14 13:03:49,475][    INFO] ===========> Epoch: 25, LR: 0.0000031, Previous best Changed IoU: 80.30, Overall Accuracy: 99.13
[2024-09-14 13:03:49,929][    INFO] Iters: 0, Total loss: 0.005
[2024-09-14 13:03:55,302][    INFO] Iters: 23, Total loss: 0.005
[2024-09-14 13:04:00,591][    INFO] Iters: 46, Total loss: 0.005
[2024-09-14 13:04:05,809][    INFO] Iters: 69, Total loss: 0.006
[2024-09-14 13:04:10,894][    INFO] Iters: 92, Total loss: 0.006
[2024-09-14 13:04:16,040][    INFO] Iters: 115, Total loss: 0.006
[2024-09-14 13:04:21,397][    INFO] Iters: 138, Total loss: 0.006
[2024-09-14 13:04:26,648][    INFO] Iters: 161, Total loss: 0.006
[2024-09-14 13:04:31,894][    INFO] Iters: 184, Total loss: 0.006
[2024-09-14 13:04:47,320][    INFO] ***** Evaluation ***** >>>> Unchanged IoU: 99.08
[2024-09-14 13:04:47,320][    INFO] ***** Evaluation ***** >>>> Changed IoU: 80.14
[2024-09-14 13:04:47,320][    INFO] ***** Evaluation ***** >>>> Overall Accuracy: 99.11

[2024-09-14 13:04:47,831][    INFO] ===========> Epoch: 26, LR: 0.0000030, Previous best Changed IoU: 80.30, Overall Accuracy: 99.13
[2024-09-14 13:04:48,286][    INFO] Iters: 0, Total loss: 0.005
[2024-09-14 13:04:53,743][    INFO] Iters: 23, Total loss: 0.005
[2024-09-14 13:04:58,939][    INFO] Iters: 46, Total loss: 0.005
[2024-09-14 13:05:04,129][    INFO] Iters: 69, Total loss: 0.005
[2024-09-14 13:05:09,300][    INFO] Iters: 92, Total loss: 0.005
[2024-09-14 13:05:14,573][    INFO] Iters: 115, Total loss: 0.005
[2024-09-14 13:05:20,536][    INFO] Iters: 138, Total loss: 0.005
[2024-09-14 13:05:26,124][    INFO] Iters: 161, Total loss: 0.005
[2024-09-14 13:05:31,600][    INFO] Iters: 184, Total loss: 0.005
[2024-09-14 13:05:46,964][    INFO] ***** Evaluation ***** >>>> Unchanged IoU: 99.12
[2024-09-14 13:05:46,964][    INFO] ***** Evaluation ***** >>>> Changed IoU: 80.45
[2024-09-14 13:05:46,964][    INFO] ***** Evaluation ***** >>>> Overall Accuracy: 99.15

[2024-09-14 13:05:47,984][    INFO] ===========> Epoch: 27, LR: 0.0000029, Previous best Changed IoU: 80.45, Overall Accuracy: 99.15
[2024-09-14 13:05:48,503][    INFO] Iters: 0, Total loss: 0.007
[2024-09-14 13:05:53,909][    INFO] Iters: 23, Total loss: 0.005
[2024-09-14 13:05:59,129][    INFO] Iters: 46, Total loss: 0.006
[2024-09-14 13:06:04,264][    INFO] Iters: 69, Total loss: 0.005
[2024-09-14 13:06:09,462][    INFO] Iters: 92, Total loss: 0.005
[2024-09-14 13:06:14,837][    INFO] Iters: 115, Total loss: 0.005
[2024-09-14 13:06:20,245][    INFO] Iters: 138, Total loss: 0.005
[2024-09-14 13:06:25,659][    INFO] Iters: 161, Total loss: 0.005
[2024-09-14 13:06:30,979][    INFO] Iters: 184, Total loss: 0.005
[2024-09-14 13:06:46,179][    INFO] ***** Evaluation ***** >>>> Unchanged IoU: 99.12
[2024-09-14 13:06:46,179][    INFO] ***** Evaluation ***** >>>> Changed IoU: 80.61
[2024-09-14 13:06:46,180][    INFO] ***** Evaluation ***** >>>> Overall Accuracy: 99.15

[2024-09-14 13:06:47,532][    INFO] ===========> Epoch: 28, LR: 0.0000028, Previous best Changed IoU: 80.61, Overall Accuracy: 99.15
[2024-09-14 13:06:48,086][    INFO] Iters: 0, Total loss: 0.007
[2024-09-14 13:06:53,835][    INFO] Iters: 23, Total loss: 0.005
[2024-09-14 13:06:59,404][    INFO] Iters: 46, Total loss: 0.005
[2024-09-14 13:07:05,006][    INFO] Iters: 69, Total loss: 0.005
[2024-09-14 13:07:10,401][    INFO] Iters: 92, Total loss: 0.005
[2024-09-14 13:07:15,883][    INFO] Iters: 115, Total loss: 0.005
[2024-09-14 13:07:21,289][    INFO] Iters: 138, Total loss: 0.005
[2024-09-14 13:07:26,753][    INFO] Iters: 161, Total loss: 0.005
[2024-09-14 13:07:32,637][    INFO] Iters: 184, Total loss: 0.005
[2024-09-14 13:07:48,082][    INFO] ***** Evaluation ***** >>>> Unchanged IoU: 99.17
[2024-09-14 13:07:48,082][    INFO] ***** Evaluation ***** >>>> Changed IoU: 81.53
[2024-09-14 13:07:48,082][    INFO] ***** Evaluation ***** >>>> Overall Accuracy: 99.19

[2024-09-14 13:07:49,090][    INFO] ===========> Epoch: 29, LR: 0.0000028, Previous best Changed IoU: 81.53, Overall Accuracy: 99.19
[2024-09-14 13:07:49,587][    INFO] Iters: 0, Total loss: 0.000
[2024-09-14 13:07:55,263][    INFO] Iters: 23, Total loss: 0.004
[2024-09-14 13:08:00,902][    INFO] Iters: 46, Total loss: 0.005
[2024-09-14 13:08:06,601][    INFO] Iters: 69, Total loss: 0.005
[2024-09-14 13:08:12,360][    INFO] Iters: 92, Total loss: 0.005
[2024-09-14 13:08:18,003][    INFO] Iters: 115, Total loss: 0.005
[2024-09-14 13:08:23,404][    INFO] Iters: 138, Total loss: 0.006
[2024-09-14 13:08:28,810][    INFO] Iters: 161, Total loss: 0.006
[2024-09-14 13:08:34,344][    INFO] Iters: 184, Total loss: 0.006
[2024-09-14 13:08:49,724][    INFO] ***** Evaluation ***** >>>> Unchanged IoU: 99.08
[2024-09-14 13:08:49,724][    INFO] ***** Evaluation ***** >>>> Changed IoU: 80.23
[2024-09-14 13:08:49,724][    INFO] ***** Evaluation ***** >>>> Overall Accuracy: 99.11

[2024-09-14 13:08:50,246][    INFO] ===========> Epoch: 30, LR: 0.0000027, Previous best Changed IoU: 81.53, Overall Accuracy: 99.19
[2024-09-14 13:08:50,722][    INFO] Iters: 0, Total loss: 0.008
[2024-09-14 13:08:55,701][    INFO] Iters: 23, Total loss: 0.005
[2024-09-14 13:09:01,036][    INFO] Iters: 46, Total loss: 0.005
[2024-09-14 13:09:06,421][    INFO] Iters: 69, Total loss: 0.005
[2024-09-14 13:09:11,921][    INFO] Iters: 92, Total loss: 0.005
[2024-09-14 13:09:17,394][    INFO] Iters: 115, Total loss: 0.005
[2024-09-14 13:09:22,824][    INFO] Iters: 138, Total loss: 0.005
[2024-09-14 13:09:28,432][    INFO] Iters: 161, Total loss: 0.005
[2024-09-14 13:09:34,017][    INFO] Iters: 184, Total loss: 0.005
[2024-09-14 13:09:49,355][    INFO] ***** Evaluation ***** >>>> Unchanged IoU: 99.20
[2024-09-14 13:09:49,355][    INFO] ***** Evaluation ***** >>>> Changed IoU: 82.26
[2024-09-14 13:09:49,355][    INFO] ***** Evaluation ***** >>>> Overall Accuracy: 99.23

[2024-09-14 13:09:50,361][    INFO] ===========> Epoch: 31, LR: 0.0000026, Previous best Changed IoU: 82.26, Overall Accuracy: 99.23
[2024-09-14 13:09:50,900][    INFO] Iters: 0, Total loss: 0.006
[2024-09-14 13:09:56,607][    INFO] Iters: 23, Total loss: 0.005
[2024-09-14 13:10:02,293][    INFO] Iters: 46, Total loss: 0.005
[2024-09-14 13:10:07,971][    INFO] Iters: 69, Total loss: 0.005
[2024-09-14 13:10:13,746][    INFO] Iters: 92, Total loss: 0.005
[2024-09-14 13:10:19,381][    INFO] Iters: 115, Total loss: 0.005
[2024-09-14 13:10:24,928][    INFO] Iters: 138, Total loss: 0.005
[2024-09-14 13:10:30,420][    INFO] Iters: 161, Total loss: 0.005
[2024-09-14 13:10:35,869][    INFO] Iters: 184, Total loss: 0.005
[2024-09-14 13:10:51,026][    INFO] ***** Evaluation ***** >>>> Unchanged IoU: 99.10
[2024-09-14 13:10:51,026][    INFO] ***** Evaluation ***** >>>> Changed IoU: 80.53
[2024-09-14 13:10:51,026][    INFO] ***** Evaluation ***** >>>> Overall Accuracy: 99.14

[2024-09-14 13:10:51,561][    INFO] ===========> Epoch: 32, LR: 0.0000025, Previous best Changed IoU: 82.26, Overall Accuracy: 99.23
[2024-09-14 13:10:52,002][    INFO] Iters: 0, Total loss: 0.005
[2024-09-14 13:10:57,429][    INFO] Iters: 23, Total loss: 0.006
[2024-09-14 13:11:02,702][    INFO] Iters: 46, Total loss: 0.006
[2024-09-14 13:11:08,014][    INFO] Iters: 69, Total loss: 0.005
[2024-09-14 13:11:13,223][    INFO] Iters: 92, Total loss: 0.005
[2024-09-14 13:11:18,384][    INFO] Iters: 115, Total loss: 0.005
[2024-09-14 13:11:23,651][    INFO] Iters: 138, Total loss: 0.005
[2024-09-14 13:11:28,953][    INFO] Iters: 161, Total loss: 0.005
[2024-09-14 13:11:34,243][    INFO] Iters: 184, Total loss: 0.005
[2024-09-14 13:11:49,516][    INFO] ***** Evaluation ***** >>>> Unchanged IoU: 99.14
[2024-09-14 13:11:49,516][    INFO] ***** Evaluation ***** >>>> Changed IoU: 81.48
[2024-09-14 13:11:49,516][    INFO] ***** Evaluation ***** >>>> Overall Accuracy: 99.17

[2024-09-14 13:11:50,024][    INFO] ===========> Epoch: 33, LR: 0.0000024, Previous best Changed IoU: 82.26, Overall Accuracy: 99.23
[2024-09-14 13:11:50,504][    INFO] Iters: 0, Total loss: 0.002
[2024-09-14 13:11:56,625][    INFO] Iters: 23, Total loss: 0.006
[2024-09-14 13:12:02,486][    INFO] Iters: 46, Total loss: 0.005
[2024-09-14 13:12:08,200][    INFO] Iters: 69, Total loss: 0.005
[2024-09-14 13:12:13,713][    INFO] Iters: 92, Total loss: 0.004
[2024-09-14 13:12:19,193][    INFO] Iters: 115, Total loss: 0.005
[2024-09-14 13:12:24,906][    INFO] Iters: 138, Total loss: 0.005
[2024-09-14 13:12:30,385][    INFO] Iters: 161, Total loss: 0.005
[2024-09-14 13:12:35,783][    INFO] Iters: 184, Total loss: 0.005
[2024-09-14 13:12:51,416][    INFO] ***** Evaluation ***** >>>> Unchanged IoU: 99.13
[2024-09-14 13:12:51,416][    INFO] ***** Evaluation ***** >>>> Changed IoU: 80.93
[2024-09-14 13:12:51,416][    INFO] ***** Evaluation ***** >>>> Overall Accuracy: 99.16

[2024-09-14 13:12:51,979][    INFO] ===========> Epoch: 34, LR: 0.0000024, Previous best Changed IoU: 82.26, Overall Accuracy: 99.23
[2024-09-14 13:12:52,462][    INFO] Iters: 0, Total loss: 0.003
[2024-09-14 13:12:58,003][    INFO] Iters: 23, Total loss: 0.006
[2024-09-14 13:13:03,488][    INFO] Iters: 46, Total loss: 0.005
[2024-09-14 13:13:09,035][    INFO] Iters: 69, Total loss: 0.005
[2024-09-14 13:13:14,447][    INFO] Iters: 92, Total loss: 0.004
[2024-09-14 13:13:19,881][    INFO] Iters: 115, Total loss: 0.004
[2024-09-14 13:13:25,306][    INFO] Iters: 138, Total loss: 0.005
[2024-09-14 13:13:30,595][    INFO] Iters: 161, Total loss: 0.005
[2024-09-14 13:13:35,955][    INFO] Iters: 184, Total loss: 0.005
[2024-09-14 13:13:51,646][    INFO] ***** Evaluation ***** >>>> Unchanged IoU: 99.07
[2024-09-14 13:13:51,646][    INFO] ***** Evaluation ***** >>>> Changed IoU: 80.12
[2024-09-14 13:13:51,646][    INFO] ***** Evaluation ***** >>>> Overall Accuracy: 99.10

[2024-09-14 13:13:52,158][    INFO] ===========> Epoch: 35, LR: 0.0000023, Previous best Changed IoU: 82.26, Overall Accuracy: 99.23
[2024-09-14 13:13:52,604][    INFO] Iters: 0, Total loss: 0.006
[2024-09-14 13:13:57,925][    INFO] Iters: 23, Total loss: 0.004
[2024-09-14 13:14:03,441][    INFO] Iters: 46, Total loss: 0.004
[2024-09-14 13:14:09,597][    INFO] Iters: 69, Total loss: 0.004
[2024-09-14 13:14:15,545][    INFO] Iters: 92, Total loss: 0.005
[2024-09-14 13:14:21,203][    INFO] Iters: 115, Total loss: 0.005
[2024-09-14 13:14:26,834][    INFO] Iters: 138, Total loss: 0.005
[2024-09-14 13:14:32,338][    INFO] Iters: 161, Total loss: 0.005
[2024-09-14 13:14:37,903][    INFO] Iters: 184, Total loss: 0.005
[2024-09-14 13:14:53,357][    INFO] ***** Evaluation ***** >>>> Unchanged IoU: 99.14
[2024-09-14 13:14:53,357][    INFO] ***** Evaluation ***** >>>> Changed IoU: 81.15
[2024-09-14 13:14:53,357][    INFO] ***** Evaluation ***** >>>> Overall Accuracy: 99.17

[2024-09-14 13:14:53,958][    INFO] ===========> Epoch: 36, LR: 0.0000022, Previous best Changed IoU: 82.26, Overall Accuracy: 99.23
[2024-09-14 13:14:54,396][    INFO] Iters: 0, Total loss: 0.005
[2024-09-14 13:14:59,674][    INFO] Iters: 23, Total loss: 0.005
[2024-09-14 13:15:04,929][    INFO] Iters: 46, Total loss: 0.005
[2024-09-14 13:15:10,135][    INFO] Iters: 69, Total loss: 0.004
[2024-09-14 13:15:15,473][    INFO] Iters: 92, Total loss: 0.004
[2024-09-14 13:15:20,727][    INFO] Iters: 115, Total loss: 0.004
[2024-09-14 13:15:25,907][    INFO] Iters: 138, Total loss: 0.004
[2024-09-14 13:15:31,070][    INFO] Iters: 161, Total loss: 0.004
[2024-09-14 13:15:36,142][    INFO] Iters: 184, Total loss: 0.004
[2024-09-14 13:15:51,650][    INFO] ***** Evaluation ***** >>>> Unchanged IoU: 99.11
[2024-09-14 13:15:51,650][    INFO] ***** Evaluation ***** >>>> Changed IoU: 80.89
[2024-09-14 13:15:51,650][    INFO] ***** Evaluation ***** >>>> Overall Accuracy: 99.15

[2024-09-14 13:15:52,172][    INFO] ===========> Epoch: 37, LR: 0.0000021, Previous best Changed IoU: 82.26, Overall Accuracy: 99.23
[2024-09-14 13:15:52,608][    INFO] Iters: 0, Total loss: 0.001
[2024-09-14 13:15:58,232][    INFO] Iters: 23, Total loss: 0.004
[2024-09-14 13:16:03,837][    INFO] Iters: 46, Total loss: 0.005
[2024-09-14 13:16:09,475][    INFO] Iters: 69, Total loss: 0.004
[2024-09-14 13:16:15,100][    INFO] Iters: 92, Total loss: 0.004
[2024-09-14 13:16:20,991][    INFO] Iters: 115, Total loss: 0.004
[2024-09-14 13:16:26,844][    INFO] Iters: 138, Total loss: 0.004
[2024-09-14 13:16:32,534][    INFO] Iters: 161, Total loss: 0.004
[2024-09-14 13:16:38,115][    INFO] Iters: 184, Total loss: 0.004
[2024-09-14 13:16:53,199][    INFO] ***** Evaluation ***** >>>> Unchanged IoU: 99.15
[2024-09-14 13:16:53,199][    INFO] ***** Evaluation ***** >>>> Changed IoU: 81.32
[2024-09-14 13:16:53,200][    INFO] ***** Evaluation ***** >>>> Overall Accuracy: 99.18

[2024-09-14 13:16:53,718][    INFO] ===========> Epoch: 38, LR: 0.0000020, Previous best Changed IoU: 82.26, Overall Accuracy: 99.23
[2024-09-14 13:16:54,165][    INFO] Iters: 0, Total loss: 0.003
[2024-09-14 13:16:59,574][    INFO] Iters: 23, Total loss: 0.004
[2024-09-14 13:17:05,295][    INFO] Iters: 46, Total loss: 0.004
[2024-09-14 13:17:10,732][    INFO] Iters: 69, Total loss: 0.004
[2024-09-14 13:17:16,013][    INFO] Iters: 92, Total loss: 0.004
[2024-09-14 13:17:21,227][    INFO] Iters: 115, Total loss: 0.004
[2024-09-14 13:17:26,466][    INFO] Iters: 138, Total loss: 0.004
[2024-09-14 13:17:31,647][    INFO] Iters: 161, Total loss: 0.004
[2024-09-14 13:17:36,805][    INFO] Iters: 184, Total loss: 0.004
[2024-09-14 13:17:52,201][    INFO] ***** Evaluation ***** >>>> Unchanged IoU: 99.17
[2024-09-14 13:17:52,201][    INFO] ***** Evaluation ***** >>>> Changed IoU: 81.94
[2024-09-14 13:17:52,201][    INFO] ***** Evaluation ***** >>>> Overall Accuracy: 99.20

[2024-09-14 13:17:52,729][    INFO] ===========> Epoch: 39, LR: 0.0000019, Previous best Changed IoU: 82.26, Overall Accuracy: 99.23
[2024-09-14 13:17:53,234][    INFO] Iters: 0, Total loss: 0.006
[2024-09-14 13:17:58,906][    INFO] Iters: 23, Total loss: 0.005
[2024-09-14 13:18:04,696][    INFO] Iters: 46, Total loss: 0.005
[2024-09-14 13:18:10,226][    INFO] Iters: 69, Total loss: 0.005
[2024-09-14 13:18:15,602][    INFO] Iters: 92, Total loss: 0.005
[2024-09-14 13:18:20,990][    INFO] Iters: 115, Total loss: 0.004
[2024-09-14 13:18:26,420][    INFO] Iters: 138, Total loss: 0.004
[2024-09-14 13:18:31,759][    INFO] Iters: 161, Total loss: 0.004
[2024-09-14 13:18:37,832][    INFO] Iters: 184, Total loss: 0.004
[2024-09-14 13:18:53,298][    INFO] ***** Evaluation ***** >>>> Unchanged IoU: 99.08
[2024-09-14 13:18:53,298][    INFO] ***** Evaluation ***** >>>> Changed IoU: 80.35
[2024-09-14 13:18:53,298][    INFO] ***** Evaluation ***** >>>> Overall Accuracy: 99.12

[2024-09-14 13:18:53,799][    INFO] ===========> Epoch: 40, LR: 0.0000019, Previous best Changed IoU: 82.26, Overall Accuracy: 99.23
[2024-09-14 13:18:54,275][    INFO] Iters: 0, Total loss: 0.003
[2024-09-14 13:19:00,091][    INFO] Iters: 23, Total loss: 0.004
[2024-09-14 13:19:05,597][    INFO] Iters: 46, Total loss: 0.004
[2024-09-14 13:19:11,000][    INFO] Iters: 69, Total loss: 0.004
[2024-09-14 13:19:16,373][    INFO] Iters: 92, Total loss: 0.004
[2024-09-14 13:19:21,692][    INFO] Iters: 115, Total loss: 0.004
[2024-09-14 13:19:26,953][    INFO] Iters: 138, Total loss: 0.004
[2024-09-14 13:19:32,293][    INFO] Iters: 161, Total loss: 0.004
[2024-09-14 13:19:37,627][    INFO] Iters: 184, Total loss: 0.004
[2024-09-14 13:19:53,124][    INFO] ***** Evaluation ***** >>>> Unchanged IoU: 99.16
[2024-09-14 13:19:53,124][    INFO] ***** Evaluation ***** >>>> Changed IoU: 81.69
[2024-09-14 13:19:53,124][    INFO] ***** Evaluation ***** >>>> Overall Accuracy: 99.19

[2024-09-14 13:19:53,625][    INFO] ===========> Epoch: 41, LR: 0.0000018, Previous best Changed IoU: 82.26, Overall Accuracy: 99.23
[2024-09-14 13:19:54,086][    INFO] Iters: 0, Total loss: 0.011
[2024-09-14 13:19:59,511][    INFO] Iters: 23, Total loss: 0.005
[2024-09-14 13:20:04,825][    INFO] Iters: 46, Total loss: 0.004
[2024-09-14 13:20:10,353][    INFO] Iters: 69, Total loss: 0.004
[2024-09-14 13:20:16,197][    INFO] Iters: 92, Total loss: 0.004
[2024-09-14 13:20:21,600][    INFO] Iters: 115, Total loss: 0.004
[2024-09-14 13:20:26,960][    INFO] Iters: 138, Total loss: 0.004
[2024-09-14 13:20:32,281][    INFO] Iters: 161, Total loss: 0.004
[2024-09-14 13:20:37,727][    INFO] Iters: 184, Total loss: 0.004
[2024-09-14 13:20:53,340][    INFO] ***** Evaluation ***** >>>> Unchanged IoU: 99.09
[2024-09-14 13:20:53,340][    INFO] ***** Evaluation ***** >>>> Changed IoU: 80.40
[2024-09-14 13:20:53,340][    INFO] ***** Evaluation ***** >>>> Overall Accuracy: 99.12

[2024-09-14 13:20:53,874][    INFO] ===========> Epoch: 42, LR: 0.0000017, Previous best Changed IoU: 82.26, Overall Accuracy: 99.23
[2024-09-14 13:20:54,388][    INFO] Iters: 0, Total loss: 0.003
[2024-09-14 13:21:00,161][    INFO] Iters: 23, Total loss: 0.003
[2024-09-14 13:21:05,754][    INFO] Iters: 46, Total loss: 0.004
[2024-09-14 13:21:11,256][    INFO] Iters: 69, Total loss: 0.004
[2024-09-14 13:21:16,694][    INFO] Iters: 92, Total loss: 0.003
[2024-09-14 13:21:22,231][    INFO] Iters: 115, Total loss: 0.003
[2024-09-14 13:21:27,658][    INFO] Iters: 138, Total loss: 0.004
[2024-09-14 13:21:32,970][    INFO] Iters: 161, Total loss: 0.004
[2024-09-14 13:21:38,331][    INFO] Iters: 184, Total loss: 0.004
[2024-09-14 13:21:53,479][    INFO] ***** Evaluation ***** >>>> Unchanged IoU: 99.18
[2024-09-14 13:21:53,479][    INFO] ***** Evaluation ***** >>>> Changed IoU: 81.88
[2024-09-14 13:21:53,479][    INFO] ***** Evaluation ***** >>>> Overall Accuracy: 99.21

[2024-09-14 13:21:54,071][    INFO] ===========> Epoch: 43, LR: 0.0000016, Previous best Changed IoU: 82.26, Overall Accuracy: 99.23
[2024-09-14 13:21:54,545][    INFO] Iters: 0, Total loss: 0.006
[2024-09-14 13:21:59,910][    INFO] Iters: 23, Total loss: 0.004
[2024-09-14 13:22:05,565][    INFO] Iters: 46, Total loss: 0.004
[2024-09-14 13:22:10,764][    INFO] Iters: 69, Total loss: 0.004
[2024-09-14 13:22:15,999][    INFO] Iters: 92, Total loss: 0.004
[2024-09-14 13:22:21,302][    INFO] Iters: 115, Total loss: 0.004
[2024-09-14 13:22:26,710][    INFO] Iters: 138, Total loss: 0.004
[2024-09-14 13:22:31,946][    INFO] Iters: 161, Total loss: 0.004
[2024-09-14 13:22:37,106][    INFO] Iters: 184, Total loss: 0.004
[2024-09-14 13:22:52,484][    INFO] ***** Evaluation ***** >>>> Unchanged IoU: 99.17
[2024-09-14 13:22:52,484][    INFO] ***** Evaluation ***** >>>> Changed IoU: 81.68
[2024-09-14 13:22:52,484][    INFO] ***** Evaluation ***** >>>> Overall Accuracy: 99.20

[2024-09-14 13:22:52,992][    INFO] ===========> Epoch: 44, LR: 0.0000015, Previous best Changed IoU: 82.26, Overall Accuracy: 99.23
[2024-09-14 13:22:53,462][    INFO] Iters: 0, Total loss: 0.003
[2024-09-14 13:22:59,273][    INFO] Iters: 23, Total loss: 0.004
[2024-09-14 13:23:04,869][    INFO] Iters: 46, Total loss: 0.004
[2024-09-14 13:23:10,265][    INFO] Iters: 69, Total loss: 0.004
[2024-09-14 13:23:15,508][    INFO] Iters: 92, Total loss: 0.004
[2024-09-14 13:23:20,884][    INFO] Iters: 115, Total loss: 0.004
[2024-09-14 13:23:26,165][    INFO] Iters: 138, Total loss: 0.004
[2024-09-14 13:23:31,484][    INFO] Iters: 161, Total loss: 0.004
[2024-09-14 13:23:36,685][    INFO] Iters: 184, Total loss: 0.004
[2024-09-14 13:23:52,094][    INFO] ***** Evaluation ***** >>>> Unchanged IoU: 99.20
[2024-09-14 13:23:52,094][    INFO] ***** Evaluation ***** >>>> Changed IoU: 82.38
[2024-09-14 13:23:52,095][    INFO] ***** Evaluation ***** >>>> Overall Accuracy: 99.23

[2024-09-14 13:23:53,179][    INFO] ===========> Epoch: 45, LR: 0.0000014, Previous best Changed IoU: 82.38, Overall Accuracy: 99.23
[2024-09-14 13:23:53,624][    INFO] Iters: 0, Total loss: 0.002
[2024-09-14 13:23:58,963][    INFO] Iters: 23, Total loss: 0.004
[2024-09-14 13:24:04,325][    INFO] Iters: 46, Total loss: 0.004
[2024-09-14 13:24:09,555][    INFO] Iters: 69, Total loss: 0.004
[2024-09-14 13:24:14,732][    INFO] Iters: 92, Total loss: 0.004
[2024-09-14 13:24:19,913][    INFO] Iters: 115, Total loss: 0.004
[2024-09-14 13:24:25,080][    INFO] Iters: 138, Total loss: 0.004
[2024-09-14 13:24:30,209][    INFO] Iters: 161, Total loss: 0.004
[2024-09-14 13:24:35,463][    INFO] Iters: 184, Total loss: 0.004
[2024-09-14 13:24:50,860][    INFO] ***** Evaluation ***** >>>> Unchanged IoU: 99.08
[2024-09-14 13:24:50,860][    INFO] ***** Evaluation ***** >>>> Changed IoU: 80.22
[2024-09-14 13:24:50,860][    INFO] ***** Evaluation ***** >>>> Overall Accuracy: 99.12

[2024-09-14 13:24:51,382][    INFO] ===========> Epoch: 46, LR: 0.0000013, Previous best Changed IoU: 82.38, Overall Accuracy: 99.23
[2024-09-14 13:24:51,817][    INFO] Iters: 0, Total loss: 0.001
[2024-09-14 13:24:57,138][    INFO] Iters: 23, Total loss: 0.004
[2024-09-14 13:25:02,454][    INFO] Iters: 46, Total loss: 0.004
[2024-09-14 13:25:07,775][    INFO] Iters: 69, Total loss: 0.004
[2024-09-14 13:25:13,607][    INFO] Iters: 92, Total loss: 0.004
[2024-09-14 13:25:19,186][    INFO] Iters: 115, Total loss: 0.004
[2024-09-14 13:25:24,613][    INFO] Iters: 138, Total loss: 0.004
[2024-09-14 13:25:29,997][    INFO] Iters: 161, Total loss: 0.004
[2024-09-14 13:25:35,407][    INFO] Iters: 184, Total loss: 0.004
[2024-09-14 13:25:50,670][    INFO] ***** Evaluation ***** >>>> Unchanged IoU: 99.13
[2024-09-14 13:25:50,670][    INFO] ***** Evaluation ***** >>>> Changed IoU: 81.00
[2024-09-14 13:25:50,670][    INFO] ***** Evaluation ***** >>>> Overall Accuracy: 99.16

[2024-09-14 13:25:51,209][    INFO] ===========> Epoch: 47, LR: 0.0000013, Previous best Changed IoU: 82.38, Overall Accuracy: 99.23
[2024-09-14 13:25:51,659][    INFO] Iters: 0, Total loss: 0.004
[2024-09-14 13:25:57,098][    INFO] Iters: 23, Total loss: 0.004
[2024-09-14 13:26:02,391][    INFO] Iters: 46, Total loss: 0.005
[2024-09-14 13:26:07,836][    INFO] Iters: 69, Total loss: 0.005
[2024-09-14 13:26:13,696][    INFO] Iters: 92, Total loss: 0.005
[2024-09-14 13:26:19,538][    INFO] Iters: 115, Total loss: 0.005
[2024-09-14 13:26:25,285][    INFO] Iters: 138, Total loss: 0.005
[2024-09-14 13:26:31,078][    INFO] Iters: 161, Total loss: 0.005
[2024-09-14 13:26:36,593][    INFO] Iters: 184, Total loss: 0.004
[2024-09-14 13:26:51,842][    INFO] ***** Evaluation ***** >>>> Unchanged IoU: 99.16
[2024-09-14 13:26:51,842][    INFO] ***** Evaluation ***** >>>> Changed IoU: 81.44
[2024-09-14 13:26:51,842][    INFO] ***** Evaluation ***** >>>> Overall Accuracy: 99.19

[2024-09-14 13:26:52,389][    INFO] ===========> Epoch: 48, LR: 0.0000012, Previous best Changed IoU: 82.38, Overall Accuracy: 99.23
[2024-09-14 13:26:52,887][    INFO] Iters: 0, Total loss: 0.003
[2024-09-14 13:26:58,487][    INFO] Iters: 23, Total loss: 0.003
[2024-09-14 13:27:03,856][    INFO] Iters: 46, Total loss: 0.004
[2024-09-14 13:27:09,655][    INFO] Iters: 69, Total loss: 0.003
[2024-09-14 13:27:15,523][    INFO] Iters: 92, Total loss: 0.003
[2024-09-14 13:27:20,867][    INFO] Iters: 115, Total loss: 0.003
[2024-09-14 13:27:26,777][    INFO] Iters: 138, Total loss: 0.003
[2024-09-14 13:27:32,692][    INFO] Iters: 161, Total loss: 0.003
[2024-09-14 13:27:38,345][    INFO] Iters: 184, Total loss: 0.003
[2024-09-14 13:27:53,464][    INFO] ***** Evaluation ***** >>>> Unchanged IoU: 99.17
[2024-09-14 13:27:53,464][    INFO] ***** Evaluation ***** >>>> Changed IoU: 81.82
[2024-09-14 13:27:53,464][    INFO] ***** Evaluation ***** >>>> Overall Accuracy: 99.20

[2024-09-14 13:27:53,962][    INFO] ===========> Epoch: 49, LR: 0.0000011, Previous best Changed IoU: 82.38, Overall Accuracy: 99.23
[2024-09-14 13:27:54,408][    INFO] Iters: 0, Total loss: 0.008
[2024-09-14 13:27:59,768][    INFO] Iters: 23, Total loss: 0.004
[2024-09-14 13:28:05,289][    INFO] Iters: 46, Total loss: 0.004
[2024-09-14 13:28:10,527][    INFO] Iters: 69, Total loss: 0.004
[2024-09-14 13:28:15,840][    INFO] Iters: 92, Total loss: 0.004
[2024-09-14 13:28:21,127][    INFO] Iters: 115, Total loss: 0.003
[2024-09-14 13:28:26,466][    INFO] Iters: 138, Total loss: 0.003
[2024-09-14 13:28:31,989][    INFO] Iters: 161, Total loss: 0.003
[2024-09-14 13:28:37,475][    INFO] Iters: 184, Total loss: 0.003
[2024-09-14 13:28:52,776][    INFO] ***** Evaluation ***** >>>> Unchanged IoU: 99.15
[2024-09-14 13:28:52,776][    INFO] ***** Evaluation ***** >>>> Changed IoU: 81.52
[2024-09-14 13:28:52,776][    INFO] ***** Evaluation ***** >>>> Overall Accuracy: 99.18

[2024-09-14 13:28:53,268][    INFO] ===========> Epoch: 50, LR: 0.0000010, Previous best Changed IoU: 82.38, Overall Accuracy: 99.23
[2024-09-14 13:28:53,734][    INFO] Iters: 0, Total loss: 0.002
[2024-09-14 13:28:58,845][    INFO] Iters: 23, Total loss: 0.004
[2024-09-14 13:29:04,004][    INFO] Iters: 46, Total loss: 0.004
[2024-09-14 13:29:09,183][    INFO] Iters: 69, Total loss: 0.004
[2024-09-14 13:29:14,273][    INFO] Iters: 92, Total loss: 0.004
[2024-09-14 13:29:19,379][    INFO] Iters: 115, Total loss: 0.004
[2024-09-14 13:29:24,519][    INFO] Iters: 138, Total loss: 0.003
[2024-09-14 13:29:29,893][    INFO] Iters: 161, Total loss: 0.003
[2024-09-14 13:29:35,751][    INFO] Iters: 184, Total loss: 0.003
[2024-09-14 13:29:51,028][    INFO] ***** Evaluation ***** >>>> Unchanged IoU: 99.19
[2024-09-14 13:29:51,028][    INFO] ***** Evaluation ***** >>>> Changed IoU: 82.03
[2024-09-14 13:29:51,028][    INFO] ***** Evaluation ***** >>>> Overall Accuracy: 99.22

[2024-09-14 13:29:51,630][    INFO] ===========> Epoch: 51, LR: 0.0000009, Previous best Changed IoU: 82.38, Overall Accuracy: 99.23
[2024-09-14 13:29:52,129][    INFO] Iters: 0, Total loss: 0.004
[2024-09-14 13:29:57,642][    INFO] Iters: 23, Total loss: 0.003
[2024-09-14 13:30:03,292][    INFO] Iters: 46, Total loss: 0.003
[2024-09-14 13:30:09,193][    INFO] Iters: 69, Total loss: 0.003
[2024-09-14 13:30:15,004][    INFO] Iters: 92, Total loss: 0.004
[2024-09-14 13:30:20,572][    INFO] Iters: 115, Total loss: 0.003
[2024-09-14 13:30:26,051][    INFO] Iters: 138, Total loss: 0.003
[2024-09-14 13:30:31,681][    INFO] Iters: 161, Total loss: 0.003
[2024-09-14 13:30:37,291][    INFO] Iters: 184, Total loss: 0.003
[2024-09-14 13:30:52,427][    INFO] ***** Evaluation ***** >>>> Unchanged IoU: 99.16
[2024-09-14 13:30:52,428][    INFO] ***** Evaluation ***** >>>> Changed IoU: 81.53
[2024-09-14 13:30:52,428][    INFO] ***** Evaluation ***** >>>> Overall Accuracy: 99.19

[2024-09-14 13:30:52,956][    INFO] ===========> Epoch: 52, LR: 0.0000008, Previous best Changed IoU: 82.38, Overall Accuracy: 99.23
[2024-09-14 13:30:53,432][    INFO] Iters: 0, Total loss: 0.005
[2024-09-14 13:30:58,708][    INFO] Iters: 23, Total loss: 0.004
[2024-09-14 13:31:03,986][    INFO] Iters: 46, Total loss: 0.003
[2024-09-14 13:31:09,227][    INFO] Iters: 69, Total loss: 0.003
[2024-09-14 13:31:14,586][    INFO] Iters: 92, Total loss: 0.003
[2024-09-14 13:31:20,053][    INFO] Iters: 115, Total loss: 0.003
[2024-09-14 13:31:25,598][    INFO] Iters: 138, Total loss: 0.003
[2024-09-14 13:31:31,128][    INFO] Iters: 161, Total loss: 0.003
[2024-09-14 13:31:36,527][    INFO] Iters: 184, Total loss: 0.003
[2024-09-14 13:31:52,023][    INFO] ***** Evaluation ***** >>>> Unchanged IoU: 99.16
[2024-09-14 13:31:52,023][    INFO] ***** Evaluation ***** >>>> Changed IoU: 81.57
[2024-09-14 13:31:52,023][    INFO] ***** Evaluation ***** >>>> Overall Accuracy: 99.19

[2024-09-14 13:31:52,513][    INFO] ===========> Epoch: 53, LR: 0.0000007, Previous best Changed IoU: 82.38, Overall Accuracy: 99.23
[2024-09-14 13:31:52,991][    INFO] Iters: 0, Total loss: 0.002
[2024-09-14 13:31:58,631][    INFO] Iters: 23, Total loss: 0.003
[2024-09-14 13:32:04,101][    INFO] Iters: 46, Total loss: 0.003
[2024-09-14 13:32:09,471][    INFO] Iters: 69, Total loss: 0.003
[2024-09-14 13:32:14,858][    INFO] Iters: 92, Total loss: 0.003
[2024-09-14 13:32:20,364][    INFO] Iters: 115, Total loss: 0.003
[2024-09-14 13:32:25,987][    INFO] Iters: 138, Total loss: 0.003
[2024-09-14 13:32:31,711][    INFO] Iters: 161, Total loss: 0.003
[2024-09-14 13:32:37,226][    INFO] Iters: 184, Total loss: 0.003
[2024-09-14 13:32:52,619][    INFO] ***** Evaluation ***** >>>> Unchanged IoU: 99.18
[2024-09-14 13:32:52,619][    INFO] ***** Evaluation ***** >>>> Changed IoU: 81.89
[2024-09-14 13:32:52,619][    INFO] ***** Evaluation ***** >>>> Overall Accuracy: 99.21

[2024-09-14 13:32:53,120][    INFO] ===========> Epoch: 54, LR: 0.0000006, Previous best Changed IoU: 82.38, Overall Accuracy: 99.23
[2024-09-14 13:32:53,555][    INFO] Iters: 0, Total loss: 0.004
[2024-09-14 13:32:58,901][    INFO] Iters: 23, Total loss: 0.004
[2024-09-14 13:33:04,605][    INFO] Iters: 46, Total loss: 0.003
[2024-09-14 13:33:09,769][    INFO] Iters: 69, Total loss: 0.004
[2024-09-14 13:33:14,918][    INFO] Iters: 92, Total loss: 0.003
[2024-09-14 13:33:20,062][    INFO] Iters: 115, Total loss: 0.003
[2024-09-14 13:33:25,459][    INFO] Iters: 138, Total loss: 0.003
[2024-09-14 13:33:30,842][    INFO] Iters: 161, Total loss: 0.003
[2024-09-14 13:33:36,120][    INFO] Iters: 184, Total loss: 0.003
[2024-09-14 13:33:51,738][    INFO] ***** Evaluation ***** >>>> Unchanged IoU: 99.20
[2024-09-14 13:33:51,738][    INFO] ***** Evaluation ***** >>>> Changed IoU: 82.36
[2024-09-14 13:33:51,738][    INFO] ***** Evaluation ***** >>>> Overall Accuracy: 99.23

[2024-09-14 13:33:52,274][    INFO] ===========> Epoch: 55, LR: 0.0000005, Previous best Changed IoU: 82.38, Overall Accuracy: 99.23
[2024-09-14 13:33:52,733][    INFO] Iters: 0, Total loss: 0.008
[2024-09-14 13:33:58,353][    INFO] Iters: 23, Total loss: 0.003
[2024-09-14 13:34:04,713][    INFO] Iters: 46, Total loss: 0.003
[2024-09-14 13:34:11,087][    INFO] Iters: 69, Total loss: 0.003
[2024-09-14 13:34:17,232][    INFO] Iters: 92, Total loss: 0.003
[2024-09-14 13:34:23,202][    INFO] Iters: 115, Total loss: 0.003
[2024-09-14 13:34:29,067][    INFO] Iters: 138, Total loss: 0.003
[2024-09-14 13:34:34,671][    INFO] Iters: 161, Total loss: 0.003
[2024-09-14 13:34:40,303][    INFO] Iters: 184, Total loss: 0.003
[2024-09-14 13:34:56,139][    INFO] ***** Evaluation ***** >>>> Unchanged IoU: 99.22
[2024-09-14 13:34:56,140][    INFO] ***** Evaluation ***** >>>> Changed IoU: 82.59
[2024-09-14 13:34:56,140][    INFO] ***** Evaluation ***** >>>> Overall Accuracy: 99.25

[2024-09-14 13:34:57,255][    INFO] ===========> Epoch: 56, LR: 0.0000004, Previous best Changed IoU: 82.59, Overall Accuracy: 99.25
[2024-09-14 13:34:57,794][    INFO] Iters: 0, Total loss: 0.002
[2024-09-14 13:35:02,968][    INFO] Iters: 23, Total loss: 0.003
[2024-09-14 13:35:08,221][    INFO] Iters: 46, Total loss: 0.003
[2024-09-14 13:35:13,443][    INFO] Iters: 69, Total loss: 0.003
[2024-09-14 13:35:18,789][    INFO] Iters: 92, Total loss: 0.003
[2024-09-14 13:35:24,242][    INFO] Iters: 115, Total loss: 0.003
[2024-09-14 13:35:29,607][    INFO] Iters: 138, Total loss: 0.003
[2024-09-14 13:35:34,947][    INFO] Iters: 161, Total loss: 0.003
[2024-09-14 13:35:40,449][    INFO] Iters: 184, Total loss: 0.003
[2024-09-14 13:35:55,970][    INFO] ***** Evaluation ***** >>>> Unchanged IoU: 99.20
[2024-09-14 13:35:55,971][    INFO] ***** Evaluation ***** >>>> Changed IoU: 82.37
[2024-09-14 13:35:55,971][    INFO] ***** Evaluation ***** >>>> Overall Accuracy: 99.23

[2024-09-14 13:35:56,525][    INFO] ===========> Epoch: 57, LR: 0.0000003, Previous best Changed IoU: 82.59, Overall Accuracy: 99.25
[2024-09-14 13:35:57,017][    INFO] Iters: 0, Total loss: 0.001
[2024-09-14 13:36:02,877][    INFO] Iters: 23, Total loss: 0.002
[2024-09-14 13:36:08,538][    INFO] Iters: 46, Total loss: 0.003
[2024-09-14 13:36:14,596][    INFO] Iters: 69, Total loss: 0.003
[2024-09-14 13:36:20,747][    INFO] Iters: 92, Total loss: 0.003
[2024-09-14 13:36:26,781][    INFO] Iters: 115, Total loss: 0.003
[2024-09-14 13:36:32,592][    INFO] Iters: 138, Total loss: 0.003
[2024-09-14 13:36:38,272][    INFO] Iters: 161, Total loss: 0.003
[2024-09-14 13:36:43,953][    INFO] Iters: 184, Total loss: 0.003
[2024-09-14 13:37:00,068][    INFO] ***** Evaluation ***** >>>> Unchanged IoU: 99.20
[2024-09-14 13:37:00,068][    INFO] ***** Evaluation ***** >>>> Changed IoU: 82.41
[2024-09-14 13:37:00,068][    INFO] ***** Evaluation ***** >>>> Overall Accuracy: 99.23

[2024-09-14 13:37:00,617][    INFO] ===========> Epoch: 58, LR: 0.0000002, Previous best Changed IoU: 82.59, Overall Accuracy: 99.25
[2024-09-14 13:37:01,060][    INFO] Iters: 0, Total loss: 0.003
[2024-09-14 13:37:06,461][    INFO] Iters: 23, Total loss: 0.003
[2024-09-14 13:37:11,780][    INFO] Iters: 46, Total loss: 0.003
[2024-09-14 13:37:17,042][    INFO] Iters: 69, Total loss: 0.003
[2024-09-14 13:37:22,322][    INFO] Iters: 92, Total loss: 0.003
[2024-09-14 13:37:27,826][    INFO] Iters: 115, Total loss: 0.003
[2024-09-14 13:37:33,296][    INFO] Iters: 138, Total loss: 0.003
[2024-09-14 13:37:38,669][    INFO] Iters: 161, Total loss: 0.003
[2024-09-14 13:37:44,111][    INFO] Iters: 184, Total loss: 0.003
[2024-09-14 13:37:59,868][    INFO] ***** Evaluation ***** >>>> Unchanged IoU: 99.20
[2024-09-14 13:37:59,868][    INFO] ***** Evaluation ***** >>>> Changed IoU: 82.27
[2024-09-14 13:37:59,868][    INFO] ***** Evaluation ***** >>>> Overall Accuracy: 99.23

[2024-09-14 13:38:00,403][    INFO] ===========> Epoch: 59, LR: 0.0000001, Previous best Changed IoU: 82.59, Overall Accuracy: 99.25
[2024-09-14 13:38:00,879][    INFO] Iters: 0, Total loss: 0.001
[2024-09-14 13:38:06,821][    INFO] Iters: 23, Total loss: 0.002
[2024-09-14 13:38:12,613][    INFO] Iters: 46, Total loss: 0.003
[2024-09-14 13:38:18,320][    INFO] Iters: 69, Total loss: 0.003
[2024-09-14 13:38:24,125][    INFO] Iters: 92, Total loss: 0.003
[2024-09-14 13:38:30,236][    INFO] Iters: 115, Total loss: 0.003
[2024-09-14 13:38:36,289][    INFO] Iters: 138, Total loss: 0.003
[2024-09-14 13:38:42,270][    INFO] Iters: 161, Total loss: 0.003
[2024-09-14 13:38:48,200][    INFO] Iters: 184, Total loss: 0.003
[2024-09-14 13:39:03,878][    INFO] ***** Evaluation ***** >>>> Unchanged IoU: 99.20
[2024-09-14 13:39:03,878][    INFO] ***** Evaluation ***** >>>> Changed IoU: 82.28
[2024-09-14 13:39:03,878][    INFO] ***** Evaluation ***** >>>> Overall Accuracy: 99.23

