[2024-09-14 18:57:42,899][    INFO] {'backbone': 'dinov2_small',
 'batch_size': 8,
 'conf_thresh': 0.95,
 'config': 'configs/levir.yaml',
 'crop_size': 252,
 'data_root': '/home/bingxing2/lihe/data/LEVIR-CD',
 'dataset': 'levir',
 'epochs': 60,
 'labeled_id_path': 'splits/levir/10%/labeled.txt',
 'local_rank': 0,
 'lock_backbone': False,
 'lr': 5e-06,
 'lr_multi': 40.0,
 'model': 'dpt',
 'nclass': 2,
 'ngpus': 1,
 'port': 25878,
 'save_path': 'exp/levir/unimatch_v2/dinov2_small/10%',
 'unlabeled_id_path': 'splits/levir/10%/unlabeled.txt'}

[2024-09-14 18:57:44,246][    INFO] Total params: 24.8M

[2024-09-14 18:57:44,828][    INFO] ===========> Epoch: 0, LR: 0.0000050, Previous best Changed IoU: 0.00, Overall Accuracy: 0.00 @epoch-0, EMA: Changed IoU: 0.00, Overall Accuracy: 0.00 @epoch-0
[2024-09-14 18:57:47,876][    INFO] Iters: 0, Total loss: 0.356, Loss x: 0.712, Loss s: 0.000, Mask ratio: 0.000
[2024-09-14 18:58:18,330][    INFO] Iters: 100, Total loss: 0.103, Loss x: 0.195, Loss s: 0.011, Mask ratio: 0.701
[2024-09-14 18:58:48,673][    INFO] Iters: 200, Total loss: 0.075, Loss x: 0.142, Loss s: 0.009, Mask ratio: 0.784
[2024-09-14 18:59:18,990][    INFO] Iters: 300, Total loss: 0.063, Loss x: 0.116, Loss s: 0.009, Mask ratio: 0.825
[2024-09-14 18:59:49,296][    INFO] Iters: 400, Total loss: 0.055, Loss x: 0.101, Loss s: 0.009, Mask ratio: 0.850
[2024-09-14 19:00:27,239][    INFO] Iters: 500, Total loss: 0.049, Loss x: 0.090, Loss s: 0.008, Mask ratio: 0.867
[2024-09-14 19:00:57,535][    INFO] Iters: 600, Total loss: 0.045, Loss x: 0.083, Loss s: 0.008, Mask ratio: 0.879
[2024-09-14 19:01:27,822][    INFO] Iters: 700, Total loss: 0.042, Loss x: 0.077, Loss s: 0.008, Mask ratio: 0.888
[2024-09-14 19:01:58,139][    INFO] Iters: 800, Total loss: 0.040, Loss x: 0.072, Loss s: 0.007, Mask ratio: 0.896
[2024-09-14 19:03:19,383][    INFO] ***** Evaluation ***** >>>> Unchanged IoU: 98.21, EMA: 97.93
[2024-09-14 19:03:19,383][    INFO] ***** Evaluation ***** >>>> Changed IoU: 71.05: EMA: 67.21
[2024-09-14 19:03:19,383][    INFO] ***** Evaluation ***** >>>> Overall Accuracy: 98.29, EMA: 98.02

[2024-09-14 19:03:20,756][    INFO] ===========> Epoch: 1, LR: 0.0000049, Previous best Changed IoU: 71.05, Overall Accuracy: 98.29 @epoch-0, EMA: Changed IoU: 67.21, Overall Accuracy: 98.02 @epoch-0
[2024-09-14 19:03:21,693][    INFO] Iters: 0, Total loss: 0.026, Loss x: 0.050, Loss s: 0.002, Mask ratio: 0.946
[2024-09-14 19:03:52,017][    INFO] Iters: 100, Total loss: 0.021, Loss x: 0.037, Loss s: 0.005, Mask ratio: 0.946
[2024-09-14 19:04:22,386][    INFO] Iters: 200, Total loss: 0.020, Loss x: 0.035, Loss s: 0.006, Mask ratio: 0.948
[2024-09-14 19:04:52,728][    INFO] Iters: 300, Total loss: 0.020, Loss x: 0.034, Loss s: 0.006, Mask ratio: 0.949
[2024-09-14 19:05:23,153][    INFO] Iters: 400, Total loss: 0.020, Loss x: 0.034, Loss s: 0.006, Mask ratio: 0.951
[2024-09-14 19:05:53,543][    INFO] Iters: 500, Total loss: 0.020, Loss x: 0.033, Loss s: 0.006, Mask ratio: 0.951
[2024-09-14 19:06:23,912][    INFO] Iters: 600, Total loss: 0.019, Loss x: 0.032, Loss s: 0.006, Mask ratio: 0.951
[2024-09-14 19:06:54,322][    INFO] Iters: 700, Total loss: 0.019, Loss x: 0.032, Loss s: 0.006, Mask ratio: 0.951
[2024-09-14 19:07:24,718][    INFO] Iters: 800, Total loss: 0.019, Loss x: 0.032, Loss s: 0.006, Mask ratio: 0.952
[2024-09-14 19:08:47,950][    INFO] ***** Evaluation ***** >>>> Unchanged IoU: 98.49, EMA: 98.48
[2024-09-14 19:08:47,950][    INFO] ***** Evaluation ***** >>>> Changed IoU: 74.53: EMA: 74.69
[2024-09-14 19:08:47,950][    INFO] ***** Evaluation ***** >>>> Overall Accuracy: 98.55, EMA: 98.54

[2024-09-14 19:08:49,363][    INFO] ===========> Epoch: 2, LR: 0.0000048, Previous best Changed IoU: 74.53, Overall Accuracy: 98.55 @epoch-1, EMA: Changed IoU: 74.69, Overall Accuracy: 98.54 @epoch-1
[2024-09-14 19:08:50,264][    INFO] Iters: 0, Total loss: 0.032, Loss x: 0.061, Loss s: 0.003, Mask ratio: 0.924
[2024-09-14 19:09:20,665][    INFO] Iters: 100, Total loss: 0.015, Loss x: 0.025, Loss s: 0.005, Mask ratio: 0.956
[2024-09-14 19:09:51,036][    INFO] Iters: 200, Total loss: 0.016, Loss x: 0.026, Loss s: 0.005, Mask ratio: 0.957
[2024-09-14 19:10:21,477][    INFO] Iters: 300, Total loss: 0.016, Loss x: 0.027, Loss s: 0.005, Mask ratio: 0.957
[2024-09-14 19:10:51,900][    INFO] Iters: 400, Total loss: 0.016, Loss x: 0.027, Loss s: 0.005, Mask ratio: 0.957
[2024-09-14 19:11:22,381][    INFO] Iters: 500, Total loss: 0.016, Loss x: 0.027, Loss s: 0.005, Mask ratio: 0.958
[2024-09-14 19:11:52,787][    INFO] Iters: 600, Total loss: 0.016, Loss x: 0.026, Loss s: 0.005, Mask ratio: 0.958
[2024-09-14 19:12:23,184][    INFO] Iters: 700, Total loss: 0.016, Loss x: 0.027, Loss s: 0.005, Mask ratio: 0.958
[2024-09-14 19:12:53,527][    INFO] Iters: 800, Total loss: 0.016, Loss x: 0.026, Loss s: 0.005, Mask ratio: 0.958
[2024-09-14 19:14:16,072][    INFO] ***** Evaluation ***** >>>> Unchanged IoU: 98.63, EMA: 98.64
[2024-09-14 19:14:16,072][    INFO] ***** Evaluation ***** >>>> Changed IoU: 76.98: EMA: 77.01
[2024-09-14 19:14:16,072][    INFO] ***** Evaluation ***** >>>> Overall Accuracy: 98.69, EMA: 98.69

[2024-09-14 19:14:17,546][    INFO] ===========> Epoch: 3, LR: 0.0000048, Previous best Changed IoU: 76.98, Overall Accuracy: 98.69 @epoch-2, EMA: Changed IoU: 77.01, Overall Accuracy: 98.69 @epoch-2
[2024-09-14 19:14:18,482][    INFO] Iters: 0, Total loss: 0.008, Loss x: 0.014, Loss s: 0.002, Mask ratio: 0.994
[2024-09-14 19:14:48,818][    INFO] Iters: 100, Total loss: 0.014, Loss x: 0.023, Loss s: 0.005, Mask ratio: 0.960
[2024-09-14 19:15:19,230][    INFO] Iters: 200, Total loss: 0.014, Loss x: 0.023, Loss s: 0.005, Mask ratio: 0.961
[2024-09-14 19:15:49,600][    INFO] Iters: 300, Total loss: 0.014, Loss x: 0.024, Loss s: 0.005, Mask ratio: 0.960
[2024-09-14 19:16:19,961][    INFO] Iters: 400, Total loss: 0.014, Loss x: 0.023, Loss s: 0.005, Mask ratio: 0.961
[2024-09-14 19:16:50,373][    INFO] Iters: 500, Total loss: 0.014, Loss x: 0.024, Loss s: 0.005, Mask ratio: 0.961
[2024-09-14 19:17:20,670][    INFO] Iters: 600, Total loss: 0.014, Loss x: 0.024, Loss s: 0.005, Mask ratio: 0.962
[2024-09-14 19:17:50,988][    INFO] Iters: 700, Total loss: 0.014, Loss x: 0.024, Loss s: 0.005, Mask ratio: 0.962
[2024-09-14 19:18:21,283][    INFO] Iters: 800, Total loss: 0.014, Loss x: 0.024, Loss s: 0.005, Mask ratio: 0.962
[2024-09-14 19:19:42,726][    INFO] ***** Evaluation ***** >>>> Unchanged IoU: 98.69, EMA: 98.71
[2024-09-14 19:19:42,726][    INFO] ***** Evaluation ***** >>>> Changed IoU: 77.74: EMA: 78.05
[2024-09-14 19:19:42,726][    INFO] ***** Evaluation ***** >>>> Overall Accuracy: 98.75, EMA: 98.76

[2024-09-14 19:19:44,071][    INFO] ===========> Epoch: 4, LR: 0.0000047, Previous best Changed IoU: 77.74, Overall Accuracy: 98.75 @epoch-3, EMA: Changed IoU: 78.05, Overall Accuracy: 98.76 @epoch-3
[2024-09-14 19:19:44,965][    INFO] Iters: 0, Total loss: 0.013, Loss x: 0.021, Loss s: 0.004, Mask ratio: 0.969
[2024-09-14 19:20:19,906][    INFO] Iters: 100, Total loss: 0.014, Loss x: 0.025, Loss s: 0.004, Mask ratio: 0.964
[2024-09-14 19:20:50,231][    INFO] Iters: 200, Total loss: 0.013, Loss x: 0.023, Loss s: 0.004, Mask ratio: 0.965
[2024-09-14 19:21:20,595][    INFO] Iters: 300, Total loss: 0.013, Loss x: 0.023, Loss s: 0.004, Mask ratio: 0.965
[2024-09-14 19:21:51,007][    INFO] Iters: 400, Total loss: 0.013, Loss x: 0.022, Loss s: 0.004, Mask ratio: 0.964
[2024-09-14 19:22:21,381][    INFO] Iters: 500, Total loss: 0.014, Loss x: 0.023, Loss s: 0.005, Mask ratio: 0.964
[2024-09-14 19:22:51,744][    INFO] Iters: 600, Total loss: 0.014, Loss x: 0.023, Loss s: 0.005, Mask ratio: 0.964
[2024-09-14 19:23:22,122][    INFO] Iters: 700, Total loss: 0.014, Loss x: 0.023, Loss s: 0.005, Mask ratio: 0.964
[2024-09-14 19:23:52,431][    INFO] Iters: 800, Total loss: 0.014, Loss x: 0.022, Loss s: 0.005, Mask ratio: 0.964
[2024-09-14 19:25:13,914][    INFO] ***** Evaluation ***** >>>> Unchanged IoU: 98.72, EMA: 98.76
[2024-09-14 19:25:13,914][    INFO] ***** Evaluation ***** >>>> Changed IoU: 77.96: EMA: 78.86
[2024-09-14 19:25:13,915][    INFO] ***** Evaluation ***** >>>> Overall Accuracy: 98.78, EMA: 98.82

[2024-09-14 19:25:15,345][    INFO] ===========> Epoch: 5, LR: 0.0000046, Previous best Changed IoU: 77.96, Overall Accuracy: 98.78 @epoch-4, EMA: Changed IoU: 78.86, Overall Accuracy: 98.82 @epoch-4
[2024-09-14 19:25:16,277][    INFO] Iters: 0, Total loss: 0.022, Loss x: 0.041, Loss s: 0.003, Mask ratio: 0.991
[2024-09-14 19:25:46,599][    INFO] Iters: 100, Total loss: 0.013, Loss x: 0.021, Loss s: 0.004, Mask ratio: 0.966
[2024-09-14 19:26:16,958][    INFO] Iters: 200, Total loss: 0.013, Loss x: 0.021, Loss s: 0.004, Mask ratio: 0.965
[2024-09-14 19:26:47,418][    INFO] Iters: 300, Total loss: 0.013, Loss x: 0.021, Loss s: 0.004, Mask ratio: 0.967
[2024-09-14 19:27:18,333][    INFO] Iters: 400, Total loss: 0.013, Loss x: 0.020, Loss s: 0.005, Mask ratio: 0.967
[2024-09-14 19:27:48,796][    INFO] Iters: 500, Total loss: 0.013, Loss x: 0.021, Loss s: 0.005, Mask ratio: 0.966
[2024-09-14 19:28:19,253][    INFO] Iters: 600, Total loss: 0.013, Loss x: 0.021, Loss s: 0.005, Mask ratio: 0.966
[2024-09-14 19:28:54,686][    INFO] Iters: 700, Total loss: 0.013, Loss x: 0.021, Loss s: 0.005, Mask ratio: 0.966
[2024-09-14 19:29:25,379][    INFO] Iters: 800, Total loss: 0.013, Loss x: 0.022, Loss s: 0.005, Mask ratio: 0.965
[2024-09-14 19:30:49,530][    INFO] ***** Evaluation ***** >>>> Unchanged IoU: 98.68, EMA: 98.76
[2024-09-14 19:30:49,530][    INFO] ***** Evaluation ***** >>>> Changed IoU: 77.62: EMA: 79.15
[2024-09-14 19:30:49,530][    INFO] ***** Evaluation ***** >>>> Overall Accuracy: 98.74, EMA: 98.81

[2024-09-14 19:30:50,957][    INFO] ===========> Epoch: 6, LR: 0.0000045, Previous best Changed IoU: 77.96, Overall Accuracy: 98.78 @epoch-4, EMA: Changed IoU: 79.15, Overall Accuracy: 98.81 @epoch-5
[2024-09-14 19:30:51,892][    INFO] Iters: 0, Total loss: 0.002, Loss x: 0.002, Loss s: 0.003, Mask ratio: 0.963
[2024-09-14 19:31:22,258][    INFO] Iters: 100, Total loss: 0.012, Loss x: 0.019, Loss s: 0.005, Mask ratio: 0.963
[2024-09-14 19:31:52,660][    INFO] Iters: 200, Total loss: 0.012, Loss x: 0.019, Loss s: 0.005, Mask ratio: 0.965
[2024-09-14 19:32:23,058][    INFO] Iters: 300, Total loss: 0.012, Loss x: 0.020, Loss s: 0.005, Mask ratio: 0.966
[2024-09-14 19:32:53,450][    INFO] Iters: 400, Total loss: 0.012, Loss x: 0.020, Loss s: 0.005, Mask ratio: 0.966
[2024-09-14 19:33:23,772][    INFO] Iters: 500, Total loss: 0.012, Loss x: 0.020, Loss s: 0.005, Mask ratio: 0.966
[2024-09-14 19:33:54,116][    INFO] Iters: 600, Total loss: 0.012, Loss x: 0.020, Loss s: 0.005, Mask ratio: 0.967
[2024-09-14 19:34:24,462][    INFO] Iters: 700, Total loss: 0.012, Loss x: 0.020, Loss s: 0.004, Mask ratio: 0.967
[2024-09-14 19:34:54,761][    INFO] Iters: 800, Total loss: 0.012, Loss x: 0.020, Loss s: 0.004, Mask ratio: 0.967
[2024-09-14 19:36:18,269][    INFO] ***** Evaluation ***** >>>> Unchanged IoU: 98.81, EMA: 98.82
[2024-09-14 19:36:18,269][    INFO] ***** Evaluation ***** >>>> Changed IoU: 79.66: EMA: 79.80
[2024-09-14 19:36:18,269][    INFO] ***** Evaluation ***** >>>> Overall Accuracy: 98.87, EMA: 98.87

[2024-09-14 19:36:19,681][    INFO] ===========> Epoch: 7, LR: 0.0000045, Previous best Changed IoU: 79.66, Overall Accuracy: 98.87 @epoch-6, EMA: Changed IoU: 79.80, Overall Accuracy: 98.87 @epoch-6
[2024-09-14 19:36:20,631][    INFO] Iters: 0, Total loss: 0.010, Loss x: 0.016, Loss s: 0.003, Mask ratio: 0.968
[2024-09-14 19:36:50,885][    INFO] Iters: 100, Total loss: 0.011, Loss x: 0.018, Loss s: 0.003, Mask ratio: 0.969
[2024-09-14 19:37:21,155][    INFO] Iters: 200, Total loss: 0.011, Loss x: 0.018, Loss s: 0.004, Mask ratio: 0.969
[2024-09-14 19:37:51,452][    INFO] Iters: 300, Total loss: 0.011, Loss x: 0.018, Loss s: 0.004, Mask ratio: 0.969
[2024-09-14 19:38:21,716][    INFO] Iters: 400, Total loss: 0.011, Loss x: 0.018, Loss s: 0.004, Mask ratio: 0.968
[2024-09-14 19:38:52,073][    INFO] Iters: 500, Total loss: 0.011, Loss x: 0.019, Loss s: 0.004, Mask ratio: 0.968
[2024-09-14 19:39:23,558][    INFO] Iters: 600, Total loss: 0.011, Loss x: 0.019, Loss s: 0.004, Mask ratio: 0.968
[2024-09-14 19:39:53,776][    INFO] Iters: 700, Total loss: 0.011, Loss x: 0.019, Loss s: 0.004, Mask ratio: 0.969
[2024-09-14 19:40:24,150][    INFO] Iters: 800, Total loss: 0.011, Loss x: 0.019, Loss s: 0.004, Mask ratio: 0.969
[2024-09-14 19:41:47,143][    INFO] ***** Evaluation ***** >>>> Unchanged IoU: 98.83, EMA: 98.84
[2024-09-14 19:41:47,143][    INFO] ***** Evaluation ***** >>>> Changed IoU: 79.76: EMA: 80.15
[2024-09-14 19:41:47,143][    INFO] ***** Evaluation ***** >>>> Overall Accuracy: 98.88, EMA: 98.89

[2024-09-14 19:41:48,586][    INFO] ===========> Epoch: 8, LR: 0.0000044, Previous best Changed IoU: 79.76, Overall Accuracy: 98.88 @epoch-7, EMA: Changed IoU: 80.15, Overall Accuracy: 98.89 @epoch-7
[2024-09-14 19:41:49,504][    INFO] Iters: 0, Total loss: 0.009, Loss x: 0.015, Loss s: 0.004, Mask ratio: 0.979
[2024-09-14 19:42:19,781][    INFO] Iters: 100, Total loss: 0.012, Loss x: 0.020, Loss s: 0.004, Mask ratio: 0.973
[2024-09-14 19:42:50,125][    INFO] Iters: 200, Total loss: 0.011, Loss x: 0.019, Loss s: 0.004, Mask ratio: 0.970
[2024-09-14 19:43:20,483][    INFO] Iters: 300, Total loss: 0.011, Loss x: 0.018, Loss s: 0.004, Mask ratio: 0.970
[2024-09-14 19:43:50,776][    INFO] Iters: 400, Total loss: 0.011, Loss x: 0.018, Loss s: 0.004, Mask ratio: 0.970
[2024-09-14 19:44:21,040][    INFO] Iters: 500, Total loss: 0.011, Loss x: 0.018, Loss s: 0.004, Mask ratio: 0.970
[2024-09-14 19:44:51,315][    INFO] Iters: 600, Total loss: 0.011, Loss x: 0.018, Loss s: 0.004, Mask ratio: 0.970
[2024-09-14 19:45:21,659][    INFO] Iters: 700, Total loss: 0.011, Loss x: 0.018, Loss s: 0.004, Mask ratio: 0.970
[2024-09-14 19:45:51,938][    INFO] Iters: 800, Total loss: 0.011, Loss x: 0.018, Loss s: 0.004, Mask ratio: 0.971
[2024-09-14 19:47:15,457][    INFO] ***** Evaluation ***** >>>> Unchanged IoU: 98.87, EMA: 98.88
[2024-09-14 19:47:15,457][    INFO] ***** Evaluation ***** >>>> Changed IoU: 80.44: EMA: 80.76
[2024-09-14 19:47:15,457][    INFO] ***** Evaluation ***** >>>> Overall Accuracy: 98.92, EMA: 98.93

[2024-09-14 19:47:16,877][    INFO] ===========> Epoch: 9, LR: 0.0000043, Previous best Changed IoU: 80.44, Overall Accuracy: 98.92 @epoch-8, EMA: Changed IoU: 80.76, Overall Accuracy: 98.93 @epoch-8
[2024-09-14 19:47:17,835][    INFO] Iters: 0, Total loss: 0.017, Loss x: 0.030, Loss s: 0.003, Mask ratio: 0.980
[2024-09-14 19:47:48,088][    INFO] Iters: 100, Total loss: 0.011, Loss x: 0.018, Loss s: 0.004, Mask ratio: 0.972
[2024-09-14 19:48:18,385][    INFO] Iters: 200, Total loss: 0.011, Loss x: 0.017, Loss s: 0.004, Mask ratio: 0.971
[2024-09-14 19:48:48,645][    INFO] Iters: 300, Total loss: 0.011, Loss x: 0.018, Loss s: 0.004, Mask ratio: 0.971
[2024-09-14 19:49:18,946][    INFO] Iters: 400, Total loss: 0.011, Loss x: 0.017, Loss s: 0.004, Mask ratio: 0.971
[2024-09-14 19:49:49,188][    INFO] Iters: 500, Total loss: 0.011, Loss x: 0.018, Loss s: 0.004, Mask ratio: 0.971
[2024-09-14 19:50:19,425][    INFO] Iters: 600, Total loss: 0.011, Loss x: 0.018, Loss s: 0.004, Mask ratio: 0.971
[2024-09-14 19:50:49,629][    INFO] Iters: 700, Total loss: 0.011, Loss x: 0.018, Loss s: 0.004, Mask ratio: 0.972
[2024-09-14 19:51:20,006][    INFO] Iters: 800, Total loss: 0.011, Loss x: 0.017, Loss s: 0.004, Mask ratio: 0.971
[2024-09-14 19:52:43,261][    INFO] ***** Evaluation ***** >>>> Unchanged IoU: 98.87, EMA: 98.90
[2024-09-14 19:52:43,261][    INFO] ***** Evaluation ***** >>>> Changed IoU: 80.72: EMA: 80.99
[2024-09-14 19:52:43,261][    INFO] ***** Evaluation ***** >>>> Overall Accuracy: 98.92, EMA: 98.95

[2024-09-14 19:52:44,660][    INFO] ===========> Epoch: 10, LR: 0.0000042, Previous best Changed IoU: 80.72, Overall Accuracy: 98.92 @epoch-9, EMA: Changed IoU: 80.99, Overall Accuracy: 98.95 @epoch-9
[2024-09-14 19:52:45,606][    INFO] Iters: 0, Total loss: 0.003, Loss x: 0.001, Loss s: 0.004, Mask ratio: 0.977
[2024-09-14 19:53:15,935][    INFO] Iters: 100, Total loss: 0.010, Loss x: 0.017, Loss s: 0.004, Mask ratio: 0.970
[2024-09-14 19:53:46,259][    INFO] Iters: 200, Total loss: 0.010, Loss x: 0.017, Loss s: 0.003, Mask ratio: 0.971
[2024-09-14 19:54:16,548][    INFO] Iters: 300, Total loss: 0.010, Loss x: 0.017, Loss s: 0.003, Mask ratio: 0.972
[2024-09-14 19:54:46,805][    INFO] Iters: 400, Total loss: 0.010, Loss x: 0.017, Loss s: 0.004, Mask ratio: 0.972
[2024-09-14 19:55:17,034][    INFO] Iters: 500, Total loss: 0.010, Loss x: 0.017, Loss s: 0.004, Mask ratio: 0.972
[2024-09-14 19:55:47,283][    INFO] Iters: 600, Total loss: 0.010, Loss x: 0.017, Loss s: 0.004, Mask ratio: 0.972
[2024-09-14 19:56:17,547][    INFO] Iters: 700, Total loss: 0.010, Loss x: 0.017, Loss s: 0.004, Mask ratio: 0.972
[2024-09-14 19:56:47,807][    INFO] Iters: 800, Total loss: 0.010, Loss x: 0.017, Loss s: 0.004, Mask ratio: 0.972
[2024-09-14 19:58:10,778][    INFO] ***** Evaluation ***** >>>> Unchanged IoU: 98.87, EMA: 98.90
[2024-09-14 19:58:10,778][    INFO] ***** Evaluation ***** >>>> Changed IoU: 80.17: EMA: 81.08
[2024-09-14 19:58:10,778][    INFO] ***** Evaluation ***** >>>> Overall Accuracy: 98.92, EMA: 98.95

[2024-09-14 19:58:12,713][    INFO] ===========> Epoch: 11, LR: 0.0000042, Previous best Changed IoU: 80.72, Overall Accuracy: 98.92 @epoch-9, EMA: Changed IoU: 81.08, Overall Accuracy: 98.95 @epoch-10
[2024-09-14 19:58:13,658][    INFO] Iters: 0, Total loss: 0.028, Loss x: 0.050, Loss s: 0.005, Mask ratio: 0.976
[2024-09-14 19:58:43,846][    INFO] Iters: 100, Total loss: 0.010, Loss x: 0.016, Loss s: 0.003, Mask ratio: 0.972
[2024-09-14 19:59:14,200][    INFO] Iters: 200, Total loss: 0.010, Loss x: 0.017, Loss s: 0.003, Mask ratio: 0.972
[2024-09-14 19:59:44,439][    INFO] Iters: 300, Total loss: 0.010, Loss x: 0.017, Loss s: 0.003, Mask ratio: 0.973
[2024-09-14 20:00:14,682][    INFO] Iters: 400, Total loss: 0.010, Loss x: 0.016, Loss s: 0.003, Mask ratio: 0.973
[2024-09-14 20:00:44,894][    INFO] Iters: 500, Total loss: 0.010, Loss x: 0.016, Loss s: 0.003, Mask ratio: 0.973
[2024-09-14 20:01:15,213][    INFO] Iters: 600, Total loss: 0.010, Loss x: 0.016, Loss s: 0.003, Mask ratio: 0.973
[2024-09-14 20:01:45,493][    INFO] Iters: 700, Total loss: 0.010, Loss x: 0.016, Loss s: 0.003, Mask ratio: 0.973
[2024-09-14 20:02:15,714][    INFO] Iters: 800, Total loss: 0.010, Loss x: 0.016, Loss s: 0.003, Mask ratio: 0.973
[2024-09-14 20:03:38,909][    INFO] ***** Evaluation ***** >>>> Unchanged IoU: 98.89, EMA: 98.92
[2024-09-14 20:03:38,910][    INFO] ***** Evaluation ***** >>>> Changed IoU: 80.94: EMA: 81.37
[2024-09-14 20:03:38,910][    INFO] ***** Evaluation ***** >>>> Overall Accuracy: 98.94, EMA: 98.97

[2024-09-14 20:03:40,316][    INFO] ===========> Epoch: 12, LR: 0.0000041, Previous best Changed IoU: 80.94, Overall Accuracy: 98.94 @epoch-11, EMA: Changed IoU: 81.37, Overall Accuracy: 98.97 @epoch-11
[2024-09-14 20:03:41,278][    INFO] Iters: 0, Total loss: 0.008, Loss x: 0.010, Loss s: 0.006, Mask ratio: 0.942
[2024-09-14 20:04:11,905][    INFO] Iters: 100, Total loss: 0.010, Loss x: 0.018, Loss s: 0.003, Mask ratio: 0.975
[2024-09-14 20:04:42,410][    INFO] Iters: 200, Total loss: 0.010, Loss x: 0.016, Loss s: 0.003, Mask ratio: 0.974
[2024-09-14 20:05:12,749][    INFO] Iters: 300, Total loss: 0.009, Loss x: 0.016, Loss s: 0.003, Mask ratio: 0.974
[2024-09-14 20:05:43,088][    INFO] Iters: 400, Total loss: 0.010, Loss x: 0.016, Loss s: 0.003, Mask ratio: 0.973
[2024-09-14 20:06:13,438][    INFO] Iters: 500, Total loss: 0.010, Loss x: 0.016, Loss s: 0.003, Mask ratio: 0.973
[2024-09-14 20:06:43,729][    INFO] Iters: 600, Total loss: 0.010, Loss x: 0.016, Loss s: 0.004, Mask ratio: 0.973
[2024-09-14 20:07:13,983][    INFO] Iters: 700, Total loss: 0.010, Loss x: 0.016, Loss s: 0.004, Mask ratio: 0.973
[2024-09-14 20:07:44,248][    INFO] Iters: 800, Total loss: 0.010, Loss x: 0.016, Loss s: 0.004, Mask ratio: 0.973
[2024-09-14 20:09:08,232][    INFO] ***** Evaluation ***** >>>> Unchanged IoU: 98.90, EMA: 98.93
[2024-09-14 20:09:08,232][    INFO] ***** Evaluation ***** >>>> Changed IoU: 81.28: EMA: 81.58
[2024-09-14 20:09:08,232][    INFO] ***** Evaluation ***** >>>> Overall Accuracy: 98.95, EMA: 98.98

[2024-09-14 20:09:09,736][    INFO] ===========> Epoch: 13, LR: 0.0000040, Previous best Changed IoU: 81.28, Overall Accuracy: 98.95 @epoch-12, EMA: Changed IoU: 81.58, Overall Accuracy: 98.98 @epoch-12
[2024-09-14 20:09:10,697][    INFO] Iters: 0, Total loss: 0.011, Loss x: 0.020, Loss s: 0.002, Mask ratio: 0.982
[2024-09-14 20:09:41,026][    INFO] Iters: 100, Total loss: 0.009, Loss x: 0.014, Loss s: 0.003, Mask ratio: 0.976
[2024-09-14 20:10:11,315][    INFO] Iters: 200, Total loss: 0.009, Loss x: 0.015, Loss s: 0.004, Mask ratio: 0.975
[2024-09-14 20:10:41,640][    INFO] Iters: 300, Total loss: 0.009, Loss x: 0.015, Loss s: 0.003, Mask ratio: 0.976
[2024-09-14 20:11:12,005][    INFO] Iters: 400, Total loss: 0.009, Loss x: 0.015, Loss s: 0.003, Mask ratio: 0.975
[2024-09-14 20:11:42,368][    INFO] Iters: 500, Total loss: 0.009, Loss x: 0.015, Loss s: 0.003, Mask ratio: 0.975
[2024-09-14 20:12:12,689][    INFO] Iters: 600, Total loss: 0.009, Loss x: 0.015, Loss s: 0.003, Mask ratio: 0.975
[2024-09-14 20:12:43,015][    INFO] Iters: 700, Total loss: 0.009, Loss x: 0.015, Loss s: 0.003, Mask ratio: 0.975
[2024-09-14 20:13:13,305][    INFO] Iters: 800, Total loss: 0.009, Loss x: 0.015, Loss s: 0.003, Mask ratio: 0.975
[2024-09-14 20:14:36,517][    INFO] ***** Evaluation ***** >>>> Unchanged IoU: 98.93, EMA: 98.94
[2024-09-14 20:14:36,517][    INFO] ***** Evaluation ***** >>>> Changed IoU: 81.32: EMA: 81.67
[2024-09-14 20:14:36,517][    INFO] ***** Evaluation ***** >>>> Overall Accuracy: 98.98, EMA: 98.99

[2024-09-14 20:14:37,933][    INFO] ===========> Epoch: 14, LR: 0.0000039, Previous best Changed IoU: 81.32, Overall Accuracy: 98.98 @epoch-13, EMA: Changed IoU: 81.67, Overall Accuracy: 98.99 @epoch-13
[2024-09-14 20:14:38,858][    INFO] Iters: 0, Total loss: 0.017, Loss x: 0.031, Loss s: 0.003, Mask ratio: 0.967
[2024-09-14 20:15:09,112][    INFO] Iters: 100, Total loss: 0.010, Loss x: 0.015, Loss s: 0.005, Mask ratio: 0.971
[2024-09-14 20:15:39,522][    INFO] Iters: 200, Total loss: 0.009, Loss x: 0.014, Loss s: 0.004, Mask ratio: 0.973
[2024-09-14 20:16:09,851][    INFO] Iters: 300, Total loss: 0.009, Loss x: 0.015, Loss s: 0.004, Mask ratio: 0.974
[2024-09-14 20:16:40,142][    INFO] Iters: 400, Total loss: 0.009, Loss x: 0.015, Loss s: 0.004, Mask ratio: 0.974
[2024-09-14 20:17:10,378][    INFO] Iters: 500, Total loss: 0.009, Loss x: 0.015, Loss s: 0.004, Mask ratio: 0.974
[2024-09-14 20:17:40,705][    INFO] Iters: 600, Total loss: 0.009, Loss x: 0.015, Loss s: 0.004, Mask ratio: 0.974
[2024-09-14 20:18:11,025][    INFO] Iters: 700, Total loss: 0.009, Loss x: 0.015, Loss s: 0.004, Mask ratio: 0.975
[2024-09-14 20:18:41,235][    INFO] Iters: 800, Total loss: 0.009, Loss x: 0.015, Loss s: 0.004, Mask ratio: 0.975
[2024-09-14 20:20:05,314][    INFO] ***** Evaluation ***** >>>> Unchanged IoU: 98.91, EMA: 98.94
[2024-09-14 20:20:05,314][    INFO] ***** Evaluation ***** >>>> Changed IoU: 81.26: EMA: 81.74
[2024-09-14 20:20:05,314][    INFO] ***** Evaluation ***** >>>> Overall Accuracy: 98.96, EMA: 98.99

[2024-09-14 20:20:06,723][    INFO] ===========> Epoch: 15, LR: 0.0000039, Previous best Changed IoU: 81.32, Overall Accuracy: 98.98 @epoch-13, EMA: Changed IoU: 81.74, Overall Accuracy: 98.99 @epoch-14
[2024-09-14 20:20:07,664][    INFO] Iters: 0, Total loss: 0.001, Loss x: 0.002, Loss s: 0.000, Mask ratio: 0.988
[2024-09-14 20:20:37,973][    INFO] Iters: 100, Total loss: 0.008, Loss x: 0.014, Loss s: 0.003, Mask ratio: 0.975
[2024-09-14 20:21:08,307][    INFO] Iters: 200, Total loss: 0.008, Loss x: 0.014, Loss s: 0.003, Mask ratio: 0.976
[2024-09-14 20:21:38,631][    INFO] Iters: 300, Total loss: 0.009, Loss x: 0.014, Loss s: 0.003, Mask ratio: 0.976
[2024-09-14 20:22:08,984][    INFO] Iters: 400, Total loss: 0.009, Loss x: 0.014, Loss s: 0.003, Mask ratio: 0.976
[2024-09-14 20:22:39,452][    INFO] Iters: 500, Total loss: 0.009, Loss x: 0.014, Loss s: 0.003, Mask ratio: 0.976
[2024-09-14 20:23:09,850][    INFO] Iters: 600, Total loss: 0.009, Loss x: 0.014, Loss s: 0.003, Mask ratio: 0.976
[2024-09-14 20:23:40,235][    INFO] Iters: 700, Total loss: 0.009, Loss x: 0.015, Loss s: 0.003, Mask ratio: 0.976
[2024-09-14 20:24:10,584][    INFO] Iters: 800, Total loss: 0.009, Loss x: 0.014, Loss s: 0.003, Mask ratio: 0.976
[2024-09-14 20:25:33,560][    INFO] ***** Evaluation ***** >>>> Unchanged IoU: 98.91, EMA: 98.95
[2024-09-14 20:25:33,560][    INFO] ***** Evaluation ***** >>>> Changed IoU: 81.12: EMA: 81.75
[2024-09-14 20:25:33,560][    INFO] ***** Evaluation ***** >>>> Overall Accuracy: 98.96, EMA: 98.99

[2024-09-14 20:25:34,954][    INFO] ===========> Epoch: 16, LR: 0.0000038, Previous best Changed IoU: 81.32, Overall Accuracy: 98.98 @epoch-13, EMA: Changed IoU: 81.75, Overall Accuracy: 98.99 @epoch-15
[2024-09-14 20:25:35,868][    INFO] Iters: 0, Total loss: 0.005, Loss x: 0.008, Loss s: 0.003, Mask ratio: 0.988
[2024-09-14 20:26:06,134][    INFO] Iters: 100, Total loss: 0.010, Loss x: 0.016, Loss s: 0.004, Mask ratio: 0.974
[2024-09-14 20:26:36,329][    INFO] Iters: 200, Total loss: 0.009, Loss x: 0.015, Loss s: 0.004, Mask ratio: 0.976
[2024-09-14 20:27:06,631][    INFO] Iters: 300, Total loss: 0.009, Loss x: 0.015, Loss s: 0.004, Mask ratio: 0.977
[2024-09-14 20:27:36,886][    INFO] Iters: 400, Total loss: 0.009, Loss x: 0.015, Loss s: 0.004, Mask ratio: 0.976
[2024-09-14 20:28:07,152][    INFO] Iters: 500, Total loss: 0.009, Loss x: 0.014, Loss s: 0.003, Mask ratio: 0.976
[2024-09-14 20:28:37,477][    INFO] Iters: 600, Total loss: 0.009, Loss x: 0.014, Loss s: 0.004, Mask ratio: 0.976
[2024-09-14 20:29:07,782][    INFO] Iters: 700, Total loss: 0.009, Loss x: 0.014, Loss s: 0.003, Mask ratio: 0.976
[2024-09-14 20:29:38,055][    INFO] Iters: 800, Total loss: 0.009, Loss x: 0.014, Loss s: 0.003, Mask ratio: 0.976
[2024-09-14 20:31:01,066][    INFO] ***** Evaluation ***** >>>> Unchanged IoU: 98.91, EMA: 98.95
[2024-09-14 20:31:01,066][    INFO] ***** Evaluation ***** >>>> Changed IoU: 81.16: EMA: 81.81
[2024-09-14 20:31:01,066][    INFO] ***** Evaluation ***** >>>> Overall Accuracy: 98.96, EMA: 99.00

[2024-09-14 20:31:02,493][    INFO] ===========> Epoch: 17, LR: 0.0000037, Previous best Changed IoU: 81.32, Overall Accuracy: 98.98 @epoch-13, EMA: Changed IoU: 81.81, Overall Accuracy: 99.00 @epoch-16
[2024-09-14 20:31:03,447][    INFO] Iters: 0, Total loss: 0.005, Loss x: 0.009, Loss s: 0.002, Mask ratio: 0.982
[2024-09-14 20:31:33,741][    INFO] Iters: 100, Total loss: 0.008, Loss x: 0.014, Loss s: 0.003, Mask ratio: 0.977
[2024-09-14 20:32:04,052][    INFO] Iters: 200, Total loss: 0.008, Loss x: 0.013, Loss s: 0.003, Mask ratio: 0.979
[2024-09-14 20:32:34,338][    INFO] Iters: 300, Total loss: 0.012, Loss x: 0.019, Loss s: 0.004, Mask ratio: 0.972
[2024-09-14 20:33:04,690][    INFO] Iters: 400, Total loss: 0.011, Loss x: 0.018, Loss s: 0.004, Mask ratio: 0.973
[2024-09-14 20:33:34,932][    INFO] Iters: 500, Total loss: 0.011, Loss x: 0.018, Loss s: 0.004, Mask ratio: 0.973
[2024-09-14 20:34:05,170][    INFO] Iters: 600, Total loss: 0.011, Loss x: 0.017, Loss s: 0.004, Mask ratio: 0.974
[2024-09-14 20:34:35,505][    INFO] Iters: 700, Total loss: 0.010, Loss x: 0.017, Loss s: 0.004, Mask ratio: 0.974
[2024-09-14 20:35:05,718][    INFO] Iters: 800, Total loss: 0.010, Loss x: 0.017, Loss s: 0.004, Mask ratio: 0.974
[2024-09-14 20:36:28,258][    INFO] ***** Evaluation ***** >>>> Unchanged IoU: 98.94, EMA: 98.94
[2024-09-14 20:36:28,258][    INFO] ***** Evaluation ***** >>>> Changed IoU: 81.45: EMA: 81.69
[2024-09-14 20:36:28,258][    INFO] ***** Evaluation ***** >>>> Overall Accuracy: 98.99, EMA: 98.99

[2024-09-14 20:36:29,049][    INFO] ===========> Epoch: 18, LR: 0.0000036, Previous best Changed IoU: 81.45, Overall Accuracy: 98.99 @epoch-17, EMA: Changed IoU: 81.81, Overall Accuracy: 99.00 @epoch-16
[2024-09-14 20:36:29,958][    INFO] Iters: 0, Total loss: 0.005, Loss x: 0.007, Loss s: 0.002, Mask ratio: 0.993
[2024-09-14 20:37:00,200][    INFO] Iters: 100, Total loss: 0.008, Loss x: 0.014, Loss s: 0.003, Mask ratio: 0.977
[2024-09-14 20:37:30,380][    INFO] Iters: 200, Total loss: 0.008, Loss x: 0.014, Loss s: 0.003, Mask ratio: 0.976
[2024-09-14 20:38:00,545][    INFO] Iters: 300, Total loss: 0.008, Loss x: 0.014, Loss s: 0.003, Mask ratio: 0.977
[2024-09-14 20:38:30,723][    INFO] Iters: 400, Total loss: 0.008, Loss x: 0.014, Loss s: 0.003, Mask ratio: 0.977
[2024-09-14 20:39:00,954][    INFO] Iters: 500, Total loss: 0.008, Loss x: 0.014, Loss s: 0.003, Mask ratio: 0.977
[2024-09-14 20:39:31,214][    INFO] Iters: 600, Total loss: 0.008, Loss x: 0.014, Loss s: 0.003, Mask ratio: 0.977
[2024-09-14 20:40:01,509][    INFO] Iters: 700, Total loss: 0.008, Loss x: 0.014, Loss s: 0.003, Mask ratio: 0.977
[2024-09-14 20:40:31,849][    INFO] Iters: 800, Total loss: 0.008, Loss x: 0.014, Loss s: 0.003, Mask ratio: 0.977
[2024-09-14 20:41:54,797][    INFO] ***** Evaluation ***** >>>> Unchanged IoU: 98.93, EMA: 98.95
[2024-09-14 20:41:54,797][    INFO] ***** Evaluation ***** >>>> Changed IoU: 81.39: EMA: 81.85
[2024-09-14 20:41:54,797][    INFO] ***** Evaluation ***** >>>> Overall Accuracy: 98.98, EMA: 99.00

[2024-09-14 20:41:56,198][    INFO] ===========> Epoch: 19, LR: 0.0000035, Previous best Changed IoU: 81.45, Overall Accuracy: 98.99 @epoch-17, EMA: Changed IoU: 81.85, Overall Accuracy: 99.00 @epoch-18
[2024-09-14 20:41:57,124][    INFO] Iters: 0, Total loss: 0.003, Loss x: 0.001, Loss s: 0.004, Mask ratio: 0.987
[2024-09-14 20:42:27,489][    INFO] Iters: 100, Total loss: 0.008, Loss x: 0.013, Loss s: 0.003, Mask ratio: 0.978
[2024-09-14 20:42:57,720][    INFO] Iters: 200, Total loss: 0.008, Loss x: 0.013, Loss s: 0.003, Mask ratio: 0.978
[2024-09-14 20:43:28,027][    INFO] Iters: 300, Total loss: 0.008, Loss x: 0.013, Loss s: 0.003, Mask ratio: 0.978
[2024-09-14 20:43:58,318][    INFO] Iters: 400, Total loss: 0.008, Loss x: 0.013, Loss s: 0.003, Mask ratio: 0.978
[2024-09-14 20:44:28,616][    INFO] Iters: 500, Total loss: 0.008, Loss x: 0.013, Loss s: 0.003, Mask ratio: 0.978
[2024-09-14 20:44:58,880][    INFO] Iters: 600, Total loss: 0.008, Loss x: 0.013, Loss s: 0.003, Mask ratio: 0.978
[2024-09-14 20:45:29,089][    INFO] Iters: 700, Total loss: 0.008, Loss x: 0.013, Loss s: 0.003, Mask ratio: 0.978
[2024-09-14 20:45:59,270][    INFO] Iters: 800, Total loss: 0.008, Loss x: 0.013, Loss s: 0.003, Mask ratio: 0.978
[2024-09-14 20:47:19,960][    INFO] ***** Evaluation ***** >>>> Unchanged IoU: 98.94, EMA: 98.97
[2024-09-14 20:47:19,960][    INFO] ***** Evaluation ***** >>>> Changed IoU: 81.47: EMA: 82.13
[2024-09-14 20:47:19,960][    INFO] ***** Evaluation ***** >>>> Overall Accuracy: 98.99, EMA: 99.02

[2024-09-14 20:47:21,526][    INFO] ===========> Epoch: 20, LR: 0.0000035, Previous best Changed IoU: 81.47, Overall Accuracy: 98.99 @epoch-19, EMA: Changed IoU: 82.13, Overall Accuracy: 99.02 @epoch-19
[2024-09-14 20:47:22,503][    INFO] Iters: 0, Total loss: 0.011, Loss x: 0.021, Loss s: 0.002, Mask ratio: 0.987
[2024-09-14 20:47:52,797][    INFO] Iters: 100, Total loss: 0.008, Loss x: 0.012, Loss s: 0.003, Mask ratio: 0.977
[2024-09-14 20:48:23,058][    INFO] Iters: 200, Total loss: 0.008, Loss x: 0.013, Loss s: 0.003, Mask ratio: 0.978
[2024-09-14 20:48:53,238][    INFO] Iters: 300, Total loss: 0.008, Loss x: 0.013, Loss s: 0.003, Mask ratio: 0.978
[2024-09-14 20:49:23,464][    INFO] Iters: 400, Total loss: 0.008, Loss x: 0.013, Loss s: 0.003, Mask ratio: 0.978
[2024-09-14 20:49:53,748][    INFO] Iters: 500, Total loss: 0.008, Loss x: 0.013, Loss s: 0.003, Mask ratio: 0.978
[2024-09-14 20:50:24,025][    INFO] Iters: 600, Total loss: 0.008, Loss x: 0.013, Loss s: 0.003, Mask ratio: 0.978
[2024-09-14 20:50:54,414][    INFO] Iters: 700, Total loss: 0.008, Loss x: 0.013, Loss s: 0.003, Mask ratio: 0.978
[2024-09-14 20:51:24,624][    INFO] Iters: 800, Total loss: 0.008, Loss x: 0.013, Loss s: 0.003, Mask ratio: 0.978
[2024-09-14 20:52:45,569][    INFO] ***** Evaluation ***** >>>> Unchanged IoU: 98.94, EMA: 98.97
[2024-09-14 20:52:45,569][    INFO] ***** Evaluation ***** >>>> Changed IoU: 81.82: EMA: 82.15
[2024-09-14 20:52:45,569][    INFO] ***** Evaluation ***** >>>> Overall Accuracy: 98.99, EMA: 99.02

[2024-09-14 20:52:46,985][    INFO] ===========> Epoch: 21, LR: 0.0000034, Previous best Changed IoU: 81.82, Overall Accuracy: 98.99 @epoch-20, EMA: Changed IoU: 82.15, Overall Accuracy: 99.02 @epoch-20
[2024-09-14 20:52:47,915][    INFO] Iters: 0, Total loss: 0.016, Loss x: 0.020, Loss s: 0.013, Mask ratio: 0.936
[2024-09-14 20:53:18,153][    INFO] Iters: 100, Total loss: 0.008, Loss x: 0.012, Loss s: 0.003, Mask ratio: 0.979
[2024-09-14 20:53:48,424][    INFO] Iters: 200, Total loss: 0.008, Loss x: 0.012, Loss s: 0.003, Mask ratio: 0.979
[2024-09-14 20:54:18,651][    INFO] Iters: 300, Total loss: 0.008, Loss x: 0.012, Loss s: 0.003, Mask ratio: 0.979
[2024-09-14 20:54:48,886][    INFO] Iters: 400, Total loss: 0.008, Loss x: 0.012, Loss s: 0.003, Mask ratio: 0.979
[2024-09-14 20:55:19,132][    INFO] Iters: 500, Total loss: 0.008, Loss x: 0.013, Loss s: 0.003, Mask ratio: 0.979
[2024-09-14 20:55:49,369][    INFO] Iters: 600, Total loss: 0.008, Loss x: 0.013, Loss s: 0.003, Mask ratio: 0.978
[2024-09-14 20:56:19,654][    INFO] Iters: 700, Total loss: 0.008, Loss x: 0.013, Loss s: 0.003, Mask ratio: 0.978
[2024-09-14 20:56:49,917][    INFO] Iters: 800, Total loss: 0.008, Loss x: 0.013, Loss s: 0.003, Mask ratio: 0.979
[2024-09-14 20:58:11,595][    INFO] ***** Evaluation ***** >>>> Unchanged IoU: 98.94, EMA: 98.98
[2024-09-14 20:58:11,595][    INFO] ***** Evaluation ***** >>>> Changed IoU: 81.74: EMA: 82.24
[2024-09-14 20:58:11,595][    INFO] ***** Evaluation ***** >>>> Overall Accuracy: 98.99, EMA: 99.02

[2024-09-14 20:58:13,082][    INFO] ===========> Epoch: 22, LR: 0.0000033, Previous best Changed IoU: 81.82, Overall Accuracy: 98.99 @epoch-20, EMA: Changed IoU: 82.24, Overall Accuracy: 99.02 @epoch-21
[2024-09-14 20:58:14,053][    INFO] Iters: 0, Total loss: 0.006, Loss x: 0.010, Loss s: 0.001, Mask ratio: 0.970
[2024-09-14 20:58:44,315][    INFO] Iters: 100, Total loss: 0.011, Loss x: 0.017, Loss s: 0.005, Mask ratio: 0.977
[2024-09-14 20:59:14,530][    INFO] Iters: 200, Total loss: 0.011, Loss x: 0.017, Loss s: 0.006, Mask ratio: 0.974
[2024-09-14 20:59:44,782][    INFO] Iters: 300, Total loss: 0.011, Loss x: 0.016, Loss s: 0.005, Mask ratio: 0.975
[2024-09-14 21:00:15,030][    INFO] Iters: 400, Total loss: 0.010, Loss x: 0.015, Loss s: 0.004, Mask ratio: 0.976
[2024-09-14 21:00:45,281][    INFO] Iters: 500, Total loss: 0.010, Loss x: 0.015, Loss s: 0.004, Mask ratio: 0.976
[2024-09-14 21:01:15,622][    INFO] Iters: 600, Total loss: 0.009, Loss x: 0.015, Loss s: 0.004, Mask ratio: 0.977
[2024-09-14 21:01:45,983][    INFO] Iters: 700, Total loss: 0.009, Loss x: 0.014, Loss s: 0.004, Mask ratio: 0.977
[2024-09-14 21:02:16,329][    INFO] Iters: 800, Total loss: 0.009, Loss x: 0.014, Loss s: 0.004, Mask ratio: 0.978
[2024-09-14 21:03:37,945][    INFO] ***** Evaluation ***** >>>> Unchanged IoU: 98.96, EMA: 98.96
[2024-09-14 21:03:37,945][    INFO] ***** Evaluation ***** >>>> Changed IoU: 81.96: EMA: 82.05
[2024-09-14 21:03:37,946][    INFO] ***** Evaluation ***** >>>> Overall Accuracy: 99.00, EMA: 99.01

[2024-09-14 21:03:38,732][    INFO] ===========> Epoch: 23, LR: 0.0000032, Previous best Changed IoU: 81.96, Overall Accuracy: 99.00 @epoch-22, EMA: Changed IoU: 82.24, Overall Accuracy: 99.02 @epoch-21
[2024-09-14 21:03:39,692][    INFO] Iters: 0, Total loss: 0.016, Loss x: 0.022, Loss s: 0.009, Mask ratio: 0.966
[2024-09-14 21:04:09,999][    INFO] Iters: 100, Total loss: 0.008, Loss x: 0.012, Loss s: 0.004, Mask ratio: 0.978
[2024-09-14 21:04:40,335][    INFO] Iters: 200, Total loss: 0.008, Loss x: 0.012, Loss s: 0.003, Mask ratio: 0.979
[2024-09-14 21:05:10,644][    INFO] Iters: 300, Total loss: 0.007, Loss x: 0.012, Loss s: 0.003, Mask ratio: 0.979
[2024-09-14 21:05:40,948][    INFO] Iters: 400, Total loss: 0.008, Loss x: 0.012, Loss s: 0.003, Mask ratio: 0.979
[2024-09-14 21:06:11,237][    INFO] Iters: 500, Total loss: 0.008, Loss x: 0.012, Loss s: 0.003, Mask ratio: 0.979
[2024-09-14 21:06:41,580][    INFO] Iters: 600, Total loss: 0.008, Loss x: 0.012, Loss s: 0.003, Mask ratio: 0.979
[2024-09-14 21:07:11,921][    INFO] Iters: 700, Total loss: 0.008, Loss x: 0.012, Loss s: 0.003, Mask ratio: 0.980
[2024-09-14 21:07:42,239][    INFO] Iters: 800, Total loss: 0.008, Loss x: 0.012, Loss s: 0.003, Mask ratio: 0.979
[2024-09-14 21:09:05,398][    INFO] ***** Evaluation ***** >>>> Unchanged IoU: 98.95, EMA: 98.97
[2024-09-14 21:09:05,398][    INFO] ***** Evaluation ***** >>>> Changed IoU: 81.85: EMA: 82.11
[2024-09-14 21:09:05,398][    INFO] ***** Evaluation ***** >>>> Overall Accuracy: 98.99, EMA: 99.01

[2024-09-14 21:09:06,396][    INFO] ===========> Epoch: 24, LR: 0.0000032, Previous best Changed IoU: 81.96, Overall Accuracy: 99.00 @epoch-22, EMA: Changed IoU: 82.24, Overall Accuracy: 99.02 @epoch-21
[2024-09-14 21:09:07,339][    INFO] Iters: 0, Total loss: 0.007, Loss x: 0.013, Loss s: 0.002, Mask ratio: 0.985
[2024-09-14 21:09:37,534][    INFO] Iters: 100, Total loss: 0.007, Loss x: 0.011, Loss s: 0.003, Mask ratio: 0.981
[2024-09-14 21:10:07,710][    INFO] Iters: 200, Total loss: 0.007, Loss x: 0.012, Loss s: 0.003, Mask ratio: 0.979
[2024-09-14 21:10:37,957][    INFO] Iters: 300, Total loss: 0.007, Loss x: 0.012, Loss s: 0.003, Mask ratio: 0.979
[2024-09-14 21:11:08,226][    INFO] Iters: 400, Total loss: 0.007, Loss x: 0.012, Loss s: 0.003, Mask ratio: 0.979
[2024-09-14 21:11:38,572][    INFO] Iters: 500, Total loss: 0.007, Loss x: 0.012, Loss s: 0.003, Mask ratio: 0.979
[2024-09-14 21:12:08,918][    INFO] Iters: 600, Total loss: 0.008, Loss x: 0.012, Loss s: 0.003, Mask ratio: 0.979
[2024-09-14 21:12:39,253][    INFO] Iters: 700, Total loss: 0.007, Loss x: 0.012, Loss s: 0.003, Mask ratio: 0.980
[2024-09-14 21:13:09,559][    INFO] Iters: 800, Total loss: 0.007, Loss x: 0.012, Loss s: 0.003, Mask ratio: 0.980
[2024-09-14 21:14:30,793][    INFO] ***** Evaluation ***** >>>> Unchanged IoU: 98.96, EMA: 98.97
[2024-09-14 21:14:30,793][    INFO] ***** Evaluation ***** >>>> Changed IoU: 81.97: EMA: 82.17
[2024-09-14 21:14:30,793][    INFO] ***** Evaluation ***** >>>> Overall Accuracy: 99.01, EMA: 99.02

[2024-09-14 21:14:31,505][    INFO] ===========> Epoch: 25, LR: 0.0000031, Previous best Changed IoU: 81.97, Overall Accuracy: 99.01 @epoch-24, EMA: Changed IoU: 82.24, Overall Accuracy: 99.02 @epoch-21
[2024-09-14 21:14:32,374][    INFO] Iters: 0, Total loss: 0.006, Loss x: 0.002, Loss s: 0.009, Mask ratio: 0.979
[2024-09-14 21:15:02,618][    INFO] Iters: 100, Total loss: 0.007, Loss x: 0.011, Loss s: 0.003, Mask ratio: 0.981
[2024-09-14 21:15:32,885][    INFO] Iters: 200, Total loss: 0.007, Loss x: 0.011, Loss s: 0.003, Mask ratio: 0.981
[2024-09-14 21:16:03,158][    INFO] Iters: 300, Total loss: 0.007, Loss x: 0.012, Loss s: 0.003, Mask ratio: 0.981
[2024-09-14 21:16:33,360][    INFO] Iters: 400, Total loss: 0.007, Loss x: 0.012, Loss s: 0.003, Mask ratio: 0.980
[2024-09-14 21:17:03,559][    INFO] Iters: 500, Total loss: 0.007, Loss x: 0.012, Loss s: 0.003, Mask ratio: 0.980
[2024-09-14 21:17:33,773][    INFO] Iters: 600, Total loss: 0.007, Loss x: 0.012, Loss s: 0.003, Mask ratio: 0.980
[2024-09-14 21:18:03,982][    INFO] Iters: 700, Total loss: 0.008, Loss x: 0.012, Loss s: 0.003, Mask ratio: 0.980
[2024-09-14 21:18:34,191][    INFO] Iters: 800, Total loss: 0.008, Loss x: 0.012, Loss s: 0.003, Mask ratio: 0.980
[2024-09-14 21:19:55,075][    INFO] ***** Evaluation ***** >>>> Unchanged IoU: 98.96, EMA: 98.98
[2024-09-14 21:19:55,075][    INFO] ***** Evaluation ***** >>>> Changed IoU: 82.21: EMA: 82.28
[2024-09-14 21:19:55,075][    INFO] ***** Evaluation ***** >>>> Overall Accuracy: 99.01, EMA: 99.02

[2024-09-14 21:19:56,639][    INFO] ===========> Epoch: 26, LR: 0.0000030, Previous best Changed IoU: 82.21, Overall Accuracy: 99.01 @epoch-25, EMA: Changed IoU: 82.28, Overall Accuracy: 99.02 @epoch-25
[2024-09-14 21:19:57,531][    INFO] Iters: 0, Total loss: 0.003, Loss x: 0.003, Loss s: 0.003, Mask ratio: 0.974
[2024-09-14 21:20:27,774][    INFO] Iters: 100, Total loss: 0.007, Loss x: 0.012, Loss s: 0.002, Mask ratio: 0.982
[2024-09-14 21:20:57,994][    INFO] Iters: 200, Total loss: 0.007, Loss x: 0.011, Loss s: 0.003, Mask ratio: 0.982
[2024-09-14 21:21:28,271][    INFO] Iters: 300, Total loss: 0.007, Loss x: 0.012, Loss s: 0.003, Mask ratio: 0.981
[2024-09-14 21:21:58,558][    INFO] Iters: 400, Total loss: 0.007, Loss x: 0.011, Loss s: 0.003, Mask ratio: 0.981
[2024-09-14 21:22:28,837][    INFO] Iters: 500, Total loss: 0.007, Loss x: 0.011, Loss s: 0.003, Mask ratio: 0.981
[2024-09-14 21:22:59,177][    INFO] Iters: 600, Total loss: 0.007, Loss x: 0.012, Loss s: 0.003, Mask ratio: 0.980
[2024-09-14 21:23:29,487][    INFO] Iters: 700, Total loss: 0.007, Loss x: 0.012, Loss s: 0.003, Mask ratio: 0.981
[2024-09-14 21:23:59,776][    INFO] Iters: 800, Total loss: 0.007, Loss x: 0.012, Loss s: 0.003, Mask ratio: 0.980
[2024-09-14 21:25:21,398][    INFO] ***** Evaluation ***** >>>> Unchanged IoU: 98.98, EMA: 98.98
[2024-09-14 21:25:21,398][    INFO] ***** Evaluation ***** >>>> Changed IoU: 82.29: EMA: 82.27
[2024-09-14 21:25:21,398][    INFO] ***** Evaluation ***** >>>> Overall Accuracy: 99.02, EMA: 99.02

[2024-09-14 21:25:22,204][    INFO] ===========> Epoch: 27, LR: 0.0000029, Previous best Changed IoU: 82.29, Overall Accuracy: 99.02 @epoch-26, EMA: Changed IoU: 82.28, Overall Accuracy: 99.02 @epoch-25
[2024-09-14 21:25:23,008][    INFO] Iters: 0, Total loss: 0.004, Loss x: 0.006, Loss s: 0.002, Mask ratio: 0.978
[2024-09-14 21:25:53,276][    INFO] Iters: 100, Total loss: 0.007, Loss x: 0.012, Loss s: 0.003, Mask ratio: 0.982
[2024-09-14 21:26:23,569][    INFO] Iters: 200, Total loss: 0.007, Loss x: 0.012, Loss s: 0.003, Mask ratio: 0.982
[2024-09-14 21:26:53,750][    INFO] Iters: 300, Total loss: 0.007, Loss x: 0.012, Loss s: 0.003, Mask ratio: 0.981
[2024-09-14 21:27:23,989][    INFO] Iters: 400, Total loss: 0.008, Loss x: 0.012, Loss s: 0.003, Mask ratio: 0.980
[2024-09-14 21:27:54,212][    INFO] Iters: 500, Total loss: 0.007, Loss x: 0.012, Loss s: 0.003, Mask ratio: 0.980
[2024-09-14 21:28:24,403][    INFO] Iters: 600, Total loss: 0.007, Loss x: 0.012, Loss s: 0.003, Mask ratio: 0.980
[2024-09-14 21:28:54,676][    INFO] Iters: 700, Total loss: 0.007, Loss x: 0.012, Loss s: 0.003, Mask ratio: 0.980
[2024-09-14 21:29:24,906][    INFO] Iters: 800, Total loss: 0.007, Loss x: 0.012, Loss s: 0.003, Mask ratio: 0.980
[2024-09-14 21:30:45,926][    INFO] ***** Evaluation ***** >>>> Unchanged IoU: 98.94, EMA: 98.98
[2024-09-14 21:30:45,926][    INFO] ***** Evaluation ***** >>>> Changed IoU: 81.69: EMA: 82.25
[2024-09-14 21:30:45,926][    INFO] ***** Evaluation ***** >>>> Overall Accuracy: 98.99, EMA: 99.02

[2024-09-14 21:30:46,808][    INFO] ===========> Epoch: 28, LR: 0.0000028, Previous best Changed IoU: 82.29, Overall Accuracy: 99.02 @epoch-26, EMA: Changed IoU: 82.28, Overall Accuracy: 99.02 @epoch-25
[2024-09-14 21:30:47,649][    INFO] Iters: 0, Total loss: 0.013, Loss x: 0.024, Loss s: 0.002, Mask ratio: 0.984
[2024-09-14 21:31:17,880][    INFO] Iters: 100, Total loss: 0.007, Loss x: 0.011, Loss s: 0.003, Mask ratio: 0.980
[2024-09-14 21:31:48,132][    INFO] Iters: 200, Total loss: 0.007, Loss x: 0.012, Loss s: 0.003, Mask ratio: 0.980
[2024-09-14 21:32:18,397][    INFO] Iters: 300, Total loss: 0.007, Loss x: 0.012, Loss s: 0.003, Mask ratio: 0.979
[2024-09-14 21:32:48,617][    INFO] Iters: 400, Total loss: 0.007, Loss x: 0.012, Loss s: 0.003, Mask ratio: 0.980
[2024-09-14 21:33:18,930][    INFO] Iters: 500, Total loss: 0.007, Loss x: 0.012, Loss s: 0.003, Mask ratio: 0.980
[2024-09-14 21:33:49,243][    INFO] Iters: 600, Total loss: 0.007, Loss x: 0.012, Loss s: 0.003, Mask ratio: 0.980
[2024-09-14 21:34:19,604][    INFO] Iters: 700, Total loss: 0.007, Loss x: 0.012, Loss s: 0.003, Mask ratio: 0.981
[2024-09-14 21:34:49,948][    INFO] Iters: 800, Total loss: 0.007, Loss x: 0.011, Loss s: 0.003, Mask ratio: 0.981
[2024-09-14 21:36:11,967][    INFO] ***** Evaluation ***** >>>> Unchanged IoU: 98.97, EMA: 98.99
[2024-09-14 21:36:11,967][    INFO] ***** Evaluation ***** >>>> Changed IoU: 82.12: EMA: 82.45
[2024-09-14 21:36:11,967][    INFO] ***** Evaluation ***** >>>> Overall Accuracy: 99.02, EMA: 99.03

[2024-09-14 21:36:13,493][    INFO] ===========> Epoch: 29, LR: 0.0000028, Previous best Changed IoU: 82.29, Overall Accuracy: 99.02 @epoch-26, EMA: Changed IoU: 82.45, Overall Accuracy: 99.03 @epoch-28
[2024-09-14 21:36:14,395][    INFO] Iters: 0, Total loss: 0.005, Loss x: 0.010, Loss s: 0.001, Mask ratio: 0.996
[2024-09-14 21:36:44,691][    INFO] Iters: 100, Total loss: 0.007, Loss x: 0.012, Loss s: 0.003, Mask ratio: 0.981
[2024-09-14 21:37:14,994][    INFO] Iters: 200, Total loss: 0.007, Loss x: 0.011, Loss s: 0.003, Mask ratio: 0.981
[2024-09-14 21:37:45,228][    INFO] Iters: 300, Total loss: 0.007, Loss x: 0.011, Loss s: 0.003, Mask ratio: 0.982
[2024-09-14 21:38:15,503][    INFO] Iters: 400, Total loss: 0.007, Loss x: 0.011, Loss s: 0.003, Mask ratio: 0.982
[2024-09-14 21:38:45,784][    INFO] Iters: 500, Total loss: 0.007, Loss x: 0.011, Loss s: 0.003, Mask ratio: 0.982
[2024-09-14 21:39:16,001][    INFO] Iters: 600, Total loss: 0.007, Loss x: 0.011, Loss s: 0.003, Mask ratio: 0.982
[2024-09-14 21:39:46,224][    INFO] Iters: 700, Total loss: 0.007, Loss x: 0.011, Loss s: 0.003, Mask ratio: 0.982
[2024-09-14 21:40:16,450][    INFO] Iters: 800, Total loss: 0.007, Loss x: 0.011, Loss s: 0.003, Mask ratio: 0.982
[2024-09-14 21:41:38,279][    INFO] ***** Evaluation ***** >>>> Unchanged IoU: 98.95, EMA: 98.98
[2024-09-14 21:41:38,279][    INFO] ***** Evaluation ***** >>>> Changed IoU: 81.71: EMA: 82.28
[2024-09-14 21:41:38,279][    INFO] ***** Evaluation ***** >>>> Overall Accuracy: 99.00, EMA: 99.02

[2024-09-14 21:41:39,110][    INFO] ===========> Epoch: 30, LR: 0.0000027, Previous best Changed IoU: 82.29, Overall Accuracy: 99.02 @epoch-26, EMA: Changed IoU: 82.45, Overall Accuracy: 99.03 @epoch-28
[2024-09-14 21:41:39,958][    INFO] Iters: 0, Total loss: 0.013, Loss x: 0.025, Loss s: 0.001, Mask ratio: 0.991
[2024-09-14 21:42:10,193][    INFO] Iters: 100, Total loss: 0.007, Loss x: 0.011, Loss s: 0.003, Mask ratio: 0.981
[2024-09-14 21:42:40,462][    INFO] Iters: 200, Total loss: 0.007, Loss x: 0.011, Loss s: 0.003, Mask ratio: 0.980
[2024-09-14 21:43:10,687][    INFO] Iters: 300, Total loss: 0.007, Loss x: 0.011, Loss s: 0.003, Mask ratio: 0.981
[2024-09-14 21:43:40,950][    INFO] Iters: 400, Total loss: 0.007, Loss x: 0.011, Loss s: 0.003, Mask ratio: 0.981
[2024-09-14 21:44:11,246][    INFO] Iters: 500, Total loss: 0.007, Loss x: 0.011, Loss s: 0.003, Mask ratio: 0.981
[2024-09-14 21:44:41,597][    INFO] Iters: 600, Total loss: 0.007, Loss x: 0.011, Loss s: 0.003, Mask ratio: 0.981
[2024-09-14 21:45:11,969][    INFO] Iters: 700, Total loss: 0.007, Loss x: 0.011, Loss s: 0.003, Mask ratio: 0.981
[2024-09-14 21:45:42,272][    INFO] Iters: 800, Total loss: 0.007, Loss x: 0.011, Loss s: 0.003, Mask ratio: 0.981
[2024-09-14 21:47:03,893][    INFO] ***** Evaluation ***** >>>> Unchanged IoU: 98.98, EMA: 98.99
[2024-09-14 21:47:03,893][    INFO] ***** Evaluation ***** >>>> Changed IoU: 82.18: EMA: 82.45
[2024-09-14 21:47:03,893][    INFO] ***** Evaluation ***** >>>> Overall Accuracy: 99.03, EMA: 99.04

[2024-09-14 21:47:04,674][    INFO] ===========> Epoch: 31, LR: 0.0000026, Previous best Changed IoU: 82.29, Overall Accuracy: 99.02 @epoch-26, EMA: Changed IoU: 82.45, Overall Accuracy: 99.03 @epoch-28
[2024-09-14 21:47:05,600][    INFO] Iters: 0, Total loss: 0.007, Loss x: 0.010, Loss s: 0.004, Mask ratio: 0.986
[2024-09-14 21:47:35,844][    INFO] Iters: 100, Total loss: 0.007, Loss x: 0.011, Loss s: 0.003, Mask ratio: 0.982
[2024-09-14 21:48:06,063][    INFO] Iters: 200, Total loss: 0.007, Loss x: 0.011, Loss s: 0.003, Mask ratio: 0.982
[2024-09-14 21:48:36,370][    INFO] Iters: 300, Total loss: 0.007, Loss x: 0.010, Loss s: 0.003, Mask ratio: 0.982
[2024-09-14 21:49:06,705][    INFO] Iters: 400, Total loss: 0.007, Loss x: 0.011, Loss s: 0.003, Mask ratio: 0.981
[2024-09-14 21:49:37,020][    INFO] Iters: 500, Total loss: 0.007, Loss x: 0.011, Loss s: 0.003, Mask ratio: 0.982
[2024-09-14 21:50:07,298][    INFO] Iters: 600, Total loss: 0.007, Loss x: 0.011, Loss s: 0.003, Mask ratio: 0.982
[2024-09-14 21:50:37,570][    INFO] Iters: 700, Total loss: 0.007, Loss x: 0.011, Loss s: 0.003, Mask ratio: 0.982
[2024-09-14 21:51:07,846][    INFO] Iters: 800, Total loss: 0.007, Loss x: 0.011, Loss s: 0.003, Mask ratio: 0.982
[2024-09-14 21:52:29,919][    INFO] ***** Evaluation ***** >>>> Unchanged IoU: 98.98, EMA: 98.99
[2024-09-14 21:52:29,919][    INFO] ***** Evaluation ***** >>>> Changed IoU: 82.58: EMA: 82.48
[2024-09-14 21:52:29,919][    INFO] ***** Evaluation ***** >>>> Overall Accuracy: 99.03, EMA: 99.04

[2024-09-14 21:52:31,458][    INFO] ===========> Epoch: 32, LR: 0.0000025, Previous best Changed IoU: 82.58, Overall Accuracy: 99.03 @epoch-31, EMA: Changed IoU: 82.48, Overall Accuracy: 99.04 @epoch-31
[2024-09-14 21:52:32,405][    INFO] Iters: 0, Total loss: 0.008, Loss x: 0.015, Loss s: 0.001, Mask ratio: 0.996
[2024-09-14 21:53:02,696][    INFO] Iters: 100, Total loss: 0.007, Loss x: 0.011, Loss s: 0.003, Mask ratio: 0.981
[2024-09-14 21:53:32,977][    INFO] Iters: 200, Total loss: 0.007, Loss x: 0.011, Loss s: 0.003, Mask ratio: 0.981
[2024-09-14 21:54:03,235][    INFO] Iters: 300, Total loss: 0.007, Loss x: 0.011, Loss s: 0.003, Mask ratio: 0.981
[2024-09-14 21:54:33,523][    INFO] Iters: 400, Total loss: 0.007, Loss x: 0.011, Loss s: 0.003, Mask ratio: 0.982
[2024-09-14 21:55:03,840][    INFO] Iters: 500, Total loss: 0.007, Loss x: 0.011, Loss s: 0.003, Mask ratio: 0.982
[2024-09-14 21:55:34,163][    INFO] Iters: 600, Total loss: 0.007, Loss x: 0.011, Loss s: 0.003, Mask ratio: 0.982
[2024-09-14 21:56:04,458][    INFO] Iters: 700, Total loss: 0.007, Loss x: 0.011, Loss s: 0.003, Mask ratio: 0.982
[2024-09-14 21:56:34,757][    INFO] Iters: 800, Total loss: 0.007, Loss x: 0.011, Loss s: 0.003, Mask ratio: 0.982
[2024-09-14 21:57:57,383][    INFO] ***** Evaluation ***** >>>> Unchanged IoU: 98.96, EMA: 98.99
[2024-09-14 21:57:57,383][    INFO] ***** Evaluation ***** >>>> Changed IoU: 81.80: EMA: 82.44
[2024-09-14 21:57:57,383][    INFO] ***** Evaluation ***** >>>> Overall Accuracy: 99.01, EMA: 99.03

[2024-09-14 21:57:58,270][    INFO] ===========> Epoch: 33, LR: 0.0000024, Previous best Changed IoU: 82.58, Overall Accuracy: 99.03 @epoch-31, EMA: Changed IoU: 82.48, Overall Accuracy: 99.04 @epoch-31
[2024-09-14 21:57:59,222][    INFO] Iters: 0, Total loss: 0.005, Loss x: 0.009, Loss s: 0.002, Mask ratio: 0.996
[2024-09-14 21:58:29,503][    INFO] Iters: 100, Total loss: 0.007, Loss x: 0.012, Loss s: 0.003, Mask ratio: 0.983
[2024-09-14 21:58:59,683][    INFO] Iters: 200, Total loss: 0.007, Loss x: 0.011, Loss s: 0.003, Mask ratio: 0.983
[2024-09-14 21:59:29,845][    INFO] Iters: 300, Total loss: 0.007, Loss x: 0.011, Loss s: 0.003, Mask ratio: 0.983
[2024-09-14 22:00:00,073][    INFO] Iters: 400, Total loss: 0.007, Loss x: 0.011, Loss s: 0.003, Mask ratio: 0.983
[2024-09-14 22:00:30,319][    INFO] Iters: 500, Total loss: 0.007, Loss x: 0.011, Loss s: 0.003, Mask ratio: 0.983
[2024-09-14 22:01:00,613][    INFO] Iters: 600, Total loss: 0.007, Loss x: 0.011, Loss s: 0.003, Mask ratio: 0.983
[2024-09-14 22:01:30,917][    INFO] Iters: 700, Total loss: 0.007, Loss x: 0.011, Loss s: 0.003, Mask ratio: 0.983
[2024-09-14 22:02:01,211][    INFO] Iters: 800, Total loss: 0.007, Loss x: 0.011, Loss s: 0.003, Mask ratio: 0.983
[2024-09-14 22:03:23,368][    INFO] ***** Evaluation ***** >>>> Unchanged IoU: 98.96, EMA: 98.99
[2024-09-14 22:03:23,368][    INFO] ***** Evaluation ***** >>>> Changed IoU: 82.19: EMA: 82.41
[2024-09-14 22:03:23,368][    INFO] ***** Evaluation ***** >>>> Overall Accuracy: 99.01, EMA: 99.03

[2024-09-14 22:03:24,091][    INFO] ===========> Epoch: 34, LR: 0.0000024, Previous best Changed IoU: 82.58, Overall Accuracy: 99.03 @epoch-31, EMA: Changed IoU: 82.48, Overall Accuracy: 99.04 @epoch-31
[2024-09-14 22:03:24,989][    INFO] Iters: 0, Total loss: 0.008, Loss x: 0.011, Loss s: 0.004, Mask ratio: 0.979
[2024-09-14 22:03:55,197][    INFO] Iters: 100, Total loss: 0.006, Loss x: 0.010, Loss s: 0.003, Mask ratio: 0.982
[2024-09-14 22:04:25,420][    INFO] Iters: 200, Total loss: 0.007, Loss x: 0.010, Loss s: 0.003, Mask ratio: 0.983
[2024-09-14 22:04:55,795][    INFO] Iters: 300, Total loss: 0.007, Loss x: 0.010, Loss s: 0.003, Mask ratio: 0.983
[2024-09-14 22:05:26,048][    INFO] Iters: 400, Total loss: 0.006, Loss x: 0.010, Loss s: 0.003, Mask ratio: 0.983
[2024-09-14 22:05:56,319][    INFO] Iters: 500, Total loss: 0.006, Loss x: 0.010, Loss s: 0.003, Mask ratio: 0.983
[2024-09-14 22:06:26,605][    INFO] Iters: 600, Total loss: 0.007, Loss x: 0.010, Loss s: 0.003, Mask ratio: 0.983
[2024-09-14 22:06:56,867][    INFO] Iters: 700, Total loss: 0.007, Loss x: 0.010, Loss s: 0.003, Mask ratio: 0.983
[2024-09-14 22:07:27,083][    INFO] Iters: 800, Total loss: 0.007, Loss x: 0.010, Loss s: 0.003, Mask ratio: 0.983
[2024-09-14 22:08:49,513][    INFO] ***** Evaluation ***** >>>> Unchanged IoU: 98.98, EMA: 98.99
[2024-09-14 22:08:49,513][    INFO] ***** Evaluation ***** >>>> Changed IoU: 82.25: EMA: 82.41
[2024-09-14 22:08:49,513][    INFO] ***** Evaluation ***** >>>> Overall Accuracy: 99.03, EMA: 99.03

[2024-09-14 22:08:50,398][    INFO] ===========> Epoch: 35, LR: 0.0000023, Previous best Changed IoU: 82.58, Overall Accuracy: 99.03 @epoch-31, EMA: Changed IoU: 82.48, Overall Accuracy: 99.04 @epoch-31
[2024-09-14 22:08:51,318][    INFO] Iters: 0, Total loss: 0.006, Loss x: 0.009, Loss s: 0.003, Mask ratio: 0.987
[2024-09-14 22:09:21,572][    INFO] Iters: 100, Total loss: 0.007, Loss x: 0.011, Loss s: 0.003, Mask ratio: 0.985
[2024-09-14 22:09:51,797][    INFO] Iters: 200, Total loss: 0.007, Loss x: 0.010, Loss s: 0.003, Mask ratio: 0.984
[2024-09-14 22:10:22,064][    INFO] Iters: 300, Total loss: 0.007, Loss x: 0.010, Loss s: 0.003, Mask ratio: 0.984
[2024-09-14 22:10:52,370][    INFO] Iters: 400, Total loss: 0.007, Loss x: 0.010, Loss s: 0.003, Mask ratio: 0.983
[2024-09-14 22:11:22,701][    INFO] Iters: 500, Total loss: 0.007, Loss x: 0.010, Loss s: 0.003, Mask ratio: 0.983
[2024-09-14 22:11:52,990][    INFO] Iters: 600, Total loss: 0.007, Loss x: 0.010, Loss s: 0.003, Mask ratio: 0.983
[2024-09-14 22:12:23,234][    INFO] Iters: 700, Total loss: 0.006, Loss x: 0.010, Loss s: 0.003, Mask ratio: 0.983
[2024-09-14 22:12:53,476][    INFO] Iters: 800, Total loss: 0.006, Loss x: 0.010, Loss s: 0.003, Mask ratio: 0.983
[2024-09-14 22:14:17,458][    INFO] ***** Evaluation ***** >>>> Unchanged IoU: 98.99, EMA: 98.99
[2024-09-14 22:14:17,458][    INFO] ***** Evaluation ***** >>>> Changed IoU: 82.48: EMA: 82.53
[2024-09-14 22:14:17,458][    INFO] ***** Evaluation ***** >>>> Overall Accuracy: 99.03, EMA: 99.04

[2024-09-14 22:14:18,980][    INFO] ===========> Epoch: 36, LR: 0.0000022, Previous best Changed IoU: 82.58, Overall Accuracy: 99.03 @epoch-31, EMA: Changed IoU: 82.53, Overall Accuracy: 99.04 @epoch-35
[2024-09-14 22:14:19,924][    INFO] Iters: 0, Total loss: 0.008, Loss x: 0.014, Loss s: 0.002, Mask ratio: 0.993
[2024-09-14 22:14:50,458][    INFO] Iters: 100, Total loss: 0.006, Loss x: 0.010, Loss s: 0.003, Mask ratio: 0.983
[2024-09-14 22:15:20,904][    INFO] Iters: 200, Total loss: 0.007, Loss x: 0.011, Loss s: 0.003, Mask ratio: 0.984
[2024-09-14 22:15:51,291][    INFO] Iters: 300, Total loss: 0.006, Loss x: 0.010, Loss s: 0.003, Mask ratio: 0.983
[2024-09-14 22:16:21,615][    INFO] Iters: 400, Total loss: 0.006, Loss x: 0.010, Loss s: 0.003, Mask ratio: 0.983
[2024-09-14 22:16:51,854][    INFO] Iters: 500, Total loss: 0.006, Loss x: 0.010, Loss s: 0.003, Mask ratio: 0.983
[2024-09-14 22:17:22,066][    INFO] Iters: 600, Total loss: 0.006, Loss x: 0.010, Loss s: 0.003, Mask ratio: 0.983
[2024-09-14 22:17:52,334][    INFO] Iters: 700, Total loss: 0.006, Loss x: 0.010, Loss s: 0.003, Mask ratio: 0.983
[2024-09-14 22:18:22,650][    INFO] Iters: 800, Total loss: 0.006, Loss x: 0.010, Loss s: 0.003, Mask ratio: 0.983
[2024-09-14 22:19:45,598][    INFO] ***** Evaluation ***** >>>> Unchanged IoU: 98.99, EMA: 98.99
[2024-09-14 22:19:45,598][    INFO] ***** Evaluation ***** >>>> Changed IoU: 82.49: EMA: 82.54
[2024-09-14 22:19:45,598][    INFO] ***** Evaluation ***** >>>> Overall Accuracy: 99.03, EMA: 99.04

[2024-09-14 22:19:47,042][    INFO] ===========> Epoch: 37, LR: 0.0000021, Previous best Changed IoU: 82.58, Overall Accuracy: 99.03 @epoch-31, EMA: Changed IoU: 82.54, Overall Accuracy: 99.04 @epoch-36
[2024-09-14 22:19:47,963][    INFO] Iters: 0, Total loss: 0.006, Loss x: 0.012, Loss s: 0.000, Mask ratio: 0.998
[2024-09-14 22:20:18,183][    INFO] Iters: 100, Total loss: 0.007, Loss x: 0.011, Loss s: 0.004, Mask ratio: 0.983
[2024-09-14 22:20:48,394][    INFO] Iters: 200, Total loss: 0.007, Loss x: 0.011, Loss s: 0.003, Mask ratio: 0.983
[2024-09-14 22:21:18,685][    INFO] Iters: 300, Total loss: 0.007, Loss x: 0.011, Loss s: 0.003, Mask ratio: 0.982
[2024-09-14 22:21:48,969][    INFO] Iters: 400, Total loss: 0.007, Loss x: 0.010, Loss s: 0.003, Mask ratio: 0.983
[2024-09-14 22:22:19,297][    INFO] Iters: 500, Total loss: 0.007, Loss x: 0.010, Loss s: 0.003, Mask ratio: 0.984
[2024-09-14 22:22:49,649][    INFO] Iters: 600, Total loss: 0.006, Loss x: 0.010, Loss s: 0.003, Mask ratio: 0.983
[2024-09-14 22:23:20,021][    INFO] Iters: 700, Total loss: 0.006, Loss x: 0.010, Loss s: 0.003, Mask ratio: 0.984
[2024-09-14 22:23:50,275][    INFO] Iters: 800, Total loss: 0.006, Loss x: 0.010, Loss s: 0.003, Mask ratio: 0.984
[2024-09-14 22:25:12,781][    INFO] ***** Evaluation ***** >>>> Unchanged IoU: 98.97, EMA: 98.99
[2024-09-14 22:25:12,782][    INFO] ***** Evaluation ***** >>>> Changed IoU: 81.89: EMA: 82.39
[2024-09-14 22:25:12,782][    INFO] ***** Evaluation ***** >>>> Overall Accuracy: 99.02, EMA: 99.03

[2024-09-14 22:25:13,486][    INFO] ===========> Epoch: 38, LR: 0.0000020, Previous best Changed IoU: 82.58, Overall Accuracy: 99.03 @epoch-31, EMA: Changed IoU: 82.54, Overall Accuracy: 99.04 @epoch-36
[2024-09-14 22:25:14,354][    INFO] Iters: 0, Total loss: 0.003, Loss x: 0.004, Loss s: 0.002, Mask ratio: 0.985
[2024-09-14 22:25:44,581][    INFO] Iters: 100, Total loss: 0.006, Loss x: 0.010, Loss s: 0.003, Mask ratio: 0.983
[2024-09-14 22:26:14,856][    INFO] Iters: 200, Total loss: 0.007, Loss x: 0.010, Loss s: 0.003, Mask ratio: 0.984
[2024-09-14 22:26:45,127][    INFO] Iters: 300, Total loss: 0.007, Loss x: 0.010, Loss s: 0.003, Mask ratio: 0.983
[2024-09-14 22:27:15,337][    INFO] Iters: 400, Total loss: 0.007, Loss x: 0.010, Loss s: 0.003, Mask ratio: 0.984
[2024-09-14 22:27:45,545][    INFO] Iters: 500, Total loss: 0.006, Loss x: 0.010, Loss s: 0.003, Mask ratio: 0.984
[2024-09-14 22:28:15,789][    INFO] Iters: 600, Total loss: 0.006, Loss x: 0.010, Loss s: 0.003, Mask ratio: 0.984
[2024-09-14 22:28:46,061][    INFO] Iters: 700, Total loss: 0.006, Loss x: 0.010, Loss s: 0.003, Mask ratio: 0.984
[2024-09-14 22:29:16,407][    INFO] Iters: 800, Total loss: 0.006, Loss x: 0.010, Loss s: 0.003, Mask ratio: 0.984
[2024-09-14 22:30:39,019][    INFO] ***** Evaluation ***** >>>> Unchanged IoU: 98.98, EMA: 98.99
[2024-09-14 22:30:39,019][    INFO] ***** Evaluation ***** >>>> Changed IoU: 82.33: EMA: 82.57
[2024-09-14 22:30:39,019][    INFO] ***** Evaluation ***** >>>> Overall Accuracy: 99.03, EMA: 99.04

[2024-09-14 22:30:40,595][    INFO] ===========> Epoch: 39, LR: 0.0000019, Previous best Changed IoU: 82.58, Overall Accuracy: 99.03 @epoch-31, EMA: Changed IoU: 82.57, Overall Accuracy: 99.04 @epoch-38
[2024-09-14 22:30:41,534][    INFO] Iters: 0, Total loss: 0.009, Loss x: 0.014, Loss s: 0.005, Mask ratio: 0.978
[2024-09-14 22:31:11,807][    INFO] Iters: 100, Total loss: 0.006, Loss x: 0.010, Loss s: 0.003, Mask ratio: 0.983
[2024-09-14 22:31:42,119][    INFO] Iters: 200, Total loss: 0.006, Loss x: 0.010, Loss s: 0.003, Mask ratio: 0.984
[2024-09-14 22:32:12,386][    INFO] Iters: 300, Total loss: 0.006, Loss x: 0.010, Loss s: 0.003, Mask ratio: 0.984
[2024-09-14 22:32:42,698][    INFO] Iters: 400, Total loss: 0.006, Loss x: 0.009, Loss s: 0.003, Mask ratio: 0.984
[2024-09-14 22:33:12,976][    INFO] Iters: 500, Total loss: 0.006, Loss x: 0.009, Loss s: 0.003, Mask ratio: 0.984
[2024-09-14 22:33:43,431][    INFO] Iters: 600, Total loss: 0.006, Loss x: 0.010, Loss s: 0.003, Mask ratio: 0.984
[2024-09-14 22:34:13,682][    INFO] Iters: 700, Total loss: 0.006, Loss x: 0.010, Loss s: 0.003, Mask ratio: 0.984
[2024-09-14 22:34:43,866][    INFO] Iters: 800, Total loss: 0.006, Loss x: 0.010, Loss s: 0.003, Mask ratio: 0.984
[2024-09-14 22:36:05,761][    INFO] ***** Evaluation ***** >>>> Unchanged IoU: 99.00, EMA: 99.00
[2024-09-14 22:36:05,761][    INFO] ***** Evaluation ***** >>>> Changed IoU: 82.59: EMA: 82.68
[2024-09-14 22:36:05,761][    INFO] ***** Evaluation ***** >>>> Overall Accuracy: 99.04, EMA: 99.05

[2024-09-14 22:36:07,184][    INFO] ===========> Epoch: 40, LR: 0.0000019, Previous best Changed IoU: 82.59, Overall Accuracy: 99.04 @epoch-39, EMA: Changed IoU: 82.68, Overall Accuracy: 99.05 @epoch-39
[2024-09-14 22:36:08,106][    INFO] Iters: 0, Total loss: 0.013, Loss x: 0.020, Loss s: 0.006, Mask ratio: 0.979
[2024-09-14 22:36:38,373][    INFO] Iters: 100, Total loss: 0.006, Loss x: 0.009, Loss s: 0.003, Mask ratio: 0.986
[2024-09-14 22:37:08,657][    INFO] Iters: 200, Total loss: 0.006, Loss x: 0.009, Loss s: 0.003, Mask ratio: 0.985
[2024-09-14 22:37:38,952][    INFO] Iters: 300, Total loss: 0.006, Loss x: 0.009, Loss s: 0.003, Mask ratio: 0.985
[2024-09-14 22:38:09,203][    INFO] Iters: 400, Total loss: 0.006, Loss x: 0.009, Loss s: 0.003, Mask ratio: 0.985
[2024-09-14 22:38:39,501][    INFO] Iters: 500, Total loss: 0.006, Loss x: 0.009, Loss s: 0.003, Mask ratio: 0.985
[2024-09-14 22:39:09,799][    INFO] Iters: 600, Total loss: 0.006, Loss x: 0.010, Loss s: 0.003, Mask ratio: 0.985
[2024-09-14 22:39:40,129][    INFO] Iters: 700, Total loss: 0.006, Loss x: 0.010, Loss s: 0.003, Mask ratio: 0.985
[2024-09-14 22:40:10,455][    INFO] Iters: 800, Total loss: 0.006, Loss x: 0.010, Loss s: 0.003, Mask ratio: 0.984
[2024-09-14 22:41:32,396][    INFO] ***** Evaluation ***** >>>> Unchanged IoU: 98.97, EMA: 99.00
[2024-09-14 22:41:32,396][    INFO] ***** Evaluation ***** >>>> Changed IoU: 82.30: EMA: 82.61
[2024-09-14 22:41:32,396][    INFO] ***** Evaluation ***** >>>> Overall Accuracy: 99.02, EMA: 99.04

[2024-09-14 22:41:33,164][    INFO] ===========> Epoch: 41, LR: 0.0000018, Previous best Changed IoU: 82.59, Overall Accuracy: 99.04 @epoch-39, EMA: Changed IoU: 82.68, Overall Accuracy: 99.05 @epoch-39
[2024-09-14 22:41:34,082][    INFO] Iters: 0, Total loss: 0.009, Loss x: 0.015, Loss s: 0.003, Mask ratio: 0.983
[2024-09-14 22:42:04,404][    INFO] Iters: 100, Total loss: 0.006, Loss x: 0.009, Loss s: 0.003, Mask ratio: 0.984
[2024-09-14 22:42:34,607][    INFO] Iters: 200, Total loss: 0.006, Loss x: 0.009, Loss s: 0.003, Mask ratio: 0.985
[2024-09-14 22:43:04,859][    INFO] Iters: 300, Total loss: 0.006, Loss x: 0.009, Loss s: 0.003, Mask ratio: 0.985
[2024-09-14 22:43:35,070][    INFO] Iters: 400, Total loss: 0.006, Loss x: 0.009, Loss s: 0.003, Mask ratio: 0.985
[2024-09-14 22:44:05,247][    INFO] Iters: 500, Total loss: 0.006, Loss x: 0.009, Loss s: 0.003, Mask ratio: 0.985
[2024-09-14 22:44:35,457][    INFO] Iters: 600, Total loss: 0.006, Loss x: 0.009, Loss s: 0.003, Mask ratio: 0.985
[2024-09-14 22:45:05,694][    INFO] Iters: 700, Total loss: 0.006, Loss x: 0.009, Loss s: 0.003, Mask ratio: 0.985
[2024-09-14 22:45:35,918][    INFO] Iters: 800, Total loss: 0.006, Loss x: 0.009, Loss s: 0.003, Mask ratio: 0.985
[2024-09-14 22:46:57,443][    INFO] ***** Evaluation ***** >>>> Unchanged IoU: 99.00, EMA: 99.00
[2024-09-14 22:46:57,444][    INFO] ***** Evaluation ***** >>>> Changed IoU: 82.60: EMA: 82.65
[2024-09-14 22:46:57,444][    INFO] ***** Evaluation ***** >>>> Overall Accuracy: 99.05, EMA: 99.05

[2024-09-14 22:46:58,232][    INFO] ===========> Epoch: 42, LR: 0.0000017, Previous best Changed IoU: 82.60, Overall Accuracy: 99.05 @epoch-41, EMA: Changed IoU: 82.68, Overall Accuracy: 99.05 @epoch-39
[2024-09-14 22:46:59,181][    INFO] Iters: 0, Total loss: 0.001, Loss x: 0.001, Loss s: 0.001, Mask ratio: 0.985
[2024-09-14 22:47:29,423][    INFO] Iters: 100, Total loss: 0.006, Loss x: 0.009, Loss s: 0.003, Mask ratio: 0.984
[2024-09-14 22:47:59,588][    INFO] Iters: 200, Total loss: 0.006, Loss x: 0.010, Loss s: 0.003, Mask ratio: 0.985
[2024-09-14 22:48:29,782][    INFO] Iters: 300, Total loss: 0.006, Loss x: 0.009, Loss s: 0.003, Mask ratio: 0.985
[2024-09-14 22:48:59,985][    INFO] Iters: 400, Total loss: 0.006, Loss x: 0.009, Loss s: 0.003, Mask ratio: 0.985
[2024-09-14 22:49:30,264][    INFO] Iters: 500, Total loss: 0.006, Loss x: 0.009, Loss s: 0.003, Mask ratio: 0.985
[2024-09-14 22:50:00,533][    INFO] Iters: 600, Total loss: 0.006, Loss x: 0.009, Loss s: 0.003, Mask ratio: 0.985
[2024-09-14 22:50:30,779][    INFO] Iters: 700, Total loss: 0.006, Loss x: 0.009, Loss s: 0.003, Mask ratio: 0.985
[2024-09-14 22:51:01,035][    INFO] Iters: 800, Total loss: 0.006, Loss x: 0.009, Loss s: 0.003, Mask ratio: 0.985
[2024-09-14 22:52:22,263][    INFO] ***** Evaluation ***** >>>> Unchanged IoU: 98.99, EMA: 99.01
[2024-09-14 22:52:22,263][    INFO] ***** Evaluation ***** >>>> Changed IoU: 82.63: EMA: 82.71
[2024-09-14 22:52:22,263][    INFO] ***** Evaluation ***** >>>> Overall Accuracy: 99.04, EMA: 99.05

[2024-09-14 22:52:23,679][    INFO] ===========> Epoch: 43, LR: 0.0000016, Previous best Changed IoU: 82.63, Overall Accuracy: 99.04 @epoch-42, EMA: Changed IoU: 82.71, Overall Accuracy: 99.05 @epoch-42
[2024-09-14 22:52:24,617][    INFO] Iters: 0, Total loss: 0.004, Loss x: 0.007, Loss s: 0.002, Mask ratio: 0.979
[2024-09-14 22:52:54,860][    INFO] Iters: 100, Total loss: 0.006, Loss x: 0.008, Loss s: 0.003, Mask ratio: 0.985
[2024-09-14 22:53:25,117][    INFO] Iters: 200, Total loss: 0.006, Loss x: 0.009, Loss s: 0.003, Mask ratio: 0.986
[2024-09-14 22:53:55,370][    INFO] Iters: 300, Total loss: 0.006, Loss x: 0.009, Loss s: 0.003, Mask ratio: 0.986
[2024-09-14 22:54:25,569][    INFO] Iters: 400, Total loss: 0.006, Loss x: 0.009, Loss s: 0.003, Mask ratio: 0.986
[2024-09-14 22:54:55,760][    INFO] Iters: 500, Total loss: 0.006, Loss x: 0.009, Loss s: 0.003, Mask ratio: 0.985
[2024-09-14 22:55:26,053][    INFO] Iters: 600, Total loss: 0.006, Loss x: 0.009, Loss s: 0.003, Mask ratio: 0.985
[2024-09-14 22:55:56,355][    INFO] Iters: 700, Total loss: 0.006, Loss x: 0.009, Loss s: 0.003, Mask ratio: 0.985
[2024-09-14 22:56:26,637][    INFO] Iters: 800, Total loss: 0.006, Loss x: 0.009, Loss s: 0.003, Mask ratio: 0.985
[2024-09-14 22:57:48,814][    INFO] ***** Evaluation ***** >>>> Unchanged IoU: 98.98, EMA: 99.00
[2024-09-14 22:57:48,814][    INFO] ***** Evaluation ***** >>>> Changed IoU: 82.17: EMA: 82.62
[2024-09-14 22:57:48,814][    INFO] ***** Evaluation ***** >>>> Overall Accuracy: 99.03, EMA: 99.04

[2024-09-14 22:57:49,612][    INFO] ===========> Epoch: 44, LR: 0.0000015, Previous best Changed IoU: 82.63, Overall Accuracy: 99.04 @epoch-42, EMA: Changed IoU: 82.71, Overall Accuracy: 99.05 @epoch-42
[2024-09-14 22:57:50,477][    INFO] Iters: 0, Total loss: 0.004, Loss x: 0.006, Loss s: 0.002, Mask ratio: 0.990
[2024-09-14 22:58:20,816][    INFO] Iters: 100, Total loss: 0.006, Loss x: 0.008, Loss s: 0.003, Mask ratio: 0.984
[2024-09-14 22:58:51,142][    INFO] Iters: 200, Total loss: 0.006, Loss x: 0.008, Loss s: 0.003, Mask ratio: 0.983
[2024-09-14 22:59:21,478][    INFO] Iters: 300, Total loss: 0.006, Loss x: 0.009, Loss s: 0.003, Mask ratio: 0.984
[2024-09-14 22:59:51,702][    INFO] Iters: 400, Total loss: 0.006, Loss x: 0.009, Loss s: 0.003, Mask ratio: 0.985
[2024-09-14 23:00:21,983][    INFO] Iters: 500, Total loss: 0.006, Loss x: 0.009, Loss s: 0.003, Mask ratio: 0.985
[2024-09-14 23:00:52,228][    INFO] Iters: 600, Total loss: 0.006, Loss x: 0.009, Loss s: 0.003, Mask ratio: 0.985
[2024-09-14 23:01:22,535][    INFO] Iters: 700, Total loss: 0.006, Loss x: 0.009, Loss s: 0.003, Mask ratio: 0.985
[2024-09-14 23:01:52,815][    INFO] Iters: 800, Total loss: 0.006, Loss x: 0.009, Loss s: 0.003, Mask ratio: 0.985
[2024-09-14 23:03:14,695][    INFO] ***** Evaluation ***** >>>> Unchanged IoU: 98.99, EMA: 98.99
[2024-09-14 23:03:14,695][    INFO] ***** Evaluation ***** >>>> Changed IoU: 82.55: EMA: 82.53
[2024-09-14 23:03:14,695][    INFO] ***** Evaluation ***** >>>> Overall Accuracy: 99.04, EMA: 99.04

[2024-09-14 23:03:15,417][    INFO] ===========> Epoch: 45, LR: 0.0000014, Previous best Changed IoU: 82.63, Overall Accuracy: 99.04 @epoch-42, EMA: Changed IoU: 82.71, Overall Accuracy: 99.05 @epoch-42
[2024-09-14 23:03:16,265][    INFO] Iters: 0, Total loss: 0.006, Loss x: 0.011, Loss s: 0.001, Mask ratio: 0.990
[2024-09-14 23:03:46,499][    INFO] Iters: 100, Total loss: 0.005, Loss x: 0.008, Loss s: 0.002, Mask ratio: 0.986
[2024-09-14 23:04:16,759][    INFO] Iters: 200, Total loss: 0.006, Loss x: 0.008, Loss s: 0.003, Mask ratio: 0.986
[2024-09-14 23:04:47,232][    INFO] Iters: 300, Total loss: 0.006, Loss x: 0.009, Loss s: 0.003, Mask ratio: 0.986
[2024-09-14 23:05:17,401][    INFO] Iters: 400, Total loss: 0.006, Loss x: 0.009, Loss s: 0.003, Mask ratio: 0.985
[2024-09-14 23:05:47,584][    INFO] Iters: 500, Total loss: 0.006, Loss x: 0.009, Loss s: 0.003, Mask ratio: 0.986
[2024-09-14 23:06:17,771][    INFO] Iters: 600, Total loss: 0.006, Loss x: 0.009, Loss s: 0.003, Mask ratio: 0.986
[2024-09-14 23:06:48,029][    INFO] Iters: 700, Total loss: 0.006, Loss x: 0.009, Loss s: 0.003, Mask ratio: 0.986
[2024-09-14 23:07:18,326][    INFO] Iters: 800, Total loss: 0.006, Loss x: 0.009, Loss s: 0.003, Mask ratio: 0.986
[2024-09-14 23:08:40,630][    INFO] ***** Evaluation ***** >>>> Unchanged IoU: 98.99, EMA: 99.00
[2024-09-14 23:08:40,630][    INFO] ***** Evaluation ***** >>>> Changed IoU: 82.49: EMA: 82.55
[2024-09-14 23:08:40,630][    INFO] ***** Evaluation ***** >>>> Overall Accuracy: 99.04, EMA: 99.04

[2024-09-14 23:08:41,400][    INFO] ===========> Epoch: 46, LR: 0.0000013, Previous best Changed IoU: 82.63, Overall Accuracy: 99.04 @epoch-42, EMA: Changed IoU: 82.71, Overall Accuracy: 99.05 @epoch-42
[2024-09-14 23:08:42,308][    INFO] Iters: 0, Total loss: 0.009, Loss x: 0.014, Loss s: 0.004, Mask ratio: 0.967
[2024-09-14 23:09:12,512][    INFO] Iters: 100, Total loss: 0.006, Loss x: 0.009, Loss s: 0.003, Mask ratio: 0.985
[2024-09-14 23:09:42,690][    INFO] Iters: 200, Total loss: 0.006, Loss x: 0.009, Loss s: 0.003, Mask ratio: 0.986
[2024-09-14 23:10:12,866][    INFO] Iters: 300, Total loss: 0.006, Loss x: 0.009, Loss s: 0.003, Mask ratio: 0.985
[2024-09-14 23:10:43,040][    INFO] Iters: 400, Total loss: 0.006, Loss x: 0.009, Loss s: 0.003, Mask ratio: 0.986
[2024-09-14 23:11:13,282][    INFO] Iters: 500, Total loss: 0.006, Loss x: 0.009, Loss s: 0.003, Mask ratio: 0.986
[2024-09-14 23:11:43,525][    INFO] Iters: 600, Total loss: 0.006, Loss x: 0.009, Loss s: 0.003, Mask ratio: 0.986
[2024-09-14 23:12:13,823][    INFO] Iters: 700, Total loss: 0.006, Loss x: 0.009, Loss s: 0.003, Mask ratio: 0.986
[2024-09-14 23:12:44,050][    INFO] Iters: 800, Total loss: 0.006, Loss x: 0.009, Loss s: 0.003, Mask ratio: 0.986
[2024-09-14 23:14:06,107][    INFO] ***** Evaluation ***** >>>> Unchanged IoU: 98.99, EMA: 99.00
[2024-09-14 23:14:06,108][    INFO] ***** Evaluation ***** >>>> Changed IoU: 82.39: EMA: 82.62
[2024-09-14 23:14:06,108][    INFO] ***** Evaluation ***** >>>> Overall Accuracy: 99.04, EMA: 99.04

[2024-09-14 23:14:06,871][    INFO] ===========> Epoch: 47, LR: 0.0000013, Previous best Changed IoU: 82.63, Overall Accuracy: 99.04 @epoch-42, EMA: Changed IoU: 82.71, Overall Accuracy: 99.05 @epoch-42
[2024-09-14 23:14:07,791][    INFO] Iters: 0, Total loss: 0.005, Loss x: 0.007, Loss s: 0.004, Mask ratio: 0.989
[2024-09-14 23:14:38,094][    INFO] Iters: 100, Total loss: 0.006, Loss x: 0.008, Loss s: 0.003, Mask ratio: 0.986
[2024-09-14 23:15:08,356][    INFO] Iters: 200, Total loss: 0.005, Loss x: 0.008, Loss s: 0.003, Mask ratio: 0.986
[2024-09-14 23:15:38,686][    INFO] Iters: 300, Total loss: 0.006, Loss x: 0.008, Loss s: 0.003, Mask ratio: 0.986
[2024-09-14 23:16:09,023][    INFO] Iters: 400, Total loss: 0.006, Loss x: 0.009, Loss s: 0.003, Mask ratio: 0.986
[2024-09-14 23:16:39,369][    INFO] Iters: 500, Total loss: 0.006, Loss x: 0.008, Loss s: 0.003, Mask ratio: 0.986
[2024-09-14 23:17:09,730][    INFO] Iters: 600, Total loss: 0.006, Loss x: 0.009, Loss s: 0.003, Mask ratio: 0.986
[2024-09-14 23:17:40,026][    INFO] Iters: 700, Total loss: 0.006, Loss x: 0.009, Loss s: 0.003, Mask ratio: 0.986
[2024-09-14 23:18:10,297][    INFO] Iters: 800, Total loss: 0.006, Loss x: 0.009, Loss s: 0.003, Mask ratio: 0.986
[2024-09-14 23:19:31,414][    INFO] ***** Evaluation ***** >>>> Unchanged IoU: 98.99, EMA: 99.00
[2024-09-14 23:19:31,415][    INFO] ***** Evaluation ***** >>>> Changed IoU: 82.31: EMA: 82.57
[2024-09-14 23:19:31,415][    INFO] ***** Evaluation ***** >>>> Overall Accuracy: 99.03, EMA: 99.04

[2024-09-14 23:19:32,177][    INFO] ===========> Epoch: 48, LR: 0.0000012, Previous best Changed IoU: 82.63, Overall Accuracy: 99.04 @epoch-42, EMA: Changed IoU: 82.71, Overall Accuracy: 99.05 @epoch-42
[2024-09-14 23:19:33,003][    INFO] Iters: 0, Total loss: 0.003, Loss x: 0.004, Loss s: 0.003, Mask ratio: 0.983
[2024-09-14 23:20:03,737][    INFO] Iters: 100, Total loss: 0.005, Loss x: 0.008, Loss s: 0.003, Mask ratio: 0.987
[2024-09-14 23:20:34,075][    INFO] Iters: 200, Total loss: 0.005, Loss x: 0.008, Loss s: 0.003, Mask ratio: 0.986
[2024-09-14 23:21:05,990][    INFO] Iters: 300, Total loss: 0.006, Loss x: 0.008, Loss s: 0.003, Mask ratio: 0.986
[2024-09-14 23:21:36,297][    INFO] Iters: 400, Total loss: 0.006, Loss x: 0.008, Loss s: 0.003, Mask ratio: 0.986
[2024-09-14 23:22:06,573][    INFO] Iters: 500, Total loss: 0.006, Loss x: 0.008, Loss s: 0.003, Mask ratio: 0.986
[2024-09-14 23:22:37,005][    INFO] Iters: 600, Total loss: 0.006, Loss x: 0.008, Loss s: 0.003, Mask ratio: 0.986
[2024-09-14 23:23:07,367][    INFO] Iters: 700, Total loss: 0.006, Loss x: 0.009, Loss s: 0.003, Mask ratio: 0.986
[2024-09-14 23:23:37,710][    INFO] Iters: 800, Total loss: 0.006, Loss x: 0.009, Loss s: 0.003, Mask ratio: 0.986
[2024-09-14 23:25:01,609][    INFO] ***** Evaluation ***** >>>> Unchanged IoU: 99.00, EMA: 99.00
[2024-09-14 23:25:01,609][    INFO] ***** Evaluation ***** >>>> Changed IoU: 82.64: EMA: 82.61
[2024-09-14 23:25:01,609][    INFO] ***** Evaluation ***** >>>> Overall Accuracy: 99.04, EMA: 99.04

[2024-09-14 23:25:02,409][    INFO] ===========> Epoch: 49, LR: 0.0000011, Previous best Changed IoU: 82.64, Overall Accuracy: 99.04 @epoch-48, EMA: Changed IoU: 82.71, Overall Accuracy: 99.05 @epoch-42
[2024-09-14 23:25:03,255][    INFO] Iters: 0, Total loss: 0.011, Loss x: 0.019, Loss s: 0.002, Mask ratio: 0.973
[2024-09-14 23:25:33,575][    INFO] Iters: 100, Total loss: 0.006, Loss x: 0.008, Loss s: 0.003, Mask ratio: 0.986
[2024-09-14 23:26:03,886][    INFO] Iters: 200, Total loss: 0.006, Loss x: 0.008, Loss s: 0.003, Mask ratio: 0.986
[2024-09-14 23:26:34,174][    INFO] Iters: 300, Total loss: 0.006, Loss x: 0.009, Loss s: 0.003, Mask ratio: 0.986
[2024-09-14 23:27:04,410][    INFO] Iters: 400, Total loss: 0.006, Loss x: 0.009, Loss s: 0.003, Mask ratio: 0.986
[2024-09-14 23:27:34,637][    INFO] Iters: 500, Total loss: 0.006, Loss x: 0.009, Loss s: 0.003, Mask ratio: 0.986
[2024-09-14 23:28:04,850][    INFO] Iters: 600, Total loss: 0.006, Loss x: 0.009, Loss s: 0.003, Mask ratio: 0.986
[2024-09-14 23:28:35,144][    INFO] Iters: 700, Total loss: 0.006, Loss x: 0.009, Loss s: 0.003, Mask ratio: 0.986
[2024-09-14 23:29:05,448][    INFO] Iters: 800, Total loss: 0.006, Loss x: 0.008, Loss s: 0.003, Mask ratio: 0.986
[2024-09-14 23:30:28,423][    INFO] ***** Evaluation ***** >>>> Unchanged IoU: 99.00, EMA: 99.00
[2024-09-14 23:30:28,423][    INFO] ***** Evaluation ***** >>>> Changed IoU: 82.55: EMA: 82.59
[2024-09-14 23:30:28,423][    INFO] ***** Evaluation ***** >>>> Overall Accuracy: 99.04, EMA: 99.04

[2024-09-14 23:30:29,102][    INFO] ===========> Epoch: 50, LR: 0.0000010, Previous best Changed IoU: 82.64, Overall Accuracy: 99.04 @epoch-48, EMA: Changed IoU: 82.71, Overall Accuracy: 99.05 @epoch-42
[2024-09-14 23:30:29,953][    INFO] Iters: 0, Total loss: 0.011, Loss x: 0.022, Loss s: 0.001, Mask ratio: 0.997
[2024-09-14 23:31:00,609][    INFO] Iters: 100, Total loss: 0.006, Loss x: 0.009, Loss s: 0.003, Mask ratio: 0.987
[2024-09-14 23:31:30,922][    INFO] Iters: 200, Total loss: 0.006, Loss x: 0.008, Loss s: 0.003, Mask ratio: 0.986
[2024-09-14 23:32:01,183][    INFO] Iters: 300, Total loss: 0.005, Loss x: 0.008, Loss s: 0.003, Mask ratio: 0.987
[2024-09-14 23:32:31,443][    INFO] Iters: 400, Total loss: 0.006, Loss x: 0.008, Loss s: 0.003, Mask ratio: 0.987
[2024-09-14 23:33:01,773][    INFO] Iters: 500, Total loss: 0.006, Loss x: 0.008, Loss s: 0.003, Mask ratio: 0.987
[2024-09-14 23:33:32,102][    INFO] Iters: 600, Total loss: 0.006, Loss x: 0.008, Loss s: 0.003, Mask ratio: 0.986
[2024-09-14 23:34:02,449][    INFO] Iters: 700, Total loss: 0.006, Loss x: 0.008, Loss s: 0.003, Mask ratio: 0.986
[2024-09-14 23:34:32,722][    INFO] Iters: 800, Total loss: 0.006, Loss x: 0.008, Loss s: 0.003, Mask ratio: 0.987
[2024-09-14 23:35:55,166][    INFO] ***** Evaluation ***** >>>> Unchanged IoU: 98.99, EMA: 99.00
[2024-09-14 23:35:55,166][    INFO] ***** Evaluation ***** >>>> Changed IoU: 82.45: EMA: 82.57
[2024-09-14 23:35:55,166][    INFO] ***** Evaluation ***** >>>> Overall Accuracy: 99.04, EMA: 99.04

[2024-09-14 23:35:55,940][    INFO] ===========> Epoch: 51, LR: 0.0000009, Previous best Changed IoU: 82.64, Overall Accuracy: 99.04 @epoch-48, EMA: Changed IoU: 82.71, Overall Accuracy: 99.05 @epoch-42
[2024-09-14 23:35:56,868][    INFO] Iters: 0, Total loss: 0.003, Loss x: 0.005, Loss s: 0.001, Mask ratio: 0.996
[2024-09-14 23:36:27,171][    INFO] Iters: 100, Total loss: 0.006, Loss x: 0.008, Loss s: 0.003, Mask ratio: 0.986
[2024-09-14 23:36:57,522][    INFO] Iters: 200, Total loss: 0.006, Loss x: 0.008, Loss s: 0.003, Mask ratio: 0.986
[2024-09-14 23:37:27,918][    INFO] Iters: 300, Total loss: 0.006, Loss x: 0.009, Loss s: 0.003, Mask ratio: 0.987
[2024-09-14 23:37:58,254][    INFO] Iters: 400, Total loss: 0.006, Loss x: 0.008, Loss s: 0.003, Mask ratio: 0.987
[2024-09-14 23:38:28,520][    INFO] Iters: 500, Total loss: 0.006, Loss x: 0.008, Loss s: 0.003, Mask ratio: 0.986
[2024-09-14 23:38:58,915][    INFO] Iters: 600, Total loss: 0.006, Loss x: 0.008, Loss s: 0.003, Mask ratio: 0.987
[2024-09-14 23:39:29,233][    INFO] Iters: 700, Total loss: 0.006, Loss x: 0.008, Loss s: 0.003, Mask ratio: 0.987
[2024-09-14 23:39:59,581][    INFO] Iters: 800, Total loss: 0.006, Loss x: 0.008, Loss s: 0.003, Mask ratio: 0.987
[2024-09-14 23:41:20,838][    INFO] ***** Evaluation ***** >>>> Unchanged IoU: 98.99, EMA: 99.00
[2024-09-14 23:41:20,838][    INFO] ***** Evaluation ***** >>>> Changed IoU: 82.51: EMA: 82.64
[2024-09-14 23:41:20,838][    INFO] ***** Evaluation ***** >>>> Overall Accuracy: 99.04, EMA: 99.05

[2024-09-14 23:41:21,663][    INFO] ===========> Epoch: 52, LR: 0.0000008, Previous best Changed IoU: 82.64, Overall Accuracy: 99.04 @epoch-48, EMA: Changed IoU: 82.71, Overall Accuracy: 99.05 @epoch-42
[2024-09-14 23:41:22,483][    INFO] Iters: 0, Total loss: 0.006, Loss x: 0.006, Loss s: 0.007, Mask ratio: 0.965
[2024-09-14 23:41:52,823][    INFO] Iters: 100, Total loss: 0.005, Loss x: 0.008, Loss s: 0.003, Mask ratio: 0.987
[2024-09-14 23:42:23,178][    INFO] Iters: 200, Total loss: 0.006, Loss x: 0.008, Loss s: 0.003, Mask ratio: 0.986
[2024-09-14 23:42:53,533][    INFO] Iters: 300, Total loss: 0.005, Loss x: 0.008, Loss s: 0.003, Mask ratio: 0.987
[2024-09-14 23:43:23,940][    INFO] Iters: 400, Total loss: 0.005, Loss x: 0.008, Loss s: 0.003, Mask ratio: 0.987
[2024-09-14 23:43:54,383][    INFO] Iters: 500, Total loss: 0.005, Loss x: 0.008, Loss s: 0.003, Mask ratio: 0.987
[2024-09-14 23:44:24,736][    INFO] Iters: 600, Total loss: 0.005, Loss x: 0.008, Loss s: 0.003, Mask ratio: 0.987
[2024-09-14 23:44:55,078][    INFO] Iters: 700, Total loss: 0.005, Loss x: 0.008, Loss s: 0.003, Mask ratio: 0.987
[2024-09-14 23:45:25,341][    INFO] Iters: 800, Total loss: 0.005, Loss x: 0.008, Loss s: 0.003, Mask ratio: 0.987
[2024-09-14 23:46:46,705][    INFO] ***** Evaluation ***** >>>> Unchanged IoU: 98.99, EMA: 99.00
[2024-09-14 23:46:46,706][    INFO] ***** Evaluation ***** >>>> Changed IoU: 82.41: EMA: 82.59
[2024-09-14 23:46:46,706][    INFO] ***** Evaluation ***** >>>> Overall Accuracy: 99.04, EMA: 99.04

[2024-09-14 23:46:47,395][    INFO] ===========> Epoch: 53, LR: 0.0000007, Previous best Changed IoU: 82.64, Overall Accuracy: 99.04 @epoch-48, EMA: Changed IoU: 82.71, Overall Accuracy: 99.05 @epoch-42
[2024-09-14 23:46:48,219][    INFO] Iters: 0, Total loss: 0.003, Loss x: 0.006, Loss s: 0.000, Mask ratio: 1.000
[2024-09-14 23:47:18,490][    INFO] Iters: 100, Total loss: 0.006, Loss x: 0.009, Loss s: 0.003, Mask ratio: 0.986
[2024-09-14 23:47:48,806][    INFO] Iters: 200, Total loss: 0.006, Loss x: 0.009, Loss s: 0.003, Mask ratio: 0.987
[2024-09-14 23:48:19,211][    INFO] Iters: 300, Total loss: 0.006, Loss x: 0.009, Loss s: 0.003, Mask ratio: 0.987
[2024-09-14 23:48:49,519][    INFO] Iters: 400, Total loss: 0.006, Loss x: 0.009, Loss s: 0.003, Mask ratio: 0.987
[2024-09-14 23:49:19,920][    INFO] Iters: 500, Total loss: 0.006, Loss x: 0.008, Loss s: 0.003, Mask ratio: 0.987
[2024-09-14 23:49:50,291][    INFO] Iters: 600, Total loss: 0.006, Loss x: 0.008, Loss s: 0.003, Mask ratio: 0.987
[2024-09-14 23:50:20,646][    INFO] Iters: 700, Total loss: 0.005, Loss x: 0.008, Loss s: 0.003, Mask ratio: 0.987
[2024-09-14 23:50:50,940][    INFO] Iters: 800, Total loss: 0.006, Loss x: 0.008, Loss s: 0.003, Mask ratio: 0.987
[2024-09-14 23:52:12,539][    INFO] ***** Evaluation ***** >>>> Unchanged IoU: 98.99, EMA: 99.00
[2024-09-14 23:52:12,539][    INFO] ***** Evaluation ***** >>>> Changed IoU: 82.51: EMA: 82.57
[2024-09-14 23:52:12,539][    INFO] ***** Evaluation ***** >>>> Overall Accuracy: 99.04, EMA: 99.04

[2024-09-14 23:52:13,189][    INFO] ===========> Epoch: 54, LR: 0.0000006, Previous best Changed IoU: 82.64, Overall Accuracy: 99.04 @epoch-48, EMA: Changed IoU: 82.71, Overall Accuracy: 99.05 @epoch-42
[2024-09-14 23:52:14,018][    INFO] Iters: 0, Total loss: 0.003, Loss x: 0.003, Loss s: 0.002, Mask ratio: 0.986
[2024-09-14 23:52:44,306][    INFO] Iters: 100, Total loss: 0.006, Loss x: 0.009, Loss s: 0.003, Mask ratio: 0.987
[2024-09-14 23:53:14,615][    INFO] Iters: 200, Total loss: 0.006, Loss x: 0.008, Loss s: 0.003, Mask ratio: 0.988
[2024-09-14 23:53:44,929][    INFO] Iters: 300, Total loss: 0.005, Loss x: 0.008, Loss s: 0.003, Mask ratio: 0.987
[2024-09-14 23:54:15,194][    INFO] Iters: 400, Total loss: 0.005, Loss x: 0.008, Loss s: 0.003, Mask ratio: 0.987
[2024-09-14 23:54:45,486][    INFO] Iters: 500, Total loss: 0.005, Loss x: 0.008, Loss s: 0.003, Mask ratio: 0.987
[2024-09-14 23:55:15,827][    INFO] Iters: 600, Total loss: 0.005, Loss x: 0.008, Loss s: 0.003, Mask ratio: 0.987
[2024-09-14 23:55:46,093][    INFO] Iters: 700, Total loss: 0.005, Loss x: 0.008, Loss s: 0.003, Mask ratio: 0.987
[2024-09-14 23:56:16,293][    INFO] Iters: 800, Total loss: 0.005, Loss x: 0.008, Loss s: 0.003, Mask ratio: 0.987
[2024-09-14 23:57:37,653][    INFO] ***** Evaluation ***** >>>> Unchanged IoU: 99.00, EMA: 99.00
[2024-09-14 23:57:37,653][    INFO] ***** Evaluation ***** >>>> Changed IoU: 82.57: EMA: 82.58
[2024-09-14 23:57:37,653][    INFO] ***** Evaluation ***** >>>> Overall Accuracy: 99.04, EMA: 99.04

[2024-09-14 23:57:38,358][    INFO] ===========> Epoch: 55, LR: 0.0000005, Previous best Changed IoU: 82.64, Overall Accuracy: 99.04 @epoch-48, EMA: Changed IoU: 82.71, Overall Accuracy: 99.05 @epoch-42
[2024-09-14 23:57:39,289][    INFO] Iters: 0, Total loss: 0.007, Loss x: 0.009, Loss s: 0.004, Mask ratio: 0.975
[2024-09-14 23:58:09,554][    INFO] Iters: 100, Total loss: 0.005, Loss x: 0.008, Loss s: 0.003, Mask ratio: 0.988
[2024-09-14 23:58:40,020][    INFO] Iters: 200, Total loss: 0.005, Loss x: 0.008, Loss s: 0.003, Mask ratio: 0.988
[2024-09-14 23:59:10,367][    INFO] Iters: 300, Total loss: 0.005, Loss x: 0.008, Loss s: 0.003, Mask ratio: 0.988
[2024-09-14 23:59:40,709][    INFO] Iters: 400, Total loss: 0.005, Loss x: 0.008, Loss s: 0.003, Mask ratio: 0.988
[2024-09-15 00:00:11,039][    INFO] Iters: 500, Total loss: 0.005, Loss x: 0.008, Loss s: 0.003, Mask ratio: 0.987
[2024-09-15 00:00:41,315][    INFO] Iters: 600, Total loss: 0.005, Loss x: 0.008, Loss s: 0.003, Mask ratio: 0.987
[2024-09-15 00:01:11,567][    INFO] Iters: 700, Total loss: 0.005, Loss x: 0.008, Loss s: 0.003, Mask ratio: 0.987
[2024-09-15 00:01:41,816][    INFO] Iters: 800, Total loss: 0.005, Loss x: 0.008, Loss s: 0.003, Mask ratio: 0.987
[2024-09-15 00:03:04,352][    INFO] ***** Evaluation ***** >>>> Unchanged IoU: 98.99, EMA: 99.00
[2024-09-15 00:03:04,352][    INFO] ***** Evaluation ***** >>>> Changed IoU: 82.56: EMA: 82.59
[2024-09-15 00:03:04,352][    INFO] ***** Evaluation ***** >>>> Overall Accuracy: 99.04, EMA: 99.04

[2024-09-15 00:03:05,023][    INFO] ===========> Epoch: 56, LR: 0.0000004, Previous best Changed IoU: 82.64, Overall Accuracy: 99.04 @epoch-48, EMA: Changed IoU: 82.71, Overall Accuracy: 99.05 @epoch-42
[2024-09-15 00:03:05,949][    INFO] Iters: 0, Total loss: 0.001, Loss x: 0.000, Loss s: 0.001, Mask ratio: 0.985
[2024-09-15 00:03:36,223][    INFO] Iters: 100, Total loss: 0.005, Loss x: 0.008, Loss s: 0.003, Mask ratio: 0.987
[2024-09-15 00:04:06,520][    INFO] Iters: 200, Total loss: 0.005, Loss x: 0.008, Loss s: 0.003, Mask ratio: 0.987
[2024-09-15 00:04:36,802][    INFO] Iters: 300, Total loss: 0.005, Loss x: 0.008, Loss s: 0.003, Mask ratio: 0.987
[2024-09-15 00:05:07,115][    INFO] Iters: 400, Total loss: 0.005, Loss x: 0.008, Loss s: 0.003, Mask ratio: 0.987
[2024-09-15 00:05:37,488][    INFO] Iters: 500, Total loss: 0.005, Loss x: 0.008, Loss s: 0.003, Mask ratio: 0.987
[2024-09-15 00:06:07,872][    INFO] Iters: 600, Total loss: 0.005, Loss x: 0.008, Loss s: 0.003, Mask ratio: 0.987
[2024-09-15 00:06:38,206][    INFO] Iters: 700, Total loss: 0.005, Loss x: 0.008, Loss s: 0.003, Mask ratio: 0.987
[2024-09-15 00:07:08,505][    INFO] Iters: 800, Total loss: 0.005, Loss x: 0.008, Loss s: 0.003, Mask ratio: 0.987
[2024-09-15 00:08:31,103][    INFO] ***** Evaluation ***** >>>> Unchanged IoU: 99.00, EMA: 99.00
[2024-09-15 00:08:31,103][    INFO] ***** Evaluation ***** >>>> Changed IoU: 82.67: EMA: 82.69
[2024-09-15 00:08:31,103][    INFO] ***** Evaluation ***** >>>> Overall Accuracy: 99.05, EMA: 99.05

[2024-09-15 00:08:32,060][    INFO] ===========> Epoch: 57, LR: 0.0000003, Previous best Changed IoU: 82.67, Overall Accuracy: 99.05 @epoch-56, EMA: Changed IoU: 82.71, Overall Accuracy: 99.05 @epoch-42
[2024-09-15 00:08:32,918][    INFO] Iters: 0, Total loss: 0.004, Loss x: 0.002, Loss s: 0.006, Mask ratio: 0.985
[2024-09-15 00:09:03,202][    INFO] Iters: 100, Total loss: 0.006, Loss x: 0.009, Loss s: 0.003, Mask ratio: 0.988
[2024-09-15 00:09:33,593][    INFO] Iters: 200, Total loss: 0.006, Loss x: 0.008, Loss s: 0.003, Mask ratio: 0.988
[2024-09-15 00:10:03,984][    INFO] Iters: 300, Total loss: 0.005, Loss x: 0.008, Loss s: 0.003, Mask ratio: 0.988
[2024-09-15 00:10:34,309][    INFO] Iters: 400, Total loss: 0.005, Loss x: 0.008, Loss s: 0.003, Mask ratio: 0.988
[2024-09-15 00:11:04,638][    INFO] Iters: 500, Total loss: 0.005, Loss x: 0.008, Loss s: 0.003, Mask ratio: 0.987
[2024-09-15 00:11:34,933][    INFO] Iters: 600, Total loss: 0.005, Loss x: 0.008, Loss s: 0.003, Mask ratio: 0.987
[2024-09-15 00:12:05,233][    INFO] Iters: 700, Total loss: 0.005, Loss x: 0.008, Loss s: 0.003, Mask ratio: 0.987
[2024-09-15 00:12:35,605][    INFO] Iters: 800, Total loss: 0.005, Loss x: 0.008, Loss s: 0.003, Mask ratio: 0.987
[2024-09-15 00:13:58,172][    INFO] ***** Evaluation ***** >>>> Unchanged IoU: 99.00, EMA: 99.00
[2024-09-15 00:13:58,172][    INFO] ***** Evaluation ***** >>>> Changed IoU: 82.63: EMA: 82.62
[2024-09-15 00:13:58,172][    INFO] ***** Evaluation ***** >>>> Overall Accuracy: 99.04, EMA: 99.04

[2024-09-15 00:13:58,986][    INFO] ===========> Epoch: 58, LR: 0.0000002, Previous best Changed IoU: 82.67, Overall Accuracy: 99.05 @epoch-56, EMA: Changed IoU: 82.71, Overall Accuracy: 99.05 @epoch-42
[2024-09-15 00:13:59,930][    INFO] Iters: 0, Total loss: 0.012, Loss x: 0.015, Loss s: 0.009, Mask ratio: 0.977
[2024-09-15 00:14:30,281][    INFO] Iters: 100, Total loss: 0.005, Loss x: 0.008, Loss s: 0.002, Mask ratio: 0.988
[2024-09-15 00:15:00,652][    INFO] Iters: 200, Total loss: 0.005, Loss x: 0.008, Loss s: 0.003, Mask ratio: 0.987
[2024-09-15 00:15:30,987][    INFO] Iters: 300, Total loss: 0.005, Loss x: 0.008, Loss s: 0.003, Mask ratio: 0.987
[2024-09-15 00:16:01,465][    INFO] Iters: 400, Total loss: 0.005, Loss x: 0.008, Loss s: 0.003, Mask ratio: 0.987
[2024-09-15 00:16:31,836][    INFO] Iters: 500, Total loss: 0.005, Loss x: 0.008, Loss s: 0.003, Mask ratio: 0.987
[2024-09-15 00:17:02,205][    INFO] Iters: 600, Total loss: 0.005, Loss x: 0.008, Loss s: 0.003, Mask ratio: 0.987
[2024-09-15 00:17:32,540][    INFO] Iters: 700, Total loss: 0.005, Loss x: 0.008, Loss s: 0.003, Mask ratio: 0.987
[2024-09-15 00:18:02,884][    INFO] Iters: 800, Total loss: 0.005, Loss x: 0.008, Loss s: 0.003, Mask ratio: 0.987
[2024-09-15 00:19:24,745][    INFO] ***** Evaluation ***** >>>> Unchanged IoU: 99.00, EMA: 99.00
[2024-09-15 00:19:24,745][    INFO] ***** Evaluation ***** >>>> Changed IoU: 82.59: EMA: 82.60
[2024-09-15 00:19:24,745][    INFO] ***** Evaluation ***** >>>> Overall Accuracy: 99.04, EMA: 99.04

[2024-09-15 00:19:25,417][    INFO] ===========> Epoch: 59, LR: 0.0000001, Previous best Changed IoU: 82.67, Overall Accuracy: 99.05 @epoch-56, EMA: Changed IoU: 82.71, Overall Accuracy: 99.05 @epoch-42
[2024-09-15 00:19:26,317][    INFO] Iters: 0, Total loss: 0.005, Loss x: 0.005, Loss s: 0.005, Mask ratio: 0.985
[2024-09-15 00:19:56,614][    INFO] Iters: 100, Total loss: 0.005, Loss x: 0.008, Loss s: 0.002, Mask ratio: 0.989
[2024-09-15 00:20:26,943][    INFO] Iters: 200, Total loss: 0.005, Loss x: 0.008, Loss s: 0.003, Mask ratio: 0.988
[2024-09-15 00:20:57,291][    INFO] Iters: 300, Total loss: 0.005, Loss x: 0.008, Loss s: 0.003, Mask ratio: 0.988
[2024-09-15 00:21:27,640][    INFO] Iters: 400, Total loss: 0.005, Loss x: 0.008, Loss s: 0.003, Mask ratio: 0.988
[2024-09-15 00:21:57,988][    INFO] Iters: 500, Total loss: 0.005, Loss x: 0.008, Loss s: 0.003, Mask ratio: 0.988
[2024-09-15 00:22:28,347][    INFO] Iters: 600, Total loss: 0.005, Loss x: 0.008, Loss s: 0.003, Mask ratio: 0.987
[2024-09-15 00:22:58,676][    INFO] Iters: 700, Total loss: 0.005, Loss x: 0.008, Loss s: 0.003, Mask ratio: 0.988
[2024-09-15 00:23:29,002][    INFO] Iters: 800, Total loss: 0.005, Loss x: 0.008, Loss s: 0.003, Mask ratio: 0.988
[2024-09-15 00:24:50,500][    INFO] ***** Evaluation ***** >>>> Unchanged IoU: 99.00, EMA: 99.00
[2024-09-15 00:24:50,501][    INFO] ***** Evaluation ***** >>>> Changed IoU: 82.58: EMA: 82.59
[2024-09-15 00:24:50,501][    INFO] ***** Evaluation ***** >>>> Overall Accuracy: 99.04, EMA: 99.04

