[2024-09-14 12:50:06,424][    INFO] {'backbone': 'dinov2_base',
 'batch_size': 16,
 'conf_thresh': 0.95,
 'config': 'configs/levir.yaml',
 'crop_size': 252,
 'data_root': '/home/bingxing2/lihe/data/LEVIR-CD',
 'dataset': 'levir',
 'epochs': 60,
 'labeled_id_path': 'splits/levir/10%/labeled.txt',
 'local_rank': 0,
 'lock_backbone': False,
 'lr': 5e-06,
 'lr_multi': 40.0,
 'model': 'dpt',
 'nclass': 2,
 'ngpus': 1,
 'port': 25843,
 'save_path': 'exp/levir/supervised/dinov2_base/10%',
 'unlabeled_id_path': 'splits/levir/10%/unlabeled.txt'}

[2024-09-14 12:50:12,304][    INFO] Total params: 97.5M

[2024-09-14 12:50:12,965][    INFO] ===========> Epoch: 0, LR: 0.0000050, Previous best Changed IoU: 0.00, Overall Accuracy: 0.00
[2024-09-14 12:50:17,532][    INFO] Iters: 0, Total loss: 0.671
[2024-09-14 12:50:28,308][    INFO] Iters: 23, Total loss: 0.238
[2024-09-14 12:50:39,099][    INFO] Iters: 46, Total loss: 0.225
[2024-09-14 12:50:49,880][    INFO] Iters: 69, Total loss: 0.200
[2024-09-14 12:51:00,658][    INFO] Iters: 92, Total loss: 0.177
[2024-09-14 12:51:11,436][    INFO] Iters: 115, Total loss: 0.162
[2024-09-14 12:51:22,221][    INFO] Iters: 138, Total loss: 0.150
[2024-09-14 12:51:33,016][    INFO] Iters: 161, Total loss: 0.136
[2024-09-14 12:51:43,810][    INFO] Iters: 184, Total loss: 0.126
[2024-09-14 12:52:27,836][    INFO] ***** Evaluation ***** >>>> Unchanged IoU: 97.22
[2024-09-14 12:52:27,836][    INFO] ***** Evaluation ***** >>>> Changed IoU: 62.19
[2024-09-14 12:52:27,837][    INFO] ***** Evaluation ***** >>>> Overall Accuracy: 97.34

[2024-09-14 12:52:30,762][    INFO] ===========> Epoch: 1, LR: 0.0000049, Previous best Changed IoU: 62.19, Overall Accuracy: 97.34
[2024-09-14 12:52:31,582][    INFO] Iters: 0, Total loss: 0.068
[2024-09-14 12:52:42,357][    INFO] Iters: 23, Total loss: 0.045
[2024-09-14 12:52:53,125][    INFO] Iters: 46, Total loss: 0.049
[2024-09-14 12:53:03,908][    INFO] Iters: 69, Total loss: 0.048
[2024-09-14 12:53:14,679][    INFO] Iters: 92, Total loss: 0.048
[2024-09-14 12:53:25,448][    INFO] Iters: 115, Total loss: 0.047
[2024-09-14 12:53:36,215][    INFO] Iters: 138, Total loss: 0.046
[2024-09-14 12:53:46,991][    INFO] Iters: 161, Total loss: 0.045
[2024-09-14 12:53:57,786][    INFO] Iters: 184, Total loss: 0.045
[2024-09-14 12:54:40,243][    INFO] ***** Evaluation ***** >>>> Unchanged IoU: 98.04
[2024-09-14 12:54:40,243][    INFO] ***** Evaluation ***** >>>> Changed IoU: 67.06
[2024-09-14 12:54:40,243][    INFO] ***** Evaluation ***** >>>> Overall Accuracy: 98.12

[2024-09-14 12:54:42,878][    INFO] ===========> Epoch: 2, LR: 0.0000049, Previous best Changed IoU: 67.06, Overall Accuracy: 98.12
[2024-09-14 12:54:43,720][    INFO] Iters: 0, Total loss: 0.051
[2024-09-14 12:54:54,526][    INFO] Iters: 23, Total loss: 0.037
[2024-09-14 12:55:05,332][    INFO] Iters: 46, Total loss: 0.036
[2024-09-14 12:55:16,147][    INFO] Iters: 69, Total loss: 0.037
[2024-09-14 12:55:26,945][    INFO] Iters: 92, Total loss: 0.037
[2024-09-14 12:55:37,750][    INFO] Iters: 115, Total loss: 0.037
[2024-09-14 12:55:48,571][    INFO] Iters: 138, Total loss: 0.038
[2024-09-14 12:55:59,388][    INFO] Iters: 161, Total loss: 0.036
[2024-09-14 12:56:10,208][    INFO] Iters: 184, Total loss: 0.036
[2024-09-14 12:56:53,033][    INFO] ***** Evaluation ***** >>>> Unchanged IoU: 98.31
[2024-09-14 12:56:53,033][    INFO] ***** Evaluation ***** >>>> Changed IoU: 71.99
[2024-09-14 12:56:53,033][    INFO] ***** Evaluation ***** >>>> Overall Accuracy: 98.38

[2024-09-14 12:56:55,749][    INFO] ===========> Epoch: 3, LR: 0.0000048, Previous best Changed IoU: 71.99, Overall Accuracy: 98.38
[2024-09-14 12:56:56,671][    INFO] Iters: 0, Total loss: 0.045
[2024-09-14 12:57:07,444][    INFO] Iters: 23, Total loss: 0.026
[2024-09-14 12:57:18,240][    INFO] Iters: 46, Total loss: 0.026
[2024-09-14 12:57:29,047][    INFO] Iters: 69, Total loss: 0.028
[2024-09-14 12:57:39,862][    INFO] Iters: 92, Total loss: 0.028
[2024-09-14 12:57:50,661][    INFO] Iters: 115, Total loss: 0.029
[2024-09-14 12:58:01,464][    INFO] Iters: 138, Total loss: 0.029
[2024-09-14 12:58:12,269][    INFO] Iters: 161, Total loss: 0.029
[2024-09-14 12:58:23,077][    INFO] Iters: 184, Total loss: 0.029
[2024-09-14 12:59:06,204][    INFO] ***** Evaluation ***** >>>> Unchanged IoU: 98.46
[2024-09-14 12:59:06,204][    INFO] ***** Evaluation ***** >>>> Changed IoU: 74.17
[2024-09-14 12:59:06,204][    INFO] ***** Evaluation ***** >>>> Overall Accuracy: 98.53

[2024-09-14 12:59:08,878][    INFO] ===========> Epoch: 4, LR: 0.0000047, Previous best Changed IoU: 74.17, Overall Accuracy: 98.53
[2024-09-14 12:59:09,713][    INFO] Iters: 0, Total loss: 0.038
[2024-09-14 12:59:20,515][    INFO] Iters: 23, Total loss: 0.032
[2024-09-14 12:59:31,317][    INFO] Iters: 46, Total loss: 0.029
[2024-09-14 12:59:42,117][    INFO] Iters: 69, Total loss: 0.028
[2024-09-14 12:59:52,925][    INFO] Iters: 92, Total loss: 0.026
[2024-09-14 13:00:03,724][    INFO] Iters: 115, Total loss: 0.026
[2024-09-14 13:00:14,538][    INFO] Iters: 138, Total loss: 0.026
[2024-09-14 13:00:25,352][    INFO] Iters: 161, Total loss: 0.026
[2024-09-14 13:00:36,173][    INFO] Iters: 184, Total loss: 0.026
[2024-09-14 13:01:20,136][    INFO] ***** Evaluation ***** >>>> Unchanged IoU: 98.56
[2024-09-14 13:01:20,136][    INFO] ***** Evaluation ***** >>>> Changed IoU: 76.09
[2024-09-14 13:01:20,136][    INFO] ***** Evaluation ***** >>>> Overall Accuracy: 98.62

[2024-09-14 13:01:22,827][    INFO] ===========> Epoch: 5, LR: 0.0000046, Previous best Changed IoU: 76.09, Overall Accuracy: 98.62
[2024-09-14 13:01:23,672][    INFO] Iters: 0, Total loss: 0.010
[2024-09-14 13:01:34,454][    INFO] Iters: 23, Total loss: 0.022
[2024-09-14 13:01:45,243][    INFO] Iters: 46, Total loss: 0.021
[2024-09-14 13:01:56,034][    INFO] Iters: 69, Total loss: 0.023
[2024-09-14 13:02:06,813][    INFO] Iters: 92, Total loss: 0.023
[2024-09-14 13:02:17,600][    INFO] Iters: 115, Total loss: 0.023
[2024-09-14 13:02:28,389][    INFO] Iters: 138, Total loss: 0.024
[2024-09-14 13:02:39,174][    INFO] Iters: 161, Total loss: 0.023
[2024-09-14 13:02:49,956][    INFO] Iters: 184, Total loss: 0.023
[2024-09-14 13:03:33,097][    INFO] ***** Evaluation ***** >>>> Unchanged IoU: 98.60
[2024-09-14 13:03:33,097][    INFO] ***** Evaluation ***** >>>> Changed IoU: 76.34
[2024-09-14 13:03:33,097][    INFO] ***** Evaluation ***** >>>> Overall Accuracy: 98.66

[2024-09-14 13:03:35,827][    INFO] ===========> Epoch: 6, LR: 0.0000045, Previous best Changed IoU: 76.34, Overall Accuracy: 98.66
[2024-09-14 13:03:36,657][    INFO] Iters: 0, Total loss: 0.021
[2024-09-14 13:03:47,429][    INFO] Iters: 23, Total loss: 0.023
[2024-09-14 13:03:58,203][    INFO] Iters: 46, Total loss: 0.024
[2024-09-14 13:04:08,985][    INFO] Iters: 69, Total loss: 0.023
[2024-09-14 13:04:19,767][    INFO] Iters: 92, Total loss: 0.024
[2024-09-14 13:04:30,548][    INFO] Iters: 115, Total loss: 0.023
[2024-09-14 13:04:41,333][    INFO] Iters: 138, Total loss: 0.023
[2024-09-14 13:04:52,113][    INFO] Iters: 161, Total loss: 0.023
[2024-09-14 13:05:02,896][    INFO] Iters: 184, Total loss: 0.022
[2024-09-14 13:05:45,973][    INFO] ***** Evaluation ***** >>>> Unchanged IoU: 98.68
[2024-09-14 13:05:45,973][    INFO] ***** Evaluation ***** >>>> Changed IoU: 77.31
[2024-09-14 13:05:45,973][    INFO] ***** Evaluation ***** >>>> Overall Accuracy: 98.73

[2024-09-14 13:05:48,738][    INFO] ===========> Epoch: 7, LR: 0.0000045, Previous best Changed IoU: 77.31, Overall Accuracy: 98.73
[2024-09-14 13:05:49,588][    INFO] Iters: 0, Total loss: 0.049
[2024-09-14 13:06:00,359][    INFO] Iters: 23, Total loss: 0.023
[2024-09-14 13:06:11,137][    INFO] Iters: 46, Total loss: 0.022
[2024-09-14 13:06:21,914][    INFO] Iters: 69, Total loss: 0.022
[2024-09-14 13:06:32,692][    INFO] Iters: 92, Total loss: 0.022
[2024-09-14 13:06:43,468][    INFO] Iters: 115, Total loss: 0.021
[2024-09-14 13:06:54,245][    INFO] Iters: 138, Total loss: 0.021
[2024-09-14 13:07:05,027][    INFO] Iters: 161, Total loss: 0.021
[2024-09-14 13:07:15,809][    INFO] Iters: 184, Total loss: 0.021
[2024-09-14 13:07:59,217][    INFO] ***** Evaluation ***** >>>> Unchanged IoU: 98.66
[2024-09-14 13:07:59,217][    INFO] ***** Evaluation ***** >>>> Changed IoU: 77.82
[2024-09-14 13:07:59,217][    INFO] ***** Evaluation ***** >>>> Overall Accuracy: 98.72

[2024-09-14 13:08:01,833][    INFO] ===========> Epoch: 8, LR: 0.0000044, Previous best Changed IoU: 77.82, Overall Accuracy: 98.72
[2024-09-14 13:08:02,704][    INFO] Iters: 0, Total loss: 0.016
[2024-09-14 13:08:13,471][    INFO] Iters: 23, Total loss: 0.020
[2024-09-14 13:08:24,247][    INFO] Iters: 46, Total loss: 0.021
[2024-09-14 13:08:35,026][    INFO] Iters: 69, Total loss: 0.021
[2024-09-14 13:08:45,805][    INFO] Iters: 92, Total loss: 0.020
[2024-09-14 13:08:56,582][    INFO] Iters: 115, Total loss: 0.020
[2024-09-14 13:09:07,357][    INFO] Iters: 138, Total loss: 0.020
[2024-09-14 13:09:18,135][    INFO] Iters: 161, Total loss: 0.020
[2024-09-14 13:09:28,911][    INFO] Iters: 184, Total loss: 0.020
[2024-09-14 13:10:12,692][    INFO] ***** Evaluation ***** >>>> Unchanged IoU: 98.72
[2024-09-14 13:10:12,692][    INFO] ***** Evaluation ***** >>>> Changed IoU: 78.09
[2024-09-14 13:10:12,692][    INFO] ***** Evaluation ***** >>>> Overall Accuracy: 98.77

[2024-09-14 13:10:15,230][    INFO] ===========> Epoch: 9, LR: 0.0000043, Previous best Changed IoU: 78.09, Overall Accuracy: 98.77
[2024-09-14 13:10:16,105][    INFO] Iters: 0, Total loss: 0.034
[2024-09-14 13:10:26,880][    INFO] Iters: 23, Total loss: 0.019
[2024-09-14 13:10:37,662][    INFO] Iters: 46, Total loss: 0.018
[2024-09-14 13:10:48,436][    INFO] Iters: 69, Total loss: 0.018
[2024-09-14 13:10:59,218][    INFO] Iters: 92, Total loss: 0.018
[2024-09-14 13:11:09,997][    INFO] Iters: 115, Total loss: 0.018
[2024-09-14 13:11:20,776][    INFO] Iters: 138, Total loss: 0.018
[2024-09-14 13:11:31,558][    INFO] Iters: 161, Total loss: 0.018
[2024-09-14 13:11:42,336][    INFO] Iters: 184, Total loss: 0.019
[2024-09-14 13:12:25,517][    INFO] ***** Evaluation ***** >>>> Unchanged IoU: 98.75
[2024-09-14 13:12:25,518][    INFO] ***** Evaluation ***** >>>> Changed IoU: 78.67
[2024-09-14 13:12:25,518][    INFO] ***** Evaluation ***** >>>> Overall Accuracy: 98.80

[2024-09-14 13:12:28,572][    INFO] ===========> Epoch: 10, LR: 0.0000042, Previous best Changed IoU: 78.67, Overall Accuracy: 98.80
[2024-09-14 13:12:29,423][    INFO] Iters: 0, Total loss: 0.031
[2024-09-14 13:12:40,200][    INFO] Iters: 23, Total loss: 0.018
[2024-09-14 13:12:50,984][    INFO] Iters: 46, Total loss: 0.019
[2024-09-14 13:13:01,767][    INFO] Iters: 69, Total loss: 0.018
[2024-09-14 13:13:12,561][    INFO] Iters: 92, Total loss: 0.019
[2024-09-14 13:13:23,348][    INFO] Iters: 115, Total loss: 0.018
[2024-09-14 13:13:34,131][    INFO] Iters: 138, Total loss: 0.019
[2024-09-14 13:13:44,913][    INFO] Iters: 161, Total loss: 0.018
[2024-09-14 13:13:55,698][    INFO] Iters: 184, Total loss: 0.018
[2024-09-14 13:14:39,618][    INFO] ***** Evaluation ***** >>>> Unchanged IoU: 98.73
[2024-09-14 13:14:39,618][    INFO] ***** Evaluation ***** >>>> Changed IoU: 78.78
[2024-09-14 13:14:39,618][    INFO] ***** Evaluation ***** >>>> Overall Accuracy: 98.79

[2024-09-14 13:14:42,145][    INFO] ===========> Epoch: 11, LR: 0.0000042, Previous best Changed IoU: 78.78, Overall Accuracy: 98.79
[2024-09-14 13:14:43,024][    INFO] Iters: 0, Total loss: 0.019
[2024-09-14 13:14:53,814][    INFO] Iters: 23, Total loss: 0.019
[2024-09-14 13:15:04,607][    INFO] Iters: 46, Total loss: 0.017
[2024-09-14 13:15:15,402][    INFO] Iters: 69, Total loss: 0.017
[2024-09-14 13:15:26,197][    INFO] Iters: 92, Total loss: 0.017
[2024-09-14 13:15:36,999][    INFO] Iters: 115, Total loss: 0.017
[2024-09-14 13:15:47,795][    INFO] Iters: 138, Total loss: 0.017
[2024-09-14 13:15:58,590][    INFO] Iters: 161, Total loss: 0.017
[2024-09-14 13:16:09,378][    INFO] Iters: 184, Total loss: 0.017
[2024-09-14 13:16:52,602][    INFO] ***** Evaluation ***** >>>> Unchanged IoU: 98.77
[2024-09-14 13:16:52,602][    INFO] ***** Evaluation ***** >>>> Changed IoU: 79.15
[2024-09-14 13:16:52,602][    INFO] ***** Evaluation ***** >>>> Overall Accuracy: 98.83

[2024-09-14 13:16:55,058][    INFO] ===========> Epoch: 12, LR: 0.0000041, Previous best Changed IoU: 79.15, Overall Accuracy: 98.83
[2024-09-14 13:16:55,901][    INFO] Iters: 0, Total loss: 0.027
[2024-09-14 13:17:06,684][    INFO] Iters: 23, Total loss: 0.017
[2024-09-14 13:17:17,472][    INFO] Iters: 46, Total loss: 0.017
[2024-09-14 13:17:28,252][    INFO] Iters: 69, Total loss: 0.017
[2024-09-14 13:17:39,038][    INFO] Iters: 92, Total loss: 0.017
[2024-09-14 13:17:49,819][    INFO] Iters: 115, Total loss: 0.017
[2024-09-14 13:18:00,603][    INFO] Iters: 138, Total loss: 0.017
[2024-09-14 13:18:11,384][    INFO] Iters: 161, Total loss: 0.017
[2024-09-14 13:18:22,166][    INFO] Iters: 184, Total loss: 0.017
[2024-09-14 13:19:05,667][    INFO] ***** Evaluation ***** >>>> Unchanged IoU: 98.81
[2024-09-14 13:19:05,667][    INFO] ***** Evaluation ***** >>>> Changed IoU: 79.35
[2024-09-14 13:19:05,667][    INFO] ***** Evaluation ***** >>>> Overall Accuracy: 98.86

[2024-09-14 13:19:08,122][    INFO] ===========> Epoch: 13, LR: 0.0000040, Previous best Changed IoU: 79.35, Overall Accuracy: 98.86
[2024-09-14 13:19:08,970][    INFO] Iters: 0, Total loss: 0.012
[2024-09-14 13:19:19,733][    INFO] Iters: 23, Total loss: 0.017
[2024-09-14 13:19:30,510][    INFO] Iters: 46, Total loss: 0.016
[2024-09-14 13:19:41,288][    INFO] Iters: 69, Total loss: 0.017
[2024-09-14 13:19:52,063][    INFO] Iters: 92, Total loss: 0.017
[2024-09-14 13:20:02,842][    INFO] Iters: 115, Total loss: 0.017
[2024-09-14 13:20:13,617][    INFO] Iters: 138, Total loss: 0.017
[2024-09-14 13:20:24,393][    INFO] Iters: 161, Total loss: 0.017
[2024-09-14 13:20:35,169][    INFO] Iters: 184, Total loss: 0.017
[2024-09-14 13:21:18,463][    INFO] ***** Evaluation ***** >>>> Unchanged IoU: 98.82
[2024-09-14 13:21:18,463][    INFO] ***** Evaluation ***** >>>> Changed IoU: 79.78
[2024-09-14 13:21:18,463][    INFO] ***** Evaluation ***** >>>> Overall Accuracy: 98.87

[2024-09-14 13:21:20,987][    INFO] ===========> Epoch: 14, LR: 0.0000039, Previous best Changed IoU: 79.78, Overall Accuracy: 98.87
[2024-09-14 13:21:21,853][    INFO] Iters: 0, Total loss: 0.031
[2024-09-14 13:21:32,620][    INFO] Iters: 23, Total loss: 0.018
[2024-09-14 13:21:43,399][    INFO] Iters: 46, Total loss: 0.015
[2024-09-14 13:21:54,175][    INFO] Iters: 69, Total loss: 0.016
[2024-09-14 13:22:04,951][    INFO] Iters: 92, Total loss: 0.016
[2024-09-14 13:22:15,726][    INFO] Iters: 115, Total loss: 0.016
[2024-09-14 13:22:26,502][    INFO] Iters: 138, Total loss: 0.016
[2024-09-14 13:22:37,277][    INFO] Iters: 161, Total loss: 0.015
[2024-09-14 13:22:48,055][    INFO] Iters: 184, Total loss: 0.015
[2024-09-14 13:23:31,963][    INFO] ***** Evaluation ***** >>>> Unchanged IoU: 98.80
[2024-09-14 13:23:31,963][    INFO] ***** Evaluation ***** >>>> Changed IoU: 79.02
[2024-09-14 13:23:31,963][    INFO] ***** Evaluation ***** >>>> Overall Accuracy: 98.86

[2024-09-14 13:23:33,446][    INFO] ===========> Epoch: 15, LR: 0.0000039, Previous best Changed IoU: 79.78, Overall Accuracy: 98.87
[2024-09-14 13:23:34,276][    INFO] Iters: 0, Total loss: 0.012
[2024-09-14 13:23:45,052][    INFO] Iters: 23, Total loss: 0.015
[2024-09-14 13:23:55,833][    INFO] Iters: 46, Total loss: 0.016
[2024-09-14 13:24:06,618][    INFO] Iters: 69, Total loss: 0.015
[2024-09-14 13:24:17,404][    INFO] Iters: 92, Total loss: 0.015
[2024-09-14 13:24:28,187][    INFO] Iters: 115, Total loss: 0.015
[2024-09-14 13:24:38,969][    INFO] Iters: 138, Total loss: 0.015
[2024-09-14 13:24:49,749][    INFO] Iters: 161, Total loss: 0.016
[2024-09-14 13:25:00,532][    INFO] Iters: 184, Total loss: 0.015
[2024-09-14 13:25:44,164][    INFO] ***** Evaluation ***** >>>> Unchanged IoU: 98.83
[2024-09-14 13:25:44,164][    INFO] ***** Evaluation ***** >>>> Changed IoU: 80.05
[2024-09-14 13:25:44,165][    INFO] ***** Evaluation ***** >>>> Overall Accuracy: 98.88

[2024-09-14 13:25:46,653][    INFO] ===========> Epoch: 16, LR: 0.0000038, Previous best Changed IoU: 80.05, Overall Accuracy: 98.88
[2024-09-14 13:25:47,475][    INFO] Iters: 0, Total loss: 0.011
[2024-09-14 13:25:58,252][    INFO] Iters: 23, Total loss: 0.014
[2024-09-14 13:26:09,038][    INFO] Iters: 46, Total loss: 0.015
[2024-09-14 13:26:19,824][    INFO] Iters: 69, Total loss: 0.016
[2024-09-14 13:26:30,602][    INFO] Iters: 92, Total loss: 0.015
[2024-09-14 13:26:41,387][    INFO] Iters: 115, Total loss: 0.015
[2024-09-14 13:26:52,172][    INFO] Iters: 138, Total loss: 0.015
[2024-09-14 13:27:02,957][    INFO] Iters: 161, Total loss: 0.015
[2024-09-14 13:27:13,742][    INFO] Iters: 184, Total loss: 0.015
[2024-09-14 13:27:57,782][    INFO] ***** Evaluation ***** >>>> Unchanged IoU: 98.84
[2024-09-14 13:27:57,782][    INFO] ***** Evaluation ***** >>>> Changed IoU: 79.72
[2024-09-14 13:27:57,782][    INFO] ***** Evaluation ***** >>>> Overall Accuracy: 98.89

[2024-09-14 13:27:59,014][    INFO] ===========> Epoch: 17, LR: 0.0000037, Previous best Changed IoU: 80.05, Overall Accuracy: 98.88
[2024-09-14 13:27:59,789][    INFO] Iters: 0, Total loss: 0.013
[2024-09-14 13:28:10,568][    INFO] Iters: 23, Total loss: 0.015
[2024-09-14 13:28:21,350][    INFO] Iters: 46, Total loss: 0.016
[2024-09-14 13:28:32,131][    INFO] Iters: 69, Total loss: 0.015
[2024-09-14 13:28:42,910][    INFO] Iters: 92, Total loss: 0.015
[2024-09-14 13:28:53,693][    INFO] Iters: 115, Total loss: 0.015
[2024-09-14 13:29:04,475][    INFO] Iters: 138, Total loss: 0.015
[2024-09-14 13:29:15,274][    INFO] Iters: 161, Total loss: 0.015
[2024-09-14 13:29:26,063][    INFO] Iters: 184, Total loss: 0.015
[2024-09-14 13:30:09,572][    INFO] ***** Evaluation ***** >>>> Unchanged IoU: 98.85
[2024-09-14 13:30:09,572][    INFO] ***** Evaluation ***** >>>> Changed IoU: 79.98
[2024-09-14 13:30:09,572][    INFO] ***** Evaluation ***** >>>> Overall Accuracy: 98.90

[2024-09-14 13:30:10,818][    INFO] ===========> Epoch: 18, LR: 0.0000036, Previous best Changed IoU: 80.05, Overall Accuracy: 98.88
[2024-09-14 13:30:11,566][    INFO] Iters: 0, Total loss: 0.012
[2024-09-14 13:30:22,340][    INFO] Iters: 23, Total loss: 0.014
[2024-09-14 13:30:33,115][    INFO] Iters: 46, Total loss: 0.012
[2024-09-14 13:30:43,895][    INFO] Iters: 69, Total loss: 0.013
[2024-09-14 13:30:54,676][    INFO] Iters: 92, Total loss: 0.013
[2024-09-14 13:31:05,458][    INFO] Iters: 115, Total loss: 0.013
[2024-09-14 13:31:16,242][    INFO] Iters: 138, Total loss: 0.014
[2024-09-14 13:31:27,025][    INFO] Iters: 161, Total loss: 0.014
[2024-09-14 13:31:37,806][    INFO] Iters: 184, Total loss: 0.014
[2024-09-14 13:32:21,478][    INFO] ***** Evaluation ***** >>>> Unchanged IoU: 98.85
[2024-09-14 13:32:21,478][    INFO] ***** Evaluation ***** >>>> Changed IoU: 80.21
[2024-09-14 13:32:21,478][    INFO] ***** Evaluation ***** >>>> Overall Accuracy: 98.90

[2024-09-14 13:32:23,952][    INFO] ===========> Epoch: 19, LR: 0.0000035, Previous best Changed IoU: 80.21, Overall Accuracy: 98.90
[2024-09-14 13:32:24,796][    INFO] Iters: 0, Total loss: 0.013
[2024-09-14 13:32:35,567][    INFO] Iters: 23, Total loss: 0.015
[2024-09-14 13:32:46,343][    INFO] Iters: 46, Total loss: 0.014
[2024-09-14 13:32:57,121][    INFO] Iters: 69, Total loss: 0.014
[2024-09-14 13:33:07,900][    INFO] Iters: 92, Total loss: 0.014
[2024-09-14 13:33:18,678][    INFO] Iters: 115, Total loss: 0.014
[2024-09-14 13:33:29,458][    INFO] Iters: 138, Total loss: 0.014
[2024-09-14 13:33:40,232][    INFO] Iters: 161, Total loss: 0.014
[2024-09-14 13:33:51,010][    INFO] Iters: 184, Total loss: 0.014
[2024-09-14 13:34:34,319][    INFO] ***** Evaluation ***** >>>> Unchanged IoU: 98.84
[2024-09-14 13:34:34,319][    INFO] ***** Evaluation ***** >>>> Changed IoU: 79.99
[2024-09-14 13:34:34,319][    INFO] ***** Evaluation ***** >>>> Overall Accuracy: 98.89

[2024-09-14 13:34:35,655][    INFO] ===========> Epoch: 20, LR: 0.0000035, Previous best Changed IoU: 80.21, Overall Accuracy: 98.90
[2024-09-14 13:34:36,407][    INFO] Iters: 0, Total loss: 0.019
[2024-09-14 13:34:47,180][    INFO] Iters: 23, Total loss: 0.014
[2024-09-14 13:34:57,957][    INFO] Iters: 46, Total loss: 0.014
[2024-09-14 13:35:08,731][    INFO] Iters: 69, Total loss: 0.014
[2024-09-14 13:35:19,505][    INFO] Iters: 92, Total loss: 0.013
[2024-09-14 13:35:30,287][    INFO] Iters: 115, Total loss: 0.013
[2024-09-14 13:35:41,066][    INFO] Iters: 138, Total loss: 0.013
[2024-09-14 13:35:51,843][    INFO] Iters: 161, Total loss: 0.013
[2024-09-14 13:36:02,622][    INFO] Iters: 184, Total loss: 0.013
[2024-09-14 13:36:45,746][    INFO] ***** Evaluation ***** >>>> Unchanged IoU: 98.86
[2024-09-14 13:36:45,746][    INFO] ***** Evaluation ***** >>>> Changed IoU: 80.51
[2024-09-14 13:36:45,746][    INFO] ***** Evaluation ***** >>>> Overall Accuracy: 98.92

[2024-09-14 13:36:48,250][    INFO] ===========> Epoch: 21, LR: 0.0000034, Previous best Changed IoU: 80.51, Overall Accuracy: 98.92
[2024-09-14 13:36:49,068][    INFO] Iters: 0, Total loss: 0.011
[2024-09-14 13:36:59,836][    INFO] Iters: 23, Total loss: 0.014
[2024-09-14 13:37:10,609][    INFO] Iters: 46, Total loss: 0.014
[2024-09-14 13:37:21,382][    INFO] Iters: 69, Total loss: 0.015
[2024-09-14 13:37:32,158][    INFO] Iters: 92, Total loss: 0.015
[2024-09-14 13:37:42,934][    INFO] Iters: 115, Total loss: 0.014
[2024-09-14 13:37:53,714][    INFO] Iters: 138, Total loss: 0.014
[2024-09-14 13:38:04,495][    INFO] Iters: 161, Total loss: 0.014
[2024-09-14 13:38:15,271][    INFO] Iters: 184, Total loss: 0.014
[2024-09-14 13:38:58,817][    INFO] ***** Evaluation ***** >>>> Unchanged IoU: 98.83
[2024-09-14 13:38:58,817][    INFO] ***** Evaluation ***** >>>> Changed IoU: 80.32
[2024-09-14 13:38:58,817][    INFO] ***** Evaluation ***** >>>> Overall Accuracy: 98.89

[2024-09-14 13:39:00,063][    INFO] ===========> Epoch: 22, LR: 0.0000033, Previous best Changed IoU: 80.51, Overall Accuracy: 98.92
[2024-09-14 13:39:00,819][    INFO] Iters: 0, Total loss: 0.015
[2024-09-14 13:39:11,595][    INFO] Iters: 23, Total loss: 0.015
[2024-09-14 13:39:22,372][    INFO] Iters: 46, Total loss: 0.014
[2024-09-14 13:39:33,145][    INFO] Iters: 69, Total loss: 0.013
[2024-09-14 13:39:43,917][    INFO] Iters: 92, Total loss: 0.013
[2024-09-14 13:39:54,693][    INFO] Iters: 115, Total loss: 0.013
[2024-09-14 13:40:05,475][    INFO] Iters: 138, Total loss: 0.013
[2024-09-14 13:40:16,256][    INFO] Iters: 161, Total loss: 0.013
[2024-09-14 13:40:27,036][    INFO] Iters: 184, Total loss: 0.013
[2024-09-14 13:41:10,477][    INFO] ***** Evaluation ***** >>>> Unchanged IoU: 98.89
[2024-09-14 13:41:10,477][    INFO] ***** Evaluation ***** >>>> Changed IoU: 80.73
[2024-09-14 13:41:10,477][    INFO] ***** Evaluation ***** >>>> Overall Accuracy: 98.94

[2024-09-14 13:41:13,041][    INFO] ===========> Epoch: 23, LR: 0.0000032, Previous best Changed IoU: 80.73, Overall Accuracy: 98.94
[2024-09-14 13:41:13,888][    INFO] Iters: 0, Total loss: 0.012
[2024-09-14 13:41:24,660][    INFO] Iters: 23, Total loss: 0.013
[2024-09-14 13:41:35,436][    INFO] Iters: 46, Total loss: 0.013
[2024-09-14 13:41:46,206][    INFO] Iters: 69, Total loss: 0.013
[2024-09-14 13:41:56,988][    INFO] Iters: 92, Total loss: 0.013
[2024-09-14 13:42:07,760][    INFO] Iters: 115, Total loss: 0.013
[2024-09-14 13:42:18,539][    INFO] Iters: 138, Total loss: 0.012
[2024-09-14 13:42:29,319][    INFO] Iters: 161, Total loss: 0.012
[2024-09-14 13:42:40,094][    INFO] Iters: 184, Total loss: 0.012
[2024-09-14 13:43:24,174][    INFO] ***** Evaluation ***** >>>> Unchanged IoU: 98.88
[2024-09-14 13:43:24,174][    INFO] ***** Evaluation ***** >>>> Changed IoU: 80.53
[2024-09-14 13:43:24,174][    INFO] ***** Evaluation ***** >>>> Overall Accuracy: 98.93

[2024-09-14 13:43:25,446][    INFO] ===========> Epoch: 24, LR: 0.0000032, Previous best Changed IoU: 80.73, Overall Accuracy: 98.94
[2024-09-14 13:43:26,218][    INFO] Iters: 0, Total loss: 0.005
[2024-09-14 13:43:36,992][    INFO] Iters: 23, Total loss: 0.012
[2024-09-14 13:43:47,770][    INFO] Iters: 46, Total loss: 0.012
[2024-09-14 13:43:58,550][    INFO] Iters: 69, Total loss: 0.012
[2024-09-14 13:44:09,331][    INFO] Iters: 92, Total loss: 0.012
[2024-09-14 13:44:20,114][    INFO] Iters: 115, Total loss: 0.012
[2024-09-14 13:44:30,893][    INFO] Iters: 138, Total loss: 0.012
[2024-09-14 13:44:41,673][    INFO] Iters: 161, Total loss: 0.012
[2024-09-14 13:44:52,445][    INFO] Iters: 184, Total loss: 0.012
[2024-09-14 13:45:36,585][    INFO] ***** Evaluation ***** >>>> Unchanged IoU: 98.88
[2024-09-14 13:45:36,585][    INFO] ***** Evaluation ***** >>>> Changed IoU: 80.67
[2024-09-14 13:45:36,585][    INFO] ***** Evaluation ***** >>>> Overall Accuracy: 98.93

[2024-09-14 13:45:37,856][    INFO] ===========> Epoch: 25, LR: 0.0000031, Previous best Changed IoU: 80.73, Overall Accuracy: 98.94
[2024-09-14 13:45:38,632][    INFO] Iters: 0, Total loss: 0.018
[2024-09-14 13:45:49,403][    INFO] Iters: 23, Total loss: 0.016
[2024-09-14 13:46:00,169][    INFO] Iters: 46, Total loss: 0.013
[2024-09-14 13:46:10,945][    INFO] Iters: 69, Total loss: 0.013
[2024-09-14 13:46:21,721][    INFO] Iters: 92, Total loss: 0.012
[2024-09-14 13:46:32,504][    INFO] Iters: 115, Total loss: 0.012
[2024-09-14 13:46:43,281][    INFO] Iters: 138, Total loss: 0.012
[2024-09-14 13:46:54,056][    INFO] Iters: 161, Total loss: 0.012
[2024-09-14 13:47:04,832][    INFO] Iters: 184, Total loss: 0.012
[2024-09-14 13:47:48,338][    INFO] ***** Evaluation ***** >>>> Unchanged IoU: 98.88
[2024-09-14 13:47:48,338][    INFO] ***** Evaluation ***** >>>> Changed IoU: 80.70
[2024-09-14 13:47:48,338][    INFO] ***** Evaluation ***** >>>> Overall Accuracy: 98.93

[2024-09-14 13:47:49,615][    INFO] ===========> Epoch: 26, LR: 0.0000030, Previous best Changed IoU: 80.73, Overall Accuracy: 98.94
[2024-09-14 13:47:50,390][    INFO] Iters: 0, Total loss: 0.016
[2024-09-14 13:48:01,168][    INFO] Iters: 23, Total loss: 0.013
[2024-09-14 13:48:11,956][    INFO] Iters: 46, Total loss: 0.012
[2024-09-14 13:48:22,743][    INFO] Iters: 69, Total loss: 0.011
[2024-09-14 13:48:33,526][    INFO] Iters: 92, Total loss: 0.012
[2024-09-14 13:48:44,318][    INFO] Iters: 115, Total loss: 0.012
[2024-09-14 13:48:55,108][    INFO] Iters: 138, Total loss: 0.012
[2024-09-14 13:49:05,924][    INFO] Iters: 161, Total loss: 0.012
[2024-09-14 13:49:16,747][    INFO] Iters: 184, Total loss: 0.011
[2024-09-14 13:50:00,365][    INFO] ***** Evaluation ***** >>>> Unchanged IoU: 98.88
[2024-09-14 13:50:00,365][    INFO] ***** Evaluation ***** >>>> Changed IoU: 80.59
[2024-09-14 13:50:00,365][    INFO] ***** Evaluation ***** >>>> Overall Accuracy: 98.93

[2024-09-14 13:50:01,607][    INFO] ===========> Epoch: 27, LR: 0.0000029, Previous best Changed IoU: 80.73, Overall Accuracy: 98.94
[2024-09-14 13:50:02,399][    INFO] Iters: 0, Total loss: 0.014
[2024-09-14 13:50:13,243][    INFO] Iters: 23, Total loss: 0.012
[2024-09-14 13:50:24,082][    INFO] Iters: 46, Total loss: 0.011
[2024-09-14 13:50:34,908][    INFO] Iters: 69, Total loss: 0.011
[2024-09-14 13:50:45,737][    INFO] Iters: 92, Total loss: 0.011
[2024-09-14 13:50:56,571][    INFO] Iters: 115, Total loss: 0.011
[2024-09-14 13:51:07,381][    INFO] Iters: 138, Total loss: 0.011
[2024-09-14 13:51:18,191][    INFO] Iters: 161, Total loss: 0.011
[2024-09-14 13:51:29,007][    INFO] Iters: 184, Total loss: 0.011
[2024-09-14 13:52:12,438][    INFO] ***** Evaluation ***** >>>> Unchanged IoU: 98.85
[2024-09-14 13:52:12,438][    INFO] ***** Evaluation ***** >>>> Changed IoU: 79.85
[2024-09-14 13:52:12,438][    INFO] ***** Evaluation ***** >>>> Overall Accuracy: 98.90

[2024-09-14 13:52:13,590][    INFO] ===========> Epoch: 28, LR: 0.0000028, Previous best Changed IoU: 80.73, Overall Accuracy: 98.94
[2024-09-14 13:52:14,357][    INFO] Iters: 0, Total loss: 0.011
[2024-09-14 13:52:25,134][    INFO] Iters: 23, Total loss: 0.015
[2024-09-14 13:52:35,972][    INFO] Iters: 46, Total loss: 0.012
[2024-09-14 13:52:46,794][    INFO] Iters: 69, Total loss: 0.012
[2024-09-14 13:52:57,585][    INFO] Iters: 92, Total loss: 0.012
[2024-09-14 13:53:08,365][    INFO] Iters: 115, Total loss: 0.012
[2024-09-14 13:53:19,136][    INFO] Iters: 138, Total loss: 0.012
[2024-09-14 13:53:29,902][    INFO] Iters: 161, Total loss: 0.012
[2024-09-14 13:53:40,672][    INFO] Iters: 184, Total loss: 0.011
[2024-09-14 13:54:23,580][    INFO] ***** Evaluation ***** >>>> Unchanged IoU: 98.85
[2024-09-14 13:54:23,580][    INFO] ***** Evaluation ***** >>>> Changed IoU: 79.43
[2024-09-14 13:54:23,580][    INFO] ***** Evaluation ***** >>>> Overall Accuracy: 98.89

[2024-09-14 13:54:24,769][    INFO] ===========> Epoch: 29, LR: 0.0000028, Previous best Changed IoU: 80.73, Overall Accuracy: 98.94
[2024-09-14 13:54:25,505][    INFO] Iters: 0, Total loss: 0.017
[2024-09-14 13:54:36,271][    INFO] Iters: 23, Total loss: 0.013
[2024-09-14 13:54:47,046][    INFO] Iters: 46, Total loss: 0.012
[2024-09-14 13:54:57,821][    INFO] Iters: 69, Total loss: 0.012
[2024-09-14 13:55:08,598][    INFO] Iters: 92, Total loss: 0.011
[2024-09-14 13:55:19,372][    INFO] Iters: 115, Total loss: 0.011
[2024-09-14 13:55:30,150][    INFO] Iters: 138, Total loss: 0.011
[2024-09-14 13:55:40,925][    INFO] Iters: 161, Total loss: 0.011
[2024-09-14 13:55:51,699][    INFO] Iters: 184, Total loss: 0.011
[2024-09-14 13:56:34,342][    INFO] ***** Evaluation ***** >>>> Unchanged IoU: 98.87
[2024-09-14 13:56:34,342][    INFO] ***** Evaluation ***** >>>> Changed IoU: 80.57
[2024-09-14 13:56:34,342][    INFO] ***** Evaluation ***** >>>> Overall Accuracy: 98.92

[2024-09-14 13:56:35,536][    INFO] ===========> Epoch: 30, LR: 0.0000027, Previous best Changed IoU: 80.73, Overall Accuracy: 98.94
[2024-09-14 13:56:36,297][    INFO] Iters: 0, Total loss: 0.009
[2024-09-14 13:56:47,068][    INFO] Iters: 23, Total loss: 0.010
[2024-09-14 13:56:57,884][    INFO] Iters: 46, Total loss: 0.010
[2024-09-14 13:57:08,719][    INFO] Iters: 69, Total loss: 0.010
[2024-09-14 13:57:19,550][    INFO] Iters: 92, Total loss: 0.011
[2024-09-14 13:57:30,334][    INFO] Iters: 115, Total loss: 0.011
[2024-09-14 13:57:41,113][    INFO] Iters: 138, Total loss: 0.011
[2024-09-14 13:57:51,890][    INFO] Iters: 161, Total loss: 0.011
[2024-09-14 13:58:02,668][    INFO] Iters: 184, Total loss: 0.011
[2024-09-14 13:58:46,446][    INFO] ***** Evaluation ***** >>>> Unchanged IoU: 98.88
[2024-09-14 13:58:46,446][    INFO] ***** Evaluation ***** >>>> Changed IoU: 80.87
[2024-09-14 13:58:46,446][    INFO] ***** Evaluation ***** >>>> Overall Accuracy: 98.93

[2024-09-14 13:58:48,921][    INFO] ===========> Epoch: 31, LR: 0.0000026, Previous best Changed IoU: 80.87, Overall Accuracy: 98.93
[2024-09-14 13:58:49,784][    INFO] Iters: 0, Total loss: 0.012
[2024-09-14 13:59:00,559][    INFO] Iters: 23, Total loss: 0.012
[2024-09-14 13:59:11,337][    INFO] Iters: 46, Total loss: 0.011
[2024-09-14 13:59:22,119][    INFO] Iters: 69, Total loss: 0.011
[2024-09-14 13:59:32,900][    INFO] Iters: 92, Total loss: 0.011
[2024-09-14 13:59:43,677][    INFO] Iters: 115, Total loss: 0.011
[2024-09-14 13:59:54,455][    INFO] Iters: 138, Total loss: 0.011
[2024-09-14 14:00:05,240][    INFO] Iters: 161, Total loss: 0.011
[2024-09-14 14:00:16,025][    INFO] Iters: 184, Total loss: 0.010
[2024-09-14 14:01:00,062][    INFO] ***** Evaluation ***** >>>> Unchanged IoU: 98.88
[2024-09-14 14:01:00,062][    INFO] ***** Evaluation ***** >>>> Changed IoU: 80.75
[2024-09-14 14:01:00,062][    INFO] ***** Evaluation ***** >>>> Overall Accuracy: 98.93

[2024-09-14 14:01:01,301][    INFO] ===========> Epoch: 32, LR: 0.0000025, Previous best Changed IoU: 80.87, Overall Accuracy: 98.93
[2024-09-14 14:01:02,072][    INFO] Iters: 0, Total loss: 0.013
[2024-09-14 14:01:12,854][    INFO] Iters: 23, Total loss: 0.011
[2024-09-14 14:01:23,634][    INFO] Iters: 46, Total loss: 0.010
[2024-09-14 14:01:34,419][    INFO] Iters: 69, Total loss: 0.010
[2024-09-14 14:01:45,207][    INFO] Iters: 92, Total loss: 0.010
[2024-09-14 14:01:55,992][    INFO] Iters: 115, Total loss: 0.010
[2024-09-14 14:02:06,775][    INFO] Iters: 138, Total loss: 0.010
[2024-09-14 14:02:17,567][    INFO] Iters: 161, Total loss: 0.010
[2024-09-14 14:02:28,353][    INFO] Iters: 184, Total loss: 0.010
[2024-09-14 14:03:11,728][    INFO] ***** Evaluation ***** >>>> Unchanged IoU: 98.90
[2024-09-14 14:03:11,728][    INFO] ***** Evaluation ***** >>>> Changed IoU: 80.68
[2024-09-14 14:03:11,728][    INFO] ***** Evaluation ***** >>>> Overall Accuracy: 98.94

[2024-09-14 14:03:12,968][    INFO] ===========> Epoch: 33, LR: 0.0000024, Previous best Changed IoU: 80.87, Overall Accuracy: 98.93
[2024-09-14 14:03:13,761][    INFO] Iters: 0, Total loss: 0.015
[2024-09-14 14:03:24,584][    INFO] Iters: 23, Total loss: 0.009
[2024-09-14 14:03:35,411][    INFO] Iters: 46, Total loss: 0.009
[2024-09-14 14:03:46,232][    INFO] Iters: 69, Total loss: 0.010
[2024-09-14 14:03:57,046][    INFO] Iters: 92, Total loss: 0.010
[2024-09-14 14:04:07,862][    INFO] Iters: 115, Total loss: 0.010
[2024-09-14 14:04:18,676][    INFO] Iters: 138, Total loss: 0.010
[2024-09-14 14:04:29,493][    INFO] Iters: 161, Total loss: 0.010
[2024-09-14 14:04:40,319][    INFO] Iters: 184, Total loss: 0.010
[2024-09-14 14:05:22,986][    INFO] ***** Evaluation ***** >>>> Unchanged IoU: 98.90
[2024-09-14 14:05:22,986][    INFO] ***** Evaluation ***** >>>> Changed IoU: 80.99
[2024-09-14 14:05:22,986][    INFO] ***** Evaluation ***** >>>> Overall Accuracy: 98.95

[2024-09-14 14:05:25,307][    INFO] ===========> Epoch: 34, LR: 0.0000024, Previous best Changed IoU: 80.99, Overall Accuracy: 98.95
[2024-09-14 14:05:26,134][    INFO] Iters: 0, Total loss: 0.009
[2024-09-14 14:05:36,932][    INFO] Iters: 23, Total loss: 0.011
[2024-09-14 14:05:47,741][    INFO] Iters: 46, Total loss: 0.010
[2024-09-14 14:05:58,546][    INFO] Iters: 69, Total loss: 0.010
[2024-09-14 14:06:09,350][    INFO] Iters: 92, Total loss: 0.009
[2024-09-14 14:06:20,150][    INFO] Iters: 115, Total loss: 0.010
[2024-09-14 14:06:30,934][    INFO] Iters: 138, Total loss: 0.010
[2024-09-14 14:06:41,717][    INFO] Iters: 161, Total loss: 0.010
[2024-09-14 14:06:52,509][    INFO] Iters: 184, Total loss: 0.010
[2024-09-14 14:07:34,936][    INFO] ***** Evaluation ***** >>>> Unchanged IoU: 98.89
[2024-09-14 14:07:34,936][    INFO] ***** Evaluation ***** >>>> Changed IoU: 80.91
[2024-09-14 14:07:34,936][    INFO] ***** Evaluation ***** >>>> Overall Accuracy: 98.94

[2024-09-14 14:07:36,056][    INFO] ===========> Epoch: 35, LR: 0.0000023, Previous best Changed IoU: 80.99, Overall Accuracy: 98.95
[2024-09-14 14:07:36,806][    INFO] Iters: 0, Total loss: 0.011
[2024-09-14 14:07:47,589][    INFO] Iters: 23, Total loss: 0.010
[2024-09-14 14:07:58,384][    INFO] Iters: 46, Total loss: 0.010
[2024-09-14 14:08:09,187][    INFO] Iters: 69, Total loss: 0.010
[2024-09-14 14:08:20,004][    INFO] Iters: 92, Total loss: 0.010
[2024-09-14 14:08:30,818][    INFO] Iters: 115, Total loss: 0.010
[2024-09-14 14:08:41,641][    INFO] Iters: 138, Total loss: 0.010
[2024-09-14 14:08:52,441][    INFO] Iters: 161, Total loss: 0.010
[2024-09-14 14:09:03,228][    INFO] Iters: 184, Total loss: 0.010
[2024-09-14 14:09:47,169][    INFO] ***** Evaluation ***** >>>> Unchanged IoU: 98.90
[2024-09-14 14:09:47,170][    INFO] ***** Evaluation ***** >>>> Changed IoU: 81.06
[2024-09-14 14:09:47,170][    INFO] ***** Evaluation ***** >>>> Overall Accuracy: 98.95

[2024-09-14 14:09:49,789][    INFO] ===========> Epoch: 36, LR: 0.0000022, Previous best Changed IoU: 81.06, Overall Accuracy: 98.95
[2024-09-14 14:09:50,635][    INFO] Iters: 0, Total loss: 0.012
[2024-09-14 14:10:01,413][    INFO] Iters: 23, Total loss: 0.009
[2024-09-14 14:10:12,194][    INFO] Iters: 46, Total loss: 0.009
[2024-09-14 14:10:22,982][    INFO] Iters: 69, Total loss: 0.009
[2024-09-14 14:10:33,763][    INFO] Iters: 92, Total loss: 0.009
[2024-09-14 14:10:44,540][    INFO] Iters: 115, Total loss: 0.009
[2024-09-14 14:10:55,322][    INFO] Iters: 138, Total loss: 0.009
[2024-09-14 14:11:06,101][    INFO] Iters: 161, Total loss: 0.009
[2024-09-14 14:11:16,879][    INFO] Iters: 184, Total loss: 0.009
[2024-09-14 14:12:00,241][    INFO] ***** Evaluation ***** >>>> Unchanged IoU: 98.90
[2024-09-14 14:12:00,241][    INFO] ***** Evaluation ***** >>>> Changed IoU: 81.00
[2024-09-14 14:12:00,241][    INFO] ***** Evaluation ***** >>>> Overall Accuracy: 98.95

[2024-09-14 14:12:01,537][    INFO] ===========> Epoch: 37, LR: 0.0000021, Previous best Changed IoU: 81.06, Overall Accuracy: 98.95
[2024-09-14 14:12:02,296][    INFO] Iters: 0, Total loss: 0.006
[2024-09-14 14:12:13,078][    INFO] Iters: 23, Total loss: 0.011
[2024-09-14 14:12:23,874][    INFO] Iters: 46, Total loss: 0.010
[2024-09-14 14:12:34,666][    INFO] Iters: 69, Total loss: 0.010
[2024-09-14 14:12:45,458][    INFO] Iters: 92, Total loss: 0.009
[2024-09-14 14:12:56,247][    INFO] Iters: 115, Total loss: 0.009
[2024-09-14 14:13:07,018][    INFO] Iters: 138, Total loss: 0.010
[2024-09-14 14:13:17,786][    INFO] Iters: 161, Total loss: 0.009
[2024-09-14 14:13:28,560][    INFO] Iters: 184, Total loss: 0.009
[2024-09-14 14:14:11,237][    INFO] ***** Evaluation ***** >>>> Unchanged IoU: 98.90
[2024-09-14 14:14:11,237][    INFO] ***** Evaluation ***** >>>> Changed IoU: 80.62
[2024-09-14 14:14:11,237][    INFO] ***** Evaluation ***** >>>> Overall Accuracy: 98.94

[2024-09-14 14:14:12,447][    INFO] ===========> Epoch: 38, LR: 0.0000020, Previous best Changed IoU: 81.06, Overall Accuracy: 98.95
[2024-09-14 14:14:13,199][    INFO] Iters: 0, Total loss: 0.014
[2024-09-14 14:14:23,974][    INFO] Iters: 23, Total loss: 0.009
[2024-09-14 14:14:34,744][    INFO] Iters: 46, Total loss: 0.010
[2024-09-14 14:14:45,523][    INFO] Iters: 69, Total loss: 0.010
[2024-09-14 14:14:56,307][    INFO] Iters: 92, Total loss: 0.010
[2024-09-14 14:15:07,096][    INFO] Iters: 115, Total loss: 0.010
[2024-09-14 14:15:17,908][    INFO] Iters: 138, Total loss: 0.010
[2024-09-14 14:15:28,706][    INFO] Iters: 161, Total loss: 0.009
[2024-09-14 14:15:39,518][    INFO] Iters: 184, Total loss: 0.009
[2024-09-14 14:16:22,006][    INFO] ***** Evaluation ***** >>>> Unchanged IoU: 98.89
[2024-09-14 14:16:22,007][    INFO] ***** Evaluation ***** >>>> Changed IoU: 81.03
[2024-09-14 14:16:22,007][    INFO] ***** Evaluation ***** >>>> Overall Accuracy: 98.94

[2024-09-14 14:16:23,156][    INFO] ===========> Epoch: 39, LR: 0.0000019, Previous best Changed IoU: 81.06, Overall Accuracy: 98.95
[2024-09-14 14:16:23,905][    INFO] Iters: 0, Total loss: 0.003
[2024-09-14 14:16:34,670][    INFO] Iters: 23, Total loss: 0.009
[2024-09-14 14:16:45,447][    INFO] Iters: 46, Total loss: 0.009
[2024-09-14 14:16:56,231][    INFO] Iters: 69, Total loss: 0.009
[2024-09-14 14:17:07,006][    INFO] Iters: 92, Total loss: 0.009
[2024-09-14 14:17:17,780][    INFO] Iters: 115, Total loss: 0.009
[2024-09-14 14:17:28,547][    INFO] Iters: 138, Total loss: 0.009
[2024-09-14 14:17:39,339][    INFO] Iters: 161, Total loss: 0.009
[2024-09-14 14:17:50,131][    INFO] Iters: 184, Total loss: 0.009
[2024-09-14 14:18:32,618][    INFO] ***** Evaluation ***** >>>> Unchanged IoU: 98.90
[2024-09-14 14:18:32,618][    INFO] ***** Evaluation ***** >>>> Changed IoU: 80.80
[2024-09-14 14:18:32,619][    INFO] ***** Evaluation ***** >>>> Overall Accuracy: 98.95

[2024-09-14 14:18:33,765][    INFO] ===========> Epoch: 40, LR: 0.0000019, Previous best Changed IoU: 81.06, Overall Accuracy: 98.95
[2024-09-14 14:18:34,538][    INFO] Iters: 0, Total loss: 0.016
[2024-09-14 14:18:45,315][    INFO] Iters: 23, Total loss: 0.008
[2024-09-14 14:18:56,094][    INFO] Iters: 46, Total loss: 0.009
[2024-09-14 14:19:06,889][    INFO] Iters: 69, Total loss: 0.009
[2024-09-14 14:19:17,666][    INFO] Iters: 92, Total loss: 0.009
[2024-09-14 14:19:28,443][    INFO] Iters: 115, Total loss: 0.009
[2024-09-14 14:19:39,218][    INFO] Iters: 138, Total loss: 0.009
[2024-09-14 14:19:49,987][    INFO] Iters: 161, Total loss: 0.009
[2024-09-14 14:20:00,760][    INFO] Iters: 184, Total loss: 0.009
[2024-09-14 14:20:43,534][    INFO] ***** Evaluation ***** >>>> Unchanged IoU: 98.90
[2024-09-14 14:20:43,534][    INFO] ***** Evaluation ***** >>>> Changed IoU: 80.98
[2024-09-14 14:20:43,534][    INFO] ***** Evaluation ***** >>>> Overall Accuracy: 98.95

[2024-09-14 14:20:44,732][    INFO] ===========> Epoch: 41, LR: 0.0000018, Previous best Changed IoU: 81.06, Overall Accuracy: 98.95
[2024-09-14 14:20:45,491][    INFO] Iters: 0, Total loss: 0.007
[2024-09-14 14:20:56,277][    INFO] Iters: 23, Total loss: 0.009
[2024-09-14 14:21:07,058][    INFO] Iters: 46, Total loss: 0.009
[2024-09-14 14:21:17,844][    INFO] Iters: 69, Total loss: 0.009
[2024-09-14 14:21:28,614][    INFO] Iters: 92, Total loss: 0.009
[2024-09-14 14:21:39,383][    INFO] Iters: 115, Total loss: 0.009
[2024-09-14 14:21:50,159][    INFO] Iters: 138, Total loss: 0.009
[2024-09-14 14:22:00,935][    INFO] Iters: 161, Total loss: 0.009
[2024-09-14 14:22:11,707][    INFO] Iters: 184, Total loss: 0.009
[2024-09-14 14:22:54,210][    INFO] ***** Evaluation ***** >>>> Unchanged IoU: 98.90
[2024-09-14 14:22:54,211][    INFO] ***** Evaluation ***** >>>> Changed IoU: 81.06
[2024-09-14 14:22:54,211][    INFO] ***** Evaluation ***** >>>> Overall Accuracy: 98.95

[2024-09-14 14:22:55,346][    INFO] ===========> Epoch: 42, LR: 0.0000017, Previous best Changed IoU: 81.06, Overall Accuracy: 98.95
[2024-09-14 14:22:56,107][    INFO] Iters: 0, Total loss: 0.005
[2024-09-14 14:23:06,886][    INFO] Iters: 23, Total loss: 0.009
[2024-09-14 14:23:17,676][    INFO] Iters: 46, Total loss: 0.008
[2024-09-14 14:23:28,449][    INFO] Iters: 69, Total loss: 0.008
[2024-09-14 14:23:39,223][    INFO] Iters: 92, Total loss: 0.008
[2024-09-14 14:23:49,995][    INFO] Iters: 115, Total loss: 0.008
[2024-09-14 14:24:00,769][    INFO] Iters: 138, Total loss: 0.008
[2024-09-14 14:24:11,553][    INFO] Iters: 161, Total loss: 0.009
[2024-09-14 14:24:22,320][    INFO] Iters: 184, Total loss: 0.009
[2024-09-14 14:25:07,410][    INFO] ***** Evaluation ***** >>>> Unchanged IoU: 98.90
[2024-09-14 14:25:07,410][    INFO] ***** Evaluation ***** >>>> Changed IoU: 80.92
[2024-09-14 14:25:07,410][    INFO] ***** Evaluation ***** >>>> Overall Accuracy: 98.95

[2024-09-14 14:25:08,693][    INFO] ===========> Epoch: 43, LR: 0.0000016, Previous best Changed IoU: 81.06, Overall Accuracy: 98.95
[2024-09-14 14:25:09,470][    INFO] Iters: 0, Total loss: 0.011
[2024-09-14 14:25:20,306][    INFO] Iters: 23, Total loss: 0.010
[2024-09-14 14:25:31,123][    INFO] Iters: 46, Total loss: 0.010
[2024-09-14 14:25:41,923][    INFO] Iters: 69, Total loss: 0.009
[2024-09-14 14:25:52,708][    INFO] Iters: 92, Total loss: 0.009
[2024-09-14 14:26:03,500][    INFO] Iters: 115, Total loss: 0.008
[2024-09-14 14:26:14,293][    INFO] Iters: 138, Total loss: 0.009
[2024-09-14 14:26:25,076][    INFO] Iters: 161, Total loss: 0.009
[2024-09-14 14:26:35,862][    INFO] Iters: 184, Total loss: 0.008
[2024-09-14 14:27:19,062][    INFO] ***** Evaluation ***** >>>> Unchanged IoU: 98.91
[2024-09-14 14:27:19,062][    INFO] ***** Evaluation ***** >>>> Changed IoU: 81.07
[2024-09-14 14:27:19,062][    INFO] ***** Evaluation ***** >>>> Overall Accuracy: 98.96

[2024-09-14 14:27:21,692][    INFO] ===========> Epoch: 44, LR: 0.0000015, Previous best Changed IoU: 81.07, Overall Accuracy: 98.96
[2024-09-14 14:27:22,546][    INFO] Iters: 0, Total loss: 0.014
[2024-09-14 14:27:33,330][    INFO] Iters: 23, Total loss: 0.009
[2024-09-14 14:27:44,120][    INFO] Iters: 46, Total loss: 0.009
[2024-09-14 14:27:54,917][    INFO] Iters: 69, Total loss: 0.009
[2024-09-14 14:28:05,720][    INFO] Iters: 92, Total loss: 0.009
[2024-09-14 14:28:16,517][    INFO] Iters: 115, Total loss: 0.008
[2024-09-14 14:28:27,313][    INFO] Iters: 138, Total loss: 0.009
[2024-09-14 14:28:38,112][    INFO] Iters: 161, Total loss: 0.008
[2024-09-14 14:28:48,910][    INFO] Iters: 184, Total loss: 0.008
[2024-09-14 14:29:32,335][    INFO] ***** Evaluation ***** >>>> Unchanged IoU: 98.91
[2024-09-14 14:29:32,335][    INFO] ***** Evaluation ***** >>>> Changed IoU: 81.06
[2024-09-14 14:29:32,335][    INFO] ***** Evaluation ***** >>>> Overall Accuracy: 98.95

[2024-09-14 14:29:33,582][    INFO] ===========> Epoch: 45, LR: 0.0000014, Previous best Changed IoU: 81.07, Overall Accuracy: 98.96
[2024-09-14 14:29:34,338][    INFO] Iters: 0, Total loss: 0.007
[2024-09-14 14:29:45,128][    INFO] Iters: 23, Total loss: 0.008
[2024-09-14 14:29:55,919][    INFO] Iters: 46, Total loss: 0.008
[2024-09-14 14:30:06,708][    INFO] Iters: 69, Total loss: 0.008
[2024-09-14 14:30:17,497][    INFO] Iters: 92, Total loss: 0.008
[2024-09-14 14:30:28,286][    INFO] Iters: 115, Total loss: 0.008
[2024-09-14 14:30:39,078][    INFO] Iters: 138, Total loss: 0.008
[2024-09-14 14:30:49,861][    INFO] Iters: 161, Total loss: 0.008
[2024-09-14 14:31:00,642][    INFO] Iters: 184, Total loss: 0.008
[2024-09-14 14:31:44,015][    INFO] ***** Evaluation ***** >>>> Unchanged IoU: 98.91
[2024-09-14 14:31:44,015][    INFO] ***** Evaluation ***** >>>> Changed IoU: 81.02
[2024-09-14 14:31:44,015][    INFO] ***** Evaluation ***** >>>> Overall Accuracy: 98.96

[2024-09-14 14:31:45,259][    INFO] ===========> Epoch: 46, LR: 0.0000013, Previous best Changed IoU: 81.07, Overall Accuracy: 98.96
[2024-09-14 14:31:46,004][    INFO] Iters: 0, Total loss: 0.015
[2024-09-14 14:31:56,775][    INFO] Iters: 23, Total loss: 0.008
[2024-09-14 14:32:07,551][    INFO] Iters: 46, Total loss: 0.009
[2024-09-14 14:32:18,326][    INFO] Iters: 69, Total loss: 0.009
[2024-09-14 14:32:29,107][    INFO] Iters: 92, Total loss: 0.008
[2024-09-14 14:32:39,884][    INFO] Iters: 115, Total loss: 0.008
[2024-09-14 14:32:50,658][    INFO] Iters: 138, Total loss: 0.008
[2024-09-14 14:33:01,432][    INFO] Iters: 161, Total loss: 0.008
[2024-09-14 14:33:12,210][    INFO] Iters: 184, Total loss: 0.008
[2024-09-14 14:33:55,557][    INFO] ***** Evaluation ***** >>>> Unchanged IoU: 98.90
[2024-09-14 14:33:55,557][    INFO] ***** Evaluation ***** >>>> Changed IoU: 80.90
[2024-09-14 14:33:55,557][    INFO] ***** Evaluation ***** >>>> Overall Accuracy: 98.95

[2024-09-14 14:33:56,806][    INFO] ===========> Epoch: 47, LR: 0.0000013, Previous best Changed IoU: 81.07, Overall Accuracy: 98.96
[2024-09-14 14:33:57,560][    INFO] Iters: 0, Total loss: 0.008
[2024-09-14 14:34:08,338][    INFO] Iters: 23, Total loss: 0.007
[2024-09-14 14:34:19,116][    INFO] Iters: 46, Total loss: 0.007
[2024-09-14 14:34:29,893][    INFO] Iters: 69, Total loss: 0.007
[2024-09-14 14:34:40,667][    INFO] Iters: 92, Total loss: 0.008
[2024-09-14 14:34:51,447][    INFO] Iters: 115, Total loss: 0.008
[2024-09-14 14:35:02,228][    INFO] Iters: 138, Total loss: 0.008
[2024-09-14 14:35:13,002][    INFO] Iters: 161, Total loss: 0.008
[2024-09-14 14:35:23,774][    INFO] Iters: 184, Total loss: 0.008
[2024-09-14 14:36:07,367][    INFO] ***** Evaluation ***** >>>> Unchanged IoU: 98.91
[2024-09-14 14:36:07,367][    INFO] ***** Evaluation ***** >>>> Changed IoU: 81.09
[2024-09-14 14:36:07,367][    INFO] ***** Evaluation ***** >>>> Overall Accuracy: 98.96

[2024-09-14 14:36:09,865][    INFO] ===========> Epoch: 48, LR: 0.0000012, Previous best Changed IoU: 81.09, Overall Accuracy: 98.96
[2024-09-14 14:36:10,724][    INFO] Iters: 0, Total loss: 0.003
[2024-09-14 14:36:21,502][    INFO] Iters: 23, Total loss: 0.008
[2024-09-14 14:36:32,277][    INFO] Iters: 46, Total loss: 0.008
[2024-09-14 14:36:43,052][    INFO] Iters: 69, Total loss: 0.008
[2024-09-14 14:36:53,819][    INFO] Iters: 92, Total loss: 0.008
[2024-09-14 14:37:04,595][    INFO] Iters: 115, Total loss: 0.008
[2024-09-14 14:37:15,372][    INFO] Iters: 138, Total loss: 0.008
[2024-09-14 14:37:26,147][    INFO] Iters: 161, Total loss: 0.008
[2024-09-14 14:37:36,928][    INFO] Iters: 184, Total loss: 0.008
[2024-09-14 14:38:20,062][    INFO] ***** Evaluation ***** >>>> Unchanged IoU: 98.92
[2024-09-14 14:38:20,062][    INFO] ***** Evaluation ***** >>>> Changed IoU: 81.14
[2024-09-14 14:38:20,062][    INFO] ***** Evaluation ***** >>>> Overall Accuracy: 98.97

[2024-09-14 14:38:22,532][    INFO] ===========> Epoch: 49, LR: 0.0000011, Previous best Changed IoU: 81.14, Overall Accuracy: 98.97
[2024-09-14 14:38:23,396][    INFO] Iters: 0, Total loss: 0.023
[2024-09-14 14:38:34,170][    INFO] Iters: 23, Total loss: 0.009
[2024-09-14 14:38:44,951][    INFO] Iters: 46, Total loss: 0.008
[2024-09-14 14:38:55,730][    INFO] Iters: 69, Total loss: 0.008
[2024-09-14 14:39:06,513][    INFO] Iters: 92, Total loss: 0.008
[2024-09-14 14:39:17,298][    INFO] Iters: 115, Total loss: 0.008
[2024-09-14 14:39:28,081][    INFO] Iters: 138, Total loss: 0.007
[2024-09-14 14:39:38,866][    INFO] Iters: 161, Total loss: 0.007
[2024-09-14 14:39:49,649][    INFO] Iters: 184, Total loss: 0.008
[2024-09-14 14:40:32,590][    INFO] ***** Evaluation ***** >>>> Unchanged IoU: 98.91
[2024-09-14 14:40:32,591][    INFO] ***** Evaluation ***** >>>> Changed IoU: 81.16
[2024-09-14 14:40:32,591][    INFO] ***** Evaluation ***** >>>> Overall Accuracy: 98.96

[2024-09-14 14:40:35,262][    INFO] ===========> Epoch: 50, LR: 0.0000010, Previous best Changed IoU: 81.16, Overall Accuracy: 98.96
[2024-09-14 14:40:36,172][    INFO] Iters: 0, Total loss: 0.013
[2024-09-14 14:40:46,951][    INFO] Iters: 23, Total loss: 0.007
[2024-09-14 14:40:57,738][    INFO] Iters: 46, Total loss: 0.007
[2024-09-14 14:41:08,519][    INFO] Iters: 69, Total loss: 0.007
[2024-09-14 14:41:19,299][    INFO] Iters: 92, Total loss: 0.007
[2024-09-14 14:41:30,083][    INFO] Iters: 115, Total loss: 0.007
[2024-09-14 14:41:40,864][    INFO] Iters: 138, Total loss: 0.008
[2024-09-14 14:41:51,650][    INFO] Iters: 161, Total loss: 0.008
[2024-09-14 14:42:02,435][    INFO] Iters: 184, Total loss: 0.008
[2024-09-14 14:42:45,465][    INFO] ***** Evaluation ***** >>>> Unchanged IoU: 98.91
[2024-09-14 14:42:45,465][    INFO] ***** Evaluation ***** >>>> Changed IoU: 81.29
[2024-09-14 14:42:45,465][    INFO] ***** Evaluation ***** >>>> Overall Accuracy: 98.96

[2024-09-14 14:42:48,107][    INFO] ===========> Epoch: 51, LR: 0.0000009, Previous best Changed IoU: 81.29, Overall Accuracy: 98.96
[2024-09-14 14:42:48,965][    INFO] Iters: 0, Total loss: 0.014
[2024-09-14 14:42:59,738][    INFO] Iters: 23, Total loss: 0.008
[2024-09-14 14:43:10,522][    INFO] Iters: 46, Total loss: 0.008
[2024-09-14 14:43:21,299][    INFO] Iters: 69, Total loss: 0.008
[2024-09-14 14:43:32,084][    INFO] Iters: 92, Total loss: 0.008
[2024-09-14 14:43:42,863][    INFO] Iters: 115, Total loss: 0.008
[2024-09-14 14:43:53,644][    INFO] Iters: 138, Total loss: 0.008
[2024-09-14 14:44:04,425][    INFO] Iters: 161, Total loss: 0.008
[2024-09-14 14:44:15,211][    INFO] Iters: 184, Total loss: 0.008
[2024-09-14 14:44:58,221][    INFO] ***** Evaluation ***** >>>> Unchanged IoU: 98.92
[2024-09-14 14:44:58,221][    INFO] ***** Evaluation ***** >>>> Changed IoU: 81.19
[2024-09-14 14:44:58,221][    INFO] ***** Evaluation ***** >>>> Overall Accuracy: 98.96

[2024-09-14 14:44:59,468][    INFO] ===========> Epoch: 52, LR: 0.0000008, Previous best Changed IoU: 81.29, Overall Accuracy: 98.96
[2024-09-14 14:45:00,218][    INFO] Iters: 0, Total loss: 0.001
[2024-09-14 14:45:10,994][    INFO] Iters: 23, Total loss: 0.007
[2024-09-14 14:45:21,771][    INFO] Iters: 46, Total loss: 0.007
[2024-09-14 14:45:32,550][    INFO] Iters: 69, Total loss: 0.007
[2024-09-14 14:45:43,330][    INFO] Iters: 92, Total loss: 0.007
[2024-09-14 14:45:54,106][    INFO] Iters: 115, Total loss: 0.008
[2024-09-14 14:46:04,888][    INFO] Iters: 138, Total loss: 0.007
[2024-09-14 14:46:15,666][    INFO] Iters: 161, Total loss: 0.007
[2024-09-14 14:46:26,443][    INFO] Iters: 184, Total loss: 0.007
[2024-09-14 14:47:09,709][    INFO] ***** Evaluation ***** >>>> Unchanged IoU: 98.91
[2024-09-14 14:47:09,709][    INFO] ***** Evaluation ***** >>>> Changed IoU: 81.18
[2024-09-14 14:47:09,709][    INFO] ***** Evaluation ***** >>>> Overall Accuracy: 98.96

[2024-09-14 14:47:10,943][    INFO] ===========> Epoch: 53, LR: 0.0000007, Previous best Changed IoU: 81.29, Overall Accuracy: 98.96
[2024-09-14 14:47:11,713][    INFO] Iters: 0, Total loss: 0.011
[2024-09-14 14:47:22,490][    INFO] Iters: 23, Total loss: 0.008
[2024-09-14 14:47:33,260][    INFO] Iters: 46, Total loss: 0.007
[2024-09-14 14:47:44,028][    INFO] Iters: 69, Total loss: 0.007
[2024-09-14 14:47:54,803][    INFO] Iters: 92, Total loss: 0.007
[2024-09-14 14:48:05,576][    INFO] Iters: 115, Total loss: 0.007
[2024-09-14 14:48:16,355][    INFO] Iters: 138, Total loss: 0.007
[2024-09-14 14:48:27,127][    INFO] Iters: 161, Total loss: 0.007
[2024-09-14 14:48:37,905][    INFO] Iters: 184, Total loss: 0.007
[2024-09-14 14:49:21,258][    INFO] ***** Evaluation ***** >>>> Unchanged IoU: 98.91
[2024-09-14 14:49:21,258][    INFO] ***** Evaluation ***** >>>> Changed IoU: 81.22
[2024-09-14 14:49:21,258][    INFO] ***** Evaluation ***** >>>> Overall Accuracy: 98.96

[2024-09-14 14:49:22,486][    INFO] ===========> Epoch: 54, LR: 0.0000006, Previous best Changed IoU: 81.29, Overall Accuracy: 98.96
[2024-09-14 14:49:23,255][    INFO] Iters: 0, Total loss: 0.008
[2024-09-14 14:49:34,031][    INFO] Iters: 23, Total loss: 0.008
[2024-09-14 14:49:44,810][    INFO] Iters: 46, Total loss: 0.008
[2024-09-14 14:49:55,592][    INFO] Iters: 69, Total loss: 0.007
[2024-09-14 14:50:06,368][    INFO] Iters: 92, Total loss: 0.007
[2024-09-14 14:50:17,144][    INFO] Iters: 115, Total loss: 0.007
[2024-09-14 14:50:27,924][    INFO] Iters: 138, Total loss: 0.007
[2024-09-14 14:50:38,704][    INFO] Iters: 161, Total loss: 0.007
[2024-09-14 14:50:49,486][    INFO] Iters: 184, Total loss: 0.007
[2024-09-14 14:51:32,779][    INFO] ***** Evaluation ***** >>>> Unchanged IoU: 98.91
[2024-09-14 14:51:32,780][    INFO] ***** Evaluation ***** >>>> Changed IoU: 81.14
[2024-09-14 14:51:32,780][    INFO] ***** Evaluation ***** >>>> Overall Accuracy: 98.96

[2024-09-14 14:51:34,343][    INFO] ===========> Epoch: 55, LR: 0.0000005, Previous best Changed IoU: 81.29, Overall Accuracy: 98.96
[2024-09-14 14:51:35,373][    INFO] Iters: 0, Total loss: 0.006
[2024-09-14 14:51:46,154][    INFO] Iters: 23, Total loss: 0.008
[2024-09-14 14:51:56,935][    INFO] Iters: 46, Total loss: 0.007
[2024-09-14 14:52:07,708][    INFO] Iters: 69, Total loss: 0.007
[2024-09-14 14:52:18,481][    INFO] Iters: 92, Total loss: 0.007
[2024-09-14 14:52:29,254][    INFO] Iters: 115, Total loss: 0.007
[2024-09-14 14:52:40,034][    INFO] Iters: 138, Total loss: 0.007
[2024-09-14 14:52:50,815][    INFO] Iters: 161, Total loss: 0.007
[2024-09-14 14:53:01,593][    INFO] Iters: 184, Total loss: 0.007
[2024-09-14 14:53:44,664][    INFO] ***** Evaluation ***** >>>> Unchanged IoU: 98.91
[2024-09-14 14:53:44,664][    INFO] ***** Evaluation ***** >>>> Changed IoU: 81.10
[2024-09-14 14:53:44,664][    INFO] ***** Evaluation ***** >>>> Overall Accuracy: 98.96

[2024-09-14 14:53:45,919][    INFO] ===========> Epoch: 56, LR: 0.0000004, Previous best Changed IoU: 81.29, Overall Accuracy: 98.96
[2024-09-14 14:53:46,685][    INFO] Iters: 0, Total loss: 0.005
[2024-09-14 14:53:57,452][    INFO] Iters: 23, Total loss: 0.006
[2024-09-14 14:54:08,219][    INFO] Iters: 46, Total loss: 0.007
[2024-09-14 14:54:18,992][    INFO] Iters: 69, Total loss: 0.007
[2024-09-14 14:54:29,761][    INFO] Iters: 92, Total loss: 0.007
[2024-09-14 14:54:40,536][    INFO] Iters: 115, Total loss: 0.007
[2024-09-14 14:54:51,314][    INFO] Iters: 138, Total loss: 0.007
[2024-09-14 14:55:02,098][    INFO] Iters: 161, Total loss: 0.007
[2024-09-14 14:55:12,884][    INFO] Iters: 184, Total loss: 0.007
[2024-09-14 14:55:55,932][    INFO] ***** Evaluation ***** >>>> Unchanged IoU: 98.91
[2024-09-14 14:55:55,932][    INFO] ***** Evaluation ***** >>>> Changed IoU: 81.11
[2024-09-14 14:55:55,932][    INFO] ***** Evaluation ***** >>>> Overall Accuracy: 98.96

[2024-09-14 14:55:57,191][    INFO] ===========> Epoch: 57, LR: 0.0000003, Previous best Changed IoU: 81.29, Overall Accuracy: 98.96
[2024-09-14 14:55:57,948][    INFO] Iters: 0, Total loss: 0.008
[2024-09-14 14:56:08,725][    INFO] Iters: 23, Total loss: 0.007
[2024-09-14 14:56:19,507][    INFO] Iters: 46, Total loss: 0.007
[2024-09-14 14:56:30,288][    INFO] Iters: 69, Total loss: 0.007
[2024-09-14 14:56:41,069][    INFO] Iters: 92, Total loss: 0.007
[2024-09-14 14:56:51,845][    INFO] Iters: 115, Total loss: 0.007
[2024-09-14 14:57:02,627][    INFO] Iters: 138, Total loss: 0.007
[2024-09-14 14:57:13,406][    INFO] Iters: 161, Total loss: 0.007
[2024-09-14 14:57:24,184][    INFO] Iters: 184, Total loss: 0.007
[2024-09-14 14:58:07,384][    INFO] ***** Evaluation ***** >>>> Unchanged IoU: 98.91
[2024-09-14 14:58:07,384][    INFO] ***** Evaluation ***** >>>> Changed IoU: 81.14
[2024-09-14 14:58:07,384][    INFO] ***** Evaluation ***** >>>> Overall Accuracy: 98.96

[2024-09-14 14:58:08,665][    INFO] ===========> Epoch: 58, LR: 0.0000002, Previous best Changed IoU: 81.29, Overall Accuracy: 98.96
[2024-09-14 14:58:09,436][    INFO] Iters: 0, Total loss: 0.008
[2024-09-14 14:58:20,213][    INFO] Iters: 23, Total loss: 0.007
[2024-09-14 14:58:30,988][    INFO] Iters: 46, Total loss: 0.007
[2024-09-14 14:58:41,767][    INFO] Iters: 69, Total loss: 0.007
[2024-09-14 14:58:52,542][    INFO] Iters: 92, Total loss: 0.007
[2024-09-14 14:59:03,317][    INFO] Iters: 115, Total loss: 0.007
[2024-09-14 14:59:14,101][    INFO] Iters: 138, Total loss: 0.007
[2024-09-14 14:59:24,884][    INFO] Iters: 161, Total loss: 0.007
[2024-09-14 14:59:35,665][    INFO] Iters: 184, Total loss: 0.007
[2024-09-14 15:00:18,885][    INFO] ***** Evaluation ***** >>>> Unchanged IoU: 98.91
[2024-09-14 15:00:18,885][    INFO] ***** Evaluation ***** >>>> Changed IoU: 81.20
[2024-09-14 15:00:18,885][    INFO] ***** Evaluation ***** >>>> Overall Accuracy: 98.96

[2024-09-14 15:00:20,116][    INFO] ===========> Epoch: 59, LR: 0.0000001, Previous best Changed IoU: 81.29, Overall Accuracy: 98.96
[2024-09-14 15:00:20,885][    INFO] Iters: 0, Total loss: 0.004
[2024-09-14 15:00:31,665][    INFO] Iters: 23, Total loss: 0.007
[2024-09-14 15:00:42,446][    INFO] Iters: 46, Total loss: 0.007
[2024-09-14 15:00:53,227][    INFO] Iters: 69, Total loss: 0.007
[2024-09-14 15:01:04,010][    INFO] Iters: 92, Total loss: 0.007
[2024-09-14 15:01:14,787][    INFO] Iters: 115, Total loss: 0.007
[2024-09-14 15:01:25,562][    INFO] Iters: 138, Total loss: 0.007
[2024-09-14 15:01:36,339][    INFO] Iters: 161, Total loss: 0.007
[2024-09-14 15:01:47,120][    INFO] Iters: 184, Total loss: 0.007
[2024-09-14 15:02:30,632][    INFO] ***** Evaluation ***** >>>> Unchanged IoU: 98.91
[2024-09-14 15:02:30,632][    INFO] ***** Evaluation ***** >>>> Changed IoU: 81.15
[2024-09-14 15:02:30,632][    INFO] ***** Evaluation ***** >>>> Overall Accuracy: 98.96

