[2024-09-14 15:41:35,594][    INFO] {'backbone': 'dinov2_base',
 'batch_size': 8,
 'conf_thresh': 0.95,
 'config': 'configs/levir.yaml',
 'crop_size': 252,
 'data_root': '/home/bingxing2/lihe/data/LEVIR-CD',
 'dataset': 'levir',
 'epochs': 60,
 'labeled_id_path': 'splits/levir/20%/labeled.txt',
 'local_rank': 0,
 'lock_backbone': False,
 'lr': 5e-06,
 'lr_multi': 40.0,
 'model': 'dpt',
 'nclass': 2,
 'ngpus': 1,
 'port': 25873,
 'save_path': 'exp/levir/unimatch_v2/dinov2_base/20%',
 'unlabeled_id_path': 'splits/levir/20%/unlabeled.txt'}

[2024-09-14 15:41:40,655][    INFO] Total params: 97.5M

[2024-09-14 15:41:41,313][    INFO] ===========> Epoch: 0, LR: 0.0000050, Previous best Changed IoU: 0.00, Overall Accuracy: 0.00 @epoch-0, EMA: Changed IoU: 0.00, Overall Accuracy: 0.00 @epoch-0
[2024-09-14 15:41:48,613][    INFO] Iters: 0, Total loss: 0.394, Loss x: 0.788, Loss s: 0.000, Mask ratio: 0.000
[2024-09-14 15:43:00,274][    INFO] Iters: 89, Total loss: 0.099, Loss x: 0.189, Loss s: 0.010, Mask ratio: 0.712
[2024-09-14 15:44:12,078][    INFO] Iters: 178, Total loss: 0.069, Loss x: 0.130, Loss s: 0.007, Mask ratio: 0.804
[2024-09-14 15:45:23,777][    INFO] Iters: 267, Total loss: 0.056, Loss x: 0.105, Loss s: 0.006, Mask ratio: 0.843
[2024-09-14 15:46:35,476][    INFO] Iters: 356, Total loss: 0.049, Loss x: 0.091, Loss s: 0.006, Mask ratio: 0.863
[2024-09-14 15:47:47,268][    INFO] Iters: 445, Total loss: 0.044, Loss x: 0.082, Loss s: 0.006, Mask ratio: 0.877
[2024-09-14 15:48:59,067][    INFO] Iters: 534, Total loss: 0.041, Loss x: 0.075, Loss s: 0.006, Mask ratio: 0.886
[2024-09-14 15:50:10,874][    INFO] Iters: 623, Total loss: 0.038, Loss x: 0.070, Loss s: 0.006, Mask ratio: 0.893
[2024-09-14 15:52:45,514][    INFO] ***** Evaluation ***** >>>> Unchanged IoU: 98.30, EMA: 97.98
[2024-09-14 15:52:45,514][    INFO] ***** Evaluation ***** >>>> Changed IoU: 72.44: EMA: 68.44
[2024-09-14 15:52:45,514][    INFO] ***** Evaluation ***** >>>> Overall Accuracy: 98.38, EMA: 98.06

[2024-09-14 15:52:48,573][    INFO] ===========> Epoch: 1, LR: 0.0000049, Previous best Changed IoU: 72.44, Overall Accuracy: 98.38 @epoch-0, EMA: Changed IoU: 68.44, Overall Accuracy: 98.06 @epoch-0
[2024-09-14 15:52:49,941][    INFO] Iters: 0, Total loss: 0.009, Loss x: 0.015, Loss s: 0.002, Mask ratio: 0.965
[2024-09-14 15:54:01,719][    INFO] Iters: 89, Total loss: 0.019, Loss x: 0.034, Loss s: 0.005, Mask ratio: 0.948
[2024-09-14 15:55:13,493][    INFO] Iters: 178, Total loss: 0.020, Loss x: 0.035, Loss s: 0.005, Mask ratio: 0.948
[2024-09-14 15:56:25,279][    INFO] Iters: 267, Total loss: 0.019, Loss x: 0.033, Loss s: 0.005, Mask ratio: 0.950
[2024-09-14 15:57:37,063][    INFO] Iters: 356, Total loss: 0.018, Loss x: 0.032, Loss s: 0.005, Mask ratio: 0.950
[2024-09-14 15:58:48,840][    INFO] Iters: 445, Total loss: 0.018, Loss x: 0.032, Loss s: 0.005, Mask ratio: 0.951
[2024-09-14 16:00:00,620][    INFO] Iters: 534, Total loss: 0.018, Loss x: 0.031, Loss s: 0.005, Mask ratio: 0.951
[2024-09-14 16:01:12,382][    INFO] Iters: 623, Total loss: 0.017, Loss x: 0.030, Loss s: 0.005, Mask ratio: 0.952
[2024-09-14 16:03:46,529][    INFO] ***** Evaluation ***** >>>> Unchanged IoU: 98.52, EMA: 98.57
[2024-09-14 16:03:46,529][    INFO] ***** Evaluation ***** >>>> Changed IoU: 75.28: EMA: 76.17
[2024-09-14 16:03:46,529][    INFO] ***** Evaluation ***** >>>> Overall Accuracy: 98.58, EMA: 98.63

[2024-09-14 16:03:49,679][    INFO] ===========> Epoch: 2, LR: 0.0000048, Previous best Changed IoU: 75.28, Overall Accuracy: 98.58 @epoch-1, EMA: Changed IoU: 76.17, Overall Accuracy: 98.63 @epoch-1
[2024-09-14 16:03:51,103][    INFO] Iters: 0, Total loss: 0.021, Loss x: 0.014, Loss s: 0.028, Mask ratio: 0.972
[2024-09-14 16:05:02,908][    INFO] Iters: 89, Total loss: 0.016, Loss x: 0.026, Loss s: 0.005, Mask ratio: 0.959
[2024-09-14 16:06:14,701][    INFO] Iters: 178, Total loss: 0.016, Loss x: 0.026, Loss s: 0.005, Mask ratio: 0.959
[2024-09-14 16:07:26,489][    INFO] Iters: 267, Total loss: 0.015, Loss x: 0.025, Loss s: 0.005, Mask ratio: 0.960
[2024-09-14 16:08:38,302][    INFO] Iters: 356, Total loss: 0.015, Loss x: 0.025, Loss s: 0.005, Mask ratio: 0.960
[2024-09-14 16:09:50,116][    INFO] Iters: 445, Total loss: 0.015, Loss x: 0.025, Loss s: 0.004, Mask ratio: 0.960
[2024-09-14 16:11:01,928][    INFO] Iters: 534, Total loss: 0.014, Loss x: 0.024, Loss s: 0.004, Mask ratio: 0.960
[2024-09-14 16:12:13,734][    INFO] Iters: 623, Total loss: 0.014, Loss x: 0.024, Loss s: 0.005, Mask ratio: 0.959
[2024-09-14 16:14:47,739][    INFO] ***** Evaluation ***** >>>> Unchanged IoU: 98.72, EMA: 98.72
[2024-09-14 16:14:47,740][    INFO] ***** Evaluation ***** >>>> Changed IoU: 78.21: EMA: 78.32
[2024-09-14 16:14:47,740][    INFO] ***** Evaluation ***** >>>> Overall Accuracy: 98.78, EMA: 98.78

[2024-09-14 16:14:50,988][    INFO] ===========> Epoch: 3, LR: 0.0000048, Previous best Changed IoU: 78.21, Overall Accuracy: 98.78 @epoch-2, EMA: Changed IoU: 78.32, Overall Accuracy: 98.78 @epoch-2
[2024-09-14 16:14:52,401][    INFO] Iters: 0, Total loss: 0.006, Loss x: 0.010, Loss s: 0.002, Mask ratio: 0.960
[2024-09-14 16:16:04,166][    INFO] Iters: 89, Total loss: 0.014, Loss x: 0.023, Loss s: 0.005, Mask ratio: 0.956
[2024-09-14 16:17:15,989][    INFO] Iters: 178, Total loss: 0.015, Loss x: 0.025, Loss s: 0.005, Mask ratio: 0.958
[2024-09-14 16:18:27,853][    INFO] Iters: 267, Total loss: 0.015, Loss x: 0.024, Loss s: 0.005, Mask ratio: 0.960
[2024-09-14 16:19:39,750][    INFO] Iters: 356, Total loss: 0.015, Loss x: 0.024, Loss s: 0.005, Mask ratio: 0.960
[2024-09-14 16:20:51,613][    INFO] Iters: 445, Total loss: 0.014, Loss x: 0.024, Loss s: 0.005, Mask ratio: 0.961
[2024-09-14 16:22:03,441][    INFO] Iters: 534, Total loss: 0.014, Loss x: 0.024, Loss s: 0.005, Mask ratio: 0.961
[2024-09-14 16:23:15,254][    INFO] Iters: 623, Total loss: 0.014, Loss x: 0.023, Loss s: 0.005, Mask ratio: 0.962
[2024-09-14 16:25:49,315][    INFO] ***** Evaluation ***** >>>> Unchanged IoU: 98.78, EMA: 98.79
[2024-09-14 16:25:49,315][    INFO] ***** Evaluation ***** >>>> Changed IoU: 78.91: EMA: 79.40
[2024-09-14 16:25:49,315][    INFO] ***** Evaluation ***** >>>> Overall Accuracy: 98.83, EMA: 98.84

[2024-09-14 16:25:52,408][    INFO] ===========> Epoch: 4, LR: 0.0000047, Previous best Changed IoU: 78.91, Overall Accuracy: 98.83 @epoch-3, EMA: Changed IoU: 79.40, Overall Accuracy: 98.84 @epoch-3
[2024-09-14 16:25:53,785][    INFO] Iters: 0, Total loss: 0.005, Loss x: 0.010, Loss s: 0.001, Mask ratio: 0.983
[2024-09-14 16:27:05,590][    INFO] Iters: 89, Total loss: 0.013, Loss x: 0.022, Loss s: 0.003, Mask ratio: 0.967
[2024-09-14 16:28:17,407][    INFO] Iters: 178, Total loss: 0.012, Loss x: 0.021, Loss s: 0.004, Mask ratio: 0.965
[2024-09-14 16:29:29,219][    INFO] Iters: 267, Total loss: 0.013, Loss x: 0.021, Loss s: 0.004, Mask ratio: 0.963
[2024-09-14 16:30:41,019][    INFO] Iters: 356, Total loss: 0.013, Loss x: 0.022, Loss s: 0.004, Mask ratio: 0.964
[2024-09-14 16:31:52,831][    INFO] Iters: 445, Total loss: 0.013, Loss x: 0.021, Loss s: 0.004, Mask ratio: 0.964
[2024-09-14 16:33:04,651][    INFO] Iters: 534, Total loss: 0.013, Loss x: 0.021, Loss s: 0.004, Mask ratio: 0.964
[2024-09-14 16:34:16,468][    INFO] Iters: 623, Total loss: 0.013, Loss x: 0.021, Loss s: 0.004, Mask ratio: 0.964
[2024-09-14 16:36:50,359][    INFO] ***** Evaluation ***** >>>> Unchanged IoU: 98.81, EMA: 98.85
[2024-09-14 16:36:50,359][    INFO] ***** Evaluation ***** >>>> Changed IoU: 79.66: EMA: 80.30
[2024-09-14 16:36:50,359][    INFO] ***** Evaluation ***** >>>> Overall Accuracy: 98.86, EMA: 98.90

[2024-09-14 16:36:53,493][    INFO] ===========> Epoch: 5, LR: 0.0000046, Previous best Changed IoU: 79.66, Overall Accuracy: 98.86 @epoch-4, EMA: Changed IoU: 80.30, Overall Accuracy: 98.90 @epoch-4
[2024-09-14 16:36:54,898][    INFO] Iters: 0, Total loss: 0.009, Loss x: 0.014, Loss s: 0.004, Mask ratio: 0.909
[2024-09-14 16:38:06,545][    INFO] Iters: 89, Total loss: 0.012, Loss x: 0.019, Loss s: 0.004, Mask ratio: 0.962
[2024-09-14 16:39:18,213][    INFO] Iters: 178, Total loss: 0.011, Loss x: 0.019, Loss s: 0.004, Mask ratio: 0.964
[2024-09-14 16:40:29,895][    INFO] Iters: 267, Total loss: 0.011, Loss x: 0.019, Loss s: 0.004, Mask ratio: 0.966
[2024-09-14 16:41:41,558][    INFO] Iters: 356, Total loss: 0.011, Loss x: 0.019, Loss s: 0.004, Mask ratio: 0.966
[2024-09-14 16:42:53,232][    INFO] Iters: 445, Total loss: 0.011, Loss x: 0.019, Loss s: 0.004, Mask ratio: 0.967
[2024-09-14 16:44:04,947][    INFO] Iters: 534, Total loss: 0.011, Loss x: 0.019, Loss s: 0.004, Mask ratio: 0.967
[2024-09-14 16:45:16,742][    INFO] Iters: 623, Total loss: 0.011, Loss x: 0.019, Loss s: 0.004, Mask ratio: 0.967
[2024-09-14 16:47:50,610][    INFO] ***** Evaluation ***** >>>> Unchanged IoU: 98.88, EMA: 98.90
[2024-09-14 16:47:50,610][    INFO] ***** Evaluation ***** >>>> Changed IoU: 80.70: EMA: 81.10
[2024-09-14 16:47:50,610][    INFO] ***** Evaluation ***** >>>> Overall Accuracy: 98.93, EMA: 98.95

[2024-09-14 16:47:53,677][    INFO] ===========> Epoch: 6, LR: 0.0000045, Previous best Changed IoU: 80.70, Overall Accuracy: 98.93 @epoch-5, EMA: Changed IoU: 81.10, Overall Accuracy: 98.95 @epoch-5
[2024-09-14 16:47:55,095][    INFO] Iters: 0, Total loss: 0.008, Loss x: 0.015, Loss s: 0.002, Mask ratio: 0.963
[2024-09-14 16:49:06,971][    INFO] Iters: 89, Total loss: 0.011, Loss x: 0.018, Loss s: 0.003, Mask ratio: 0.968
[2024-09-14 16:50:18,762][    INFO] Iters: 178, Total loss: 0.010, Loss x: 0.017, Loss s: 0.003, Mask ratio: 0.969
[2024-09-14 16:51:30,570][    INFO] Iters: 267, Total loss: 0.011, Loss x: 0.018, Loss s: 0.003, Mask ratio: 0.967
[2024-09-14 16:52:42,358][    INFO] Iters: 356, Total loss: 0.012, Loss x: 0.019, Loss s: 0.004, Mask ratio: 0.967
[2024-09-14 16:53:54,147][    INFO] Iters: 445, Total loss: 0.014, Loss x: 0.024, Loss s: 0.005, Mask ratio: 0.964
[2024-09-14 16:55:05,948][    INFO] Iters: 534, Total loss: 0.014, Loss x: 0.023, Loss s: 0.005, Mask ratio: 0.964
[2024-09-14 16:56:17,743][    INFO] Iters: 623, Total loss: 0.014, Loss x: 0.022, Loss s: 0.005, Mask ratio: 0.964
[2024-09-14 16:58:51,545][    INFO] ***** Evaluation ***** >>>> Unchanged IoU: 98.86, EMA: 98.86
[2024-09-14 16:58:51,545][    INFO] ***** Evaluation ***** >>>> Changed IoU: 80.45: EMA: 80.74
[2024-09-14 16:58:51,545][    INFO] ***** Evaluation ***** >>>> Overall Accuracy: 98.91, EMA: 98.91

[2024-09-14 16:58:53,079][    INFO] ===========> Epoch: 7, LR: 0.0000045, Previous best Changed IoU: 80.70, Overall Accuracy: 98.93 @epoch-5, EMA: Changed IoU: 81.10, Overall Accuracy: 98.95 @epoch-5
[2024-09-14 16:58:54,467][    INFO] Iters: 0, Total loss: 0.026, Loss x: 0.021, Loss s: 0.031, Mask ratio: 0.977
[2024-09-14 17:00:11,852][    INFO] Iters: 89, Total loss: 0.011, Loss x: 0.017, Loss s: 0.004, Mask ratio: 0.968
[2024-09-14 17:01:23,610][    INFO] Iters: 178, Total loss: 0.010, Loss x: 0.017, Loss s: 0.004, Mask ratio: 0.969
[2024-09-14 17:02:35,373][    INFO] Iters: 267, Total loss: 0.010, Loss x: 0.017, Loss s: 0.004, Mask ratio: 0.969
[2024-09-14 17:03:47,159][    INFO] Iters: 356, Total loss: 0.010, Loss x: 0.017, Loss s: 0.003, Mask ratio: 0.970
[2024-09-14 17:04:58,957][    INFO] Iters: 445, Total loss: 0.010, Loss x: 0.017, Loss s: 0.003, Mask ratio: 0.969
[2024-09-14 17:06:10,771][    INFO] Iters: 534, Total loss: 0.010, Loss x: 0.017, Loss s: 0.003, Mask ratio: 0.969
[2024-09-14 17:07:22,563][    INFO] Iters: 623, Total loss: 0.010, Loss x: 0.017, Loss s: 0.003, Mask ratio: 0.970
[2024-09-14 17:09:56,576][    INFO] ***** Evaluation ***** >>>> Unchanged IoU: 98.92, EMA: 98.94
[2024-09-14 17:09:56,576][    INFO] ***** Evaluation ***** >>>> Changed IoU: 81.55: EMA: 81.76
[2024-09-14 17:09:56,576][    INFO] ***** Evaluation ***** >>>> Overall Accuracy: 98.97, EMA: 98.99

[2024-09-14 17:09:59,668][    INFO] ===========> Epoch: 8, LR: 0.0000044, Previous best Changed IoU: 81.55, Overall Accuracy: 98.97 @epoch-7, EMA: Changed IoU: 81.76, Overall Accuracy: 98.99 @epoch-7
[2024-09-14 17:10:01,063][    INFO] Iters: 0, Total loss: 0.007, Loss x: 0.011, Loss s: 0.003, Mask ratio: 0.950
[2024-09-14 17:11:12,837][    INFO] Iters: 89, Total loss: 0.009, Loss x: 0.016, Loss s: 0.003, Mask ratio: 0.971
[2024-09-14 17:12:24,625][    INFO] Iters: 178, Total loss: 0.010, Loss x: 0.016, Loss s: 0.003, Mask ratio: 0.969
[2024-09-14 17:13:36,398][    INFO] Iters: 267, Total loss: 0.010, Loss x: 0.017, Loss s: 0.003, Mask ratio: 0.970
[2024-09-14 17:14:48,167][    INFO] Iters: 356, Total loss: 0.010, Loss x: 0.017, Loss s: 0.003, Mask ratio: 0.970
[2024-09-14 17:15:59,940][    INFO] Iters: 445, Total loss: 0.010, Loss x: 0.017, Loss s: 0.003, Mask ratio: 0.970
[2024-09-14 17:17:11,706][    INFO] Iters: 534, Total loss: 0.010, Loss x: 0.017, Loss s: 0.003, Mask ratio: 0.969
[2024-09-14 17:18:23,485][    INFO] Iters: 623, Total loss: 0.010, Loss x: 0.017, Loss s: 0.003, Mask ratio: 0.970
[2024-09-14 17:20:57,228][    INFO] ***** Evaluation ***** >>>> Unchanged IoU: 98.81, EMA: 98.96
[2024-09-14 17:20:57,228][    INFO] ***** Evaluation ***** >>>> Changed IoU: 79.41: EMA: 82.12
[2024-09-14 17:20:57,228][    INFO] ***** Evaluation ***** >>>> Overall Accuracy: 98.86, EMA: 99.01

[2024-09-14 17:21:00,571][    INFO] ===========> Epoch: 9, LR: 0.0000043, Previous best Changed IoU: 81.55, Overall Accuracy: 98.97 @epoch-7, EMA: Changed IoU: 82.12, Overall Accuracy: 99.01 @epoch-8
[2024-09-14 17:21:01,971][    INFO] Iters: 0, Total loss: 0.011, Loss x: 0.020, Loss s: 0.002, Mask ratio: 0.973
[2024-09-14 17:22:13,838][    INFO] Iters: 89, Total loss: 0.011, Loss x: 0.017, Loss s: 0.005, Mask ratio: 0.969
[2024-09-14 17:23:25,715][    INFO] Iters: 178, Total loss: 0.011, Loss x: 0.017, Loss s: 0.005, Mask ratio: 0.968
[2024-09-14 17:24:37,558][    INFO] Iters: 267, Total loss: 0.011, Loss x: 0.017, Loss s: 0.005, Mask ratio: 0.969
[2024-09-14 17:25:49,383][    INFO] Iters: 356, Total loss: 0.011, Loss x: 0.017, Loss s: 0.004, Mask ratio: 0.969
[2024-09-14 17:27:01,186][    INFO] Iters: 445, Total loss: 0.011, Loss x: 0.017, Loss s: 0.004, Mask ratio: 0.970
[2024-09-14 17:28:13,007][    INFO] Iters: 534, Total loss: 0.010, Loss x: 0.017, Loss s: 0.004, Mask ratio: 0.970
[2024-09-14 17:29:24,836][    INFO] Iters: 623, Total loss: 0.010, Loss x: 0.016, Loss s: 0.004, Mask ratio: 0.971
[2024-09-14 17:31:59,315][    INFO] ***** Evaluation ***** >>>> Unchanged IoU: 98.94, EMA: 98.98
[2024-09-14 17:31:59,315][    INFO] ***** Evaluation ***** >>>> Changed IoU: 81.40: EMA: 82.33
[2024-09-14 17:31:59,315][    INFO] ***** Evaluation ***** >>>> Overall Accuracy: 98.98, EMA: 99.02

[2024-09-14 17:32:02,419][    INFO] ===========> Epoch: 10, LR: 0.0000042, Previous best Changed IoU: 81.55, Overall Accuracy: 98.97 @epoch-7, EMA: Changed IoU: 82.33, Overall Accuracy: 99.02 @epoch-9
[2024-09-14 17:32:03,830][    INFO] Iters: 0, Total loss: 0.010, Loss x: 0.018, Loss s: 0.002, Mask ratio: 0.982
[2024-09-14 17:33:15,612][    INFO] Iters: 89, Total loss: 0.009, Loss x: 0.015, Loss s: 0.003, Mask ratio: 0.970
[2024-09-14 17:34:27,436][    INFO] Iters: 178, Total loss: 0.009, Loss x: 0.016, Loss s: 0.003, Mask ratio: 0.972
[2024-09-14 17:35:39,241][    INFO] Iters: 267, Total loss: 0.010, Loss x: 0.016, Loss s: 0.003, Mask ratio: 0.971
[2024-09-14 17:36:51,025][    INFO] Iters: 356, Total loss: 0.010, Loss x: 0.016, Loss s: 0.003, Mask ratio: 0.971
[2024-09-14 17:38:02,808][    INFO] Iters: 445, Total loss: 0.009, Loss x: 0.016, Loss s: 0.003, Mask ratio: 0.971
[2024-09-14 17:39:14,572][    INFO] Iters: 534, Total loss: 0.009, Loss x: 0.016, Loss s: 0.003, Mask ratio: 0.971
[2024-09-14 17:40:26,423][    INFO] Iters: 623, Total loss: 0.010, Loss x: 0.016, Loss s: 0.003, Mask ratio: 0.971
[2024-09-14 17:43:00,506][    INFO] ***** Evaluation ***** >>>> Unchanged IoU: 98.91, EMA: 98.99
[2024-09-14 17:43:00,506][    INFO] ***** Evaluation ***** >>>> Changed IoU: 81.78: EMA: 82.62
[2024-09-14 17:43:00,506][    INFO] ***** Evaluation ***** >>>> Overall Accuracy: 98.96, EMA: 99.04

[2024-09-14 17:43:03,608][    INFO] ===========> Epoch: 11, LR: 0.0000042, Previous best Changed IoU: 81.78, Overall Accuracy: 98.96 @epoch-10, EMA: Changed IoU: 82.62, Overall Accuracy: 99.04 @epoch-10
[2024-09-14 17:43:05,000][    INFO] Iters: 0, Total loss: 0.011, Loss x: 0.007, Loss s: 0.015, Mask ratio: 0.976
[2024-09-14 17:44:16,783][    INFO] Iters: 89, Total loss: 0.008, Loss x: 0.014, Loss s: 0.003, Mask ratio: 0.975
[2024-09-14 17:45:28,565][    INFO] Iters: 178, Total loss: 0.009, Loss x: 0.014, Loss s: 0.003, Mask ratio: 0.972
[2024-09-14 17:46:40,347][    INFO] Iters: 267, Total loss: 0.009, Loss x: 0.014, Loss s: 0.003, Mask ratio: 0.973
[2024-09-14 17:47:52,134][    INFO] Iters: 356, Total loss: 0.009, Loss x: 0.015, Loss s: 0.003, Mask ratio: 0.973
[2024-09-14 17:49:03,924][    INFO] Iters: 445, Total loss: 0.009, Loss x: 0.015, Loss s: 0.003, Mask ratio: 0.973
[2024-09-14 17:50:15,587][    INFO] Iters: 534, Total loss: 0.009, Loss x: 0.015, Loss s: 0.003, Mask ratio: 0.973
[2024-09-14 17:51:27,251][    INFO] Iters: 623, Total loss: 0.009, Loss x: 0.015, Loss s: 0.003, Mask ratio: 0.973
[2024-09-14 17:54:01,242][    INFO] ***** Evaluation ***** >>>> Unchanged IoU: 98.85, EMA: 99.02
[2024-09-14 17:54:01,242][    INFO] ***** Evaluation ***** >>>> Changed IoU: 80.41: EMA: 82.91
[2024-09-14 17:54:01,242][    INFO] ***** Evaluation ***** >>>> Overall Accuracy: 98.90, EMA: 99.06

[2024-09-14 17:54:04,347][    INFO] ===========> Epoch: 12, LR: 0.0000041, Previous best Changed IoU: 81.78, Overall Accuracy: 98.96 @epoch-10, EMA: Changed IoU: 82.91, Overall Accuracy: 99.06 @epoch-11
[2024-09-14 17:54:05,717][    INFO] Iters: 0, Total loss: 0.016, Loss x: 0.028, Loss s: 0.005, Mask ratio: 0.964
[2024-09-14 17:55:17,502][    INFO] Iters: 89, Total loss: 0.009, Loss x: 0.014, Loss s: 0.003, Mask ratio: 0.973
[2024-09-14 17:56:29,295][    INFO] Iters: 178, Total loss: 0.009, Loss x: 0.014, Loss s: 0.003, Mask ratio: 0.973
[2024-09-14 17:57:41,114][    INFO] Iters: 267, Total loss: 0.009, Loss x: 0.015, Loss s: 0.003, Mask ratio: 0.972
[2024-09-14 17:58:52,992][    INFO] Iters: 356, Total loss: 0.009, Loss x: 0.015, Loss s: 0.003, Mask ratio: 0.972
[2024-09-14 18:00:04,879][    INFO] Iters: 445, Total loss: 0.009, Loss x: 0.015, Loss s: 0.003, Mask ratio: 0.972
[2024-09-14 18:01:16,695][    INFO] Iters: 534, Total loss: 0.009, Loss x: 0.015, Loss s: 0.003, Mask ratio: 0.972
[2024-09-14 18:02:28,493][    INFO] Iters: 623, Total loss: 0.009, Loss x: 0.015, Loss s: 0.003, Mask ratio: 0.972
[2024-09-14 18:05:02,415][    INFO] ***** Evaluation ***** >>>> Unchanged IoU: 98.96, EMA: 99.01
[2024-09-14 18:05:02,415][    INFO] ***** Evaluation ***** >>>> Changed IoU: 82.12: EMA: 82.80
[2024-09-14 18:05:02,415][    INFO] ***** Evaluation ***** >>>> Overall Accuracy: 99.01, EMA: 99.05

[2024-09-14 18:05:03,922][    INFO] ===========> Epoch: 13, LR: 0.0000040, Previous best Changed IoU: 82.12, Overall Accuracy: 99.01 @epoch-12, EMA: Changed IoU: 82.91, Overall Accuracy: 99.06 @epoch-11
[2024-09-14 18:05:05,309][    INFO] Iters: 0, Total loss: 0.011, Loss x: 0.018, Loss s: 0.004, Mask ratio: 0.974
[2024-09-14 18:06:17,078][    INFO] Iters: 89, Total loss: 0.009, Loss x: 0.014, Loss s: 0.004, Mask ratio: 0.973
[2024-09-14 18:07:28,849][    INFO] Iters: 178, Total loss: 0.009, Loss x: 0.015, Loss s: 0.003, Mask ratio: 0.973
[2024-09-14 18:08:40,639][    INFO] Iters: 267, Total loss: 0.009, Loss x: 0.015, Loss s: 0.003, Mask ratio: 0.974
[2024-09-14 18:09:52,436][    INFO] Iters: 356, Total loss: 0.009, Loss x: 0.015, Loss s: 0.003, Mask ratio: 0.974
[2024-09-14 18:11:04,234][    INFO] Iters: 445, Total loss: 0.009, Loss x: 0.015, Loss s: 0.003, Mask ratio: 0.974
[2024-09-14 18:12:16,038][    INFO] Iters: 534, Total loss: 0.009, Loss x: 0.015, Loss s: 0.003, Mask ratio: 0.974
[2024-09-14 18:13:27,837][    INFO] Iters: 623, Total loss: 0.009, Loss x: 0.015, Loss s: 0.003, Mask ratio: 0.973
[2024-09-14 18:16:01,831][    INFO] ***** Evaluation ***** >>>> Unchanged IoU: 99.01, EMA: 99.03
[2024-09-14 18:16:01,831][    INFO] ***** Evaluation ***** >>>> Changed IoU: 82.90: EMA: 83.11
[2024-09-14 18:16:01,831][    INFO] ***** Evaluation ***** >>>> Overall Accuracy: 99.05, EMA: 99.07

[2024-09-14 18:16:04,925][    INFO] ===========> Epoch: 14, LR: 0.0000039, Previous best Changed IoU: 82.90, Overall Accuracy: 99.05 @epoch-13, EMA: Changed IoU: 83.11, Overall Accuracy: 99.07 @epoch-13
[2024-09-14 18:16:06,356][    INFO] Iters: 0, Total loss: 0.012, Loss x: 0.021, Loss s: 0.002, Mask ratio: 0.961
[2024-09-14 18:17:18,150][    INFO] Iters: 89, Total loss: 0.008, Loss x: 0.014, Loss s: 0.003, Mask ratio: 0.971
[2024-09-14 18:18:29,942][    INFO] Iters: 178, Total loss: 0.008, Loss x: 0.014, Loss s: 0.003, Mask ratio: 0.972
[2024-09-14 18:19:41,735][    INFO] Iters: 267, Total loss: 0.008, Loss x: 0.014, Loss s: 0.003, Mask ratio: 0.974
[2024-09-14 18:20:53,522][    INFO] Iters: 356, Total loss: 0.008, Loss x: 0.014, Loss s: 0.003, Mask ratio: 0.974
[2024-09-14 18:22:05,315][    INFO] Iters: 445, Total loss: 0.008, Loss x: 0.014, Loss s: 0.003, Mask ratio: 0.974
[2024-09-14 18:23:17,115][    INFO] Iters: 534, Total loss: 0.008, Loss x: 0.014, Loss s: 0.003, Mask ratio: 0.974
[2024-09-14 18:24:28,929][    INFO] Iters: 623, Total loss: 0.008, Loss x: 0.014, Loss s: 0.003, Mask ratio: 0.974
[2024-09-14 18:27:03,286][    INFO] ***** Evaluation ***** >>>> Unchanged IoU: 99.02, EMA: 99.05
[2024-09-14 18:27:03,286][    INFO] ***** Evaluation ***** >>>> Changed IoU: 83.03: EMA: 83.40
[2024-09-14 18:27:03,287][    INFO] ***** Evaluation ***** >>>> Overall Accuracy: 99.06, EMA: 99.09

[2024-09-14 18:27:06,607][    INFO] ===========> Epoch: 15, LR: 0.0000039, Previous best Changed IoU: 83.03, Overall Accuracy: 99.06 @epoch-14, EMA: Changed IoU: 83.40, Overall Accuracy: 99.09 @epoch-14
[2024-09-14 18:27:08,006][    INFO] Iters: 0, Total loss: 0.004, Loss x: 0.006, Loss s: 0.003, Mask ratio: 0.974
[2024-09-14 18:28:19,775][    INFO] Iters: 89, Total loss: 0.007, Loss x: 0.012, Loss s: 0.002, Mask ratio: 0.975
[2024-09-14 18:29:31,544][    INFO] Iters: 178, Total loss: 0.008, Loss x: 0.013, Loss s: 0.002, Mask ratio: 0.976
[2024-09-14 18:30:43,212][    INFO] Iters: 267, Total loss: 0.008, Loss x: 0.014, Loss s: 0.002, Mask ratio: 0.975
[2024-09-14 18:31:54,877][    INFO] Iters: 356, Total loss: 0.008, Loss x: 0.014, Loss s: 0.002, Mask ratio: 0.975
[2024-09-14 18:33:06,570][    INFO] Iters: 445, Total loss: 0.008, Loss x: 0.014, Loss s: 0.002, Mask ratio: 0.975
[2024-09-14 18:34:18,325][    INFO] Iters: 534, Total loss: 0.008, Loss x: 0.014, Loss s: 0.002, Mask ratio: 0.975
[2024-09-14 18:35:30,150][    INFO] Iters: 623, Total loss: 0.008, Loss x: 0.014, Loss s: 0.002, Mask ratio: 0.975
[2024-09-14 18:38:04,130][    INFO] ***** Evaluation ***** >>>> Unchanged IoU: 98.95, EMA: 99.05
[2024-09-14 18:38:04,130][    INFO] ***** Evaluation ***** >>>> Changed IoU: 82.18: EMA: 83.47
[2024-09-14 18:38:04,130][    INFO] ***** Evaluation ***** >>>> Overall Accuracy: 99.00, EMA: 99.09

[2024-09-14 18:38:07,286][    INFO] ===========> Epoch: 16, LR: 0.0000038, Previous best Changed IoU: 83.03, Overall Accuracy: 99.06 @epoch-14, EMA: Changed IoU: 83.47, Overall Accuracy: 99.09 @epoch-15
[2024-09-14 18:38:08,658][    INFO] Iters: 0, Total loss: 0.014, Loss x: 0.023, Loss s: 0.006, Mask ratio: 0.948
[2024-09-14 18:39:20,399][    INFO] Iters: 89, Total loss: 0.009, Loss x: 0.015, Loss s: 0.003, Mask ratio: 0.975
[2024-09-14 18:40:33,091][    INFO] Iters: 178, Total loss: 0.009, Loss x: 0.015, Loss s: 0.003, Mask ratio: 0.976
[2024-09-14 18:41:44,870][    INFO] Iters: 267, Total loss: 0.009, Loss x: 0.015, Loss s: 0.004, Mask ratio: 0.975
[2024-09-14 18:42:56,642][    INFO] Iters: 356, Total loss: 0.009, Loss x: 0.015, Loss s: 0.004, Mask ratio: 0.974
[2024-09-14 18:44:08,416][    INFO] Iters: 445, Total loss: 0.009, Loss x: 0.015, Loss s: 0.004, Mask ratio: 0.974
[2024-09-14 18:45:20,204][    INFO] Iters: 534, Total loss: 0.009, Loss x: 0.015, Loss s: 0.004, Mask ratio: 0.974
[2024-09-14 18:46:32,005][    INFO] Iters: 623, Total loss: 0.009, Loss x: 0.014, Loss s: 0.003, Mask ratio: 0.974
[2024-09-14 18:49:06,236][    INFO] ***** Evaluation ***** >>>> Unchanged IoU: 98.99, EMA: 99.04
[2024-09-14 18:49:06,236][    INFO] ***** Evaluation ***** >>>> Changed IoU: 82.31: EMA: 83.39
[2024-09-14 18:49:06,236][    INFO] ***** Evaluation ***** >>>> Overall Accuracy: 99.04, EMA: 99.09

[2024-09-14 18:49:07,846][    INFO] ===========> Epoch: 17, LR: 0.0000037, Previous best Changed IoU: 83.03, Overall Accuracy: 99.06 @epoch-14, EMA: Changed IoU: 83.47, Overall Accuracy: 99.09 @epoch-15
[2024-09-14 18:49:09,217][    INFO] Iters: 0, Total loss: 0.005, Loss x: 0.009, Loss s: 0.000, Mask ratio: 0.993
[2024-09-14 18:50:21,008][    INFO] Iters: 89, Total loss: 0.008, Loss x: 0.014, Loss s: 0.003, Mask ratio: 0.974
[2024-09-14 18:51:32,784][    INFO] Iters: 178, Total loss: 0.008, Loss x: 0.014, Loss s: 0.003, Mask ratio: 0.975
[2024-09-14 18:52:44,555][    INFO] Iters: 267, Total loss: 0.008, Loss x: 0.014, Loss s: 0.003, Mask ratio: 0.975
[2024-09-14 18:53:56,340][    INFO] Iters: 356, Total loss: 0.008, Loss x: 0.014, Loss s: 0.003, Mask ratio: 0.974
[2024-09-14 18:55:08,099][    INFO] Iters: 445, Total loss: 0.008, Loss x: 0.013, Loss s: 0.003, Mask ratio: 0.975
[2024-09-14 18:56:19,822][    INFO] Iters: 534, Total loss: 0.008, Loss x: 0.013, Loss s: 0.003, Mask ratio: 0.975
[2024-09-14 18:57:31,605][    INFO] Iters: 623, Total loss: 0.008, Loss x: 0.013, Loss s: 0.002, Mask ratio: 0.975
[2024-09-14 19:00:05,592][    INFO] ***** Evaluation ***** >>>> Unchanged IoU: 99.03, EMA: 99.05
[2024-09-14 19:00:05,592][    INFO] ***** Evaluation ***** >>>> Changed IoU: 83.12: EMA: 83.50
[2024-09-14 19:00:05,592][    INFO] ***** Evaluation ***** >>>> Overall Accuracy: 99.08, EMA: 99.09

[2024-09-14 19:00:09,120][    INFO] ===========> Epoch: 18, LR: 0.0000036, Previous best Changed IoU: 83.12, Overall Accuracy: 99.08 @epoch-17, EMA: Changed IoU: 83.50, Overall Accuracy: 99.09 @epoch-17
[2024-09-14 19:00:10,533][    INFO] Iters: 0, Total loss: 0.005, Loss x: 0.003, Loss s: 0.007, Mask ratio: 0.936
[2024-09-14 19:01:22,290][    INFO] Iters: 89, Total loss: 0.008, Loss x: 0.013, Loss s: 0.002, Mask ratio: 0.976
[2024-09-14 19:02:34,062][    INFO] Iters: 178, Total loss: 0.008, Loss x: 0.013, Loss s: 0.002, Mask ratio: 0.976
[2024-09-14 19:03:45,838][    INFO] Iters: 267, Total loss: 0.008, Loss x: 0.013, Loss s: 0.002, Mask ratio: 0.976
[2024-09-14 19:04:57,606][    INFO] Iters: 356, Total loss: 0.008, Loss x: 0.014, Loss s: 0.002, Mask ratio: 0.975
[2024-09-14 19:06:09,379][    INFO] Iters: 445, Total loss: 0.008, Loss x: 0.013, Loss s: 0.002, Mask ratio: 0.975
[2024-09-14 19:07:21,188][    INFO] Iters: 534, Total loss: 0.008, Loss x: 0.013, Loss s: 0.002, Mask ratio: 0.975
[2024-09-14 19:08:33,034][    INFO] Iters: 623, Total loss: 0.008, Loss x: 0.013, Loss s: 0.002, Mask ratio: 0.975
[2024-09-14 19:11:07,138][    INFO] ***** Evaluation ***** >>>> Unchanged IoU: 99.02, EMA: 99.06
[2024-09-14 19:11:07,138][    INFO] ***** Evaluation ***** >>>> Changed IoU: 83.15: EMA: 83.64
[2024-09-14 19:11:07,138][    INFO] ***** Evaluation ***** >>>> Overall Accuracy: 99.07, EMA: 99.10

[2024-09-14 19:11:10,594][    INFO] ===========> Epoch: 19, LR: 0.0000035, Previous best Changed IoU: 83.15, Overall Accuracy: 99.07 @epoch-18, EMA: Changed IoU: 83.64, Overall Accuracy: 99.10 @epoch-18
[2024-09-14 19:11:11,974][    INFO] Iters: 0, Total loss: 0.019, Loss x: 0.036, Loss s: 0.002, Mask ratio: 0.983
[2024-09-14 19:12:23,769][    INFO] Iters: 89, Total loss: 0.008, Loss x: 0.013, Loss s: 0.002, Mask ratio: 0.977
[2024-09-14 19:13:35,570][    INFO] Iters: 178, Total loss: 0.008, Loss x: 0.013, Loss s: 0.002, Mask ratio: 0.976
[2024-09-14 19:14:47,344][    INFO] Iters: 267, Total loss: 0.008, Loss x: 0.013, Loss s: 0.003, Mask ratio: 0.976
[2024-09-14 19:15:59,141][    INFO] Iters: 356, Total loss: 0.007, Loss x: 0.012, Loss s: 0.002, Mask ratio: 0.976
[2024-09-14 19:17:10,936][    INFO] Iters: 445, Total loss: 0.007, Loss x: 0.012, Loss s: 0.002, Mask ratio: 0.976
[2024-09-14 19:18:22,716][    INFO] Iters: 534, Total loss: 0.007, Loss x: 0.012, Loss s: 0.002, Mask ratio: 0.976
[2024-09-14 19:19:34,523][    INFO] Iters: 623, Total loss: 0.008, Loss x: 0.013, Loss s: 0.002, Mask ratio: 0.976
[2024-09-14 19:22:08,936][    INFO] ***** Evaluation ***** >>>> Unchanged IoU: 99.04, EMA: 99.06
[2024-09-14 19:22:08,936][    INFO] ***** Evaluation ***** >>>> Changed IoU: 83.23: EMA: 83.65
[2024-09-14 19:22:08,936][    INFO] ***** Evaluation ***** >>>> Overall Accuracy: 99.08, EMA: 99.10

[2024-09-14 19:22:11,988][    INFO] ===========> Epoch: 20, LR: 0.0000035, Previous best Changed IoU: 83.23, Overall Accuracy: 99.08 @epoch-19, EMA: Changed IoU: 83.65, Overall Accuracy: 99.10 @epoch-19
[2024-09-14 19:22:13,384][    INFO] Iters: 0, Total loss: 0.003, Loss x: 0.005, Loss s: 0.001, Mask ratio: 0.986
[2024-09-14 19:23:25,204][    INFO] Iters: 89, Total loss: 0.007, Loss x: 0.011, Loss s: 0.002, Mask ratio: 0.977
[2024-09-14 19:24:37,018][    INFO] Iters: 178, Total loss: 0.007, Loss x: 0.012, Loss s: 0.002, Mask ratio: 0.977
[2024-09-14 19:25:48,844][    INFO] Iters: 267, Total loss: 0.007, Loss x: 0.012, Loss s: 0.002, Mask ratio: 0.977
[2024-09-14 19:27:00,641][    INFO] Iters: 356, Total loss: 0.007, Loss x: 0.012, Loss s: 0.002, Mask ratio: 0.977
[2024-09-14 19:28:12,453][    INFO] Iters: 445, Total loss: 0.007, Loss x: 0.013, Loss s: 0.002, Mask ratio: 0.976
[2024-09-14 19:29:24,474][    INFO] Iters: 534, Total loss: 0.007, Loss x: 0.012, Loss s: 0.002, Mask ratio: 0.976
[2024-09-14 19:30:36,260][    INFO] Iters: 623, Total loss: 0.007, Loss x: 0.013, Loss s: 0.002, Mask ratio: 0.977
[2024-09-14 19:33:10,376][    INFO] ***** Evaluation ***** >>>> Unchanged IoU: 99.02, EMA: 99.06
[2024-09-14 19:33:10,377][    INFO] ***** Evaluation ***** >>>> Changed IoU: 82.95: EMA: 83.67
[2024-09-14 19:33:10,377][    INFO] ***** Evaluation ***** >>>> Overall Accuracy: 99.07, EMA: 99.11

[2024-09-14 19:33:14,170][    INFO] ===========> Epoch: 21, LR: 0.0000034, Previous best Changed IoU: 83.23, Overall Accuracy: 99.08 @epoch-19, EMA: Changed IoU: 83.67, Overall Accuracy: 99.11 @epoch-20
[2024-09-14 19:33:15,594][    INFO] Iters: 0, Total loss: 0.005, Loss x: 0.009, Loss s: 0.001, Mask ratio: 0.976
[2024-09-14 19:34:27,394][    INFO] Iters: 89, Total loss: 0.007, Loss x: 0.013, Loss s: 0.002, Mask ratio: 0.976
[2024-09-14 19:35:39,208][    INFO] Iters: 178, Total loss: 0.008, Loss x: 0.013, Loss s: 0.002, Mask ratio: 0.976
[2024-09-14 19:36:51,004][    INFO] Iters: 267, Total loss: 0.007, Loss x: 0.012, Loss s: 0.002, Mask ratio: 0.977
[2024-09-14 19:38:02,817][    INFO] Iters: 356, Total loss: 0.007, Loss x: 0.012, Loss s: 0.002, Mask ratio: 0.977
[2024-09-14 19:39:14,620][    INFO] Iters: 445, Total loss: 0.007, Loss x: 0.013, Loss s: 0.002, Mask ratio: 0.977
[2024-09-14 19:40:26,451][    INFO] Iters: 534, Total loss: 0.007, Loss x: 0.012, Loss s: 0.002, Mask ratio: 0.977
[2024-09-14 19:41:38,316][    INFO] Iters: 623, Total loss: 0.007, Loss x: 0.012, Loss s: 0.002, Mask ratio: 0.977
[2024-09-14 19:44:12,399][    INFO] ***** Evaluation ***** >>>> Unchanged IoU: 99.05, EMA: 99.07
[2024-09-14 19:44:12,399][    INFO] ***** Evaluation ***** >>>> Changed IoU: 83.38: EMA: 83.76
[2024-09-14 19:44:12,399][    INFO] ***** Evaluation ***** >>>> Overall Accuracy: 99.09, EMA: 99.11

[2024-09-14 19:44:15,630][    INFO] ===========> Epoch: 22, LR: 0.0000033, Previous best Changed IoU: 83.38, Overall Accuracy: 99.09 @epoch-21, EMA: Changed IoU: 83.76, Overall Accuracy: 99.11 @epoch-21
[2024-09-14 19:44:17,026][    INFO] Iters: 0, Total loss: 0.004, Loss x: 0.007, Loss s: 0.001, Mask ratio: 0.983
[2024-09-14 19:45:28,872][    INFO] Iters: 89, Total loss: 0.008, Loss x: 0.013, Loss s: 0.003, Mask ratio: 0.978
[2024-09-14 19:46:40,683][    INFO] Iters: 178, Total loss: 0.008, Loss x: 0.013, Loss s: 0.003, Mask ratio: 0.978
[2024-09-14 19:47:52,497][    INFO] Iters: 267, Total loss: 0.008, Loss x: 0.013, Loss s: 0.003, Mask ratio: 0.978
[2024-09-14 19:49:04,326][    INFO] Iters: 356, Total loss: 0.007, Loss x: 0.013, Loss s: 0.002, Mask ratio: 0.978
[2024-09-14 19:50:16,141][    INFO] Iters: 445, Total loss: 0.007, Loss x: 0.012, Loss s: 0.002, Mask ratio: 0.978
[2024-09-14 19:51:27,946][    INFO] Iters: 534, Total loss: 0.007, Loss x: 0.012, Loss s: 0.002, Mask ratio: 0.977
[2024-09-14 19:52:39,784][    INFO] Iters: 623, Total loss: 0.007, Loss x: 0.012, Loss s: 0.002, Mask ratio: 0.978
[2024-09-14 19:55:13,840][    INFO] ***** Evaluation ***** >>>> Unchanged IoU: 99.03, EMA: 99.07
[2024-09-14 19:55:13,841][    INFO] ***** Evaluation ***** >>>> Changed IoU: 83.45: EMA: 83.73
[2024-09-14 19:55:13,841][    INFO] ***** Evaluation ***** >>>> Overall Accuracy: 99.08, EMA: 99.11

[2024-09-14 19:55:15,549][    INFO] ===========> Epoch: 23, LR: 0.0000032, Previous best Changed IoU: 83.45, Overall Accuracy: 99.08 @epoch-22, EMA: Changed IoU: 83.76, Overall Accuracy: 99.11 @epoch-21
[2024-09-14 19:55:16,916][    INFO] Iters: 0, Total loss: 0.002, Loss x: 0.003, Loss s: 0.001, Mask ratio: 0.981
[2024-09-14 19:56:28,581][    INFO] Iters: 89, Total loss: 0.008, Loss x: 0.013, Loss s: 0.002, Mask ratio: 0.977
[2024-09-14 19:57:40,285][    INFO] Iters: 178, Total loss: 0.007, Loss x: 0.012, Loss s: 0.002, Mask ratio: 0.978
[2024-09-14 19:58:51,968][    INFO] Iters: 267, Total loss: 0.007, Loss x: 0.012, Loss s: 0.002, Mask ratio: 0.977
[2024-09-14 20:00:03,652][    INFO] Iters: 356, Total loss: 0.009, Loss x: 0.014, Loss s: 0.003, Mask ratio: 0.975
[2024-09-14 20:01:15,416][    INFO] Iters: 445, Total loss: 0.009, Loss x: 0.014, Loss s: 0.003, Mask ratio: 0.975
[2024-09-14 20:02:27,193][    INFO] Iters: 534, Total loss: 0.009, Loss x: 0.014, Loss s: 0.003, Mask ratio: 0.975
[2024-09-14 20:03:39,060][    INFO] Iters: 623, Total loss: 0.009, Loss x: 0.014, Loss s: 0.003, Mask ratio: 0.975
[2024-09-14 20:06:13,050][    INFO] ***** Evaluation ***** >>>> Unchanged IoU: 99.05, EMA: 99.06
[2024-09-14 20:06:13,050][    INFO] ***** Evaluation ***** >>>> Changed IoU: 83.45: EMA: 83.75
[2024-09-14 20:06:13,050][    INFO] ***** Evaluation ***** >>>> Overall Accuracy: 99.10, EMA: 99.11

[2024-09-14 20:06:14,837][    INFO] ===========> Epoch: 24, LR: 0.0000032, Previous best Changed IoU: 83.45, Overall Accuracy: 99.10 @epoch-23, EMA: Changed IoU: 83.76, Overall Accuracy: 99.11 @epoch-21
[2024-09-14 20:06:16,220][    INFO] Iters: 0, Total loss: 0.004, Loss x: 0.007, Loss s: 0.002, Mask ratio: 0.981
[2024-09-14 20:07:28,097][    INFO] Iters: 89, Total loss: 0.007, Loss x: 0.011, Loss s: 0.002, Mask ratio: 0.978
[2024-09-14 20:08:39,964][    INFO] Iters: 178, Total loss: 0.007, Loss x: 0.012, Loss s: 0.002, Mask ratio: 0.977
[2024-09-14 20:09:51,786][    INFO] Iters: 267, Total loss: 0.007, Loss x: 0.012, Loss s: 0.002, Mask ratio: 0.978
[2024-09-14 20:11:03,590][    INFO] Iters: 356, Total loss: 0.007, Loss x: 0.012, Loss s: 0.002, Mask ratio: 0.978
[2024-09-14 20:12:15,385][    INFO] Iters: 445, Total loss: 0.007, Loss x: 0.012, Loss s: 0.002, Mask ratio: 0.978
[2024-09-14 20:13:27,133][    INFO] Iters: 534, Total loss: 0.007, Loss x: 0.012, Loss s: 0.002, Mask ratio: 0.978
[2024-09-14 20:14:38,928][    INFO] Iters: 623, Total loss: 0.007, Loss x: 0.012, Loss s: 0.002, Mask ratio: 0.978
[2024-09-14 20:17:13,025][    INFO] ***** Evaluation ***** >>>> Unchanged IoU: 99.06, EMA: 99.08
[2024-09-14 20:17:13,025][    INFO] ***** Evaluation ***** >>>> Changed IoU: 83.68: EMA: 83.92
[2024-09-14 20:17:13,025][    INFO] ***** Evaluation ***** >>>> Overall Accuracy: 99.10, EMA: 99.12

[2024-09-14 20:17:16,308][    INFO] ===========> Epoch: 25, LR: 0.0000031, Previous best Changed IoU: 83.68, Overall Accuracy: 99.10 @epoch-24, EMA: Changed IoU: 83.92, Overall Accuracy: 99.12 @epoch-24
[2024-09-14 20:17:17,669][    INFO] Iters: 0, Total loss: 0.009, Loss x: 0.018, Loss s: 0.000, Mask ratio: 0.998
[2024-09-14 20:18:29,365][    INFO] Iters: 89, Total loss: 0.007, Loss x: 0.011, Loss s: 0.003, Mask ratio: 0.976
[2024-09-14 20:19:41,196][    INFO] Iters: 178, Total loss: 0.007, Loss x: 0.011, Loss s: 0.002, Mask ratio: 0.978
[2024-09-14 20:20:53,042][    INFO] Iters: 267, Total loss: 0.007, Loss x: 0.011, Loss s: 0.002, Mask ratio: 0.977
[2024-09-14 20:22:04,859][    INFO] Iters: 356, Total loss: 0.007, Loss x: 0.012, Loss s: 0.002, Mask ratio: 0.978
[2024-09-14 20:23:16,668][    INFO] Iters: 445, Total loss: 0.007, Loss x: 0.012, Loss s: 0.002, Mask ratio: 0.978
[2024-09-14 20:24:28,444][    INFO] Iters: 534, Total loss: 0.007, Loss x: 0.012, Loss s: 0.002, Mask ratio: 0.978
[2024-09-14 20:25:40,236][    INFO] Iters: 623, Total loss: 0.007, Loss x: 0.012, Loss s: 0.002, Mask ratio: 0.978
[2024-09-14 20:28:14,275][    INFO] ***** Evaluation ***** >>>> Unchanged IoU: 99.04, EMA: 99.08
[2024-09-14 20:28:14,275][    INFO] ***** Evaluation ***** >>>> Changed IoU: 83.23: EMA: 83.94
[2024-09-14 20:28:14,275][    INFO] ***** Evaluation ***** >>>> Overall Accuracy: 99.08, EMA: 99.12

[2024-09-14 20:28:17,745][    INFO] ===========> Epoch: 26, LR: 0.0000030, Previous best Changed IoU: 83.68, Overall Accuracy: 99.10 @epoch-24, EMA: Changed IoU: 83.94, Overall Accuracy: 99.12 @epoch-25
[2024-09-14 20:28:19,117][    INFO] Iters: 0, Total loss: 0.005, Loss x: 0.008, Loss s: 0.002, Mask ratio: 0.973
[2024-09-14 20:29:30,790][    INFO] Iters: 89, Total loss: 0.007, Loss x: 0.012, Loss s: 0.002, Mask ratio: 0.978
[2024-09-14 20:30:42,595][    INFO] Iters: 178, Total loss: 0.007, Loss x: 0.012, Loss s: 0.002, Mask ratio: 0.979
[2024-09-14 20:31:54,468][    INFO] Iters: 267, Total loss: 0.007, Loss x: 0.012, Loss s: 0.002, Mask ratio: 0.979
[2024-09-14 20:33:06,246][    INFO] Iters: 356, Total loss: 0.007, Loss x: 0.012, Loss s: 0.002, Mask ratio: 0.979
[2024-09-14 20:34:17,962][    INFO] Iters: 445, Total loss: 0.007, Loss x: 0.011, Loss s: 0.002, Mask ratio: 0.979
[2024-09-14 20:35:29,642][    INFO] Iters: 534, Total loss: 0.007, Loss x: 0.011, Loss s: 0.002, Mask ratio: 0.979
[2024-09-14 20:36:41,355][    INFO] Iters: 623, Total loss: 0.007, Loss x: 0.011, Loss s: 0.002, Mask ratio: 0.979
[2024-09-14 20:39:15,324][    INFO] ***** Evaluation ***** >>>> Unchanged IoU: 99.06, EMA: 99.08
[2024-09-14 20:39:15,324][    INFO] ***** Evaluation ***** >>>> Changed IoU: 83.66: EMA: 83.96
[2024-09-14 20:39:15,324][    INFO] ***** Evaluation ***** >>>> Overall Accuracy: 99.10, EMA: 99.12

[2024-09-14 20:39:19,010][    INFO] ===========> Epoch: 27, LR: 0.0000029, Previous best Changed IoU: 83.68, Overall Accuracy: 99.10 @epoch-24, EMA: Changed IoU: 83.96, Overall Accuracy: 99.12 @epoch-26
[2024-09-14 20:39:20,398][    INFO] Iters: 0, Total loss: 0.008, Loss x: 0.016, Loss s: 0.001, Mask ratio: 0.989
[2024-09-14 20:40:32,272][    INFO] Iters: 89, Total loss: 0.007, Loss x: 0.011, Loss s: 0.002, Mask ratio: 0.981
[2024-09-14 20:41:44,082][    INFO] Iters: 178, Total loss: 0.007, Loss x: 0.012, Loss s: 0.002, Mask ratio: 0.980
[2024-09-14 20:42:55,891][    INFO] Iters: 267, Total loss: 0.007, Loss x: 0.011, Loss s: 0.002, Mask ratio: 0.980
[2024-09-14 20:44:07,714][    INFO] Iters: 356, Total loss: 0.007, Loss x: 0.011, Loss s: 0.002, Mask ratio: 0.979
[2024-09-14 20:45:19,508][    INFO] Iters: 445, Total loss: 0.007, Loss x: 0.011, Loss s: 0.002, Mask ratio: 0.978
[2024-09-14 20:46:31,326][    INFO] Iters: 534, Total loss: 0.007, Loss x: 0.011, Loss s: 0.002, Mask ratio: 0.978
[2024-09-14 20:47:43,014][    INFO] Iters: 623, Total loss: 0.007, Loss x: 0.012, Loss s: 0.002, Mask ratio: 0.978
[2024-09-14 20:50:17,237][    INFO] ***** Evaluation ***** >>>> Unchanged IoU: 99.04, EMA: 99.08
[2024-09-14 20:50:17,238][    INFO] ***** Evaluation ***** >>>> Changed IoU: 83.50: EMA: 84.01
[2024-09-14 20:50:17,238][    INFO] ***** Evaluation ***** >>>> Overall Accuracy: 99.08, EMA: 99.12

[2024-09-14 20:50:20,490][    INFO] ===========> Epoch: 28, LR: 0.0000028, Previous best Changed IoU: 83.68, Overall Accuracy: 99.10 @epoch-24, EMA: Changed IoU: 84.01, Overall Accuracy: 99.12 @epoch-27
[2024-09-14 20:50:21,917][    INFO] Iters: 0, Total loss: 0.007, Loss x: 0.007, Loss s: 0.007, Mask ratio: 0.973
[2024-09-14 20:51:33,720][    INFO] Iters: 89, Total loss: 0.007, Loss x: 0.013, Loss s: 0.002, Mask ratio: 0.980
[2024-09-14 20:52:45,539][    INFO] Iters: 178, Total loss: 0.007, Loss x: 0.012, Loss s: 0.002, Mask ratio: 0.979
[2024-09-14 20:53:57,365][    INFO] Iters: 267, Total loss: 0.007, Loss x: 0.012, Loss s: 0.002, Mask ratio: 0.979
[2024-09-14 20:55:09,183][    INFO] Iters: 356, Total loss: 0.007, Loss x: 0.012, Loss s: 0.002, Mask ratio: 0.979
[2024-09-14 20:56:21,015][    INFO] Iters: 445, Total loss: 0.007, Loss x: 0.011, Loss s: 0.002, Mask ratio: 0.979
[2024-09-14 20:57:32,829][    INFO] Iters: 534, Total loss: 0.007, Loss x: 0.011, Loss s: 0.002, Mask ratio: 0.979
[2024-09-14 20:58:44,651][    INFO] Iters: 623, Total loss: 0.007, Loss x: 0.011, Loss s: 0.002, Mask ratio: 0.979
[2024-09-14 21:01:18,765][    INFO] ***** Evaluation ***** >>>> Unchanged IoU: 99.06, EMA: 99.08
[2024-09-14 21:01:18,765][    INFO] ***** Evaluation ***** >>>> Changed IoU: 83.43: EMA: 83.86
[2024-09-14 21:01:18,765][    INFO] ***** Evaluation ***** >>>> Overall Accuracy: 99.10, EMA: 99.12

[2024-09-14 21:01:20,463][    INFO] ===========> Epoch: 29, LR: 0.0000028, Previous best Changed IoU: 83.68, Overall Accuracy: 99.10 @epoch-24, EMA: Changed IoU: 84.01, Overall Accuracy: 99.12 @epoch-27
[2024-09-14 21:01:21,906][    INFO] Iters: 0, Total loss: 0.007, Loss x: 0.010, Loss s: 0.005, Mask ratio: 0.950
[2024-09-14 21:02:33,708][    INFO] Iters: 89, Total loss: 0.007, Loss x: 0.011, Loss s: 0.002, Mask ratio: 0.980
[2024-09-14 21:03:45,510][    INFO] Iters: 178, Total loss: 0.007, Loss x: 0.012, Loss s: 0.002, Mask ratio: 0.979
[2024-09-14 21:04:57,306][    INFO] Iters: 267, Total loss: 0.007, Loss x: 0.011, Loss s: 0.002, Mask ratio: 0.979
[2024-09-14 21:06:09,138][    INFO] Iters: 356, Total loss: 0.007, Loss x: 0.012, Loss s: 0.002, Mask ratio: 0.979
[2024-09-14 21:07:20,940][    INFO] Iters: 445, Total loss: 0.007, Loss x: 0.011, Loss s: 0.002, Mask ratio: 0.980
[2024-09-14 21:08:32,780][    INFO] Iters: 534, Total loss: 0.007, Loss x: 0.011, Loss s: 0.002, Mask ratio: 0.979
[2024-09-14 21:09:44,604][    INFO] Iters: 623, Total loss: 0.006, Loss x: 0.011, Loss s: 0.002, Mask ratio: 0.980
[2024-09-14 21:12:18,554][    INFO] ***** Evaluation ***** >>>> Unchanged IoU: 99.07, EMA: 99.08
[2024-09-14 21:12:18,554][    INFO] ***** Evaluation ***** >>>> Changed IoU: 83.77: EMA: 84.00
[2024-09-14 21:12:18,554][    INFO] ***** Evaluation ***** >>>> Overall Accuracy: 99.11, EMA: 99.13

[2024-09-14 21:12:20,377][    INFO] ===========> Epoch: 30, LR: 0.0000027, Previous best Changed IoU: 83.77, Overall Accuracy: 99.11 @epoch-29, EMA: Changed IoU: 84.01, Overall Accuracy: 99.12 @epoch-27
[2024-09-14 21:12:21,768][    INFO] Iters: 0, Total loss: 0.004, Loss x: 0.006, Loss s: 0.002, Mask ratio: 0.948
[2024-09-14 21:13:33,567][    INFO] Iters: 89, Total loss: 0.006, Loss x: 0.010, Loss s: 0.002, Mask ratio: 0.978
[2024-09-14 21:14:45,290][    INFO] Iters: 178, Total loss: 0.006, Loss x: 0.011, Loss s: 0.002, Mask ratio: 0.979
[2024-09-14 21:15:56,964][    INFO] Iters: 267, Total loss: 0.007, Loss x: 0.011, Loss s: 0.002, Mask ratio: 0.979
[2024-09-14 21:17:08,648][    INFO] Iters: 356, Total loss: 0.007, Loss x: 0.011, Loss s: 0.002, Mask ratio: 0.979
[2024-09-14 21:18:20,333][    INFO] Iters: 445, Total loss: 0.007, Loss x: 0.011, Loss s: 0.002, Mask ratio: 0.978
[2024-09-14 21:19:32,131][    INFO] Iters: 534, Total loss: 0.007, Loss x: 0.011, Loss s: 0.002, Mask ratio: 0.979
[2024-09-14 21:20:43,942][    INFO] Iters: 623, Total loss: 0.007, Loss x: 0.011, Loss s: 0.003, Mask ratio: 0.979
[2024-09-14 21:23:17,929][    INFO] ***** Evaluation ***** >>>> Unchanged IoU: 98.89, EMA: 99.09
[2024-09-14 21:23:17,930][    INFO] ***** Evaluation ***** >>>> Changed IoU: 80.01: EMA: 84.11
[2024-09-14 21:23:17,930][    INFO] ***** Evaluation ***** >>>> Overall Accuracy: 98.94, EMA: 99.13

[2024-09-14 21:23:21,105][    INFO] ===========> Epoch: 31, LR: 0.0000026, Previous best Changed IoU: 83.77, Overall Accuracy: 99.11 @epoch-29, EMA: Changed IoU: 84.11, Overall Accuracy: 99.13 @epoch-30
[2024-09-14 21:23:22,523][    INFO] Iters: 0, Total loss: 0.013, Loss x: 0.026, Loss s: 0.000, Mask ratio: 0.998
[2024-09-14 21:24:34,256][    INFO] Iters: 89, Total loss: 0.007, Loss x: 0.012, Loss s: 0.003, Mask ratio: 0.979
[2024-09-14 21:25:45,924][    INFO] Iters: 178, Total loss: 0.007, Loss x: 0.011, Loss s: 0.002, Mask ratio: 0.979
[2024-09-14 21:26:57,586][    INFO] Iters: 267, Total loss: 0.007, Loss x: 0.011, Loss s: 0.002, Mask ratio: 0.979
[2024-09-14 21:28:09,252][    INFO] Iters: 356, Total loss: 0.007, Loss x: 0.011, Loss s: 0.002, Mask ratio: 0.979
[2024-09-14 21:29:20,918][    INFO] Iters: 445, Total loss: 0.006, Loss x: 0.011, Loss s: 0.002, Mask ratio: 0.979
[2024-09-14 21:30:32,591][    INFO] Iters: 534, Total loss: 0.006, Loss x: 0.011, Loss s: 0.002, Mask ratio: 0.979
[2024-09-14 21:31:44,289][    INFO] Iters: 623, Total loss: 0.006, Loss x: 0.011, Loss s: 0.002, Mask ratio: 0.979
[2024-09-14 21:34:18,144][    INFO] ***** Evaluation ***** >>>> Unchanged IoU: 99.07, EMA: 99.09
[2024-09-14 21:34:18,144][    INFO] ***** Evaluation ***** >>>> Changed IoU: 83.79: EMA: 84.05
[2024-09-14 21:34:18,144][    INFO] ***** Evaluation ***** >>>> Overall Accuracy: 99.12, EMA: 99.13

[2024-09-14 21:34:19,679][    INFO] ===========> Epoch: 32, LR: 0.0000025, Previous best Changed IoU: 83.79, Overall Accuracy: 99.12 @epoch-31, EMA: Changed IoU: 84.11, Overall Accuracy: 99.13 @epoch-30
[2024-09-14 21:34:21,079][    INFO] Iters: 0, Total loss: 0.005, Loss x: 0.009, Loss s: 0.000, Mask ratio: 0.995
[2024-09-14 21:35:32,913][    INFO] Iters: 89, Total loss: 0.007, Loss x: 0.011, Loss s: 0.002, Mask ratio: 0.981
[2024-09-14 21:36:44,740][    INFO] Iters: 178, Total loss: 0.006, Loss x: 0.011, Loss s: 0.002, Mask ratio: 0.981
[2024-09-14 21:37:56,567][    INFO] Iters: 267, Total loss: 0.006, Loss x: 0.011, Loss s: 0.002, Mask ratio: 0.980
[2024-09-14 21:39:08,396][    INFO] Iters: 356, Total loss: 0.006, Loss x: 0.010, Loss s: 0.002, Mask ratio: 0.980
[2024-09-14 21:40:20,214][    INFO] Iters: 445, Total loss: 0.006, Loss x: 0.011, Loss s: 0.002, Mask ratio: 0.981
[2024-09-14 21:41:32,032][    INFO] Iters: 534, Total loss: 0.006, Loss x: 0.011, Loss s: 0.002, Mask ratio: 0.980
[2024-09-14 21:42:43,851][    INFO] Iters: 623, Total loss: 0.006, Loss x: 0.010, Loss s: 0.002, Mask ratio: 0.980
[2024-09-14 21:45:17,775][    INFO] ***** Evaluation ***** >>>> Unchanged IoU: 99.08, EMA: 99.09
[2024-09-14 21:45:17,775][    INFO] ***** Evaluation ***** >>>> Changed IoU: 83.86: EMA: 84.06
[2024-09-14 21:45:17,775][    INFO] ***** Evaluation ***** >>>> Overall Accuracy: 99.12, EMA: 99.13

[2024-09-14 21:45:19,348][    INFO] ===========> Epoch: 33, LR: 0.0000024, Previous best Changed IoU: 83.86, Overall Accuracy: 99.12 @epoch-32, EMA: Changed IoU: 84.11, Overall Accuracy: 99.13 @epoch-30
[2024-09-14 21:45:20,779][    INFO] Iters: 0, Total loss: 0.009, Loss x: 0.015, Loss s: 0.002, Mask ratio: 0.992
[2024-09-14 21:46:32,601][    INFO] Iters: 89, Total loss: 0.006, Loss x: 0.010, Loss s: 0.002, Mask ratio: 0.980
[2024-09-14 21:47:44,406][    INFO] Iters: 178, Total loss: 0.006, Loss x: 0.010, Loss s: 0.002, Mask ratio: 0.981
[2024-09-14 21:48:56,209][    INFO] Iters: 267, Total loss: 0.006, Loss x: 0.010, Loss s: 0.002, Mask ratio: 0.981
[2024-09-14 21:50:07,938][    INFO] Iters: 356, Total loss: 0.006, Loss x: 0.010, Loss s: 0.002, Mask ratio: 0.981
[2024-09-14 21:51:19,610][    INFO] Iters: 445, Total loss: 0.006, Loss x: 0.010, Loss s: 0.002, Mask ratio: 0.981
[2024-09-14 21:52:31,369][    INFO] Iters: 534, Total loss: 0.006, Loss x: 0.010, Loss s: 0.002, Mask ratio: 0.981
[2024-09-14 21:53:43,187][    INFO] Iters: 623, Total loss: 0.006, Loss x: 0.010, Loss s: 0.002, Mask ratio: 0.981
[2024-09-14 21:56:17,483][    INFO] ***** Evaluation ***** >>>> Unchanged IoU: 99.08, EMA: 99.09
[2024-09-14 21:56:17,483][    INFO] ***** Evaluation ***** >>>> Changed IoU: 83.91: EMA: 84.12
[2024-09-14 21:56:17,483][    INFO] ***** Evaluation ***** >>>> Overall Accuracy: 99.12, EMA: 99.13

[2024-09-14 21:56:20,655][    INFO] ===========> Epoch: 34, LR: 0.0000024, Previous best Changed IoU: 83.91, Overall Accuracy: 99.12 @epoch-33, EMA: Changed IoU: 84.12, Overall Accuracy: 99.13 @epoch-33
[2024-09-14 21:56:22,024][    INFO] Iters: 0, Total loss: 0.005, Loss x: 0.008, Loss s: 0.002, Mask ratio: 0.981
[2024-09-14 21:57:33,681][    INFO] Iters: 89, Total loss: 0.007, Loss x: 0.011, Loss s: 0.002, Mask ratio: 0.977
[2024-09-14 21:58:45,359][    INFO] Iters: 178, Total loss: 0.006, Loss x: 0.011, Loss s: 0.002, Mask ratio: 0.979
[2024-09-14 21:59:57,041][    INFO] Iters: 267, Total loss: 0.006, Loss x: 0.010, Loss s: 0.002, Mask ratio: 0.980
[2024-09-14 22:01:08,719][    INFO] Iters: 356, Total loss: 0.006, Loss x: 0.010, Loss s: 0.002, Mask ratio: 0.980
[2024-09-14 22:02:20,397][    INFO] Iters: 445, Total loss: 0.006, Loss x: 0.010, Loss s: 0.002, Mask ratio: 0.980
[2024-09-14 22:03:32,149][    INFO] Iters: 534, Total loss: 0.006, Loss x: 0.010, Loss s: 0.002, Mask ratio: 0.980
[2024-09-14 22:04:43,942][    INFO] Iters: 623, Total loss: 0.006, Loss x: 0.010, Loss s: 0.002, Mask ratio: 0.980
[2024-09-14 22:07:18,112][    INFO] ***** Evaluation ***** >>>> Unchanged IoU: 99.06, EMA: 99.09
[2024-09-14 22:07:18,112][    INFO] ***** Evaluation ***** >>>> Changed IoU: 83.43: EMA: 84.06
[2024-09-14 22:07:18,112][    INFO] ***** Evaluation ***** >>>> Overall Accuracy: 99.10, EMA: 99.13

[2024-09-14 22:07:19,651][    INFO] ===========> Epoch: 35, LR: 0.0000023, Previous best Changed IoU: 83.91, Overall Accuracy: 99.12 @epoch-33, EMA: Changed IoU: 84.12, Overall Accuracy: 99.13 @epoch-33
[2024-09-14 22:07:21,081][    INFO] Iters: 0, Total loss: 0.007, Loss x: 0.014, Loss s: 0.001, Mask ratio: 0.968
[2024-09-14 22:08:32,892][    INFO] Iters: 89, Total loss: 0.006, Loss x: 0.010, Loss s: 0.002, Mask ratio: 0.982
[2024-09-14 22:09:44,596][    INFO] Iters: 178, Total loss: 0.006, Loss x: 0.010, Loss s: 0.002, Mask ratio: 0.981
[2024-09-14 22:10:56,378][    INFO] Iters: 267, Total loss: 0.006, Loss x: 0.010, Loss s: 0.002, Mask ratio: 0.981
[2024-09-14 22:12:08,077][    INFO] Iters: 356, Total loss: 0.006, Loss x: 0.010, Loss s: 0.002, Mask ratio: 0.981
[2024-09-14 22:13:19,917][    INFO] Iters: 445, Total loss: 0.006, Loss x: 0.010, Loss s: 0.002, Mask ratio: 0.981
[2024-09-14 22:14:31,819][    INFO] Iters: 534, Total loss: 0.006, Loss x: 0.010, Loss s: 0.002, Mask ratio: 0.981
[2024-09-14 22:15:43,677][    INFO] Iters: 623, Total loss: 0.006, Loss x: 0.010, Loss s: 0.002, Mask ratio: 0.981
[2024-09-14 22:18:17,849][    INFO] ***** Evaluation ***** >>>> Unchanged IoU: 99.05, EMA: 99.09
[2024-09-14 22:18:17,849][    INFO] ***** Evaluation ***** >>>> Changed IoU: 83.55: EMA: 84.06
[2024-09-14 22:18:17,849][    INFO] ***** Evaluation ***** >>>> Overall Accuracy: 99.10, EMA: 99.13

[2024-09-14 22:18:19,418][    INFO] ===========> Epoch: 36, LR: 0.0000022, Previous best Changed IoU: 83.91, Overall Accuracy: 99.12 @epoch-33, EMA: Changed IoU: 84.12, Overall Accuracy: 99.13 @epoch-33
[2024-09-14 22:18:20,817][    INFO] Iters: 0, Total loss: 0.001, Loss x: 0.001, Loss s: 0.000, Mask ratio: 1.000
[2024-09-14 22:19:32,580][    INFO] Iters: 89, Total loss: 0.006, Loss x: 0.010, Loss s: 0.002, Mask ratio: 0.982
[2024-09-14 22:20:44,354][    INFO] Iters: 178, Total loss: 0.007, Loss x: 0.010, Loss s: 0.003, Mask ratio: 0.980
[2024-09-14 22:21:56,157][    INFO] Iters: 267, Total loss: 0.007, Loss x: 0.011, Loss s: 0.003, Mask ratio: 0.980
[2024-09-14 22:23:07,970][    INFO] Iters: 356, Total loss: 0.006, Loss x: 0.010, Loss s: 0.003, Mask ratio: 0.980
[2024-09-14 22:24:19,764][    INFO] Iters: 445, Total loss: 0.006, Loss x: 0.010, Loss s: 0.002, Mask ratio: 0.980
[2024-09-14 22:25:31,582][    INFO] Iters: 534, Total loss: 0.006, Loss x: 0.010, Loss s: 0.002, Mask ratio: 0.980
[2024-09-14 22:26:43,407][    INFO] Iters: 623, Total loss: 0.006, Loss x: 0.010, Loss s: 0.002, Mask ratio: 0.981
[2024-09-14 22:29:17,358][    INFO] ***** Evaluation ***** >>>> Unchanged IoU: 99.07, EMA: 99.08
[2024-09-14 22:29:17,358][    INFO] ***** Evaluation ***** >>>> Changed IoU: 83.76: EMA: 83.94
[2024-09-14 22:29:17,359][    INFO] ***** Evaluation ***** >>>> Overall Accuracy: 99.11, EMA: 99.12

[2024-09-14 22:29:18,934][    INFO] ===========> Epoch: 37, LR: 0.0000021, Previous best Changed IoU: 83.91, Overall Accuracy: 99.12 @epoch-33, EMA: Changed IoU: 84.12, Overall Accuracy: 99.13 @epoch-33
[2024-09-14 22:29:20,356][    INFO] Iters: 0, Total loss: 0.007, Loss x: 0.013, Loss s: 0.002, Mask ratio: 0.984
[2024-09-14 22:30:32,145][    INFO] Iters: 89, Total loss: 0.006, Loss x: 0.009, Loss s: 0.002, Mask ratio: 0.983
[2024-09-14 22:31:43,941][    INFO] Iters: 178, Total loss: 0.006, Loss x: 0.010, Loss s: 0.002, Mask ratio: 0.983
[2024-09-14 22:32:55,741][    INFO] Iters: 267, Total loss: 0.006, Loss x: 0.010, Loss s: 0.002, Mask ratio: 0.983
[2024-09-14 22:34:07,541][    INFO] Iters: 356, Total loss: 0.006, Loss x: 0.010, Loss s: 0.002, Mask ratio: 0.982
[2024-09-14 22:35:19,320][    INFO] Iters: 445, Total loss: 0.006, Loss x: 0.010, Loss s: 0.002, Mask ratio: 0.982
[2024-09-14 22:36:31,091][    INFO] Iters: 534, Total loss: 0.006, Loss x: 0.010, Loss s: 0.002, Mask ratio: 0.982
[2024-09-14 22:37:42,869][    INFO] Iters: 623, Total loss: 0.006, Loss x: 0.010, Loss s: 0.002, Mask ratio: 0.982
[2024-09-14 22:40:16,748][    INFO] ***** Evaluation ***** >>>> Unchanged IoU: 99.06, EMA: 99.08
[2024-09-14 22:40:16,748][    INFO] ***** Evaluation ***** >>>> Changed IoU: 83.55: EMA: 83.93
[2024-09-14 22:40:16,748][    INFO] ***** Evaluation ***** >>>> Overall Accuracy: 99.10, EMA: 99.12

[2024-09-14 22:40:18,555][    INFO] ===========> Epoch: 38, LR: 0.0000020, Previous best Changed IoU: 83.91, Overall Accuracy: 99.12 @epoch-33, EMA: Changed IoU: 84.12, Overall Accuracy: 99.13 @epoch-33
[2024-09-14 22:40:19,950][    INFO] Iters: 0, Total loss: 0.005, Loss x: 0.010, Loss s: 0.001, Mask ratio: 0.992
[2024-09-14 22:41:31,755][    INFO] Iters: 89, Total loss: 0.006, Loss x: 0.009, Loss s: 0.002, Mask ratio: 0.983
[2024-09-14 22:42:43,559][    INFO] Iters: 178, Total loss: 0.006, Loss x: 0.009, Loss s: 0.002, Mask ratio: 0.982
[2024-09-14 22:43:55,350][    INFO] Iters: 267, Total loss: 0.006, Loss x: 0.010, Loss s: 0.002, Mask ratio: 0.982
[2024-09-14 22:45:07,132][    INFO] Iters: 356, Total loss: 0.006, Loss x: 0.009, Loss s: 0.002, Mask ratio: 0.982
[2024-09-14 22:46:18,917][    INFO] Iters: 445, Total loss: 0.006, Loss x: 0.010, Loss s: 0.002, Mask ratio: 0.982
[2024-09-14 22:47:30,693][    INFO] Iters: 534, Total loss: 0.006, Loss x: 0.010, Loss s: 0.002, Mask ratio: 0.982
[2024-09-14 22:48:42,469][    INFO] Iters: 623, Total loss: 0.006, Loss x: 0.010, Loss s: 0.002, Mask ratio: 0.982
[2024-09-14 22:51:16,119][    INFO] ***** Evaluation ***** >>>> Unchanged IoU: 99.06, EMA: 99.08
[2024-09-14 22:51:16,120][    INFO] ***** Evaluation ***** >>>> Changed IoU: 83.51: EMA: 83.98
[2024-09-14 22:51:16,120][    INFO] ***** Evaluation ***** >>>> Overall Accuracy: 99.10, EMA: 99.13

[2024-09-14 22:51:17,929][    INFO] ===========> Epoch: 39, LR: 0.0000019, Previous best Changed IoU: 83.91, Overall Accuracy: 99.12 @epoch-33, EMA: Changed IoU: 84.12, Overall Accuracy: 99.13 @epoch-33
[2024-09-14 22:51:19,324][    INFO] Iters: 0, Total loss: 0.006, Loss x: 0.007, Loss s: 0.006, Mask ratio: 0.980
[2024-09-14 22:52:31,103][    INFO] Iters: 89, Total loss: 0.006, Loss x: 0.009, Loss s: 0.002, Mask ratio: 0.983
[2024-09-14 22:53:42,878][    INFO] Iters: 178, Total loss: 0.006, Loss x: 0.009, Loss s: 0.002, Mask ratio: 0.983
[2024-09-14 22:54:54,664][    INFO] Iters: 267, Total loss: 0.006, Loss x: 0.009, Loss s: 0.002, Mask ratio: 0.983
[2024-09-14 22:56:06,436][    INFO] Iters: 356, Total loss: 0.006, Loss x: 0.009, Loss s: 0.002, Mask ratio: 0.983
[2024-09-14 22:57:18,177][    INFO] Iters: 445, Total loss: 0.006, Loss x: 0.009, Loss s: 0.002, Mask ratio: 0.982
[2024-09-14 22:58:29,963][    INFO] Iters: 534, Total loss: 0.006, Loss x: 0.009, Loss s: 0.002, Mask ratio: 0.983
[2024-09-14 22:59:41,758][    INFO] Iters: 623, Total loss: 0.006, Loss x: 0.009, Loss s: 0.002, Mask ratio: 0.982
[2024-09-14 23:02:15,575][    INFO] ***** Evaluation ***** >>>> Unchanged IoU: 99.08, EMA: 99.09
[2024-09-14 23:02:15,575][    INFO] ***** Evaluation ***** >>>> Changed IoU: 83.92: EMA: 84.05
[2024-09-14 23:02:15,575][    INFO] ***** Evaluation ***** >>>> Overall Accuracy: 99.12, EMA: 99.13

[2024-09-14 23:02:17,154][    INFO] ===========> Epoch: 40, LR: 0.0000019, Previous best Changed IoU: 83.92, Overall Accuracy: 99.12 @epoch-39, EMA: Changed IoU: 84.12, Overall Accuracy: 99.13 @epoch-33
[2024-09-14 23:02:18,549][    INFO] Iters: 0, Total loss: 0.001, Loss x: 0.001, Loss s: 0.002, Mask ratio: 0.988
[2024-09-14 23:03:30,432][    INFO] Iters: 89, Total loss: 0.006, Loss x: 0.009, Loss s: 0.002, Mask ratio: 0.981
[2024-09-14 23:04:42,303][    INFO] Iters: 178, Total loss: 0.005, Loss x: 0.008, Loss s: 0.002, Mask ratio: 0.982
[2024-09-14 23:05:54,135][    INFO] Iters: 267, Total loss: 0.005, Loss x: 0.009, Loss s: 0.002, Mask ratio: 0.983
[2024-09-14 23:07:05,935][    INFO] Iters: 356, Total loss: 0.006, Loss x: 0.009, Loss s: 0.002, Mask ratio: 0.983
[2024-09-14 23:08:17,735][    INFO] Iters: 445, Total loss: 0.006, Loss x: 0.009, Loss s: 0.002, Mask ratio: 0.983
[2024-09-14 23:09:29,509][    INFO] Iters: 534, Total loss: 0.006, Loss x: 0.009, Loss s: 0.002, Mask ratio: 0.983
[2024-09-14 23:10:41,237][    INFO] Iters: 623, Total loss: 0.006, Loss x: 0.009, Loss s: 0.002, Mask ratio: 0.983
[2024-09-14 23:13:15,058][    INFO] ***** Evaluation ***** >>>> Unchanged IoU: 99.08, EMA: 99.09
[2024-09-14 23:13:15,058][    INFO] ***** Evaluation ***** >>>> Changed IoU: 83.81: EMA: 84.05
[2024-09-14 23:13:15,058][    INFO] ***** Evaluation ***** >>>> Overall Accuracy: 99.12, EMA: 99.13

[2024-09-14 23:13:16,513][    INFO] ===========> Epoch: 41, LR: 0.0000018, Previous best Changed IoU: 83.92, Overall Accuracy: 99.12 @epoch-39, EMA: Changed IoU: 84.12, Overall Accuracy: 99.13 @epoch-33
[2024-09-14 23:13:17,917][    INFO] Iters: 0, Total loss: 0.003, Loss x: 0.004, Loss s: 0.003, Mask ratio: 0.970
[2024-09-14 23:14:29,649][    INFO] Iters: 89, Total loss: 0.005, Loss x: 0.009, Loss s: 0.002, Mask ratio: 0.983
[2024-09-14 23:15:41,385][    INFO] Iters: 178, Total loss: 0.006, Loss x: 0.009, Loss s: 0.002, Mask ratio: 0.982
[2024-09-14 23:16:53,115][    INFO] Iters: 267, Total loss: 0.006, Loss x: 0.009, Loss s: 0.002, Mask ratio: 0.982
[2024-09-14 23:18:04,825][    INFO] Iters: 356, Total loss: 0.005, Loss x: 0.009, Loss s: 0.002, Mask ratio: 0.982
[2024-09-14 23:19:16,539][    INFO] Iters: 445, Total loss: 0.005, Loss x: 0.009, Loss s: 0.002, Mask ratio: 0.982
[2024-09-14 23:20:28,278][    INFO] Iters: 534, Total loss: 0.006, Loss x: 0.009, Loss s: 0.002, Mask ratio: 0.982
[2024-09-14 23:21:40,025][    INFO] Iters: 623, Total loss: 0.006, Loss x: 0.009, Loss s: 0.002, Mask ratio: 0.982
[2024-09-14 23:24:13,756][    INFO] ***** Evaluation ***** >>>> Unchanged IoU: 99.08, EMA: 99.09
[2024-09-14 23:24:13,756][    INFO] ***** Evaluation ***** >>>> Changed IoU: 83.89: EMA: 84.08
[2024-09-14 23:24:13,756][    INFO] ***** Evaluation ***** >>>> Overall Accuracy: 99.12, EMA: 99.13

[2024-09-14 23:24:15,478][    INFO] ===========> Epoch: 42, LR: 0.0000017, Previous best Changed IoU: 83.92, Overall Accuracy: 99.12 @epoch-39, EMA: Changed IoU: 84.12, Overall Accuracy: 99.13 @epoch-33
[2024-09-14 23:24:16,872][    INFO] Iters: 0, Total loss: 0.003, Loss x: 0.003, Loss s: 0.004, Mask ratio: 0.978
[2024-09-14 23:25:28,642][    INFO] Iters: 89, Total loss: 0.005, Loss x: 0.009, Loss s: 0.002, Mask ratio: 0.984
[2024-09-14 23:26:40,502][    INFO] Iters: 178, Total loss: 0.005, Loss x: 0.009, Loss s: 0.002, Mask ratio: 0.983
[2024-09-14 23:27:52,263][    INFO] Iters: 267, Total loss: 0.005, Loss x: 0.009, Loss s: 0.002, Mask ratio: 0.982
[2024-09-14 23:29:04,032][    INFO] Iters: 356, Total loss: 0.005, Loss x: 0.009, Loss s: 0.002, Mask ratio: 0.982
[2024-09-14 23:30:15,802][    INFO] Iters: 445, Total loss: 0.005, Loss x: 0.009, Loss s: 0.002, Mask ratio: 0.983
[2024-09-14 23:31:27,545][    INFO] Iters: 534, Total loss: 0.005, Loss x: 0.009, Loss s: 0.002, Mask ratio: 0.983
[2024-09-14 23:32:39,279][    INFO] Iters: 623, Total loss: 0.005, Loss x: 0.009, Loss s: 0.002, Mask ratio: 0.983
[2024-09-14 23:35:13,495][    INFO] ***** Evaluation ***** >>>> Unchanged IoU: 99.09, EMA: 99.09
[2024-09-14 23:35:13,495][    INFO] ***** Evaluation ***** >>>> Changed IoU: 84.07: EMA: 84.12
[2024-09-14 23:35:13,495][    INFO] ***** Evaluation ***** >>>> Overall Accuracy: 99.13, EMA: 99.13

[2024-09-14 23:35:16,717][    INFO] ===========> Epoch: 43, LR: 0.0000016, Previous best Changed IoU: 84.07, Overall Accuracy: 99.13 @epoch-42, EMA: Changed IoU: 84.12, Overall Accuracy: 99.13 @epoch-42
[2024-09-14 23:35:18,150][    INFO] Iters: 0, Total loss: 0.009, Loss x: 0.017, Loss s: 0.001, Mask ratio: 0.991
[2024-09-14 23:36:29,999][    INFO] Iters: 89, Total loss: 0.005, Loss x: 0.008, Loss s: 0.002, Mask ratio: 0.985
[2024-09-14 23:37:41,883][    INFO] Iters: 178, Total loss: 0.005, Loss x: 0.009, Loss s: 0.002, Mask ratio: 0.984
[2024-09-14 23:38:53,749][    INFO] Iters: 267, Total loss: 0.005, Loss x: 0.008, Loss s: 0.002, Mask ratio: 0.983
[2024-09-14 23:40:05,659][    INFO] Iters: 356, Total loss: 0.005, Loss x: 0.009, Loss s: 0.002, Mask ratio: 0.983
[2024-09-14 23:41:17,593][    INFO] Iters: 445, Total loss: 0.005, Loss x: 0.009, Loss s: 0.002, Mask ratio: 0.983
[2024-09-14 23:42:29,504][    INFO] Iters: 534, Total loss: 0.005, Loss x: 0.009, Loss s: 0.002, Mask ratio: 0.983
[2024-09-14 23:43:41,426][    INFO] Iters: 623, Total loss: 0.005, Loss x: 0.009, Loss s: 0.002, Mask ratio: 0.983
[2024-09-14 23:46:15,643][    INFO] ***** Evaluation ***** >>>> Unchanged IoU: 99.08, EMA: 99.09
[2024-09-14 23:46:15,643][    INFO] ***** Evaluation ***** >>>> Changed IoU: 83.63: EMA: 84.14
[2024-09-14 23:46:15,644][    INFO] ***** Evaluation ***** >>>> Overall Accuracy: 99.12, EMA: 99.13

[2024-09-14 23:46:18,983][    INFO] ===========> Epoch: 44, LR: 0.0000015, Previous best Changed IoU: 84.07, Overall Accuracy: 99.13 @epoch-42, EMA: Changed IoU: 84.14, Overall Accuracy: 99.13 @epoch-43
[2024-09-14 23:46:20,410][    INFO] Iters: 0, Total loss: 0.004, Loss x: 0.007, Loss s: 0.001, Mask ratio: 0.987
[2024-09-14 23:47:32,340][    INFO] Iters: 89, Total loss: 0.005, Loss x: 0.008, Loss s: 0.002, Mask ratio: 0.983
[2024-09-14 23:48:44,315][    INFO] Iters: 178, Total loss: 0.005, Loss x: 0.008, Loss s: 0.002, Mask ratio: 0.984
[2024-09-14 23:49:56,295][    INFO] Iters: 267, Total loss: 0.005, Loss x: 0.008, Loss s: 0.002, Mask ratio: 0.983
[2024-09-14 23:51:08,263][    INFO] Iters: 356, Total loss: 0.005, Loss x: 0.009, Loss s: 0.002, Mask ratio: 0.983
[2024-09-14 23:52:20,218][    INFO] Iters: 445, Total loss: 0.005, Loss x: 0.009, Loss s: 0.002, Mask ratio: 0.983
[2024-09-14 23:53:32,116][    INFO] Iters: 534, Total loss: 0.005, Loss x: 0.009, Loss s: 0.002, Mask ratio: 0.983
[2024-09-14 23:54:43,996][    INFO] Iters: 623, Total loss: 0.005, Loss x: 0.009, Loss s: 0.002, Mask ratio: 0.984
[2024-09-14 23:57:18,043][    INFO] ***** Evaluation ***** >>>> Unchanged IoU: 99.09, EMA: 99.10
[2024-09-14 23:57:18,044][    INFO] ***** Evaluation ***** >>>> Changed IoU: 83.98: EMA: 84.22
[2024-09-14 23:57:18,044][    INFO] ***** Evaluation ***** >>>> Overall Accuracy: 99.13, EMA: 99.14

[2024-09-14 23:57:21,311][    INFO] ===========> Epoch: 45, LR: 0.0000014, Previous best Changed IoU: 84.07, Overall Accuracy: 99.13 @epoch-42, EMA: Changed IoU: 84.22, Overall Accuracy: 99.14 @epoch-44
[2024-09-14 23:57:22,687][    INFO] Iters: 0, Total loss: 0.001, Loss x: 0.001, Loss s: 0.001, Mask ratio: 0.989
[2024-09-14 23:58:34,593][    INFO] Iters: 89, Total loss: 0.005, Loss x: 0.008, Loss s: 0.002, Mask ratio: 0.983
[2024-09-14 23:59:46,518][    INFO] Iters: 178, Total loss: 0.005, Loss x: 0.008, Loss s: 0.002, Mask ratio: 0.984
[2024-09-15 00:00:58,424][    INFO] Iters: 267, Total loss: 0.005, Loss x: 0.009, Loss s: 0.002, Mask ratio: 0.984
[2024-09-15 00:02:10,343][    INFO] Iters: 356, Total loss: 0.005, Loss x: 0.009, Loss s: 0.002, Mask ratio: 0.984
[2024-09-15 00:03:22,266][    INFO] Iters: 445, Total loss: 0.005, Loss x: 0.009, Loss s: 0.002, Mask ratio: 0.984
[2024-09-15 00:04:34,121][    INFO] Iters: 534, Total loss: 0.005, Loss x: 0.009, Loss s: 0.002, Mask ratio: 0.984
[2024-09-15 00:05:45,903][    INFO] Iters: 623, Total loss: 0.005, Loss x: 0.009, Loss s: 0.002, Mask ratio: 0.984
[2024-09-15 00:08:19,667][    INFO] ***** Evaluation ***** >>>> Unchanged IoU: 99.08, EMA: 99.09
[2024-09-15 00:08:19,667][    INFO] ***** Evaluation ***** >>>> Changed IoU: 84.03: EMA: 84.16
[2024-09-15 00:08:19,667][    INFO] ***** Evaluation ***** >>>> Overall Accuracy: 99.12, EMA: 99.14

[2024-09-15 00:08:21,534][    INFO] ===========> Epoch: 46, LR: 0.0000013, Previous best Changed IoU: 84.07, Overall Accuracy: 99.13 @epoch-42, EMA: Changed IoU: 84.22, Overall Accuracy: 99.14 @epoch-44
[2024-09-15 00:08:22,984][    INFO] Iters: 0, Total loss: 0.007, Loss x: 0.012, Loss s: 0.002, Mask ratio: 0.994
[2024-09-15 00:09:34,746][    INFO] Iters: 89, Total loss: 0.005, Loss x: 0.009, Loss s: 0.002, Mask ratio: 0.984
[2024-09-15 00:10:46,532][    INFO] Iters: 178, Total loss: 0.005, Loss x: 0.009, Loss s: 0.002, Mask ratio: 0.984
[2024-09-15 00:11:58,254][    INFO] Iters: 267, Total loss: 0.005, Loss x: 0.009, Loss s: 0.002, Mask ratio: 0.984
[2024-09-15 00:13:09,973][    INFO] Iters: 356, Total loss: 0.005, Loss x: 0.009, Loss s: 0.002, Mask ratio: 0.984
[2024-09-15 00:14:21,751][    INFO] Iters: 445, Total loss: 0.005, Loss x: 0.009, Loss s: 0.002, Mask ratio: 0.984
[2024-09-15 00:15:33,527][    INFO] Iters: 534, Total loss: 0.005, Loss x: 0.009, Loss s: 0.002, Mask ratio: 0.984
[2024-09-15 00:16:45,259][    INFO] Iters: 623, Total loss: 0.005, Loss x: 0.009, Loss s: 0.002, Mask ratio: 0.984
[2024-09-15 00:19:19,012][    INFO] ***** Evaluation ***** >>>> Unchanged IoU: 99.08, EMA: 99.09
[2024-09-15 00:19:19,012][    INFO] ***** Evaluation ***** >>>> Changed IoU: 84.00: EMA: 84.17
[2024-09-15 00:19:19,012][    INFO] ***** Evaluation ***** >>>> Overall Accuracy: 99.13, EMA: 99.14

[2024-09-15 00:19:20,535][    INFO] ===========> Epoch: 47, LR: 0.0000013, Previous best Changed IoU: 84.07, Overall Accuracy: 99.13 @epoch-42, EMA: Changed IoU: 84.22, Overall Accuracy: 99.14 @epoch-44
[2024-09-15 00:19:21,927][    INFO] Iters: 0, Total loss: 0.002, Loss x: 0.002, Loss s: 0.001, Mask ratio: 0.992
[2024-09-15 00:20:33,657][    INFO] Iters: 89, Total loss: 0.005, Loss x: 0.009, Loss s: 0.002, Mask ratio: 0.984
[2024-09-15 00:21:45,381][    INFO] Iters: 178, Total loss: 0.005, Loss x: 0.009, Loss s: 0.002, Mask ratio: 0.984
[2024-09-15 00:22:57,104][    INFO] Iters: 267, Total loss: 0.005, Loss x: 0.008, Loss s: 0.002, Mask ratio: 0.984
[2024-09-15 00:24:08,871][    INFO] Iters: 356, Total loss: 0.005, Loss x: 0.009, Loss s: 0.002, Mask ratio: 0.984
[2024-09-15 00:25:20,703][    INFO] Iters: 445, Total loss: 0.005, Loss x: 0.009, Loss s: 0.002, Mask ratio: 0.984
[2024-09-15 00:26:32,515][    INFO] Iters: 534, Total loss: 0.005, Loss x: 0.008, Loss s: 0.002, Mask ratio: 0.984
[2024-09-15 00:27:44,272][    INFO] Iters: 623, Total loss: 0.005, Loss x: 0.008, Loss s: 0.002, Mask ratio: 0.984
[2024-09-15 00:30:18,076][    INFO] ***** Evaluation ***** >>>> Unchanged IoU: 99.10, EMA: 99.10
[2024-09-15 00:30:18,076][    INFO] ***** Evaluation ***** >>>> Changed IoU: 84.25: EMA: 84.19
[2024-09-15 00:30:18,076][    INFO] ***** Evaluation ***** >>>> Overall Accuracy: 99.14, EMA: 99.14

[2024-09-15 00:30:19,688][    INFO] ===========> Epoch: 48, LR: 0.0000012, Previous best Changed IoU: 84.25, Overall Accuracy: 99.14 @epoch-47, EMA: Changed IoU: 84.22, Overall Accuracy: 99.14 @epoch-44
[2024-09-15 00:30:21,116][    INFO] Iters: 0, Total loss: 0.007, Loss x: 0.011, Loss s: 0.003, Mask ratio: 0.975
[2024-09-15 00:31:32,836][    INFO] Iters: 89, Total loss: 0.005, Loss x: 0.008, Loss s: 0.002, Mask ratio: 0.986
[2024-09-15 00:32:44,578][    INFO] Iters: 178, Total loss: 0.005, Loss x: 0.008, Loss s: 0.002, Mask ratio: 0.985
[2024-09-15 00:33:56,319][    INFO] Iters: 267, Total loss: 0.005, Loss x: 0.008, Loss s: 0.002, Mask ratio: 0.985
[2024-09-15 00:35:08,073][    INFO] Iters: 356, Total loss: 0.005, Loss x: 0.008, Loss s: 0.002, Mask ratio: 0.985
[2024-09-15 00:36:19,818][    INFO] Iters: 445, Total loss: 0.005, Loss x: 0.008, Loss s: 0.002, Mask ratio: 0.985
[2024-09-15 00:37:31,576][    INFO] Iters: 534, Total loss: 0.005, Loss x: 0.008, Loss s: 0.002, Mask ratio: 0.985
[2024-09-15 00:38:43,344][    INFO] Iters: 623, Total loss: 0.005, Loss x: 0.008, Loss s: 0.002, Mask ratio: 0.985
[2024-09-15 00:41:17,098][    INFO] ***** Evaluation ***** >>>> Unchanged IoU: 99.08, EMA: 99.09
[2024-09-15 00:41:17,098][    INFO] ***** Evaluation ***** >>>> Changed IoU: 84.03: EMA: 84.12
[2024-09-15 00:41:17,098][    INFO] ***** Evaluation ***** >>>> Overall Accuracy: 99.13, EMA: 99.13

[2024-09-15 00:41:18,605][    INFO] ===========> Epoch: 49, LR: 0.0000011, Previous best Changed IoU: 84.25, Overall Accuracy: 99.14 @epoch-47, EMA: Changed IoU: 84.22, Overall Accuracy: 99.14 @epoch-44
[2024-09-15 00:41:20,012][    INFO] Iters: 0, Total loss: 0.003, Loss x: 0.003, Loss s: 0.003, Mask ratio: 0.976
[2024-09-15 00:42:31,781][    INFO] Iters: 89, Total loss: 0.005, Loss x: 0.008, Loss s: 0.002, Mask ratio: 0.986
[2024-09-15 00:43:43,548][    INFO] Iters: 178, Total loss: 0.005, Loss x: 0.008, Loss s: 0.002, Mask ratio: 0.986
[2024-09-15 00:44:55,271][    INFO] Iters: 267, Total loss: 0.005, Loss x: 0.008, Loss s: 0.002, Mask ratio: 0.985
[2024-09-15 00:46:07,014][    INFO] Iters: 356, Total loss: 0.005, Loss x: 0.008, Loss s: 0.002, Mask ratio: 0.985
[2024-09-15 00:47:18,700][    INFO] Iters: 445, Total loss: 0.005, Loss x: 0.008, Loss s: 0.002, Mask ratio: 0.985
[2024-09-15 00:48:30,465][    INFO] Iters: 534, Total loss: 0.005, Loss x: 0.008, Loss s: 0.002, Mask ratio: 0.985
[2024-09-15 00:49:42,222][    INFO] Iters: 623, Total loss: 0.005, Loss x: 0.008, Loss s: 0.002, Mask ratio: 0.985
[2024-09-15 00:52:16,052][    INFO] ***** Evaluation ***** >>>> Unchanged IoU: 99.09, EMA: 99.09
[2024-09-15 00:52:16,052][    INFO] ***** Evaluation ***** >>>> Changed IoU: 84.11: EMA: 84.14
[2024-09-15 00:52:16,052][    INFO] ***** Evaluation ***** >>>> Overall Accuracy: 99.13, EMA: 99.13

[2024-09-15 00:52:17,725][    INFO] ===========> Epoch: 50, LR: 0.0000010, Previous best Changed IoU: 84.25, Overall Accuracy: 99.14 @epoch-47, EMA: Changed IoU: 84.22, Overall Accuracy: 99.14 @epoch-44
[2024-09-15 00:52:19,100][    INFO] Iters: 0, Total loss: 0.006, Loss x: 0.012, Loss s: 0.000, Mask ratio: 0.995
[2024-09-15 00:53:30,878][    INFO] Iters: 89, Total loss: 0.005, Loss x: 0.008, Loss s: 0.003, Mask ratio: 0.984
[2024-09-15 00:54:42,664][    INFO] Iters: 178, Total loss: 0.005, Loss x: 0.008, Loss s: 0.002, Mask ratio: 0.984
[2024-09-15 00:55:54,399][    INFO] Iters: 267, Total loss: 0.005, Loss x: 0.008, Loss s: 0.002, Mask ratio: 0.984
[2024-09-15 00:57:06,163][    INFO] Iters: 356, Total loss: 0.005, Loss x: 0.008, Loss s: 0.002, Mask ratio: 0.985
[2024-09-15 00:58:17,914][    INFO] Iters: 445, Total loss: 0.005, Loss x: 0.008, Loss s: 0.002, Mask ratio: 0.985
[2024-09-15 00:59:29,665][    INFO] Iters: 534, Total loss: 0.005, Loss x: 0.008, Loss s: 0.002, Mask ratio: 0.985
[2024-09-15 01:00:41,406][    INFO] Iters: 623, Total loss: 0.005, Loss x: 0.008, Loss s: 0.002, Mask ratio: 0.985
[2024-09-15 01:03:15,147][    INFO] ***** Evaluation ***** >>>> Unchanged IoU: 99.08, EMA: 99.09
[2024-09-15 01:03:15,148][    INFO] ***** Evaluation ***** >>>> Changed IoU: 83.89: EMA: 84.07
[2024-09-15 01:03:15,148][    INFO] ***** Evaluation ***** >>>> Overall Accuracy: 99.13, EMA: 99.13

[2024-09-15 01:03:17,040][    INFO] ===========> Epoch: 51, LR: 0.0000009, Previous best Changed IoU: 84.25, Overall Accuracy: 99.14 @epoch-47, EMA: Changed IoU: 84.22, Overall Accuracy: 99.14 @epoch-44
[2024-09-15 01:03:18,440][    INFO] Iters: 0, Total loss: 0.001, Loss x: 0.002, Loss s: 0.000, Mask ratio: 1.000
[2024-09-15 01:04:30,199][    INFO] Iters: 89, Total loss: 0.005, Loss x: 0.008, Loss s: 0.002, Mask ratio: 0.985
[2024-09-15 01:05:41,972][    INFO] Iters: 178, Total loss: 0.005, Loss x: 0.009, Loss s: 0.002, Mask ratio: 0.985
[2024-09-15 01:06:53,733][    INFO] Iters: 267, Total loss: 0.005, Loss x: 0.008, Loss s: 0.002, Mask ratio: 0.985
[2024-09-15 01:08:05,475][    INFO] Iters: 356, Total loss: 0.005, Loss x: 0.008, Loss s: 0.002, Mask ratio: 0.985
[2024-09-15 01:09:17,238][    INFO] Iters: 445, Total loss: 0.005, Loss x: 0.008, Loss s: 0.002, Mask ratio: 0.985
[2024-09-15 01:10:28,981][    INFO] Iters: 534, Total loss: 0.005, Loss x: 0.008, Loss s: 0.002, Mask ratio: 0.985
[2024-09-15 01:11:40,723][    INFO] Iters: 623, Total loss: 0.005, Loss x: 0.008, Loss s: 0.002, Mask ratio: 0.985
[2024-09-15 01:14:14,501][    INFO] ***** Evaluation ***** >>>> Unchanged IoU: 99.09, EMA: 99.09
[2024-09-15 01:14:14,501][    INFO] ***** Evaluation ***** >>>> Changed IoU: 84.07: EMA: 84.09
[2024-09-15 01:14:14,501][    INFO] ***** Evaluation ***** >>>> Overall Accuracy: 99.13, EMA: 99.13

[2024-09-15 01:14:16,144][    INFO] ===========> Epoch: 52, LR: 0.0000008, Previous best Changed IoU: 84.25, Overall Accuracy: 99.14 @epoch-47, EMA: Changed IoU: 84.22, Overall Accuracy: 99.14 @epoch-44
[2024-09-15 01:14:17,552][    INFO] Iters: 0, Total loss: 0.003, Loss x: 0.002, Loss s: 0.005, Mask ratio: 0.970
[2024-09-15 01:15:29,343][    INFO] Iters: 89, Total loss: 0.005, Loss x: 0.008, Loss s: 0.002, Mask ratio: 0.984
[2024-09-15 01:16:41,143][    INFO] Iters: 178, Total loss: 0.005, Loss x: 0.008, Loss s: 0.002, Mask ratio: 0.984
[2024-09-15 01:17:52,913][    INFO] Iters: 267, Total loss: 0.005, Loss x: 0.008, Loss s: 0.002, Mask ratio: 0.985
[2024-09-15 01:19:04,703][    INFO] Iters: 356, Total loss: 0.005, Loss x: 0.008, Loss s: 0.002, Mask ratio: 0.985
[2024-09-15 01:20:16,483][    INFO] Iters: 445, Total loss: 0.005, Loss x: 0.008, Loss s: 0.002, Mask ratio: 0.985
[2024-09-15 01:21:28,234][    INFO] Iters: 534, Total loss: 0.005, Loss x: 0.008, Loss s: 0.002, Mask ratio: 0.985
[2024-09-15 01:22:39,986][    INFO] Iters: 623, Total loss: 0.005, Loss x: 0.008, Loss s: 0.002, Mask ratio: 0.985
[2024-09-15 01:25:13,704][    INFO] ***** Evaluation ***** >>>> Unchanged IoU: 99.08, EMA: 99.09
[2024-09-15 01:25:13,704][    INFO] ***** Evaluation ***** >>>> Changed IoU: 84.00: EMA: 84.07
[2024-09-15 01:25:13,704][    INFO] ***** Evaluation ***** >>>> Overall Accuracy: 99.12, EMA: 99.13

[2024-09-15 01:25:15,584][    INFO] ===========> Epoch: 53, LR: 0.0000007, Previous best Changed IoU: 84.25, Overall Accuracy: 99.14 @epoch-47, EMA: Changed IoU: 84.22, Overall Accuracy: 99.14 @epoch-44
[2024-09-15 01:25:16,985][    INFO] Iters: 0, Total loss: 0.009, Loss x: 0.015, Loss s: 0.003, Mask ratio: 0.993
[2024-09-15 01:26:28,732][    INFO] Iters: 89, Total loss: 0.005, Loss x: 0.008, Loss s: 0.002, Mask ratio: 0.985
[2024-09-15 01:27:40,450][    INFO] Iters: 178, Total loss: 0.005, Loss x: 0.008, Loss s: 0.002, Mask ratio: 0.985
[2024-09-15 01:28:52,205][    INFO] Iters: 267, Total loss: 0.005, Loss x: 0.008, Loss s: 0.002, Mask ratio: 0.985
[2024-09-15 01:30:03,950][    INFO] Iters: 356, Total loss: 0.005, Loss x: 0.008, Loss s: 0.002, Mask ratio: 0.985
[2024-09-15 01:31:15,633][    INFO] Iters: 445, Total loss: 0.005, Loss x: 0.008, Loss s: 0.002, Mask ratio: 0.986
[2024-09-15 01:32:27,317][    INFO] Iters: 534, Total loss: 0.005, Loss x: 0.008, Loss s: 0.002, Mask ratio: 0.986
[2024-09-15 01:33:38,993][    INFO] Iters: 623, Total loss: 0.005, Loss x: 0.008, Loss s: 0.002, Mask ratio: 0.986
[2024-09-15 01:36:12,608][    INFO] ***** Evaluation ***** >>>> Unchanged IoU: 99.08, EMA: 99.09
[2024-09-15 01:36:12,608][    INFO] ***** Evaluation ***** >>>> Changed IoU: 83.96: EMA: 84.06
[2024-09-15 01:36:12,608][    INFO] ***** Evaluation ***** >>>> Overall Accuracy: 99.12, EMA: 99.13

[2024-09-15 01:36:14,159][    INFO] ===========> Epoch: 54, LR: 0.0000006, Previous best Changed IoU: 84.25, Overall Accuracy: 99.14 @epoch-47, EMA: Changed IoU: 84.22, Overall Accuracy: 99.14 @epoch-44
[2024-09-15 01:36:15,542][    INFO] Iters: 0, Total loss: 0.002, Loss x: 0.002, Loss s: 0.002, Mask ratio: 0.979
[2024-09-15 01:37:27,278][    INFO] Iters: 89, Total loss: 0.005, Loss x: 0.007, Loss s: 0.002, Mask ratio: 0.985
[2024-09-15 01:38:39,044][    INFO] Iters: 178, Total loss: 0.005, Loss x: 0.008, Loss s: 0.002, Mask ratio: 0.986
[2024-09-15 01:39:50,862][    INFO] Iters: 267, Total loss: 0.005, Loss x: 0.008, Loss s: 0.002, Mask ratio: 0.986
[2024-09-15 01:41:02,738][    INFO] Iters: 356, Total loss: 0.005, Loss x: 0.008, Loss s: 0.002, Mask ratio: 0.986
[2024-09-15 01:42:14,565][    INFO] Iters: 445, Total loss: 0.005, Loss x: 0.008, Loss s: 0.002, Mask ratio: 0.986
[2024-09-15 01:43:26,368][    INFO] Iters: 534, Total loss: 0.005, Loss x: 0.008, Loss s: 0.002, Mask ratio: 0.986
[2024-09-15 01:44:38,122][    INFO] Iters: 623, Total loss: 0.005, Loss x: 0.008, Loss s: 0.002, Mask ratio: 0.986
[2024-09-15 01:47:11,854][    INFO] ***** Evaluation ***** >>>> Unchanged IoU: 99.09, EMA: 99.09
[2024-09-15 01:47:11,854][    INFO] ***** Evaluation ***** >>>> Changed IoU: 84.06: EMA: 84.03
[2024-09-15 01:47:11,854][    INFO] ***** Evaluation ***** >>>> Overall Accuracy: 99.13, EMA: 99.13

[2024-09-15 01:47:13,454][    INFO] ===========> Epoch: 55, LR: 0.0000005, Previous best Changed IoU: 84.25, Overall Accuracy: 99.14 @epoch-47, EMA: Changed IoU: 84.22, Overall Accuracy: 99.14 @epoch-44
[2024-09-15 01:47:14,853][    INFO] Iters: 0, Total loss: 0.007, Loss x: 0.013, Loss s: 0.001, Mask ratio: 0.986
[2024-09-15 01:48:26,564][    INFO] Iters: 89, Total loss: 0.005, Loss x: 0.008, Loss s: 0.002, Mask ratio: 0.987
[2024-09-15 01:49:38,314][    INFO] Iters: 178, Total loss: 0.005, Loss x: 0.008, Loss s: 0.002, Mask ratio: 0.986
[2024-09-15 01:50:50,040][    INFO] Iters: 267, Total loss: 0.005, Loss x: 0.008, Loss s: 0.002, Mask ratio: 0.986
[2024-09-15 01:52:01,758][    INFO] Iters: 356, Total loss: 0.005, Loss x: 0.008, Loss s: 0.002, Mask ratio: 0.986
[2024-09-15 01:53:13,471][    INFO] Iters: 445, Total loss: 0.005, Loss x: 0.008, Loss s: 0.002, Mask ratio: 0.986
[2024-09-15 01:54:25,234][    INFO] Iters: 534, Total loss: 0.005, Loss x: 0.008, Loss s: 0.002, Mask ratio: 0.986
[2024-09-15 01:55:36,993][    INFO] Iters: 623, Total loss: 0.005, Loss x: 0.008, Loss s: 0.002, Mask ratio: 0.986
[2024-09-15 01:58:10,900][    INFO] ***** Evaluation ***** >>>> Unchanged IoU: 99.08, EMA: 99.09
[2024-09-15 01:58:10,900][    INFO] ***** Evaluation ***** >>>> Changed IoU: 84.03: EMA: 84.08
[2024-09-15 01:58:10,900][    INFO] ***** Evaluation ***** >>>> Overall Accuracy: 99.13, EMA: 99.13

[2024-09-15 01:58:12,425][    INFO] ===========> Epoch: 56, LR: 0.0000004, Previous best Changed IoU: 84.25, Overall Accuracy: 99.14 @epoch-47, EMA: Changed IoU: 84.22, Overall Accuracy: 99.14 @epoch-44
[2024-09-15 01:58:13,805][    INFO] Iters: 0, Total loss: 0.004, Loss x: 0.007, Loss s: 0.001, Mask ratio: 0.997
[2024-09-15 01:59:25,467][    INFO] Iters: 89, Total loss: 0.005, Loss x: 0.008, Loss s: 0.002, Mask ratio: 0.987
[2024-09-15 02:00:37,227][    INFO] Iters: 178, Total loss: 0.005, Loss x: 0.007, Loss s: 0.002, Mask ratio: 0.986
[2024-09-15 02:01:48,976][    INFO] Iters: 267, Total loss: 0.005, Loss x: 0.008, Loss s: 0.002, Mask ratio: 0.986
[2024-09-15 02:03:00,662][    INFO] Iters: 356, Total loss: 0.005, Loss x: 0.008, Loss s: 0.002, Mask ratio: 0.986
[2024-09-15 02:04:12,489][    INFO] Iters: 445, Total loss: 0.005, Loss x: 0.008, Loss s: 0.002, Mask ratio: 0.986
[2024-09-15 02:05:24,289][    INFO] Iters: 534, Total loss: 0.005, Loss x: 0.008, Loss s: 0.002, Mask ratio: 0.986
[2024-09-15 02:06:36,098][    INFO] Iters: 623, Total loss: 0.005, Loss x: 0.008, Loss s: 0.002, Mask ratio: 0.986
[2024-09-15 02:09:09,854][    INFO] ***** Evaluation ***** >>>> Unchanged IoU: 99.09, EMA: 99.09
[2024-09-15 02:09:09,855][    INFO] ***** Evaluation ***** >>>> Changed IoU: 84.10: EMA: 84.09
[2024-09-15 02:09:09,855][    INFO] ***** Evaluation ***** >>>> Overall Accuracy: 99.13, EMA: 99.13

[2024-09-15 02:09:11,432][    INFO] ===========> Epoch: 57, LR: 0.0000003, Previous best Changed IoU: 84.25, Overall Accuracy: 99.14 @epoch-47, EMA: Changed IoU: 84.22, Overall Accuracy: 99.14 @epoch-44
[2024-09-15 02:09:12,807][    INFO] Iters: 0, Total loss: 0.006, Loss x: 0.011, Loss s: 0.002, Mask ratio: 0.993
[2024-09-15 02:10:24,503][    INFO] Iters: 89, Total loss: 0.005, Loss x: 0.008, Loss s: 0.002, Mask ratio: 0.986
[2024-09-15 02:11:36,238][    INFO] Iters: 178, Total loss: 0.005, Loss x: 0.008, Loss s: 0.002, Mask ratio: 0.986
[2024-09-15 02:12:47,959][    INFO] Iters: 267, Total loss: 0.005, Loss x: 0.008, Loss s: 0.002, Mask ratio: 0.986
[2024-09-15 02:13:59,697][    INFO] Iters: 356, Total loss: 0.005, Loss x: 0.007, Loss s: 0.002, Mask ratio: 0.986
[2024-09-15 02:15:11,453][    INFO] Iters: 445, Total loss: 0.005, Loss x: 0.007, Loss s: 0.002, Mask ratio: 0.986
[2024-09-15 02:16:23,207][    INFO] Iters: 534, Total loss: 0.005, Loss x: 0.008, Loss s: 0.002, Mask ratio: 0.987
[2024-09-15 02:17:34,942][    INFO] Iters: 623, Total loss: 0.005, Loss x: 0.008, Loss s: 0.002, Mask ratio: 0.986
[2024-09-15 02:20:08,680][    INFO] ***** Evaluation ***** >>>> Unchanged IoU: 99.08, EMA: 99.09
[2024-09-15 02:20:08,680][    INFO] ***** Evaluation ***** >>>> Changed IoU: 84.00: EMA: 84.07
[2024-09-15 02:20:08,680][    INFO] ***** Evaluation ***** >>>> Overall Accuracy: 99.13, EMA: 99.13

[2024-09-15 02:20:10,507][    INFO] ===========> Epoch: 58, LR: 0.0000002, Previous best Changed IoU: 84.25, Overall Accuracy: 99.14 @epoch-47, EMA: Changed IoU: 84.22, Overall Accuracy: 99.14 @epoch-44
[2024-09-15 02:20:11,893][    INFO] Iters: 0, Total loss: 0.007, Loss x: 0.010, Loss s: 0.003, Mask ratio: 0.980
[2024-09-15 02:21:23,611][    INFO] Iters: 89, Total loss: 0.005, Loss x: 0.007, Loss s: 0.002, Mask ratio: 0.989
[2024-09-15 02:22:35,295][    INFO] Iters: 178, Total loss: 0.005, Loss x: 0.008, Loss s: 0.002, Mask ratio: 0.987
[2024-09-15 02:23:46,987][    INFO] Iters: 267, Total loss: 0.005, Loss x: 0.008, Loss s: 0.002, Mask ratio: 0.986
[2024-09-15 02:24:58,694][    INFO] Iters: 356, Total loss: 0.005, Loss x: 0.007, Loss s: 0.002, Mask ratio: 0.986
[2024-09-15 02:26:10,384][    INFO] Iters: 445, Total loss: 0.005, Loss x: 0.008, Loss s: 0.002, Mask ratio: 0.987
[2024-09-15 02:27:22,125][    INFO] Iters: 534, Total loss: 0.005, Loss x: 0.008, Loss s: 0.002, Mask ratio: 0.986
[2024-09-15 02:28:33,938][    INFO] Iters: 623, Total loss: 0.005, Loss x: 0.008, Loss s: 0.002, Mask ratio: 0.986
[2024-09-15 02:31:07,565][    INFO] ***** Evaluation ***** >>>> Unchanged IoU: 99.09, EMA: 99.09
[2024-09-15 02:31:07,566][    INFO] ***** Evaluation ***** >>>> Changed IoU: 84.08: EMA: 84.10
[2024-09-15 02:31:07,566][    INFO] ***** Evaluation ***** >>>> Overall Accuracy: 99.13, EMA: 99.13

[2024-09-15 02:31:09,542][    INFO] ===========> Epoch: 59, LR: 0.0000001, Previous best Changed IoU: 84.25, Overall Accuracy: 99.14 @epoch-47, EMA: Changed IoU: 84.22, Overall Accuracy: 99.14 @epoch-44
[2024-09-15 02:31:10,979][    INFO] Iters: 0, Total loss: 0.004, Loss x: 0.006, Loss s: 0.002, Mask ratio: 0.985
[2024-09-15 02:32:22,704][    INFO] Iters: 89, Total loss: 0.005, Loss x: 0.008, Loss s: 0.002, Mask ratio: 0.986
[2024-09-15 02:33:34,431][    INFO] Iters: 178, Total loss: 0.005, Loss x: 0.008, Loss s: 0.002, Mask ratio: 0.986
[2024-09-15 02:34:46,174][    INFO] Iters: 267, Total loss: 0.005, Loss x: 0.007, Loss s: 0.002, Mask ratio: 0.986
[2024-09-15 02:35:57,888][    INFO] Iters: 356, Total loss: 0.005, Loss x: 0.007, Loss s: 0.002, Mask ratio: 0.987
[2024-09-15 02:37:09,618][    INFO] Iters: 445, Total loss: 0.005, Loss x: 0.007, Loss s: 0.002, Mask ratio: 0.986
[2024-09-15 02:38:21,316][    INFO] Iters: 534, Total loss: 0.005, Loss x: 0.007, Loss s: 0.002, Mask ratio: 0.986
[2024-09-15 02:39:33,024][    INFO] Iters: 623, Total loss: 0.005, Loss x: 0.007, Loss s: 0.002, Mask ratio: 0.986
[2024-09-15 02:42:06,684][    INFO] ***** Evaluation ***** >>>> Unchanged IoU: 99.09, EMA: 99.09
[2024-09-15 02:42:06,684][    INFO] ***** Evaluation ***** >>>> Changed IoU: 84.07: EMA: 84.06
[2024-09-15 02:42:06,684][    INFO] ***** Evaluation ***** >>>> Overall Accuracy: 99.13, EMA: 99.13

